1633360391|Rick_Sanchez|A|1.txt
1633360391|Morty_Smith|A|1.txt
1633360391|Bepisian|A|1.txt
1633360391|Beth_Smith|A|1.txt
1633360391|Canklanker_Thom|A|1.txt
1633360391|Davin|A|1.txt
1633360391|Frank_Palicky|A|1.txt
1633360391|Glenn|A|1.txt
1633360391|Hookah_Alien|A|1.txt
1633360391|Jerry_Smith|A|1.txt
1633360391|Jessica|A|1.txt
1633360391|Jessica's_Friend|A|1.txt
1633360391|Mr._Goldenfold|A|1.txt
1633360391|Mrs._Sanchez|A|1.txt
1633360391|Principal_Vagina|A|1.txt
1633360391|Summer_Smith|A|1.txt
1633360391|Davin|A|1.txt
1633360391|Greebybobe|A|1.txt
1633360391|Pripudlian|A|1.txt
1633446791|Rick_Sanchez|A|2.txt
1633446791|Morty_Smith|A|2.txt
1633446791|Beth_Smith|A|2.txt
1633446791|Bill|A|2.txt
1633446791|Centaur|A|2.txt
1633446791|Creepy_Little_Girl|A|2.txt
1633446791|Jerry_Smith|A|2.txt
1633446791|Melissa|A|2.txt
1633446791|Mr._Goldenfold|A|2.txt
1633446791|Mrs._Pancakes|A|2.txt
1633446791|Scary_Brandon|A|2.txt
1633446791|Scary_Glenn|A|2.txt
1633446791|Scary_Terry|A|2.txt
1633446791|Snuffles_(Snowball)|A|2.txt
1633446791|Summer_Smith|A|2.txt
1633446791|Scary_Teacher|A|2.txt
1633446791|Fido|A|2.txt
1633446791|Accountant_dog|A|2.txt
1633446791|Trunkphobic_suspenders_guy|A|2.txt
1633533191|Rick_Sanchez|A|3.txt
1633533191|Morty_Smith|A|3.txt
1633533191|Alexander|A|3.txt
1633533191|Annie|A|3.txt
1633533191|Beth_Smith|A|3.txt
1633533191|Bill|A|3.txt
1633533191|Tuberculosis|A|3.txt
1633533191|Gonorrhea|A|3.txt
1633533191|Hepatitis_A|A|3.txt
1633533191|Hepatitis_C|A|3.txt
1633533191|Bubonic_Plague|A|3.txt
1633533191|E._Coli|A|3.txt
1633533191|Dr._Xenon_Bloom|A|3.txt
1633533191|Eric_McMan|A|3.txt
1633533191|Ethan|A|3.txt
1633533191|Jacob|A|3.txt
1633533191|Jerry_Smith|A|3.txt
1633533191|Joyce_Smith|A|3.txt
1633533191|Leonard_Smith|A|3.txt
1633533191|Poncho|A|3.txt
1633533191|Roger|A|3.txt
1633533191|Ruben|A|3.txt
1633533191|Summer_Smith|A|3.txt
1633533191|Tom_Randolph|A|3.txt
1633619591|Rick_Sanchez|A|4.txt
1633619591|Morty_Smith|A|4.txt
1633619591|Beth_Smith|A|4.txt
1633619591|Cynthia|A|4.txt
1633619591|Jerry_Smith|A|4.txt
1633619591|Jessica|A|4.txt
1633619591|Jessica's_Friend|A|4.txt
1633619591|Kevin|A|4.txt
1633619591|Mr._Goldenfold|A|4.txt
1633619591|Mr._Marklovitz|A|4.txt
1633619591|Prince_Nebulon|A|4.txt
1633619591|Stu|A|4.txt
1633619591|Summer_Smith|A|4.txt
1633705991|Rick_Sanchez|A|5.txt
1633705991|Morty_Smith|A|5.txt
1633705991|Beth_Smith|A|5.txt
1633705991|Big_Boobed_Waitress|A|5.txt
1633705991|Dale|A|5.txt
1633705991|Evil_Beth_Clone|A|5.txt
1633705991|Evil_Jerry_Clone|A|5.txt
1633705991|Evil_Summer_Clone|A|5.txt
1633705991|Jerry_Smith|A|5.txt
1633705991|King_Jellybean|A|5.txt
1633705991|Mr._Booby_Buyer|A|5.txt
1633705991|Mr._Meeseeks|A|5.txt
1633705991|Principal_Vagina|A|5.txt
1633705991|Samantha|A|5.txt
1633705991|Slippery_Stair|A|5.txt
1633705991|Stair_Goblin|A|5.txt
1633705991|Summer_Smith|A|5.txt
1633705991|Tammy_Guetermann|A|5.txt
1633705991|Tiny-persons_advocacy_group_lawyer|A|5.txt
1633705991|Giant_Judge|A|5.txt
1633792391|Rick_Sanchez|A|6.txt
1633792391|Morty_Smith|A|6.txt
1633792391|Summer_Smith|A|6.txt
1633792391|Beth_Smith|A|6.txt
1633792391|Jerry_Smith|A|6.txt
1633792391|Beth_Smith|A|6.txt
1633792391|Brad|A|6.txt
1633792391|Cronenberg_Rick|A|6.txt
1633792391|Cronenberg_Morty|A|6.txt
1633792391|Davin|A|6.txt
1633792391|Harold|A|6.txt
1633792391|Jerry_Smith|A|6.txt
1633792391|Jessica|A|6.txt
1633792391|Jessica's_Friend|A|6.txt
1633792391|MC_Haps|A|6.txt
1633792391|Morty_Smith|A|6.txt
1633792391|Mr._Goldenfold|A|6.txt
1633792391|Mrs._Sanchez|A|6.txt
1633792391|Nancy|A|6.txt
1633792391|Principal_Vagina|A|6.txt
1633792391|Rick_Sanchez|A|6.txt
1633792391|Summer_Smith|A|6.txt
1633792391|Tammy_Guetermann|A|6.txt
1633792391|Davin|A|6.txt
1633878791|Rick_Sanchez|A|7.txt
1633878791|Morty_Smith|A|7.txt
1633878791|Summer_Smith|A|7.txt
1633878791|Beth_Smith|A|7.txt
1633878791|Jerry_Smith|A|7.txt
1633878791|Brad_Anderson|A|7.txt
1633878791|Gwendolyn|A|7.txt
1633878791|Jackie|A|7.txt
1633878791|Ma-Sha|A|7.txt
1633878791|Morty_Jr.|A|7.txt
1633878791|Pawnshop_Clerk|A|7.txt
1633878791|Snuffles_(Snowball)|A|7.txt
1633878791|Veronica_Ann_Bennet|A|7.txt
1633878791|Morty_Jr's_interviewer|A|7.txt
1633965191|Rick_Sanchez|A|8.txt
1633965191|Morty_Smith|A|8.txt
1633965191|Summer_Smith|A|8.txt
1633965191|Beth_Smith|A|8.txt
1633965191|Jerry_Smith|A|8.txt
1633965191|Ants_in_my_Eyes_Johnson|A|8.txt
1633965191|Attila_Starwar|A|8.txt
1633965191|Baby_Legs|A|8.txt
1633965191|Benjamin|A|8.txt
1633965191|Beth_Sanchez|A|8.txt
1633965191|Bobby_Moynihan|A|8.txt
1633965191|Cynthia|A|8.txt
1633965191|David_Letterman|A|8.txt
1633965191|Fulgora|A|8.txt
1633965191|Garmanarnar|A|8.txt
1633965191|Gazorpazorpfield|A|8.txt
1633965191|Glenn|A|8.txt
1633965191|Hamster_In_Butt|A|8.txt
1633965191|Hole_in_the_Wall_Where_the_Men_Can_See_it_All|A|8.txt
1633965191|Celebrity_Jerry|A|8.txt
1633965191|Johnny_Depp|A|8.txt
1633965191|Jon|A|8.txt
1633965191|Kristen_Stewart|A|8.txt
1633965191|Loggins|A|8.txt
1633965191|Man_Painted_Silver_Who_Makes_Robot_Noises|A|8.txt
1633965191|Michael_Denny_and_the_Denny_Singers|A|8.txt
1633965191|Mrs._Sullivan|A|8.txt
1633965191|Piece_of_Toast|A|8.txt
1633965191|Real_Fake_Doors_Salesman|A|8.txt
1633965191|Regular_Legs|A|8.txt
1633965191|Shmlamantha_Shmlicelli|A|8.txt
1633965191|Shmlangela_Shmlobinson-Shmlower|A|8.txt
1633965191|Shmlona_Shmlobinson|A|8.txt
1633965191|Shmlonathan_Shmlower|A|8.txt
1633965191|Shmlony_Shmlicelli|A|8.txt
1633965191|Three_Unknown_Things|A|8.txt
1633965191|Tophat_Jones|A|8.txt
1633965191|Trunk_Man|A|8.txt
1633965191|Two_Guys_with_Handlebar_Mustaches|A|8.txt
1633965191|Unmuscular_Michael|A|8.txt
1633965191|Guy_from_The_Bachelor|A|8.txt
1633965191|Corn_detective|A|8.txt
1633965191|Michael_Jackson|A|8.txt
1633965191|Trunkphobic_suspenders_guy|A|8.txt
1633965191|Spiderweb_teddy_bear|A|8.txt
1633965191|Regular_Tyrion_Lannister|A|8.txt
1633965191|Quick_Mystery_Presenter|A|8.txt
1633965191|Mr._Sneezy|A|8.txt
1633965191|Two_Brothers|A|8.txt
1633965191|Alien_Mexican_Armada|A|8.txt
1633965191|Giant_Cat_Monster|A|8.txt
1633965191|Old_Women|A|8.txt
1633965191|Trunkphobic_guy|A|8.txt
1633965191|Pro_trunk_people_marriage_guy|A|8.txt
1633965191|Muscular_Mannie|A|8.txt
1633965191|Baby_Legs_Chief|A|8.txt
1633965191|Mrs._Sullivan's_Boyfriend|A|8.txt
1634051591|Rick_Sanchez|A|9.txt
1634051591|Morty_Smith|A|9.txt
1634051591|Summer_Smith|A|9.txt
1634051591|Beth_Smith|A|9.txt
1634051591|Jerry_Smith|A|9.txt
1634051591|Cynthia|A|9.txt
1634051591|King_Flippy_Nips|A|9.txt
1634051591|Mr._Goldenfold|A|9.txt
1634051591|Mr._Needful|A|9.txt
1634051591|Nancy|A|9.txt
1634051591|Principal_Vagina|A|9.txt
1634051591|Scroopy_Noopers|A|9.txt
1634051591|Plutonian_Hostess|A|9.txt
1634051591|Plutonian_Host|A|9.txt
1634051591|Rich_Plutonian|A|9.txt
1634051591|Rich_Plutonian|A|9.txt
1634051591|Butter_Robot|A|9.txt
1634137991|Rick_Sanchez|A|10.txt
1634137991|Morty_Smith|A|10.txt
1634137991|Summer_Smith|A|10.txt
1634137991|Beth_Smith|A|10.txt
1634137991|Jerry_Smith|A|10.txt
1634137991|Abradolf_Lincler|A|10.txt
1634137991|Alien_Morty|A|10.txt
1634137991|Alien_Rick|A|10.txt
1634137991|Antenna_Morty|A|10.txt
1634137991|Antenna_Rick|A|10.txt
1634137991|Aqua_Morty|A|10.txt
1634137991|Aqua_Rick|A|10.txt
1634137991|Artist_Morty|A|10.txt
1634137991|Beth_Smith|A|10.txt
1634137991|Blue_Shirt_Morty|A|10.txt
1634137991|Cowboy_Morty|A|10.txt
1634137991|Cowboy_Rick|A|10.txt
1634137991|Crab_Spider|A|10.txt
1634137991|Cronenberg_Rick|A|10.txt
1634137991|Cronenberg_Morty|A|10.txt
1634137991|Cult_Leader_Morty|A|10.txt
1634137991|Cyclops_Morty|A|10.txt
1634137991|Cyclops_Rick|A|10.txt
1634137991|Doofus_Rick|A|10.txt
1634137991|Eric_Stoltz_Mask_Morty|A|10.txt
1634137991|Evil_Morty|A|10.txt
1634137991|Evil_Rick|A|10.txt
1634137991|Hammerhead_Morty|A|10.txt
1634137991|Insurance_Rick|A|10.txt
1634137991|Jerry_Smith|A|10.txt
1634137991|Long_Sleeved_Morty|A|10.txt
1634137991|Maximums_Rickimus|A|10.txt
1634137991|Morty_Smith|A|10.txt
1634137991|Mr._Meeseeks|A|10.txt
1634137991|Quantum_Rick|A|10.txt
1634137991|Rick_Sanchez|A|10.txt
1634137991|Ricktiminus_Sancheziminius|A|10.txt
1634137991|Riq_IV|A|10.txt
1634137991|Robot_Morty|A|10.txt
1634137991|Robot_Rick|A|10.txt
1634137991|Snuffles_(Snowball)|A|10.txt
1634137991|Solicitor_Rick|A|10.txt
1634137991|Summer_Smith|A|10.txt
1634137991|The_Scientist_Formerly_Known_as_Rick|A|10.txt
1634137991|Tortured_Morty|A|10.txt
1634137991|Woman_Rick|A|10.txt
1634137991|Zeta_Alpha_Rick|A|10.txt
1634137991|Trunkphobic_suspenders_guy|A|10.txt
1634137991|Pizza-person|A|10.txt
1634137991|Pizza-person|A|10.txt
1634137991|Greasy_Grandma|A|10.txt
1634137991|Phone-person|A|10.txt
1634137991|Phone-person|A|10.txt
1634137991|Chair-person|A|10.txt
1634137991|Chair-person|A|10.txt
1634137991|Chair-homeless|A|10.txt
1634137991|Chair-waiter|A|10.txt
1634137991|Doopidoo|A|10.txt
1634137991|Super_Weird_Rick|A|10.txt
1634224391|Rick_Sanchez|A|11.txt
1634224391|Morty_Smith|A|11.txt
1634224391|Summer_Smith|A|11.txt
1634224391|Beth_Smith|A|11.txt
1634224391|Jerry_Smith|A|11.txt
1634224391|Abradolf_Lincler|A|11.txt
1634224391|Bepisian|A|11.txt
1634224391|Birdperson|A|11.txt
1634224391|Brad|A|11.txt
1634224391|Cynthia|A|11.txt
1634224391|Jessica|A|11.txt
1634224391|Jessica's_Friend|A|11.txt
1634224391|Lucy|A|11.txt
1634224391|MC_Haps|A|11.txt
1634224391|Nancy|A|11.txt
1634224391|Revolio_Clockberg_Jr.|A|11.txt
1634224391|Riq_IV|A|11.txt
1634224391|Scropon|A|11.txt
1634224391|Slippery_Stair|A|11.txt
1634224391|Slow_Mobius|A|11.txt
1634224391|Squanchy|A|11.txt
1634224391|Stair_Goblin|A|11.txt
1634224391|Tammy_Guetermann|A|11.txt
1634224391|Traflorkian|A|11.txt
1634224391|Zeta_Alpha_Rick|A|11.txt
1634224391|Greebybobe|A|11.txt
1634224391|Trunkphobic_suspenders_guy|A|11.txt
1634224391|Synthetic_Laser_Eels|A|11.txt
1634224391|Pripudlian|A|11.txt
1634224391|Giant_Testicle_Monster|A|11.txt
1634310791|Rick_Sanchez|A|12.txt
1634310791|Morty_Smith|A|12.txt
1634310791|Summer_Smith|A|12.txt
1634310791|Beth_Smith|A|12.txt
1634310791|Jerry_Smith|A|12.txt
1634310791|Albert_Einstein|A|12.txt
1634310791|Chris|A|12.txt
1634310791|Mr._Benson|A|12.txt
1634310791|Shleemypants|A|12.txt
1634310791|Michael|A|12.txt
1634310791|Michael's_Lawyer|A|12.txt
1634310791|Veterinary|A|12.txt
1634310791|Veterinary_Nurse|A|12.txt
1634397191|Rick_Sanchez|A|13.txt
1634397191|Morty_Smith|A|13.txt
1634397191|Jerry_Smith|A|13.txt
1634397191|Arcade_Alien|A|13.txt
1634397191|Attila_Starwar|A|13.txt
1634397191|Benjamin|A|13.txt
1634397191|Dr._Schmidt|A|13.txt
1634397191|Fart|A|13.txt
1634397191|Fulgora|A|13.txt
1634397191|Gar_Gloonch|A|13.txt
1634397191|Garblovian|A|13.txt
1634397191|Gazorpazorpfield|A|13.txt
1634397191|Jerry_5-126|A|13.txt
1634397191|Jessica|A|13.txt
1634397191|Krombopulos_Michael|A|13.txt
1634397191|Loggins|A|13.txt
1634397191|Mr._Meeseeks|A|13.txt
1634397191|Paul_Fleishman|A|13.txt
1634397191|Revolio_Clockberg_Jr.|A|13.txt
1634397191|Scrotian|A|13.txt
1634397191|Shimshamian|A|13.txt
1634397191|Traflorkian|A|13.txt
1634397191|Zarbadar_Gloonch|A|13.txt
1634397191|Roy|A|13.txt
1634397191|Giant_Testicle_Monster|A|13.txt
1634397191|Bearded_Jerry|A|13.txt
1634397191|Shaved_Head_Jerry|A|13.txt
1634397191|Tank_Top_Jerry|A|13.txt
1634397191|Pink_Polo_Shirt_Jerry|A|13.txt
1634397191|Jerryboree_Keeper|A|13.txt
1634397191|Jerryboree_Receptionist|A|13.txt
1634397191|Anchor_Gear|A|13.txt
1634397191|Gear_Cop|A|13.txt
1634397191|Roy's_Mum|A|13.txt
1634397191|Roy's_Wife|A|13.txt
1634397191|Roy's_Son|A|13.txt
1634483591|Rick_Sanchez|A|14.txt
1634483591|Morty_Smith|A|14.txt
1634483591|Summer_Smith|A|14.txt
1634483591|Beth_Smith|A|14.txt
1634483591|Jerry_Smith|A|14.txt
1634483591|Beta-Seven|A|14.txt
1634483591|Blim_Blam|A|14.txt
1634483591|Daron_Jefferson|A|14.txt
1634483591|Karen_Entity|A|14.txt
1634483591|Mrs._Sanchez|A|14.txt
1634483591|Ron_Benson|A|14.txt
1634483591|Steven_Phillips|A|14.txt
1634483591|Todd_Crystal|A|14.txt
1634483591|Unity|A|14.txt
1634569991|Rick_Sanchez|A|15.txt
1634569991|Morty_Smith|A|15.txt
1634569991|Summer_Smith|A|15.txt
1634569991|Beth_Smith|A|15.txt
1634569991|Jerry_Smith|A|15.txt
1634569991|Amish_Cyborg|A|15.txt
1634569991|Baby_Wizard|A|15.txt
1634569991|Bearded_Lady|A|15.txt
1634569991|Cousin_Nicky|A|15.txt
1634569991|Duck_With_Muscles|A|15.txt
1634569991|Frankenstein's_Monster|A|15.txt
1634569991|Ghost_in_a_Jar|A|15.txt
1634569991|Hamurai|A|15.txt
1634569991|Jacob|A|15.txt
1634569991|Mr._Beauregard|A|15.txt
1634569991|Mr._Poopybutthole|A|15.txt
1634569991|Mrs._Refrigerator|A|15.txt
1634569991|Pencilvester|A|15.txt
1634569991|Photography_Raptor|A|15.txt
1634569991|Reverse_Giraffe|A|15.txt
1634569991|Sleepy_Gary|A|15.txt
1634569991|Snuffles_(Snowball)|A|15.txt
1634569991|Tinkles|A|15.txt
1634569991|Uncle_Steve|A|15.txt
1634656391|Rick_Sanchez|A|16.txt
1634656391|Morty_Smith|A|16.txt
1634656391|Summer_Smith|A|16.txt
1634656391|Beth_Smith|A|16.txt
1634656391|Jerry_Smith|A|16.txt
1634656391|Armagheadon|A|16.txt
1634656391|Birdperson|A|16.txt
1634656391|Ethan|A|16.txt
1634656391|Father_Bob|A|16.txt
1634656391|General_Nathan|A|16.txt
1634656391|Hydrogen-F|A|16.txt
1634656391|Ice-T|A|16.txt
1634656391|Jamey|A|16.txt
1634656391|Jim|A|16.txt
1634656391|Larva_Alien|A|16.txt
1634656391|Magma-Q|A|16.txt
1634656391|Magnesium-J|A|16.txt
1634656391|Mr._Goldenfold|A|16.txt
1634656391|Mr._Marklovitz|A|16.txt
1634656391|Numbericon|A|16.txt
1634656391|Orthodox_Jew|A|16.txt
1634656391|Principal_Vagina|A|16.txt
1634656391|Scrotian|A|16.txt
1634656391|Snuffles_(Snowball)|A|16.txt
1634656391|Squanchy|A|16.txt
1634656391|Tammy_Guetermann|A|16.txt
1634656391|Terry|A|16.txt
1634656391|President_Curtis|A|16.txt
1634656391|Greebybobe|A|16.txt
1634656391|Simon|A|16.txt
1634656391|Arbolian_Mentirososian|A|16.txt
1634742791|Rick_Sanchez|A|17.txt
1634742791|Morty_Smith|A|17.txt
1634742791|Summer_Smith|A|17.txt
1634742791|Attila_Starwar|A|17.txt
1634742791|Benjamin|A|17.txt
1634742791|Chris|A|17.txt
1634742791|Fulgora|A|17.txt
1634742791|Hunter|A|17.txt
1634742791|Hunter's_Father|A|17.txt
1634742791|Jessica|A|17.txt
1634742791|Jessica's_Friend|A|17.txt
1634742791|Kyle|A|17.txt
1634742791|Loggins|A|17.txt
1634742791|Mr._Goldenfold|A|17.txt
1634742791|Piece_of_Toast|A|17.txt
1634742791|The_President_of_the_Miniverse|A|17.txt
1634742791|Tree_Person|A|17.txt
1634742791|Zeep_Xanflorp|A|17.txt
1634742791|Space_Cruiser|A|17.txt
1634829191|Rick_Sanchez|A|18.txt
1634829191|Morty_Smith|A|18.txt
1634829191|Summer_Smith|A|18.txt
1634829191|Beth_Smith|A|18.txt
1634829191|Jerry_Smith|A|18.txt
1634829191|Beth's_Mytholog|A|18.txt
1634829191|Boobloosian|A|18.txt
1634829191|Coach_Feratu_(Balik_Alistane)|A|18.txt
1634829191|Flansian|A|18.txt
1634829191|Gar_Gloonch|A|18.txt
1634829191|Gar's_Mytholog|A|18.txt
1634829191|Glexo_Slim_Slom|A|18.txt
1634829191|Goddess_Beth|A|18.txt
1634829191|Ideal_Jerry|A|18.txt
1634829191|Jerry's_Mytholog|A|18.txt
1634829191|Jessica|A|18.txt
1634829191|Jessica's_Friend|A|18.txt
1634829191|Mr._Goldenfold|A|18.txt
1634829191|Principal_Vagina|A|18.txt
1634829191|Self-Congratulatory_Jerry|A|18.txt
1634829191|Tiny_Rick|A|18.txt
1634829191|Toby_Matthews|A|18.txt
1634829191|Tophat_Jones|A|18.txt
1634829191|Vampire_Master|A|18.txt
1634829191|Zarbadar_Gloonch|A|18.txt
1634829191|Zarbadar's_Mytholog|A|18.txt
1634829191|Vampire_Master's_Assistant|A|18.txt
1634915591|Rick_Sanchez|A|19.txt
1634915591|Morty_Smith|A|19.txt
1634915591|Summer_Smith|A|19.txt
1634915591|Beth_Smith|A|19.txt
1634915591|Jerry_Smith|A|19.txt
1634915591|Arcade_Alien|A|19.txt
1634915591|Bepisian|A|19.txt
1634915591|Blamph|A|19.txt
1634915591|Blue_Diplomat|A|19.txt
1634915591|Dr._Glip-Glop|A|19.txt
1634915591|Eyehole_Man|A|19.txt
1634915591|Fleeb|A|19.txt
1634915591|Garblovian|A|19.txt
1634915591|Hamster_In_Butt|A|19.txt
1634915591|Jan-Michael_Vincent|A|19.txt
1634915591|Larva_Alien|A|19.txt
1634915591|Little_Dipper|A|19.txt
1634915591|Michael_Jenkins|A|19.txt
1634915591|Michael_McLick|A|19.txt
1634915591|Michael_Thompson|A|19.txt
1634915591|Octopus_Man|A|19.txt
1634915591|Phillip_Jacobs|A|19.txt
1634915591|Pibbles_Bodyguard|A|19.txt
1634915591|Pichael_Thompson|A|19.txt
1634915591|Randy_Dicknose|A|19.txt
1634915591|Shlaammi|A|19.txt
1634915591|Shrimply_Pibbles|A|19.txt
1634915591|Stealy|A|19.txt
1634915591|Traflorkian|A|19.txt
1634915591|Tumblorkian|A|19.txt
1634915591|Yaarb|A|19.txt
1634915591|Yellow_Headed_Doctor|A|19.txt
1634915591|Pripudlian|A|19.txt
1634915591|Arbolian_Mentirososian|A|19.txt
1634915591|St._Gloopy_Noops_Nurse|A|19.txt
1634915591|Nano_Doctor|A|19.txt
1634915591|Funny_Songs_Presenter|A|19.txt
1634915591|Tax_Attorney|A|19.txt
1634915591|Butthole_Ice_Cream_Guy|A|19.txt
1634915591|Traflorkian_Journalist|A|19.txt
1635001991|Rick_Sanchez|A|20.txt
1635001991|Morty_Smith|A|20.txt
1635001991|Summer_Smith|A|20.txt
1635001991|Beth_Smith|A|20.txt
1635001991|Jerry_Smith|A|20.txt
1635001991|Arthricia|A|20.txt
1635001991|General_Store_Owner|A|20.txt
1635001991|Lighthouse_Keeper|A|20.txt
1635001991|Purge_Planet_Ruler|A|20.txt
1635001991|Taddy_Mason|A|20.txt
1635088391|Rick_Sanchez|A|21.txt
1635088391|Morty_Smith|A|21.txt
1635088391|Summer_Smith|A|21.txt
1635088391|Beth_Smith|A|21.txt
1635088391|Jerry_Smith|A|21.txt
1635088391|Arcade_Alien|A|21.txt
1635088391|Birdperson|A|21.txt
1635088391|Boobloosian|A|21.txt
1635088391|Courier_Flap|A|21.txt
1635088391|Donna_Gueterman|A|21.txt
1635088391|Flansian|A|21.txt
1635088391|Galactic_Federation_President|A|21.txt
1635088391|Gar_Gloonch|A|21.txt
1635088391|Garblovian|A|21.txt
1635088391|Kozbian|A|21.txt
1635088391|Larva_Alien|A|21.txt
1635088391|Lil_B|A|21.txt
1635088391|Mr._Goldenfold|A|21.txt
1635088391|Mr._Poopybutthole|A|21.txt
1635088391|Pat_Gueterman|A|21.txt
1635088391|Photography_Cyborg|A|21.txt
1635088391|Scropon|A|21.txt
1635088391|Scrotian|A|21.txt
1635088391|Shimshamian|A|21.txt
1635088391|Squanchy|A|21.txt
1635088391|Tammy_Guetermann|A|21.txt
1635088391|Tophat_Jones|A|21.txt
1635088391|Traflorkian|A|21.txt
1635088391|Wedding_Bartender|A|21.txt
1635088391|Arbolian_Mentirososian|A|21.txt
1635174791|Rick_Sanchez|A|22.txt
1635174791|Morty_Smith|A|22.txt
1635174791|Summer_Smith|A|22.txt
1635174791|Beth_Smith|A|22.txt
1635174791|Jerry_Smith|A|22.txt
1635174791|Aqua_Morty|A|22.txt
1635174791|Aqua_Rick|A|22.txt
1635174791|Beth_Smith|A|22.txt
1635174791|Big_Head_Morty|A|22.txt
1635174791|Birdperson|A|22.txt
1635174791|Black_Rick|A|22.txt
1635174791|Borpocian|A|22.txt
1635174791|Commander_Rick|A|22.txt
1635174791|Conroy|A|22.txt
1635174791|Cyclops_Rick|A|22.txt
1635174791|Diane_Sanchez|A|22.txt
1635174791|Dipper_and_Mabel_Mortys|A|22.txt
1635174791|Doofus_Rick|A|22.txt
1635174791|Cornvelious_Daniel|A|22.txt
1635174791|Hammerhead_Morty|A|22.txt
1635174791|Jerry_Smith|A|22.txt
1635174791|Lawyer_Morty|A|22.txt
1635174791|Maximums_Rickimus|A|22.txt
1635174791|Morty_Rick|A|22.txt
1635174791|Mr._Goldenfold|A|22.txt
1635174791|Quantum_Rick|A|22.txt
1635174791|Rick_Prime|A|22.txt
1635174791|Rick_D-99|A|22.txt
1635174791|Ricktiminus_Sancheziminius|A|22.txt
1635174791|Riq_IV|A|22.txt
1635174791|Solicitor_Rick|A|22.txt
1635174791|Summer_Smith|A|22.txt
1635174791|Tammy_Guetermann|A|22.txt
1635174791|Wall_Crawling_Rick|A|22.txt
1635174791|Unknown_Rick|A|22.txt
1635174791|Yellow_Shirt_Rick|A|22.txt
1635174791|Zeta_Alpha_Rick|A|22.txt
1635174791|Communication's_Responsible_Rick|A|22.txt
1635174791|Teleportation's_Responsible_Rick|A|22.txt
1635174791|SEAL_Team_Rick|A|22.txt
1635174791|SEAL_Team_Rick|A|22.txt
1635174791|SEAL_Team_Rick|A|22.txt
1635174791|SEAL_Team_Rick|A|22.txt
1635174791|Phoenixperson|A|22.txt
1635261191|Rick_Sanchez|A|23.txt
1635261191|Morty_Smith|A|23.txt
1635261191|Summer_Smith|A|23.txt
1635261191|Beth_Smith|A|23.txt
1635261191|Jerry_Smith|A|23.txt
1635261191|Armothy|A|23.txt
1635261191|Blue_Footprint_Guy|A|23.txt
1635261191|Colossus|A|23.txt
1635261191|Eli|A|23.txt
1635261191|Eli's_Girlfriend|A|23.txt
1635261191|Genital_Washer|A|23.txt
1635261191|Hemorrhage|A|23.txt
1635261191|Mechanical_Morty|A|23.txt
1635261191|Mechanical_Rick|A|23.txt
1635261191|Mechanical_Summer|A|23.txt
1635261191|Mohawk_Guy|A|23.txt
1635261191|Slaveowner|A|23.txt
1635261191|Taint_Washer|A|23.txt
1635347591|Rick_Sanchez|A|24.txt
1635347591|Morty_Smith|A|24.txt
1635347591|Summer_Smith|A|24.txt
1635347591|Beth_Smith|A|24.txt
1635347591|Agency_Director|A|24.txt
1635347591|Concerto|A|24.txt
1635347591|Dr._Wong|A|24.txt
1635347591|Izzy|A|24.txt
1635347591|Jaguar|A|24.txt
1635347591|Katarina|A|24.txt
1635347591|Mr._Goldenfold|A|24.txt
1635347591|Pickle_Rick|A|24.txt
1635347591|Principal_Vagina|A|24.txt
1635347591|Rat_Boss|A|24.txt
1635347591|Snuffles_(Snowball)|A|24.txt
1635433991|Rick_Sanchez|A|25.txt
1635433991|Morty_Smith|A|25.txt
1635433991|Summer_Smith|A|25.txt
1635433991|Beth_Smith|A|25.txt
1635433991|Alan_Rails|A|25.txt
1635433991|Arcade_Alien|A|25.txt
1635433991|Bepisian|A|25.txt
1635433991|Calypso|A|25.txt
1635433991|Crocubot|A|25.txt
1635433991|Cynthia|A|25.txt
1635433991|Diablo_Verde|A|25.txt
1635433991|Doom-Nomitron|A|25.txt
1635433991|Flansian|A|25.txt
1635433991|Jessica's_Friend|A|25.txt
1635433991|Lady_Katana|A|25.txt
1635433991|Logic|A|25.txt
1635433991|MC_Haps|A|25.txt
1635433991|Million_Ants|A|25.txt
1635433991|Nancy|A|25.txt
1635433991|Noob-Noob|A|25.txt
1635433991|Revolio_Clockberg_Jr.|A|25.txt
1635433991|Scrotian|A|25.txt
1635433991|Shimshamian|A|25.txt
1635433991|Stair_Goblin|A|25.txt
1635433991|Supernova|A|25.txt
1635433991|Traflorkian|A|25.txt
1635433991|Vance_Maximus|A|25.txt
1635433991|Worldender|A|25.txt
1635433991|Greebybobe|A|25.txt
1635433991|Pripudlian|A|25.txt
1635520391|Rick_Sanchez|A|26.txt
1635520391|Morty_Smith|A|26.txt
1635520391|Summer_Smith|A|26.txt
1635520391|Beth_Smith|A|26.txt
1635520391|Jerry_Smith|A|26.txt
1635520391|Arcade_Alien|A|26.txt
1635520391|Birdperson|A|26.txt
1635520391|Ethan|A|26.txt
1635520391|Gene|A|26.txt
1635520391|Gibble_Snake|A|26.txt
1635520391|Jessica|A|26.txt
1635520391|Lisa|A|26.txt
1635520391|Risotto_Groupon|A|26.txt
1635520391|Risotto's_Tentacled_Henchman|A|26.txt
1635520391|Shmooglite_Runner|A|26.txt
1635520391|Shnoopy_Bloopers|A|26.txt
1635520391|Tricia_Lange|A|26.txt
1635520391|Tusked_Assassin|A|26.txt
1635520391|Morphizer-XE_Customer_Support|A|26.txt
1635520391|Morphizer-XE_Customer_Support|A|26.txt
1635520391|Morphizer-XE_Customer_Support|A|26.txt
1635606791|Rick_Sanchez|A|27.txt
1635606791|Morty_Smith|A|27.txt
1635606791|Summer_Smith|A|27.txt
1635606791|Beth_Smith|A|27.txt
1635606791|Abadango_Cluster_Princess|A|27.txt
1635606791|Father_Bob|A|27.txt
1635606791|Jacqueline|A|27.txt
1635606791|Jessica|A|27.txt
1635606791|Jessica's_Friend|A|27.txt
1635606791|Mitch|A|27.txt
1635606791|Mr._Goldenfold|A|27.txt
1635606791|Mrs._Pancakes|A|27.txt
1635606791|Principal_Vagina|A|27.txt
1635606791|Stacy|A|27.txt
1635606791|Toxic_Morty|A|27.txt
1635606791|Toxic_Rick|A|27.txt
1635606791|Tricia_Lange|A|27.txt
1635606791|Alien_Spa_Employee|A|27.txt
1635606791|Little_Voltron|A|27.txt
1635693191|Rick_Sanchez|A|28.txt
1635693191|Morty_Smith|A|28.txt
1635693191|Beth_Smith|A|28.txt
1635693191|Adjudicator_Rick|A|28.txt
1635693191|Antenna_Morty|A|28.txt
1635693191|Aqua_Rick|A|28.txt
1635693191|Artist_Morty|A|28.txt
1635693191|Big_Morty|A|28.txt
1635693191|Body_Guard_Morty|A|28.txt
1635693191|Black_Rick|A|28.txt
1635693191|Bootleg_Portal_Chemist_Rick|A|28.txt
1635693191|Campaign_Manager_Morty|A|28.txt
1635693191|Cool_Rick|A|28.txt
1635693191|Cop_Morty|A|28.txt
1635693191|Cop_Rick|A|28.txt
1635693191|Cowboy_Rick|A|28.txt
1635693191|Cyclops_Morty|A|28.txt
1635693191|Cyclops_Rick|A|28.txt
1635693191|Evil_Morty|A|28.txt
1635693191|Fat_Morty|A|28.txt
1635693191|Garment_District_Rick|A|28.txt
1635693191|Glasses_Morty|A|28.txt
1635693191|Investigator_Rick|A|28.txt
1635693191|Jessica|A|28.txt
1635693191|Juggling_Rick|A|28.txt
1635693191|Lizard_Morty|A|28.txt
1635693191|Mega_Fruit_Farmer_Rick|A|28.txt
1635693191|Morty_Mart_Manager_Morty|A|28.txt
1635693191|Morty_K-22|A|28.txt
1635693191|Mortytown_Loco|A|28.txt
1635693191|Plumber_Rick|A|28.txt
1635693191|Regional_Manager_Rick|A|28.txt
1635693191|Reverse_Rick_Outrage|A|28.txt
1635693191|Rick_D._Sanchez_III|A|28.txt
1635693191|Rick_Guilt_Rick|A|28.txt
1635693191|Rick_D716|A|28.txt
1635693191|Rick_D716-B|A|28.txt
1635693191|Rick_D716-C|A|28.txt
1635693191|Rick_J-22|A|28.txt
1635693191|Rick_K-22|A|28.txt
1635693191|Simple_Rick|A|28.txt
1635693191|Slick_Morty|A|28.txt
1635693191|Slow_Rick|A|28.txt
1635693191|Teacher_Rick|A|28.txt
1635693191|Trunk_Morty|A|28.txt
1635693191|Trunk_Man|A|28.txt
1635693191|Bearded_Morty|A|28.txt
1635693191|Baby_Rick|A|28.txt
1635693191|Bartender_Morty|A|28.txt
1635693191|Dancer_Cowboy_Morty|A|28.txt
1635693191|Dancer_Morty|A|28.txt
1635693191|Flower_Morty|A|28.txt
1635693191|Hairdresser_Rick|A|28.txt
1635693191|Journalist_Rick|A|28.txt
1635693191|Private_Sector_Rick|A|28.txt
1635693191|Purple_Morty|A|28.txt
1635693191|Retired_General_Rick|A|28.txt
1635693191|Secret_Service_Rick|A|28.txt
1635693191|Steve_Jobs_Rick|A|28.txt
1635693191|Sheik_Rick|A|28.txt
1635693191|Modern_Rick|A|28.txt
1635693191|Tan_Rick|A|28.txt
1635693191|Visor_Rick|A|28.txt
1635693191|Colonial_Rick|A|28.txt
1635693191|P-Coat_Rick|A|28.txt
1635779591|Rick_Sanchez|A|29.txt
1635779591|Morty_Smith|A|29.txt
1635779591|Summer_Smith|A|29.txt
1635779591|Beth_Smith|A|29.txt
1635779591|Jerry_Smith|A|29.txt
1635779591|Beebo|A|29.txt
1635779591|Collector|A|29.txt
1635779591|Gobo|A|29.txt
1635779591|Gordon_Lunas|A|29.txt
1635779591|Jessica|A|29.txt
1635779591|Mr._Meeseeks|A|29.txt
1635779591|Mr._Poopybutthole|A|29.txt
1635779591|Nancy|A|29.txt
1635779591|Principal_Vagina|A|29.txt
1635779591|Snuffles_(Snowball)|A|29.txt
1635779591|Truth_Tortoise|A|29.txt
1635779591|Voltematron|A|29.txt
1635779591|Zick_Zack|A|29.txt
1635779591|Chang|A|29.txt
1635779591|Dr._Eleanor_Arroway|A|29.txt
1635865991|Rick_Sanchez|A|30.txt
1635865991|Morty_Smith|A|30.txt
1635865991|Summer_Smith|A|30.txt
1635865991|Beth_Smith|A|30.txt
1635865991|Jerry_Smith|A|30.txt
1635865991|Brad|A|30.txt
1635865991|Jessica|A|30.txt
1635865991|Joseph_Eli_Lipkip|A|30.txt
1635865991|Keara|A|30.txt
1635865991|Mr._Goldenfold|A|30.txt
1635865991|Mr._Poopybutthole|A|30.txt
1635865991|Mrs._Lipkip|A|30.txt
1635865991|Mrs._Sanchez|A|30.txt
1635865991|Snuffles_(Snowball)|A|30.txt
1635865991|Thomas_Lipkip|A|30.txt
1635865991|Tommy's_Clone|A|30.txt
1635865991|Trandor|A|30.txt
1635865991|Varrix|A|30.txt
1635952391|Rick_Sanchez|A|31.txt
1635952391|Morty_Smith|A|31.txt
1635952391|Summer_Smith|A|31.txt
1635952391|Beth_Smith|A|31.txt
1635952391|Jerry_Smith|A|31.txt
1635952391|Alien_Googah|A|31.txt
1635952391|Baby_Poopybutthole|A|31.txt
1635952391|Invisi-trooper|A|31.txt
1635952391|Mr._Poopybutthole|A|31.txt
1635952391|Amy_Poopybutthole|A|31.txt
1635952391|Presidentress_of_The_Mega_Gargantuans|A|31.txt
1635952391|Steve|A|31.txt
1635952391|President_Curtis|A|31.txt
1635952391|Secretary_of_the_Interior|A|31.txt
1636038791|Rick_Sanchez|A|32.txt
1636038791|Morty_Smith|A|32.txt
1636038791|Summer_Smith|A|32.txt
1636038791|Beth_Smith|A|32.txt
1636038791|Jerry_Smith|A|32.txt
1636038791|Jessica|A|32.txt
1636038791|Mr._Meeseeks|A|32.txt
1636038791|Crystal_Poacher|A|32.txt
1636038791|Crystal_Poacher|A|32.txt
1636038791|Crystal_Poacher|A|32.txt
1636038791|Hologram_Rick|A|32.txt
1636038791|Fascist_Rick|A|32.txt
1636038791|Fascist_Morty|A|32.txt
1636038791|Fascist_Mr._President|A|32.txt
1636038791|Fascist_Rick’s_Clone|A|32.txt
1636038791|Revolio_Clockberg_Jr.|A|32.txt
1636038791|Fascist_Shrimp_Rick|A|32.txt
1636038791|Fascist_Shrimp_Rick’s_Clone|A|32.txt
1636038791|Fascist_Shrimp_Morty|A|32.txt
1636038791|Fascist_Shrimp_SS|A|32.txt
1636038791|Fascist_Teddy_Bear_Rick|A|32.txt
1636038791|Fascist_Teddy_Bear_Rick’s_Clone|A|32.txt
1636038791|Bully|A|32.txt
1636038791|Anchorman|A|32.txt
1636038791|Anchorwoman|A|32.txt
1636038791|Morty’s_Lawyer|A|32.txt
1636038791|Judge|A|32.txt
1636038791|Public_Opinion_Judge|A|32.txt
1636038791|Caterpillar_Mr._Goldenfold|A|32.txt
1636038791|Wasp_Rick|A|32.txt
1636038791|Wasp_Rick’s_Clone|A|32.txt
1636038791|Wasp_Morty|A|32.txt
1636038791|Wasp_Summer|A|32.txt
1636038791|Wasp_Jerry|A|32.txt
1636038791|Wasp_Beth|A|32.txt
1636038791|Caterpillar_Mr._Goldenfold’s_Larvae|A|32.txt
1636038791|Boglin|A|32.txt
1636038791|Kirkland_Brand_Mr._Meeseeks|A|32.txt
1636125191|Rick_Sanchez|A|33.txt
1636125191|Morty_Smith|A|33.txt
1636125191|Summer_Smith|A|33.txt
1636125191|Beth_Smith|A|33.txt
1636125191|Jerry_Smith|A|33.txt
1636125191|Glootie|A|33.txt
1636125191|Danny_Publitz|A|33.txt
1636125191|Mothership_Intern|A|33.txt
1636125191|Monogatron_Leader|A|33.txt
1636125191|Lizard|A|33.txt
1636125191|Deliverance|A|33.txt
1636125191|Tony|A|33.txt
1636125191|Tony’s_Wife|A|33.txt
1636125191|Monogatron_Queen|A|33.txt
1636125191|Tony's_Dad|A|33.txt
1636125191|Jeff|A|33.txt
1636125191|Josiah|A|33.txt
1636125191|Maggie|A|33.txt
1636125191|Priest_Witherspoon|A|33.txt
1636125191|Richard|A|33.txt
1636125191|Running_Bird|A|33.txt
1636125191|Secretary_at_Tony's|A|33.txt
1636125191|Mountain_Sweat_Jerry|A|33.txt
1636125191|Vermigurber|A|33.txt
1636211591|Rick_Sanchez|A|34.txt
1636211591|Morty_Smith|A|34.txt
1636211591|Summer_Smith|A|34.txt
1636211591|Beth_Smith|A|34.txt
1636211591|Mr._Poopybutthole|A|34.txt
1636211591|Miles_Knightly|A|34.txt
1636211591|Heist-Con_Receptionist|A|34.txt
1636211591|Angie_Flint|A|34.txt
1636211591|Glar|A|34.txt
1636211591|Truckula|A|34.txt
1636211591|Snake_Arms|A|34.txt
1636211591|Double_Microwawe|A|34.txt
1636211591|Monitor_Lord|A|34.txt
1636211591|Key_Catcher|A|34.txt
1636211591|The_Shapeshiftress|A|34.txt
1636211591|Heistotron|A|34.txt
1636211591|Randotron|A|34.txt
1636211591|Hephaestus|A|34.txt
1636211591|Ventriloquiver|A|34.txt
1636211591|Elon_Tusk|A|34.txt
1636211591|Gramuflackian_Anchorman|A|34.txt
1636211591|Gramuflackian_General|A|34.txt
1636211591|Netflix_Executive|A|34.txt
1636297991|Rick_Sanchez|A|35.txt
1636297991|Morty_Smith|A|35.txt
1636297991|Summer_Smith|A|35.txt
1636297991|Beth_Smith|A|35.txt
1636297991|Jerry_Smith|A|35.txt
1636297991|Balthromaw|A|35.txt
1636297991|The_Wizard|A|35.txt
1636297991|Talking_Cat|A|35.txt
1636297991|Debrah|A|35.txt
1636297991|Debrah’s_Partner|A|35.txt
1636297991|Michael|A|35.txt
1636297991|Slut_Dragon|A|35.txt
1636297991|Shadow_Jacker|A|35.txt
1636297991|Chachi|A|35.txt
1636384391|Rick_Sanchez|A|36.txt
1636384391|Morty_Smith|A|36.txt
1636384391|Summer_Smith|A|36.txt
1636384391|Beth_Smith|A|36.txt
1636384391|Jerry_Smith|A|36.txt
1636384391|Nancy|A|36.txt
1636384391|Shleemypants|A|36.txt
1636384391|Tricia_Lange|A|36.txt
1636384391|Slippy|A|36.txt
1636384391|Robot_Snake|A|36.txt
1636384391|Snake_Hitler|A|36.txt
1636384391|Snake_Lincoln|A|36.txt
1636384391|Snake_Resistance_Robot|A|36.txt
1636384391|Snake_Linguist|A|36.txt
1636384391|Snake_Terminator|A|36.txt
1636384391|Snake_Soldier|A|36.txt
1636384391|Snake_with_Legs|A|36.txt
1636384391|Secret_Service_Snake|A|36.txt
1636384391|Anchosnake|A|36.txt
1636384391|Anchosnake|A|36.txt
1636384391|80's_snake|A|36.txt
1636384391|Bar_Customer|A|36.txt
1636384391|Bartender|A|36.txt
1636384391|PC_Basketball_Player|A|36.txt
1636384391|Cavesnake|A|36.txt
1636384391|Pet_Shop_Employee|A|36.txt
1636384391|Snake_Reporter|A|36.txt
1636384391|High_Pilot|A|36.txt
1636384391|High_Pilot|A|36.txt
1636470791|Rick_Sanchez|A|37.txt
1636470791|Morty_Smith|A|37.txt
1636470791|Tickets_Please_Guy|A|37.txt
1636470791|Floaty_Bloody_Man|A|37.txt
1636470791|Floaty_Non-Gasm_Brotherhood_Member|A|37.txt
1636470791|Floaty_Non-Gasm_Brotherhood_Member_Friend|A|37.txt
1636470791|Abradolf_Lincler|A|37.txt
1636470791|Biblesaurus|A|37.txt
1636470791|Birdperson|A|37.txt
1636470791|Cats_Fan|A|37.txt
1636470791|Christmas_Storyteller|A|37.txt
1636470791|Cookies_Guy|A|37.txt
1636470791|Crossy|A|37.txt
1636470791|Female_Scorpion|A|37.txt
1636470791|Floaty_Bloody_Man’s_Daughter|A|37.txt
1636470791|Goomby|A|37.txt
1636470791|Hairspray_Fan|A|37.txt
1636470791|Jesus_Christ|A|37.txt
1636470791|Josh|A|37.txt
1636470791|Josh's_Sister|A|37.txt
1636470791|Leah|A|37.txt
1636470791|Marcus|A|37.txt
1636470791|Mike_Johnson|A|37.txt
1636470791|Mr._Celery_&_Friends|A|37.txt
1636470791|Musical_Fan|A|37.txt
1636470791|Phantom_of_the_Opera_Fan|A|37.txt
1636470791|Phoenixperson|A|37.txt
1636470791|Private_Smith|A|37.txt
1636470791|Professor_Sanchez|A|37.txt
1636470791|Ramamama_Lord|A|37.txt
1636470791|Ruth_Bader_Ginsburg|A|37.txt
1636470791|Sarge|A|37.txt
1636470791|Shrek_The_Musical_Fan|A|37.txt
1636470791|Snuffles|A|37.txt
1636470791|Storylord|A|37.txt
1636470791|Tammy_Guetermann|A|37.txt
1636470791|The_Concept_of_Time|A|37.txt
1636470791|Beth_Smith|A|37.txt
1636470791|Summer_Smith|A|37.txt
1636470791|Morty_Smith|A|37.txt
1636470791|Rick_Sanchez|A|37.txt
1636470791|Train_Cop|A|37.txt
1636470791|Train_Cops|A|37.txt
1636470791|Train_Cops_Instructor|A|37.txt
1636470791|Darth_Poopybutthole|A|37.txt
1636470791|Evil_Morty|A|37.txt
1636470791|Morty’s_Disguise|A|37.txt
1636470791|Rick’s_Disguise|A|37.txt
1636470791|Uncle_Nibbles|A|37.txt
1636557191|Rick_Sanchez|A|38.txt
1636557191|Morty_Smith|A|38.txt
1636557191|Summer_Smith|A|38.txt
1636557191|Beth_Smith|A|38.txt
1636557191|Jerry_Smith|A|38.txt
1636557191|Tricia_Lange|A|38.txt
1636557191|Angry_Glorzo|A|38.txt
1636557191|Bruce|A|38.txt
1636557191|Council_of_Glorzos_Member|A|38.txt
1636557191|Council_of_Glorzos_Member|A|38.txt
1636557191|Old_Glorzo|A|38.txt
1636557191|Shane|A|38.txt
1636557191|Steve|A|38.txt
1636557191|Troy|A|38.txt
1636643591|Rick_Sanchez|A|39.txt
1636643591|Morty_Smith|A|39.txt
1636643591|Summer_Smith|A|39.txt
1636643591|Beth_Smith|A|39.txt
1636643591|Jerry_Smith|A|39.txt
1636643591|Jessica|A|39.txt
1636643591|Mr._Goldenfold|A|39.txt
1636643591|Crystal_Dealers_Boss|A|39.txt
1636643591|Crystal_Dealer|A|39.txt
1636643591|Crystal_Dealer|A|39.txt
1636643591|Crystal_Dealer|A|39.txt
1636643591|SWAT_Officer|A|39.txt
1636643591|Plane_Crash_Survivor|A|39.txt
1636643591|Plane_Crash_Survivor|A|39.txt
1636643591|Heroine_Keith|A|39.txt
1636643591|Impervious_to_Acid_SWAT_Officer|A|39.txt
1636643591|Johnny_Carson|A|39.txt
1636643591|Sonia_Sotomayor|A|39.txt
1636643591|Morty’s_Father-in-law|A|39.txt
1636643591|Morty’s_Mother-in-law|A|39.txt
1636643591|Morty’s_Girlfriend|A|39.txt
1636729991|Rick_Sanchez|A|40.txt
1636729991|Morty_Smith|A|40.txt
1636729991|Summer_Smith|A|40.txt
1636729991|Beth_Smith|A|40.txt
1636729991|Jerry_Smith|A|40.txt
1636729991|Gaia|A|40.txt
1636729991|Reggie|A|40.txt
1636729991|Ticktock|A|40.txt
1636729991|Florflock|A|40.txt
1636729991|Squeeb|A|40.txt
1636816391|Rick_Sanchez|A|41.txt
1636816391|Morty_Smith|A|41.txt
1636816391|Summer_Smith|A|41.txt
1636816391|Beth_Smith|A|41.txt
1636816391|Jerry_Smith|A|41.txt
1636816391|Dr._Wong|A|41.txt
1636816391|Tammy_Guetermann|A|41.txt
1636816391|Phoenixperson|A|41.txt
1636816391|Defiance_Beth|A|41.txt
1636816391|Defiance_Squanchette|A|41.txt
1636816391|Defiance_Doctor|A|41.txt
1636816391|New_Improved_Galactic_Federation_Guard|A|41.txt
1636816391|New_Improved_Galactic_Federation_Guard|A|41.txt
1636902791|Rick_Sanchez|A|42.txt
1636902791|Morty_Smith|A|42.txt
1636902791|Summer_Smith|A|42.txt
1636902791|Beth_Smith|A|42.txt
1636902791|Jerry_Smith|A|42.txt
1636902791|Jessica|A|42.txt
1636902791|Mr._Nimbus|A|42.txt
1636902791|Hoovy|A|42.txt
1636902791|Bova|A|42.txt
1636902791|Japheth|A|42.txt
1636902791|Japheth's_Middle_Son|A|42.txt
1636902791|Japheth's_Eldest_Son|A|42.txt
1636902791|Japheth's_Youngest_Son|A|42.txt
1636902791|Japheth's_Grandson|A|42.txt
1636902791|Adam|A|42.txt
1636902791|Adam's_Mother|A|42.txt
1636902791|Warlock|A|42.txt
1636902791|Evolved_Narnian|A|42.txt
1636902791|Mr._Nimbus_Secretary|A|42.txt
1636902791|Evolved_Narnian_Disguised_as_Morty|A|42.txt
1636902791|Mr._Nimbus'_Squid|A|42.txt
1636989191|Rick_Sanchez|A|43.txt
1636989191|Morty_Smith|A|43.txt
1636989191|Summer_Smith|A|43.txt
1636989191|Beth_Smith|A|43.txt
1636989191|Jerry_Smith|A|43.txt
1636989191|President_Curtis|A|43.txt
1636989191|Defiance_Beth|A|43.txt
1636989191|Scarecrow_Rick|A|43.txt
1636989191|Scarecrow_Summer|A|43.txt
1636989191|Scarecrow_Jerry|A|43.txt
1636989191|Scarecrow_Morty|A|43.txt
1636989191|Scarecrow_Beth|A|43.txt
1636989191|Glockenspiel_Jerry|A|43.txt
1636989191|Glockenspiel_Beth|A|43.txt
1636989191|Glockenspiel_Rick|A|43.txt
1636989191|Glockenspiel_Summer|A|43.txt
1636989191|Glockenspiel_Morty|A|43.txt
1636989191|Wicker_Beth|A|43.txt
1636989191|Wicker_Rick|A|43.txt
1636989191|Wicker_Morty|A|43.txt
1636989191|Wicker_Summer|A|43.txt
1636989191|Metal_Rick|A|43.txt
1636989191|Gun_Brain_Rick|A|43.txt
1636989191|Mr._Always_Wants_to_be_Hunted|A|43.txt
1636989191|Squid_Costume_Beth|A|43.txt
1636989191|Squid_Costume_Jerry|A|43.txt
1636989191|Squid_Costume_Morty|A|43.txt
1636989191|Squid_Costume_Rick|A|43.txt
1636989191|Squid_Costume_Summer|A|43.txt
1636989191|Dracula|A|43.txt
1636989191|Steve|A|43.txt
1636989191|When_Wolf|A|43.txt
1636989191|Too_Cute_to_Murder_Beth|A|43.txt
1636989191|Too_Cute_to_Murder_Rick|A|43.txt
1636989191|Too_Cute_to_Murder_Jerry|A|43.txt
1636989191|Too_Cute_to_Murder_Morty|A|43.txt
1636989191|Too_Cute_to_Murder_Summer|A|43.txt
1637075591|Rick_Sanchez|A|44.txt
1637075591|Morty_Smith|A|44.txt
1637075591|Summer_Smith|A|44.txt
1637075591|Beth_Smith|A|44.txt
1637075591|Jerry_Smith|A|44.txt
1637075591|Planetina|A|44.txt
1637075591|Daphne|A|44.txt
1637075591|Diesel_Weasel|A|44.txt
1637075591|Eddie|A|44.txt
1637075591|Xing_Ho|A|44.txt
1637075591|Air_Tina-Teer|A|44.txt
1637075591|Water_Tina-Teer|A|44.txt
1637075591|Planetina_Buyer|A|44.txt
1637075591|Tony_Galopagus|A|44.txt
1637075591|Slartivartian|A|44.txt
1637075591|Ferkusian|A|44.txt
1637075591|Morglutzian|A|44.txt
1637161991|Rick_Sanchez|A|45.txt
1637161991|Morty_Smith|A|45.txt
1637161991|Summer_Smith|A|45.txt
1637161991|Beth_Smith|A|45.txt
1637161991|Jerry_Smith|A|45.txt
1637161991|President_Curtis|A|45.txt
1637161991|Sticky|A|45.txt
1637161991|Professor_Shabooboo|A|45.txt
1637161991|Sperm_Queen|A|45.txt
1637161991|CHUD_King|A|45.txt
1637161991|Princess_Ponietta|A|45.txt
1637161991|Naruto_Smith|A|45.txt
1637161991|Blazen|A|45.txt
1637161991|Kathy_Ireland|A|45.txt
1637161991|Amazing_Johnathan|A|45.txt
1637161991|Foal_Sanchez|A|45.txt
1637161991|Spaceman|A|45.txt
1637161991|Cirque_du_Soleil_Zumanity_Member|A|45.txt
1637161991|Cirque_du_Soleil_Zumanity_Member|A|45.txt
1637161991|Cirque_du_Soleil_Zumanity_Member|A|45.txt
1637161991|Cirque_du_Soleil_Zumanity_Member|A|45.txt
1637161991|Cirque_du_Soleil_Zumanity_Member|A|45.txt
1637161991|President's_General|A|45.txt
1637248391|Rick_Sanchez|A|46.txt
1637248391|Morty_Smith|A|46.txt
1637248391|Summer_Smith|A|46.txt
1637248391|Beth_Smith|A|46.txt
1637248391|Jerry_Smith|A|46.txt
1637248391|Brad|A|46.txt
1637248391|Tricia_Lange|A|46.txt
1637248391|Bruce_Chutback|A|46.txt
1637248391|Alyson_Hannigan|A|46.txt
1637248391|Cenobite|A|46.txt
1637248391|Cenobite|A|46.txt
1637248391|Cenobite|A|46.txt
1637248391|Cenobite|A|46.txt
1637248391|Cenobite|A|46.txt
1637248391|Coat_Rack_Head|A|46.txt
1637248391|Mousetrap_Nipples|A|46.txt
1637248391|Changeformer|A|46.txt
1637248391|Changeformer|A|46.txt
1637334791|Rick_Sanchez|A|47.txt
1637334791|Morty_Smith|A|47.txt
1637334791|Summer_Smith|A|47.txt
1637334791|Beth_Smith|A|47.txt
1637334791|Jerry_Smith|A|47.txt
1637334791|President_Curtis|A|47.txt
1637334791|Space_Cruiser|A|47.txt
1637334791|Coop|A|47.txt
1637334791|Dwayne|A|47.txt
1637334791|Franklin_D._Roosevelt|A|47.txt
1637334791|President's_General|A|47.txt
1637334791|Giant_Assassin_Hidden_in_the_Statue_of_Liberty|A|47.txt
1637334791|Turkey_Morty|A|47.txt
1637334791|Turkey_Rick|A|47.txt
1637334791|Turkey_President_Curtis|A|47.txt
1637334791|Martínez|A|47.txt
1637334791|Marvin|A|47.txt
1637334791|Jackey|A|47.txt
1637334791|Native_Alien|A|47.txt
1637334791|Pilgrim_Alien|A|47.txt
1637334791|President_Turkey|A|47.txt
1637334791|Mary-Lou|A|47.txt
1637334791|Super_Turkey|A|47.txt
1637421191|Rick_Sanchez|A|48.txt
1637421191|Morty_Smith|A|48.txt
1637421191|Summer_Smith|A|48.txt
1637421191|Beth_Smith|A|48.txt
1637421191|Jerry_Smith|A|48.txt
1637421191|Lil_B|A|48.txt
1637421191|Naruto_Smith|A|48.txt
1637421191|Big_Fat_rick|A|48.txt
1637421191|Hothead_Rick|A|48.txt
1637421191|Ricardo_Montoya|A|48.txt
1637421191|Wrap-it-up_Little_Rick|A|48.txt
1637421191|Yo-yo_Rick|A|48.txt
1637421191|Voiceoverian|A|48.txt
1637421191|Voiceoverian|A|48.txt
1637421191|Gotron_Pilot|A|48.txt
1637421191|Gotron_Pilot|A|48.txt
1637421191|Gotron_Pilot|A|48.txt
1637421191|Samansky|A|48.txt
1637421191|Palicki|A|48.txt
1637421191|Sarge|A|48.txt
1637421191|Gotron|A|48.txt
1637507591|Rick_Sanchez|A|49.txt
1637507591|Morty_Smith|A|49.txt
1637507591|Summer_Smith|A|49.txt
1637507591|Beth_Smith|A|49.txt
1637507591|Jerry_Smith|A|49.txt
1637507591|Birdperson|A|49.txt
1637507591|Gene|A|49.txt
1637507591|Phoenixperson|A|49.txt
1637507591|Young_Memory_Rick|A|49.txt
1637507591|Memory_Tammy|A|49.txt
1637507591|Rick's_Garage|A|49.txt
1637507591|Memory_Squanchy|A|49.txt
1637507591|Memory_Rick|A|49.txt
1637507591|Memory_Rick|A|49.txt
1637507591|Memory_Geardude|A|49.txt
1637507591|Birdperson_&_Tammy's_Child|A|49.txt
1637593991|Rick_Sanchez|A|50.txt
1637593991|Morty_Smith|A|50.txt
1637593991|Jerry_Smith|A|50.txt
1637593991|Two_Crows|A|50.txt
1637593991|Mr._Cookie_President|A|50.txt
1637593991|Nick|A|50.txt
1637593991|Harold_(Garbage_Goober)|A|50.txt
1637593991|Harold's_Wife|A|50.txt
1637593991|Alien_Crow|A|50.txt
1637593991|Alien_Crow|A|50.txt
1637680391|Rick_Sanchez|A|51.txt
1637680391|Morty_Smith|A|51.txt
1637680391|Summer_Smith|A|51.txt
1637680391|Beth_Smith|A|51.txt
1637680391|Jerry_Smith|A|51.txt
1637680391|Beth_Smith|A|51.txt
1637680391|Birdperson|A|51.txt
1637680391|Diane_Sanchez|A|51.txt
1637680391|Evil_Morty|A|51.txt
1637680391|Maximums_Rickimus|A|51.txt
1637680391|Mr._Poopybutthole|A|51.txt
1637680391|Quantum_Rick|A|51.txt
1637680391|Rick_Prime|A|51.txt
1637680391|Ricktiminus_Sancheziminius|A|51.txt
1637680391|Unknown_Rick|A|51.txt
1637680391|Zeta_Alpha_Rick|A|51.txt
1637680391|Bearded_Morty|A|51.txt
1637680391|Two_Crows|A|51.txt
1637680391|7+7_Years_Old_Morty|A|51.txt
1637680391|26_Years_Old_Morty|A|51.txt
1637680391|40_Years_Old_Morty|A|51.txt
1637680391|Andy|A|51.txt
1637680391|Baby_Mouse_Skin_Morty|A|51.txt
1637680391|Metaphor_for_Capitalism|A|51.txt
1637680391|Beth_Sanchez|A|51.txt
1637680391|Crow_Scare|A|51.txt
1637680391|Pussifer|A|51.txt
1637680391|Stan_Lee_Rick|A|51.txt
1637680391|Re-Build-a-Morty_Morty|A|51.txt
1637680391|Deformed_Morty|A|51.txt
1637680391|Crow_Horse|A|51.txt
1637680391|Bald_Rick|A|51.txt
1637680391|Punk_Rick|A|51.txt
1637680391|Party_Rick|A|51.txt
1637680391|Scar_Rick|A|51.txt
1637680391|Long_Hair_Rick|A|51.txt
1637680391|Redhead_Rick|A|51.txt
1637680391|Redhead_Morty|A|51.txt
1637680391|Young_Jerry|A|51.txt
1637680391|Young_Beth|A|51.txt
1637680391|Young_Beth|A|51.txt
1637680391|Young_Jerry|A|51.txt
