1633360391|episode_1|A|episode_1/Rick_Sanchez/player.cpp
1633360391|episode_1|A|episode_1/Morty_Smith/player.cpp
1633360391|episode_1|A|episode_1/Bepisian/player.cpp
1633360391|episode_1|A|episode_1/Beth_Smith/player.cpp
1633360391|episode_1|A|episode_1/Canklanker_Thom/player.cpp
1633360391|episode_1|A|episode_1/Davin/player.cpp
1633360391|episode_1|A|episode_1/Frank_Palicky/player.cpp
1633360391|episode_1|A|episode_1/Glenn/player.cpp
1633360391|episode_1|A|episode_1/Hookah_Alien/player.cpp
1633360391|episode_1|A|episode_1/Jerry_Smith/player.cpp
1633360391|episode_1|A|episode_1/Jessica/player.cpp
1633360391|episode_1|A|episode_1/Jessica's_Friend/player.cpp
1633360391|episode_1|A|episode_1/Mr._Goldenfold/player.cpp
1633360391|episode_1|A|episode_1/Mrs._Sanchez/player.cpp
1633360391|episode_1|A|episode_1/Principal_Vagina/player.cpp
1633360391|episode_1|A|episode_1/Summer_Smith/player.cpp
1633360391|episode_1|A|episode_1/Davin/player.cpp
1633360391|episode_1|A|episode_1/Greebybobe/player.cpp
1633360391|episode_1|A|episode_1/Pripudlian/player.cpp
1633360391|episode_2|A|episode_2/Rick_Sanchez/player.cpp
1633360391|episode_2|A|episode_2/Morty_Smith/player.cpp
1633360391|episode_2|A|episode_2/Beth_Smith/player.cpp
1633360391|episode_2|A|episode_2/Bill/player.cpp
1633360391|episode_2|A|episode_2/Centaur/player.cpp
1633360391|episode_2|A|episode_2/Creepy_Little_Girl/player.cpp
1633360391|episode_2|A|episode_2/Jerry_Smith/player.cpp
1633360391|episode_2|A|episode_2/Melissa/player.cpp
1633360391|episode_2|A|episode_2/Mr._Goldenfold/player.cpp
1633360391|episode_2|A|episode_2/Mrs._Pancakes/player.cpp
1633360391|episode_2|A|episode_2/Scary_Brandon/player.cpp
1633360391|episode_2|A|episode_2/Scary_Glenn/player.cpp
1633360391|episode_2|A|episode_2/Scary_Terry/player.cpp
1633360391|episode_2|A|episode_2/Snuffles_(Snowball)/player.cpp
1633360391|episode_2|A|episode_2/Summer_Smith/player.cpp
1633360391|episode_2|A|episode_2/Scary_Teacher/player.cpp
1633360391|episode_2|A|episode_2/Fido/player.cpp
1633360391|episode_2|A|episode_2/Accountant_dog/player.cpp
1633360391|episode_2|A|episode_2/Trunkphobic_suspenders_guy/player.cpp
1633360391|episode_3|A|episode_3/Rick_Sanchez/player.cpp
1633360391|episode_3|A|episode_3/Morty_Smith/player.cpp
1633360391|episode_3|A|episode_3/Alexander/player.cpp
1633360391|episode_3|A|episode_3/Annie/player.cpp
1633360391|episode_3|A|episode_3/Beth_Smith/player.cpp
1633360391|episode_3|A|episode_3/Bill/player.cpp
1633360391|episode_3|A|episode_3/Tuberculosis/player.cpp
1633360391|episode_3|A|episode_3/Gonorrhea/player.cpp
1633360391|episode_3|A|episode_3/Hepatitis_A/player.cpp
1633360391|episode_3|A|episode_3/Hepatitis_C/player.cpp
1633360391|episode_3|A|episode_3/Bubonic_Plague/player.cpp
1633360391|episode_3|A|episode_3/E._Coli/player.cpp
1633360391|episode_3|A|episode_3/Dr._Xenon_Bloom/player.cpp
1633360391|episode_3|A|episode_3/Eric_McMan/player.cpp
1633360391|episode_3|A|episode_3/Ethan/player.cpp
1633360391|episode_3|A|episode_3/Jacob/player.cpp
1633360391|episode_3|A|episode_3/Jerry_Smith/player.cpp
1633360391|episode_3|A|episode_3/Joyce_Smith/player.cpp
1633360391|episode_3|A|episode_3/Leonard_Smith/player.cpp
1633360391|episode_3|A|episode_3/Poncho/player.cpp
1633360391|episode_3|A|episode_3/Roger/player.cpp
1633360391|episode_3|A|episode_3/Ruben/player.cpp
1633360391|episode_3|A|episode_3/Summer_Smith/player.cpp
1633360391|episode_3|A|episode_3/Tom_Randolph/player.cpp
1633360391|episode_4|A|episode_4/Rick_Sanchez/player.cpp
1633360391|episode_4|A|episode_4/Morty_Smith/player.cpp
1633360391|episode_4|A|episode_4/Beth_Smith/player.cpp
1633360391|episode_4|A|episode_4/Cynthia/player.cpp
1633360391|episode_4|A|episode_4/Jerry_Smith/player.cpp
1633360391|episode_4|A|episode_4/Jessica/player.cpp
1633360391|episode_4|A|episode_4/Jessica's_Friend/player.cpp
1633360391|episode_4|A|episode_4/Kevin/player.cpp
1633360391|episode_4|A|episode_4/Mr._Goldenfold/player.cpp
1633360391|episode_4|A|episode_4/Mr._Marklovitz/player.cpp
1633360391|episode_4|A|episode_4/Prince_Nebulon/player.cpp
1633360391|episode_4|A|episode_4/Stu/player.cpp
1633360391|episode_4|A|episode_4/Summer_Smith/player.cpp
1633360391|episode_5|A|episode_5/Rick_Sanchez/player.cpp
1633360391|episode_5|A|episode_5/Morty_Smith/player.cpp
1633360391|episode_5|A|episode_5/Beth_Smith/player.cpp
1633360391|episode_5|A|episode_5/Big_Boobed_Waitress/player.cpp
1633360391|episode_5|A|episode_5/Dale/player.cpp
1633360391|episode_5|A|episode_5/Evil_Beth_Clone/player.cpp
1633360391|episode_5|A|episode_5/Evil_Jerry_Clone/player.cpp
1633360391|episode_5|A|episode_5/Evil_Summer_Clone/player.cpp
1633360391|episode_5|A|episode_5/Jerry_Smith/player.cpp
1633360391|episode_5|A|episode_5/King_Jellybean/player.cpp
1633360391|episode_5|A|episode_5/Mr._Booby_Buyer/player.cpp
1633360391|episode_5|A|episode_5/Mr._Meeseeks/player.cpp
1633360391|episode_5|A|episode_5/Principal_Vagina/player.cpp
1633360391|episode_5|A|episode_5/Samantha/player.cpp
1633360391|episode_5|A|episode_5/Slippery_Stair/player.cpp
1633360391|episode_5|A|episode_5/Stair_Goblin/player.cpp
1633360391|episode_5|A|episode_5/Summer_Smith/player.cpp
1633360391|episode_5|A|episode_5/Tammy_Guetermann/player.cpp
1633360391|episode_5|A|episode_5/Tiny-persons_advocacy_group_lawyer/player.cpp
1633360391|episode_5|A|episode_5/Giant_Judge/player.cpp
1633360391|episode_6|A|episode_6/Rick_Sanchez/player.cpp
1633360391|episode_6|A|episode_6/Morty_Smith/player.cpp
1633360391|episode_6|A|episode_6/Summer_Smith/player.cpp
1633360391|episode_6|A|episode_6/Beth_Smith/player.cpp
1633360391|episode_6|A|episode_6/Jerry_Smith/player.cpp
1633360391|episode_6|A|episode_6/Beth_Smith/player.cpp
1633360391|episode_6|A|episode_6/Brad/player.cpp
1633360391|episode_6|A|episode_6/Cronenberg_Rick/player.cpp
1633360391|episode_6|A|episode_6/Cronenberg_Morty/player.cpp
1633360391|episode_6|A|episode_6/Davin/player.cpp
1633360391|episode_6|A|episode_6/Harold/player.cpp
1633360391|episode_6|A|episode_6/Jerry_Smith/player.cpp
1633360391|episode_6|A|episode_6/Jessica/player.cpp
1633360391|episode_6|A|episode_6/Jessica's_Friend/player.cpp
1633360391|episode_6|A|episode_6/MC_Haps/player.cpp
1633360391|episode_6|A|episode_6/Morty_Smith/player.cpp
1633360391|episode_6|A|episode_6/Mr._Goldenfold/player.cpp
1633360391|episode_6|A|episode_6/Mrs._Sanchez/player.cpp
1633360391|episode_6|A|episode_6/Nancy/player.cpp
1633360391|episode_6|A|episode_6/Principal_Vagina/player.cpp
1633360391|episode_6|A|episode_6/Rick_Sanchez/player.cpp
1633360391|episode_6|A|episode_6/Summer_Smith/player.cpp
1633360391|episode_6|A|episode_6/Tammy_Guetermann/player.cpp
1633360391|episode_6|A|episode_6/Davin/player.cpp
1633360391|episode_7|A|episode_7/Rick_Sanchez/player.cpp
1633360391|episode_7|A|episode_7/Morty_Smith/player.cpp
1633360391|episode_7|A|episode_7/Summer_Smith/player.cpp
1633360391|episode_7|A|episode_7/Beth_Smith/player.cpp
1633360391|episode_7|A|episode_7/Jerry_Smith/player.cpp
1633360391|episode_7|A|episode_7/Brad_Anderson/player.cpp
1633360391|episode_7|A|episode_7/Gwendolyn/player.cpp
1633360391|episode_7|A|episode_7/Jackie/player.cpp
1633360391|episode_7|A|episode_7/Ma-Sha/player.cpp
1633360391|episode_7|A|episode_7/Morty_Jr./player.cpp
1633360391|episode_7|A|episode_7/Pawnshop_Clerk/player.cpp
1633360391|episode_7|A|episode_7/Snuffles_(Snowball)/player.cpp
1633360391|episode_7|A|episode_7/Veronica_Ann_Bennet/player.cpp
1633360391|episode_7|A|episode_7/Morty_Jr's_interviewer/player.cpp
1633360391|episode_8|A|episode_8/Rick_Sanchez/player.cpp
1633360391|episode_8|A|episode_8/Morty_Smith/player.cpp
1633360391|episode_8|A|episode_8/Summer_Smith/player.cpp
1633360391|episode_8|A|episode_8/Beth_Smith/player.cpp
1633360391|episode_8|A|episode_8/Jerry_Smith/player.cpp
1633360391|episode_8|A|episode_8/Ants_in_my_Eyes_Johnson/player.cpp
1633360391|episode_8|A|episode_8/Attila_Starwar/player.cpp
1633360391|episode_8|A|episode_8/Baby_Legs/player.cpp
1633360391|episode_8|A|episode_8/Benjamin/player.cpp
1633360391|episode_8|A|episode_8/Beth_Sanchez/player.cpp
1633360391|episode_8|A|episode_8/Bobby_Moynihan/player.cpp
1633360391|episode_8|A|episode_8/Cynthia/player.cpp
1633360391|episode_8|A|episode_8/David_Letterman/player.cpp
1633360391|episode_8|A|episode_8/Fulgora/player.cpp
1633360391|episode_8|A|episode_8/Garmanarnar/player.cpp
1633360391|episode_8|A|episode_8/Gazorpazorpfield/player.cpp
1633360391|episode_8|A|episode_8/Glenn/player.cpp
1633360391|episode_8|A|episode_8/Hamster_In_Butt/player.cpp
1633360391|episode_8|A|episode_8/Hole_in_the_Wall_Where_the_Men_Can_See_it_All/player.cpp
1633360391|episode_8|A|episode_8/Celebrity_Jerry/player.cpp
1633360391|episode_8|A|episode_8/Johnny_Depp/player.cpp
1633360391|episode_8|A|episode_8/Jon/player.cpp
1633360391|episode_8|A|episode_8/Kristen_Stewart/player.cpp
1633360391|episode_8|A|episode_8/Loggins/player.cpp
1633360391|episode_8|A|episode_8/Man_Painted_Silver_Who_Makes_Robot_Noises/player.cpp
1633360391|episode_8|A|episode_8/Michael_Denny_and_the_Denny_Singers/player.cpp
1633360391|episode_8|A|episode_8/Mrs._Sullivan/player.cpp
1633360391|episode_8|A|episode_8/Piece_of_Toast/player.cpp
1633360391|episode_8|A|episode_8/Real_Fake_Doors_Salesman/player.cpp
1633360391|episode_8|A|episode_8/Regular_Legs/player.cpp
1633360391|episode_8|A|episode_8/Shmlamantha_Shmlicelli/player.cpp
1633360391|episode_8|A|episode_8/Shmlangela_Shmlobinson-Shmlower/player.cpp
1633360391|episode_8|A|episode_8/Shmlona_Shmlobinson/player.cpp
1633360391|episode_8|A|episode_8/Shmlonathan_Shmlower/player.cpp
1633360391|episode_8|A|episode_8/Shmlony_Shmlicelli/player.cpp
1633360391|episode_8|A|episode_8/Three_Unknown_Things/player.cpp
1633360391|episode_8|A|episode_8/Tophat_Jones/player.cpp
1633360391|episode_8|A|episode_8/Trunk_Man/player.cpp
1633360391|episode_8|A|episode_8/Two_Guys_with_Handlebar_Mustaches/player.cpp
1633360391|episode_8|A|episode_8/Unmuscular_Michael/player.cpp
1633360391|episode_8|A|episode_8/Guy_from_The_Bachelor/player.cpp
1633360391|episode_8|A|episode_8/Corn_detective/player.cpp
1633360391|episode_8|A|episode_8/Michael_Jackson/player.cpp
1633360391|episode_8|A|episode_8/Trunkphobic_suspenders_guy/player.cpp
1633360391|episode_8|A|episode_8/Spiderweb_teddy_bear/player.cpp
1633360391|episode_8|A|episode_8/Regular_Tyrion_Lannister/player.cpp
1633360391|episode_8|A|episode_8/Quick_Mystery_Presenter/player.cpp
1633360391|episode_8|A|episode_8/Mr._Sneezy/player.cpp
1633360391|episode_8|A|episode_8/Two_Brothers/player.cpp
1633360391|episode_8|A|episode_8/Alien_Mexican_Armada/player.cpp
1633360391|episode_8|A|episode_8/Giant_Cat_Monster/player.cpp
1633360391|episode_8|A|episode_8/Old_Women/player.cpp
1633360391|episode_8|A|episode_8/Trunkphobic_guy/player.cpp
1633360391|episode_8|A|episode_8/Pro_trunk_people_marriage_guy/player.cpp
1633360391|episode_8|A|episode_8/Muscular_Mannie/player.cpp
1633360391|episode_8|A|episode_8/Baby_Legs_Chief/player.cpp
1633360391|episode_8|A|episode_8/Mrs._Sullivan's_Boyfriend/player.cpp
1633360391|episode_9|A|episode_9/Rick_Sanchez/player.cpp
1633360391|episode_9|A|episode_9/Morty_Smith/player.cpp
1633360391|episode_9|A|episode_9/Summer_Smith/player.cpp
1633360391|episode_9|A|episode_9/Beth_Smith/player.cpp
1633360391|episode_9|A|episode_9/Jerry_Smith/player.cpp
1633360391|episode_9|A|episode_9/Cynthia/player.cpp
1633360391|episode_9|A|episode_9/King_Flippy_Nips/player.cpp
1633360391|episode_9|A|episode_9/Mr._Goldenfold/player.cpp
1633360391|episode_9|A|episode_9/Mr._Needful/player.cpp
1633360391|episode_9|A|episode_9/Nancy/player.cpp
1633360391|episode_9|A|episode_9/Principal_Vagina/player.cpp
1633360391|episode_9|A|episode_9/Scroopy_Noopers/player.cpp
1633360391|episode_9|A|episode_9/Plutonian_Hostess/player.cpp
1633360391|episode_9|A|episode_9/Plutonian_Host/player.cpp
1633360391|episode_9|A|episode_9/Rich_Plutonian/player.cpp
1633360391|episode_9|A|episode_9/Rich_Plutonian/player.cpp
1633360391|episode_9|A|episode_9/Butter_Robot/player.cpp
1633360391|episode_10|A|episode_10/Rick_Sanchez/player.cpp
1633360391|episode_10|A|episode_10/Morty_Smith/player.cpp
1633360391|episode_10|A|episode_10/Summer_Smith/player.cpp
1633360391|episode_10|A|episode_10/Beth_Smith/player.cpp
1633360391|episode_10|A|episode_10/Jerry_Smith/player.cpp
1633360391|episode_10|A|episode_10/Abradolf_Lincler/player.cpp
1633360391|episode_10|A|episode_10/Alien_Morty/player.cpp
1633360391|episode_10|A|episode_10/Alien_Rick/player.cpp
1633360391|episode_10|A|episode_10/Antenna_Morty/player.cpp
1633360391|episode_10|A|episode_10/Antenna_Rick/player.cpp
1633360391|episode_10|A|episode_10/Aqua_Morty/player.cpp
1633360391|episode_10|A|episode_10/Aqua_Rick/player.cpp
1633360391|episode_10|A|episode_10/Artist_Morty/player.cpp
1633360391|episode_10|A|episode_10/Beth_Smith/player.cpp
1633360391|episode_10|A|episode_10/Blue_Shirt_Morty/player.cpp
1633360391|episode_10|A|episode_10/Cowboy_Morty/player.cpp
1633360391|episode_10|A|episode_10/Cowboy_Rick/player.cpp
1633360391|episode_10|A|episode_10/Crab_Spider/player.cpp
1633360391|episode_10|A|episode_10/Cronenberg_Rick/player.cpp
1633360391|episode_10|A|episode_10/Cronenberg_Morty/player.cpp
1633360391|episode_10|A|episode_10/Cult_Leader_Morty/player.cpp
1633360391|episode_10|A|episode_10/Cyclops_Morty/player.cpp
1633360391|episode_10|A|episode_10/Cyclops_Rick/player.cpp
1633360391|episode_10|A|episode_10/Doofus_Rick/player.cpp
1633360391|episode_10|A|episode_10/Eric_Stoltz_Mask_Morty/player.cpp
1633360391|episode_10|A|episode_10/Evil_Morty/player.cpp
1633360391|episode_10|A|episode_10/Evil_Rick/player.cpp
1633360391|episode_10|A|episode_10/Hammerhead_Morty/player.cpp
1633360391|episode_10|A|episode_10/Insurance_Rick/player.cpp
1633360391|episode_10|A|episode_10/Jerry_Smith/player.cpp
1633360391|episode_10|A|episode_10/Long_Sleeved_Morty/player.cpp
1633360391|episode_10|A|episode_10/Maximums_Rickimus/player.cpp
1633360391|episode_10|A|episode_10/Morty_Smith/player.cpp
1633360391|episode_10|A|episode_10/Mr._Meeseeks/player.cpp
1633360391|episode_10|A|episode_10/Quantum_Rick/player.cpp
1633360391|episode_10|A|episode_10/Rick_Sanchez/player.cpp
1633360391|episode_10|A|episode_10/Ricktiminus_Sancheziminius/player.cpp
1633360391|episode_10|A|episode_10/Riq_IV/player.cpp
1633360391|episode_10|A|episode_10/Robot_Morty/player.cpp
1633360391|episode_10|A|episode_10/Robot_Rick/player.cpp
1633360391|episode_10|A|episode_10/Snuffles_(Snowball)/player.cpp
1633360391|episode_10|A|episode_10/Solicitor_Rick/player.cpp
1633360391|episode_10|A|episode_10/Summer_Smith/player.cpp
1633360391|episode_10|A|episode_10/The_Scientist_Formerly_Known_as_Rick/player.cpp
1633360391|episode_10|A|episode_10/Tortured_Morty/player.cpp
1633360391|episode_10|A|episode_10/Woman_Rick/player.cpp
1633360391|episode_10|A|episode_10/Zeta_Alpha_Rick/player.cpp
1633360391|episode_10|A|episode_10/Trunkphobic_suspenders_guy/player.cpp
1633360391|episode_10|A|episode_10/Pizza-person/player.cpp
1633360391|episode_10|A|episode_10/Pizza-person/player.cpp
1633360391|episode_10|A|episode_10/Greasy_Grandma/player.cpp
1633360391|episode_10|A|episode_10/Phone-person/player.cpp
1633360391|episode_10|A|episode_10/Phone-person/player.cpp
1633360391|episode_10|A|episode_10/Chair-person/player.cpp
1633360391|episode_10|A|episode_10/Chair-person/player.cpp
1633360391|episode_10|A|episode_10/Chair-homeless/player.cpp
1633360391|episode_10|A|episode_10/Chair-waiter/player.cpp
1633360391|episode_10|A|episode_10/Doopidoo/player.cpp
1633360391|episode_10|A|episode_10/Super_Weird_Rick/player.cpp
1633360391|episode_11|A|episode_11/Rick_Sanchez/player.cpp
1633360391|episode_11|A|episode_11/Morty_Smith/player.cpp
1633360391|episode_11|A|episode_11/Summer_Smith/player.cpp
1633360391|episode_11|A|episode_11/Beth_Smith/player.cpp
1633360391|episode_11|A|episode_11/Jerry_Smith/player.cpp
1633360391|episode_11|A|episode_11/Abradolf_Lincler/player.cpp
1633360391|episode_11|A|episode_11/Bepisian/player.cpp
1633360391|episode_11|A|episode_11/Birdperson/player.cpp
1633360391|episode_11|A|episode_11/Brad/player.cpp
1633360391|episode_11|A|episode_11/Cynthia/player.cpp
1633360391|episode_11|A|episode_11/Jessica/player.cpp
1633360391|episode_11|A|episode_11/Jessica's_Friend/player.cpp
1633360391|episode_11|A|episode_11/Lucy/player.cpp
1633360391|episode_11|A|episode_11/MC_Haps/player.cpp
1633360391|episode_11|A|episode_11/Nancy/player.cpp
1633360391|episode_11|A|episode_11/Revolio_Clockberg_Jr./player.cpp
1633360391|episode_11|A|episode_11/Riq_IV/player.cpp
1633360391|episode_11|A|episode_11/Scropon/player.cpp
1633360391|episode_11|A|episode_11/Slippery_Stair/player.cpp
1633360391|episode_11|A|episode_11/Slow_Mobius/player.cpp
1633360391|episode_11|A|episode_11/Squanchy/player.cpp
1633360391|episode_11|A|episode_11/Stair_Goblin/player.cpp
1633360391|episode_11|A|episode_11/Tammy_Guetermann/player.cpp
1633360391|episode_11|A|episode_11/Traflorkian/player.cpp
1633360391|episode_11|A|episode_11/Zeta_Alpha_Rick/player.cpp
1633360391|episode_11|A|episode_11/Greebybobe/player.cpp
1633360391|episode_11|A|episode_11/Trunkphobic_suspenders_guy/player.cpp
1633360391|episode_11|A|episode_11/Synthetic_Laser_Eels/player.cpp
1633360391|episode_11|A|episode_11/Pripudlian/player.cpp
1633360391|episode_11|A|episode_11/Giant_Testicle_Monster/player.cpp
1633360391|episode_12|A|episode_12/Rick_Sanchez/player.cpp
1633360391|episode_12|A|episode_12/Morty_Smith/player.cpp
1633360391|episode_12|A|episode_12/Summer_Smith/player.cpp
1633360391|episode_12|A|episode_12/Beth_Smith/player.cpp
1633360391|episode_12|A|episode_12/Jerry_Smith/player.cpp
1633360391|episode_12|A|episode_12/Albert_Einstein/player.cpp
1633360391|episode_12|A|episode_12/Chris/player.cpp
1633360391|episode_12|A|episode_12/Mr._Benson/player.cpp
1633360391|episode_12|A|episode_12/Shleemypants/player.cpp
1633360391|episode_12|A|episode_12/Michael/player.cpp
1633360391|episode_12|A|episode_12/Michael's_Lawyer/player.cpp
1633360391|episode_12|A|episode_12/Veterinary/player.cpp
1633360391|episode_12|A|episode_12/Veterinary_Nurse/player.cpp
1633360391|episode_13|A|episode_13/Rick_Sanchez/player.cpp
1633360391|episode_13|A|episode_13/Morty_Smith/player.cpp
1633360391|episode_13|A|episode_13/Jerry_Smith/player.cpp
1633360391|episode_13|A|episode_13/Arcade_Alien/player.cpp
1633360391|episode_13|A|episode_13/Attila_Starwar/player.cpp
1633360391|episode_13|A|episode_13/Benjamin/player.cpp
1633360391|episode_13|A|episode_13/Dr._Schmidt/player.cpp
1633360391|episode_13|A|episode_13/Fart/player.cpp
1633360391|episode_13|A|episode_13/Fulgora/player.cpp
1633360391|episode_13|A|episode_13/Gar_Gloonch/player.cpp
1633360391|episode_13|A|episode_13/Garblovian/player.cpp
1633360391|episode_13|A|episode_13/Gazorpazorpfield/player.cpp
1633360391|episode_13|A|episode_13/Jerry_5-126/player.cpp
1633360391|episode_13|A|episode_13/Jessica/player.cpp
1633360391|episode_13|A|episode_13/Krombopulos_Michael/player.cpp
1633360391|episode_13|A|episode_13/Loggins/player.cpp
1633360391|episode_13|A|episode_13/Mr._Meeseeks/player.cpp
1633360391|episode_13|A|episode_13/Paul_Fleishman/player.cpp
1633360391|episode_13|A|episode_13/Revolio_Clockberg_Jr./player.cpp
1633360391|episode_13|A|episode_13/Scrotian/player.cpp
1633360391|episode_13|A|episode_13/Shimshamian/player.cpp
1633360391|episode_13|A|episode_13/Traflorkian/player.cpp
1633360391|episode_13|A|episode_13/Zarbadar_Gloonch/player.cpp
1633360391|episode_13|A|episode_13/Roy/player.cpp
1633360391|episode_13|A|episode_13/Giant_Testicle_Monster/player.cpp
1633360391|episode_13|A|episode_13/Bearded_Jerry/player.cpp
1633360391|episode_13|A|episode_13/Shaved_Head_Jerry/player.cpp
1633360391|episode_13|A|episode_13/Tank_Top_Jerry/player.cpp
1633360391|episode_13|A|episode_13/Pink_Polo_Shirt_Jerry/player.cpp
1633360391|episode_13|A|episode_13/Jerryboree_Keeper/player.cpp
1633360391|episode_13|A|episode_13/Jerryboree_Receptionist/player.cpp
1633360391|episode_13|A|episode_13/Anchor_Gear/player.cpp
1633360391|episode_13|A|episode_13/Gear_Cop/player.cpp
1633360391|episode_13|A|episode_13/Roy's_Mum/player.cpp
1633360391|episode_13|A|episode_13/Roy's_Wife/player.cpp
1633360391|episode_13|A|episode_13/Roy's_Son/player.cpp
1633360391|episode_14|A|episode_14/Rick_Sanchez/player.cpp
1633360391|episode_14|A|episode_14/Morty_Smith/player.cpp
1633360391|episode_14|A|episode_14/Summer_Smith/player.cpp
1633360391|episode_14|A|episode_14/Beth_Smith/player.cpp
1633360391|episode_14|A|episode_14/Jerry_Smith/player.cpp
1633360391|episode_14|A|episode_14/Beta-Seven/player.cpp
1633360391|episode_14|A|episode_14/Blim_Blam/player.cpp
1633360391|episode_14|A|episode_14/Daron_Jefferson/player.cpp
1633360391|episode_14|A|episode_14/Karen_Entity/player.cpp
1633360391|episode_14|A|episode_14/Mrs._Sanchez/player.cpp
1633360391|episode_14|A|episode_14/Ron_Benson/player.cpp
1633360391|episode_14|A|episode_14/Steven_Phillips/player.cpp
1633360391|episode_14|A|episode_14/Todd_Crystal/player.cpp
1633360391|episode_14|A|episode_14/Unity/player.cpp
1633360391|episode_15|A|episode_15/Rick_Sanchez/player.cpp
1633360391|episode_15|A|episode_15/Morty_Smith/player.cpp
1633360391|episode_15|A|episode_15/Summer_Smith/player.cpp
1633360391|episode_15|A|episode_15/Beth_Smith/player.cpp
1633360391|episode_15|A|episode_15/Jerry_Smith/player.cpp
1633360391|episode_15|A|episode_15/Amish_Cyborg/player.cpp
1633360391|episode_15|A|episode_15/Baby_Wizard/player.cpp
1633360391|episode_15|A|episode_15/Bearded_Lady/player.cpp
1633360391|episode_15|A|episode_15/Cousin_Nicky/player.cpp
1633360391|episode_15|A|episode_15/Duck_With_Muscles/player.cpp
1633360391|episode_15|A|episode_15/Frankenstein's_Monster/player.cpp
1633360391|episode_15|A|episode_15/Ghost_in_a_Jar/player.cpp
1633360391|episode_15|A|episode_15/Hamurai/player.cpp
1633360391|episode_15|A|episode_15/Jacob/player.cpp
1633360391|episode_15|A|episode_15/Mr._Beauregard/player.cpp
1633360391|episode_15|A|episode_15/Mr._Poopybutthole/player.cpp
1633360391|episode_15|A|episode_15/Mrs._Refrigerator/player.cpp
1633360391|episode_15|A|episode_15/Pencilvester/player.cpp
1633360391|episode_15|A|episode_15/Photography_Raptor/player.cpp
1633360391|episode_15|A|episode_15/Reverse_Giraffe/player.cpp
1633360391|episode_15|A|episode_15/Sleepy_Gary/player.cpp
1633360391|episode_15|A|episode_15/Snuffles_(Snowball)/player.cpp
1633360391|episode_15|A|episode_15/Tinkles/player.cpp
1633360391|episode_15|A|episode_15/Uncle_Steve/player.cpp
1633360391|episode_16|A|episode_16/Rick_Sanchez/player.cpp
1633360391|episode_16|A|episode_16/Morty_Smith/player.cpp
1633360391|episode_16|A|episode_16/Summer_Smith/player.cpp
1633360391|episode_16|A|episode_16/Beth_Smith/player.cpp
1633360391|episode_16|A|episode_16/Jerry_Smith/player.cpp
1633360391|episode_16|A|episode_16/Armagheadon/player.cpp
1633360391|episode_16|A|episode_16/Birdperson/player.cpp
1633360391|episode_16|A|episode_16/Ethan/player.cpp
1633360391|episode_16|A|episode_16/Father_Bob/player.cpp
1633360391|episode_16|A|episode_16/General_Nathan/player.cpp
1633360391|episode_16|A|episode_16/Hydrogen-F/player.cpp
1633360391|episode_16|A|episode_16/Ice-T/player.cpp
1633360391|episode_16|A|episode_16/Jamey/player.cpp
1633360391|episode_16|A|episode_16/Jim/player.cpp
1633360391|episode_16|A|episode_16/Larva_Alien/player.cpp
1633360391|episode_16|A|episode_16/Magma-Q/player.cpp
1633360391|episode_16|A|episode_16/Magnesium-J/player.cpp
1633360391|episode_16|A|episode_16/Mr._Goldenfold/player.cpp
1633360391|episode_16|A|episode_16/Mr._Marklovitz/player.cpp
1633360391|episode_16|A|episode_16/Numbericon/player.cpp
1633360391|episode_16|A|episode_16/Orthodox_Jew/player.cpp
1633360391|episode_16|A|episode_16/Principal_Vagina/player.cpp
1633360391|episode_16|A|episode_16/Scrotian/player.cpp
1633360391|episode_16|A|episode_16/Snuffles_(Snowball)/player.cpp
1633360391|episode_16|A|episode_16/Squanchy/player.cpp
1633360391|episode_16|A|episode_16/Tammy_Guetermann/player.cpp
1633360391|episode_16|A|episode_16/Terry/player.cpp
1633360391|episode_16|A|episode_16/President_Curtis/player.cpp
1633360391|episode_16|A|episode_16/Greebybobe/player.cpp
1633360391|episode_16|A|episode_16/Simon/player.cpp
1633360391|episode_16|A|episode_16/Arbolian_Mentirososian/player.cpp
1633360391|episode_17|A|episode_17/Rick_Sanchez/player.cpp
1633360391|episode_17|A|episode_17/Morty_Smith/player.cpp
1633360391|episode_17|A|episode_17/Summer_Smith/player.cpp
1633360391|episode_17|A|episode_17/Attila_Starwar/player.cpp
1633360391|episode_17|A|episode_17/Benjamin/player.cpp
1633360391|episode_17|A|episode_17/Chris/player.cpp
1633360391|episode_17|A|episode_17/Fulgora/player.cpp
1633360391|episode_17|A|episode_17/Hunter/player.cpp
1633360391|episode_17|A|episode_17/Hunter's_Father/player.cpp
1633360391|episode_17|A|episode_17/Jessica/player.cpp
1633360391|episode_17|A|episode_17/Jessica's_Friend/player.cpp
1633360391|episode_17|A|episode_17/Kyle/player.cpp
1633360391|episode_17|A|episode_17/Loggins/player.cpp
1633360391|episode_17|A|episode_17/Mr._Goldenfold/player.cpp
1633360391|episode_17|A|episode_17/Piece_of_Toast/player.cpp
1633360391|episode_17|A|episode_17/The_President_of_the_Miniverse/player.cpp
1633360391|episode_17|A|episode_17/Tree_Person/player.cpp
1633360391|episode_17|A|episode_17/Zeep_Xanflorp/player.cpp
1633360391|episode_17|A|episode_17/Space_Cruiser/player.cpp
1633360391|episode_18|A|episode_18/Rick_Sanchez/player.cpp
1633360391|episode_18|A|episode_18/Morty_Smith/player.cpp
1633360391|episode_18|A|episode_18/Summer_Smith/player.cpp
1633360391|episode_18|A|episode_18/Beth_Smith/player.cpp
1633360391|episode_18|A|episode_18/Jerry_Smith/player.cpp
1633360391|episode_18|A|episode_18/Beth's_Mytholog/player.cpp
1633360391|episode_18|A|episode_18/Boobloosian/player.cpp
1633360391|episode_18|A|episode_18/Coach_Feratu_(Balik_Alistane)/player.cpp
1633360391|episode_18|A|episode_18/Flansian/player.cpp
1633360391|episode_18|A|episode_18/Gar_Gloonch/player.cpp
1633360391|episode_18|A|episode_18/Gar's_Mytholog/player.cpp
1633360391|episode_18|A|episode_18/Glexo_Slim_Slom/player.cpp
1633360391|episode_18|A|episode_18/Goddess_Beth/player.cpp
1633360391|episode_18|A|episode_18/Ideal_Jerry/player.cpp
1633360391|episode_18|A|episode_18/Jerry's_Mytholog/player.cpp
1633360391|episode_18|A|episode_18/Jessica/player.cpp
1633360391|episode_18|A|episode_18/Jessica's_Friend/player.cpp
1633360391|episode_18|A|episode_18/Mr._Goldenfold/player.cpp
1633360391|episode_18|A|episode_18/Principal_Vagina/player.cpp
1633360391|episode_18|A|episode_18/Self-Congratulatory_Jerry/player.cpp
1633360391|episode_18|A|episode_18/Tiny_Rick/player.cpp
1633360391|episode_18|A|episode_18/Toby_Matthews/player.cpp
1633360391|episode_18|A|episode_18/Tophat_Jones/player.cpp
1633360391|episode_18|A|episode_18/Vampire_Master/player.cpp
1633360391|episode_18|A|episode_18/Zarbadar_Gloonch/player.cpp
1633360391|episode_18|A|episode_18/Zarbadar's_Mytholog/player.cpp
1633360391|episode_18|A|episode_18/Vampire_Master's_Assistant/player.cpp
1633360391|episode_19|A|episode_19/Rick_Sanchez/player.cpp
1633360391|episode_19|A|episode_19/Morty_Smith/player.cpp
1633360391|episode_19|A|episode_19/Summer_Smith/player.cpp
1633360391|episode_19|A|episode_19/Beth_Smith/player.cpp
1633360391|episode_19|A|episode_19/Jerry_Smith/player.cpp
1633360391|episode_19|A|episode_19/Arcade_Alien/player.cpp
1633360391|episode_19|A|episode_19/Bepisian/player.cpp
1633360391|episode_19|A|episode_19/Blamph/player.cpp
1633360391|episode_19|A|episode_19/Blue_Diplomat/player.cpp
1633360391|episode_19|A|episode_19/Dr._Glip-Glop/player.cpp
1633360391|episode_19|A|episode_19/Eyehole_Man/player.cpp
1633360391|episode_19|A|episode_19/Fleeb/player.cpp
1633360391|episode_19|A|episode_19/Garblovian/player.cpp
1633360391|episode_19|A|episode_19/Hamster_In_Butt/player.cpp
1633360391|episode_19|A|episode_19/Jan-Michael_Vincent/player.cpp
1633360391|episode_19|A|episode_19/Larva_Alien/player.cpp
1633360391|episode_19|A|episode_19/Little_Dipper/player.cpp
1633360391|episode_19|A|episode_19/Michael_Jenkins/player.cpp
1633360391|episode_19|A|episode_19/Michael_McLick/player.cpp
1633360391|episode_19|A|episode_19/Michael_Thompson/player.cpp
1633360391|episode_19|A|episode_19/Octopus_Man/player.cpp
1633360391|episode_19|A|episode_19/Phillip_Jacobs/player.cpp
1633360391|episode_19|A|episode_19/Pibbles_Bodyguard/player.cpp
1633360391|episode_19|A|episode_19/Pichael_Thompson/player.cpp
1633360391|episode_19|A|episode_19/Randy_Dicknose/player.cpp
1633360391|episode_19|A|episode_19/Shlaammi/player.cpp
1633360391|episode_19|A|episode_19/Shrimply_Pibbles/player.cpp
1633360391|episode_19|A|episode_19/Stealy/player.cpp
1633360391|episode_19|A|episode_19/Traflorkian/player.cpp
1633360391|episode_19|A|episode_19/Tumblorkian/player.cpp
1633360391|episode_19|A|episode_19/Yaarb/player.cpp
1633360391|episode_19|A|episode_19/Yellow_Headed_Doctor/player.cpp
1633360391|episode_19|A|episode_19/Pripudlian/player.cpp
1633360391|episode_19|A|episode_19/Arbolian_Mentirososian/player.cpp
1633360391|episode_19|A|episode_19/St._Gloopy_Noops_Nurse/player.cpp
1633360391|episode_19|A|episode_19/Nano_Doctor/player.cpp
1633360391|episode_19|A|episode_19/Funny_Songs_Presenter/player.cpp
1633360391|episode_19|A|episode_19/Tax_Attorney/player.cpp
1633360391|episode_19|A|episode_19/Butthole_Ice_Cream_Guy/player.cpp
1633360391|episode_19|A|episode_19/Traflorkian_Journalist/player.cpp
1633360391|episode_20|A|episode_20/Rick_Sanchez/player.cpp
1633360391|episode_20|A|episode_20/Morty_Smith/player.cpp
1633360391|episode_20|A|episode_20/Summer_Smith/player.cpp
1633360391|episode_20|A|episode_20/Beth_Smith/player.cpp
1633360391|episode_20|A|episode_20/Jerry_Smith/player.cpp
1633360391|episode_20|A|episode_20/Arthricia/player.cpp
1633360391|episode_20|A|episode_20/General_Store_Owner/player.cpp
1633360391|episode_20|A|episode_20/Lighthouse_Keeper/player.cpp
1633360391|episode_20|A|episode_20/Purge_Planet_Ruler/player.cpp
1633360391|episode_20|A|episode_20/Taddy_Mason/player.cpp
1633360391|episode_21|A|episode_21/Rick_Sanchez/player.cpp
1633360391|episode_21|A|episode_21/Morty_Smith/player.cpp
1633360391|episode_21|A|episode_21/Summer_Smith/player.cpp
1633360391|episode_21|A|episode_21/Beth_Smith/player.cpp
1633360391|episode_21|A|episode_21/Jerry_Smith/player.cpp
1633360391|episode_21|A|episode_21/Arcade_Alien/player.cpp
1633360391|episode_21|A|episode_21/Birdperson/player.cpp
1633360391|episode_21|A|episode_21/Boobloosian/player.cpp
1633360391|episode_21|A|episode_21/Courier_Flap/player.cpp
1633360391|episode_21|A|episode_21/Donna_Gueterman/player.cpp
1633360391|episode_21|A|episode_21/Flansian/player.cpp
1633360391|episode_21|A|episode_21/Galactic_Federation_President/player.cpp
1633360391|episode_21|A|episode_21/Gar_Gloonch/player.cpp
1633360391|episode_21|A|episode_21/Garblovian/player.cpp
1633360391|episode_21|A|episode_21/Kozbian/player.cpp
1633360391|episode_21|A|episode_21/Larva_Alien/player.cpp
1633360391|episode_21|A|episode_21/Lil_B/player.cpp
1633360391|episode_21|A|episode_21/Mr._Goldenfold/player.cpp
1633360391|episode_21|A|episode_21/Mr._Poopybutthole/player.cpp
1633360391|episode_21|A|episode_21/Pat_Gueterman/player.cpp
1633360391|episode_21|A|episode_21/Photography_Cyborg/player.cpp
1633360391|episode_21|A|episode_21/Scropon/player.cpp
1633360391|episode_21|A|episode_21/Scrotian/player.cpp
1633360391|episode_21|A|episode_21/Shimshamian/player.cpp
1633360391|episode_21|A|episode_21/Squanchy/player.cpp
1633360391|episode_21|A|episode_21/Tammy_Guetermann/player.cpp
1633360391|episode_21|A|episode_21/Tophat_Jones/player.cpp
1633360391|episode_21|A|episode_21/Traflorkian/player.cpp
1633360391|episode_21|A|episode_21/Wedding_Bartender/player.cpp
1633360391|episode_21|A|episode_21/Arbolian_Mentirososian/player.cpp
1633360391|episode_22|A|episode_22/Rick_Sanchez/player.cpp
1633360391|episode_22|A|episode_22/Morty_Smith/player.cpp
1633360391|episode_22|A|episode_22/Summer_Smith/player.cpp
1633360391|episode_22|A|episode_22/Beth_Smith/player.cpp
1633360391|episode_22|A|episode_22/Jerry_Smith/player.cpp
1633360391|episode_22|A|episode_22/Aqua_Morty/player.cpp
1633360391|episode_22|A|episode_22/Aqua_Rick/player.cpp
1633360391|episode_22|A|episode_22/Beth_Smith/player.cpp
1633360391|episode_22|A|episode_22/Big_Head_Morty/player.cpp
1633360391|episode_22|A|episode_22/Birdperson/player.cpp
1633360391|episode_22|A|episode_22/Black_Rick/player.cpp
1633360391|episode_22|A|episode_22/Borpocian/player.cpp
1633360391|episode_22|A|episode_22/Commander_Rick/player.cpp
1633360391|episode_22|A|episode_22/Conroy/player.cpp
1633360391|episode_22|A|episode_22/Cyclops_Rick/player.cpp
1633360391|episode_22|A|episode_22/Diane_Sanchez/player.cpp
1633360391|episode_22|A|episode_22/Dipper_and_Mabel_Mortys/player.cpp
1633360391|episode_22|A|episode_22/Doofus_Rick/player.cpp
1633360391|episode_22|A|episode_22/Cornvelious_Daniel/player.cpp
1633360391|episode_22|A|episode_22/Hammerhead_Morty/player.cpp
1633360391|episode_22|A|episode_22/Jerry_Smith/player.cpp
1633360391|episode_22|A|episode_22/Lawyer_Morty/player.cpp
1633360391|episode_22|A|episode_22/Maximums_Rickimus/player.cpp
1633360391|episode_22|A|episode_22/Morty_Rick/player.cpp
1633360391|episode_22|A|episode_22/Mr._Goldenfold/player.cpp
1633360391|episode_22|A|episode_22/Quantum_Rick/player.cpp
1633360391|episode_22|A|episode_22/Rick_Prime/player.cpp
1633360391|episode_22|A|episode_22/Rick_D-99/player.cpp
1633360391|episode_22|A|episode_22/Ricktiminus_Sancheziminius/player.cpp
1633360391|episode_22|A|episode_22/Riq_IV/player.cpp
1633360391|episode_22|A|episode_22/Solicitor_Rick/player.cpp
1633360391|episode_22|A|episode_22/Summer_Smith/player.cpp
1633360391|episode_22|A|episode_22/Tammy_Guetermann/player.cpp
1633360391|episode_22|A|episode_22/Wall_Crawling_Rick/player.cpp
1633360391|episode_22|A|episode_22/Unknown_Rick/player.cpp
1633360391|episode_22|A|episode_22/Yellow_Shirt_Rick/player.cpp
1633360391|episode_22|A|episode_22/Zeta_Alpha_Rick/player.cpp
1633360391|episode_22|A|episode_22/Communication's_Responsible_Rick/player.cpp
1633360391|episode_22|A|episode_22/Teleportation's_Responsible_Rick/player.cpp
1633360391|episode_22|A|episode_22/SEAL_Team_Rick/player.cpp
1633360391|episode_22|A|episode_22/SEAL_Team_Rick/player.cpp
1633360391|episode_22|A|episode_22/SEAL_Team_Rick/player.cpp
1633360391|episode_22|A|episode_22/SEAL_Team_Rick/player.cpp
1633360391|episode_22|A|episode_22/Phoenixperson/player.cpp
1633360391|episode_23|A|episode_23/Rick_Sanchez/player.cpp
1633360391|episode_23|A|episode_23/Morty_Smith/player.cpp
1633360391|episode_23|A|episode_23/Summer_Smith/player.cpp
1633360391|episode_23|A|episode_23/Beth_Smith/player.cpp
1633360391|episode_23|A|episode_23/Jerry_Smith/player.cpp
1633360391|episode_23|A|episode_23/Armothy/player.cpp
1633360391|episode_23|A|episode_23/Blue_Footprint_Guy/player.cpp
1633360391|episode_23|A|episode_23/Colossus/player.cpp
1633360391|episode_23|A|episode_23/Eli/player.cpp
1633360391|episode_23|A|episode_23/Eli's_Girlfriend/player.cpp
1633360391|episode_23|A|episode_23/Genital_Washer/player.cpp
1633360391|episode_23|A|episode_23/Hemorrhage/player.cpp
1633360391|episode_23|A|episode_23/Mechanical_Morty/player.cpp
1633360391|episode_23|A|episode_23/Mechanical_Rick/player.cpp
1633360391|episode_23|A|episode_23/Mechanical_Summer/player.cpp
1633360391|episode_23|A|episode_23/Mohawk_Guy/player.cpp
1633360391|episode_23|A|episode_23/Slaveowner/player.cpp
1633360391|episode_23|A|episode_23/Taint_Washer/player.cpp
1633360391|episode_24|A|episode_24/Rick_Sanchez/player.cpp
1633360391|episode_24|A|episode_24/Morty_Smith/player.cpp
1633360391|episode_24|A|episode_24/Summer_Smith/player.cpp
1633360391|episode_24|A|episode_24/Beth_Smith/player.cpp
1633360391|episode_24|A|episode_24/Agency_Director/player.cpp
1633360391|episode_24|A|episode_24/Concerto/player.cpp
1633360391|episode_24|A|episode_24/Dr._Wong/player.cpp
1633360391|episode_24|A|episode_24/Izzy/player.cpp
1633360391|episode_24|A|episode_24/Jaguar/player.cpp
1633360391|episode_24|A|episode_24/Katarina/player.cpp
1633360391|episode_24|A|episode_24/Mr._Goldenfold/player.cpp
1633360391|episode_24|A|episode_24/Pickle_Rick/player.cpp
1633360391|episode_24|A|episode_24/Principal_Vagina/player.cpp
1633360391|episode_24|A|episode_24/Rat_Boss/player.cpp
1633360391|episode_24|A|episode_24/Snuffles_(Snowball)/player.cpp
1633360391|episode_25|A|episode_25/Rick_Sanchez/player.cpp
1633360391|episode_25|A|episode_25/Morty_Smith/player.cpp
1633360391|episode_25|A|episode_25/Summer_Smith/player.cpp
1633360391|episode_25|A|episode_25/Beth_Smith/player.cpp
1633360391|episode_25|A|episode_25/Alan_Rails/player.cpp
1633360391|episode_25|A|episode_25/Arcade_Alien/player.cpp
1633360391|episode_25|A|episode_25/Bepisian/player.cpp
1633360391|episode_25|A|episode_25/Calypso/player.cpp
1633360391|episode_25|A|episode_25/Crocubot/player.cpp
1633360391|episode_25|A|episode_25/Cynthia/player.cpp
1633360391|episode_25|A|episode_25/Diablo_Verde/player.cpp
1633360391|episode_25|A|episode_25/Doom-Nomitron/player.cpp
1633360391|episode_25|A|episode_25/Flansian/player.cpp
1633360391|episode_25|A|episode_25/Jessica's_Friend/player.cpp
1633360391|episode_25|A|episode_25/Lady_Katana/player.cpp
1633360391|episode_25|A|episode_25/Logic/player.cpp
1633360391|episode_25|A|episode_25/MC_Haps/player.cpp
1633360391|episode_25|A|episode_25/Million_Ants/player.cpp
1633360391|episode_25|A|episode_25/Nancy/player.cpp
1633360391|episode_25|A|episode_25/Noob-Noob/player.cpp
1633360391|episode_25|A|episode_25/Revolio_Clockberg_Jr./player.cpp
1633360391|episode_25|A|episode_25/Scrotian/player.cpp
1633360391|episode_25|A|episode_25/Shimshamian/player.cpp
1633360391|episode_25|A|episode_25/Stair_Goblin/player.cpp
1633360391|episode_25|A|episode_25/Supernova/player.cpp
1633360391|episode_25|A|episode_25/Traflorkian/player.cpp
1633360391|episode_25|A|episode_25/Vance_Maximus/player.cpp
1633360391|episode_25|A|episode_25/Worldender/player.cpp
1633360391|episode_25|A|episode_25/Greebybobe/player.cpp
1633360391|episode_25|A|episode_25/Pripudlian/player.cpp
1633360391|episode_26|A|episode_26/Rick_Sanchez/player.cpp
1633360391|episode_26|A|episode_26/Morty_Smith/player.cpp
1633360391|episode_26|A|episode_26/Summer_Smith/player.cpp
1633360391|episode_26|A|episode_26/Beth_Smith/player.cpp
1633360391|episode_26|A|episode_26/Jerry_Smith/player.cpp
1633360391|episode_26|A|episode_26/Arcade_Alien/player.cpp
1633360391|episode_26|A|episode_26/Birdperson/player.cpp
1633360391|episode_26|A|episode_26/Ethan/player.cpp
1633360391|episode_26|A|episode_26/Gene/player.cpp
1633360391|episode_26|A|episode_26/Gibble_Snake/player.cpp
1633360391|episode_26|A|episode_26/Jessica/player.cpp
1633360391|episode_26|A|episode_26/Lisa/player.cpp
1633360391|episode_26|A|episode_26/Risotto_Groupon/player.cpp
1633360391|episode_26|A|episode_26/Risotto's_Tentacled_Henchman/player.cpp
1633360391|episode_26|A|episode_26/Shmooglite_Runner/player.cpp
1633360391|episode_26|A|episode_26/Shnoopy_Bloopers/player.cpp
1633360391|episode_26|A|episode_26/Tricia_Lange/player.cpp
1633360391|episode_26|A|episode_26/Tusked_Assassin/player.cpp
1633360391|episode_26|A|episode_26/Morphizer-XE_Customer_Support/player.cpp
1633360391|episode_26|A|episode_26/Morphizer-XE_Customer_Support/player.cpp
1633360391|episode_26|A|episode_26/Morphizer-XE_Customer_Support/player.cpp
1633360391|episode_27|A|episode_27/Rick_Sanchez/player.cpp
1633360391|episode_27|A|episode_27/Morty_Smith/player.cpp
1633360391|episode_27|A|episode_27/Summer_Smith/player.cpp
1633360391|episode_27|A|episode_27/Beth_Smith/player.cpp
1633360391|episode_27|A|episode_27/Abadango_Cluster_Princess/player.cpp
1633360391|episode_27|A|episode_27/Father_Bob/player.cpp
1633360391|episode_27|A|episode_27/Jacqueline/player.cpp
1633360391|episode_27|A|episode_27/Jessica/player.cpp
1633360391|episode_27|A|episode_27/Jessica's_Friend/player.cpp
1633360391|episode_27|A|episode_27/Mitch/player.cpp
1633360391|episode_27|A|episode_27/Mr._Goldenfold/player.cpp
1633360391|episode_27|A|episode_27/Mrs._Pancakes/player.cpp
1633360391|episode_27|A|episode_27/Principal_Vagina/player.cpp
1633360391|episode_27|A|episode_27/Stacy/player.cpp
1633360391|episode_27|A|episode_27/Toxic_Morty/player.cpp
1633360391|episode_27|A|episode_27/Toxic_Rick/player.cpp
1633360391|episode_27|A|episode_27/Tricia_Lange/player.cpp
1633360391|episode_27|A|episode_27/Alien_Spa_Employee/player.cpp
1633360391|episode_27|A|episode_27/Little_Voltron/player.cpp
1633360391|episode_28|A|episode_28/Rick_Sanchez/player.cpp
1633360391|episode_28|A|episode_28/Morty_Smith/player.cpp
1633360391|episode_28|A|episode_28/Beth_Smith/player.cpp
1633360391|episode_28|A|episode_28/Adjudicator_Rick/player.cpp
1633360391|episode_28|A|episode_28/Antenna_Morty/player.cpp
1633360391|episode_28|A|episode_28/Aqua_Rick/player.cpp
1633360391|episode_28|A|episode_28/Artist_Morty/player.cpp
1633360391|episode_28|A|episode_28/Big_Morty/player.cpp
1633360391|episode_28|A|episode_28/Body_Guard_Morty/player.cpp
1633360391|episode_28|A|episode_28/Black_Rick/player.cpp
1633360391|episode_28|A|episode_28/Bootleg_Portal_Chemist_Rick/player.cpp
1633360391|episode_28|A|episode_28/Campaign_Manager_Morty/player.cpp
1633360391|episode_28|A|episode_28/Cool_Rick/player.cpp
1633360391|episode_28|A|episode_28/Cop_Morty/player.cpp
1633360391|episode_28|A|episode_28/Cop_Rick/player.cpp
1633360391|episode_28|A|episode_28/Cowboy_Rick/player.cpp
1633360391|episode_28|A|episode_28/Cyclops_Morty/player.cpp
1633360391|episode_28|A|episode_28/Cyclops_Rick/player.cpp
1633360391|episode_28|A|episode_28/Evil_Morty/player.cpp
1633360391|episode_28|A|episode_28/Fat_Morty/player.cpp
1633360391|episode_28|A|episode_28/Garment_District_Rick/player.cpp
1633360391|episode_28|A|episode_28/Glasses_Morty/player.cpp
1633360391|episode_28|A|episode_28/Investigator_Rick/player.cpp
1633360391|episode_28|A|episode_28/Jessica/player.cpp
1633360391|episode_28|A|episode_28/Juggling_Rick/player.cpp
1633360391|episode_28|A|episode_28/Lizard_Morty/player.cpp
1633360391|episode_28|A|episode_28/Mega_Fruit_Farmer_Rick/player.cpp
1633360391|episode_28|A|episode_28/Morty_Mart_Manager_Morty/player.cpp
1633360391|episode_28|A|episode_28/Morty_K-22/player.cpp
1633360391|episode_28|A|episode_28/Mortytown_Loco/player.cpp
1633360391|episode_28|A|episode_28/Plumber_Rick/player.cpp
1633360391|episode_28|A|episode_28/Regional_Manager_Rick/player.cpp
1633360391|episode_28|A|episode_28/Reverse_Rick_Outrage/player.cpp
1633360391|episode_28|A|episode_28/Rick_D._Sanchez_III/player.cpp
1633360391|episode_28|A|episode_28/Rick_Guilt_Rick/player.cpp
1633360391|episode_28|A|episode_28/Rick_D716/player.cpp
1633360391|episode_28|A|episode_28/Rick_D716-B/player.cpp
1633360391|episode_28|A|episode_28/Rick_D716-C/player.cpp
1633360391|episode_28|A|episode_28/Rick_J-22/player.cpp
1633360391|episode_28|A|episode_28/Rick_K-22/player.cpp
1633360391|episode_28|A|episode_28/Simple_Rick/player.cpp
1633360391|episode_28|A|episode_28/Slick_Morty/player.cpp
1633360391|episode_28|A|episode_28/Slow_Rick/player.cpp
1633360391|episode_28|A|episode_28/Teacher_Rick/player.cpp
1633360391|episode_28|A|episode_28/Trunk_Morty/player.cpp
1633360391|episode_28|A|episode_28/Trunk_Man/player.cpp
1633360391|episode_28|A|episode_28/Bearded_Morty/player.cpp
1633360391|episode_28|A|episode_28/Baby_Rick/player.cpp
1633360391|episode_28|A|episode_28/Bartender_Morty/player.cpp
1633360391|episode_28|A|episode_28/Dancer_Cowboy_Morty/player.cpp
1633360391|episode_28|A|episode_28/Dancer_Morty/player.cpp
1633360391|episode_28|A|episode_28/Flower_Morty/player.cpp
1633360391|episode_28|A|episode_28/Hairdresser_Rick/player.cpp
1633360391|episode_28|A|episode_28/Journalist_Rick/player.cpp
1633360391|episode_28|A|episode_28/Private_Sector_Rick/player.cpp
1633360391|episode_28|A|episode_28/Purple_Morty/player.cpp
1633360391|episode_28|A|episode_28/Retired_General_Rick/player.cpp
1633360391|episode_28|A|episode_28/Secret_Service_Rick/player.cpp
1633360391|episode_28|A|episode_28/Steve_Jobs_Rick/player.cpp
1633360391|episode_28|A|episode_28/Sheik_Rick/player.cpp
1633360391|episode_28|A|episode_28/Modern_Rick/player.cpp
1633360391|episode_28|A|episode_28/Tan_Rick/player.cpp
1633360391|episode_28|A|episode_28/Visor_Rick/player.cpp
1633360391|episode_28|A|episode_28/Colonial_Rick/player.cpp
1633360391|episode_28|A|episode_28/P-Coat_Rick/player.cpp
1633360391|episode_29|A|episode_29/Rick_Sanchez/player.cpp
1633360391|episode_29|A|episode_29/Morty_Smith/player.cpp
1633360391|episode_29|A|episode_29/Summer_Smith/player.cpp
1633360391|episode_29|A|episode_29/Beth_Smith/player.cpp
1633360391|episode_29|A|episode_29/Jerry_Smith/player.cpp
1633360391|episode_29|A|episode_29/Beebo/player.cpp
1633360391|episode_29|A|episode_29/Collector/player.cpp
1633360391|episode_29|A|episode_29/Gobo/player.cpp
1633360391|episode_29|A|episode_29/Gordon_Lunas/player.cpp
1633360391|episode_29|A|episode_29/Jessica/player.cpp
1633360391|episode_29|A|episode_29/Mr._Meeseeks/player.cpp
1633360391|episode_29|A|episode_29/Mr._Poopybutthole/player.cpp
1633360391|episode_29|A|episode_29/Nancy/player.cpp
1633360391|episode_29|A|episode_29/Principal_Vagina/player.cpp
1633360391|episode_29|A|episode_29/Snuffles_(Snowball)/player.cpp
1633360391|episode_29|A|episode_29/Truth_Tortoise/player.cpp
1633360391|episode_29|A|episode_29/Voltematron/player.cpp
1633360391|episode_29|A|episode_29/Zick_Zack/player.cpp
1633360391|episode_29|A|episode_29/Chang/player.cpp
1633360391|episode_29|A|episode_29/Dr._Eleanor_Arroway/player.cpp
1633360391|episode_30|A|episode_30/Rick_Sanchez/player.cpp
1633360391|episode_30|A|episode_30/Morty_Smith/player.cpp
1633360391|episode_30|A|episode_30/Summer_Smith/player.cpp
1633360391|episode_30|A|episode_30/Beth_Smith/player.cpp
1633360391|episode_30|A|episode_30/Jerry_Smith/player.cpp
1633360391|episode_30|A|episode_30/Brad/player.cpp
1633360391|episode_30|A|episode_30/Jessica/player.cpp
1633360391|episode_30|A|episode_30/Joseph_Eli_Lipkip/player.cpp
1633360391|episode_30|A|episode_30/Keara/player.cpp
1633360391|episode_30|A|episode_30/Mr._Goldenfold/player.cpp
1633360391|episode_30|A|episode_30/Mr._Poopybutthole/player.cpp
1633360391|episode_30|A|episode_30/Mrs._Lipkip/player.cpp
1633360391|episode_30|A|episode_30/Mrs._Sanchez/player.cpp
1633360391|episode_30|A|episode_30/Snuffles_(Snowball)/player.cpp
1633360391|episode_30|A|episode_30/Thomas_Lipkip/player.cpp
1633360391|episode_30|A|episode_30/Tommy's_Clone/player.cpp
1633360391|episode_30|A|episode_30/Trandor/player.cpp
1633360391|episode_30|A|episode_30/Varrix/player.cpp
1633360391|episode_31|A|episode_31/Rick_Sanchez/player.cpp
1633360391|episode_31|A|episode_31/Morty_Smith/player.cpp
1633360391|episode_31|A|episode_31/Summer_Smith/player.cpp
1633360391|episode_31|A|episode_31/Beth_Smith/player.cpp
1633360391|episode_31|A|episode_31/Jerry_Smith/player.cpp
1633360391|episode_31|A|episode_31/Alien_Googah/player.cpp
1633360391|episode_31|A|episode_31/Baby_Poopybutthole/player.cpp
1633360391|episode_31|A|episode_31/Invisi-trooper/player.cpp
1633360391|episode_31|A|episode_31/Mr._Poopybutthole/player.cpp
1633360391|episode_31|A|episode_31/Amy_Poopybutthole/player.cpp
1633360391|episode_31|A|episode_31/Presidentress_of_The_Mega_Gargantuans/player.cpp
1633360391|episode_31|A|episode_31/Steve/player.cpp
1633360391|episode_31|A|episode_31/President_Curtis/player.cpp
1633360391|episode_31|A|episode_31/Secretary_of_the_Interior/player.cpp
1633360391|episode_32|A|episode_32/Rick_Sanchez/player.cpp
1633360391|episode_32|A|episode_32/Morty_Smith/player.cpp
1633360391|episode_32|A|episode_32/Summer_Smith/player.cpp
1633360391|episode_32|A|episode_32/Beth_Smith/player.cpp
1633360391|episode_32|A|episode_32/Jerry_Smith/player.cpp
1633360391|episode_32|A|episode_32/Jessica/player.cpp
1633360391|episode_32|A|episode_32/Mr._Meeseeks/player.cpp
1633360391|episode_32|A|episode_32/Crystal_Poacher/player.cpp
1633360391|episode_32|A|episode_32/Crystal_Poacher/player.cpp
1633360391|episode_32|A|episode_32/Crystal_Poacher/player.cpp
1633360391|episode_32|A|episode_32/Hologram_Rick/player.cpp
1633360391|episode_32|A|episode_32/Fascist_Rick/player.cpp
1633360391|episode_32|A|episode_32/Fascist_Morty/player.cpp
1633360391|episode_32|A|episode_32/Fascist_Mr._President/player.cpp
1633360391|episode_32|A|episode_32/Fascist_Rick’s_Clone/player.cpp
1633360391|episode_32|A|episode_32/Revolio_Clockberg_Jr./player.cpp
1633360391|episode_32|A|episode_32/Fascist_Shrimp_Rick/player.cpp
1633360391|episode_32|A|episode_32/Fascist_Shrimp_Rick’s_Clone/player.cpp
1633360391|episode_32|A|episode_32/Fascist_Shrimp_Morty/player.cpp
1633360391|episode_32|A|episode_32/Fascist_Shrimp_SS/player.cpp
1633360391|episode_32|A|episode_32/Fascist_Teddy_Bear_Rick/player.cpp
1633360391|episode_32|A|episode_32/Fascist_Teddy_Bear_Rick’s_Clone/player.cpp
1633360391|episode_32|A|episode_32/Bully/player.cpp
1633360391|episode_32|A|episode_32/Anchorman/player.cpp
1633360391|episode_32|A|episode_32/Anchorwoman/player.cpp
1633360391|episode_32|A|episode_32/Morty’s_Lawyer/player.cpp
1633360391|episode_32|A|episode_32/Judge/player.cpp
1633360391|episode_32|A|episode_32/Public_Opinion_Judge/player.cpp
1633360391|episode_32|A|episode_32/Caterpillar_Mr._Goldenfold/player.cpp
1633360391|episode_32|A|episode_32/Wasp_Rick/player.cpp
1633360391|episode_32|A|episode_32/Wasp_Rick’s_Clone/player.cpp
1633360391|episode_32|A|episode_32/Wasp_Morty/player.cpp
1633360391|episode_32|A|episode_32/Wasp_Summer/player.cpp
1633360391|episode_32|A|episode_32/Wasp_Jerry/player.cpp
1633360391|episode_32|A|episode_32/Wasp_Beth/player.cpp
1633360391|episode_32|A|episode_32/Caterpillar_Mr._Goldenfold’s_Larvae/player.cpp
1633360391|episode_32|A|episode_32/Boglin/player.cpp
1633360391|episode_32|A|episode_32/Kirkland_Brand_Mr._Meeseeks/player.cpp
1633360391|episode_33|A|episode_33/Rick_Sanchez/player.cpp
1633360391|episode_33|A|episode_33/Morty_Smith/player.cpp
1633360391|episode_33|A|episode_33/Summer_Smith/player.cpp
1633360391|episode_33|A|episode_33/Beth_Smith/player.cpp
1633360391|episode_33|A|episode_33/Jerry_Smith/player.cpp
1633360391|episode_33|A|episode_33/Glootie/player.cpp
1633360391|episode_33|A|episode_33/Danny_Publitz/player.cpp
1633360391|episode_33|A|episode_33/Mothership_Intern/player.cpp
1633360391|episode_33|A|episode_33/Monogatron_Leader/player.cpp
1633360391|episode_33|A|episode_33/Lizard/player.cpp
1633360391|episode_33|A|episode_33/Deliverance/player.cpp
1633360391|episode_33|A|episode_33/Tony/player.cpp
1633360391|episode_33|A|episode_33/Tony’s_Wife/player.cpp
1633360391|episode_33|A|episode_33/Monogatron_Queen/player.cpp
1633360391|episode_33|A|episode_33/Tony's_Dad/player.cpp
1633360391|episode_33|A|episode_33/Jeff/player.cpp
1633360391|episode_33|A|episode_33/Josiah/player.cpp
1633360391|episode_33|A|episode_33/Maggie/player.cpp
1633360391|episode_33|A|episode_33/Priest_Witherspoon/player.cpp
1633360391|episode_33|A|episode_33/Richard/player.cpp
1633360391|episode_33|A|episode_33/Running_Bird/player.cpp
1633360391|episode_33|A|episode_33/Secretary_at_Tony's/player.cpp
1633360391|episode_33|A|episode_33/Mountain_Sweat_Jerry/player.cpp
1633360391|episode_33|A|episode_33/Vermigurber/player.cpp
1633360391|episode_34|A|episode_34/Rick_Sanchez/player.cpp
1633360391|episode_34|A|episode_34/Morty_Smith/player.cpp
1633360391|episode_34|A|episode_34/Summer_Smith/player.cpp
1633360391|episode_34|A|episode_34/Beth_Smith/player.cpp
1633360391|episode_34|A|episode_34/Mr._Poopybutthole/player.cpp
1633360391|episode_34|A|episode_34/Miles_Knightly/player.cpp
1633360391|episode_34|A|episode_34/Heist-Con_Receptionist/player.cpp
1633360391|episode_34|A|episode_34/Angie_Flint/player.cpp
1633360391|episode_34|A|episode_34/Glar/player.cpp
1633360391|episode_34|A|episode_34/Truckula/player.cpp
1633360391|episode_34|A|episode_34/Snake_Arms/player.cpp
1633360391|episode_34|A|episode_34/Double_Microwawe/player.cpp
1633360391|episode_34|A|episode_34/Monitor_Lord/player.cpp
1633360391|episode_34|A|episode_34/Key_Catcher/player.cpp
1633360391|episode_34|A|episode_34/The_Shapeshiftress/player.cpp
1633360391|episode_34|A|episode_34/Heistotron/player.cpp
1633360391|episode_34|A|episode_34/Randotron/player.cpp
1633360391|episode_34|A|episode_34/Hephaestus/player.cpp
1633360391|episode_34|A|episode_34/Ventriloquiver/player.cpp
1633360391|episode_34|A|episode_34/Elon_Tusk/player.cpp
1633360391|episode_34|A|episode_34/Gramuflackian_Anchorman/player.cpp
1633360391|episode_34|A|episode_34/Gramuflackian_General/player.cpp
1633360391|episode_34|A|episode_34/Netflix_Executive/player.cpp
1633360391|episode_35|A|episode_35/Rick_Sanchez/player.cpp
1633360391|episode_35|A|episode_35/Morty_Smith/player.cpp
1633360391|episode_35|A|episode_35/Summer_Smith/player.cpp
1633360391|episode_35|A|episode_35/Beth_Smith/player.cpp
1633360391|episode_35|A|episode_35/Jerry_Smith/player.cpp
1633360391|episode_35|A|episode_35/Balthromaw/player.cpp
1633360391|episode_35|A|episode_35/The_Wizard/player.cpp
1633360391|episode_35|A|episode_35/Talking_Cat/player.cpp
1633360391|episode_35|A|episode_35/Debrah/player.cpp
1633360391|episode_35|A|episode_35/Debrah’s_Partner/player.cpp
1633360391|episode_35|A|episode_35/Michael/player.cpp
1633360391|episode_35|A|episode_35/Slut_Dragon/player.cpp
1633360391|episode_35|A|episode_35/Shadow_Jacker/player.cpp
1633360391|episode_35|A|episode_35/Chachi/player.cpp
1633360391|episode_36|A|episode_36/Rick_Sanchez/player.cpp
1633360391|episode_36|A|episode_36/Morty_Smith/player.cpp
1633360391|episode_36|A|episode_36/Summer_Smith/player.cpp
1633360391|episode_36|A|episode_36/Beth_Smith/player.cpp
1633360391|episode_36|A|episode_36/Jerry_Smith/player.cpp
1633360391|episode_36|A|episode_36/Nancy/player.cpp
1633360391|episode_36|A|episode_36/Shleemypants/player.cpp
1633360391|episode_36|A|episode_36/Tricia_Lange/player.cpp
1633360391|episode_36|A|episode_36/Slippy/player.cpp
1633360391|episode_36|A|episode_36/Robot_Snake/player.cpp
1633360391|episode_36|A|episode_36/Snake_Hitler/player.cpp
1633360391|episode_36|A|episode_36/Snake_Lincoln/player.cpp
1633360391|episode_36|A|episode_36/Snake_Resistance_Robot/player.cpp
1633360391|episode_36|A|episode_36/Snake_Linguist/player.cpp
1633360391|episode_36|A|episode_36/Snake_Terminator/player.cpp
1633360391|episode_36|A|episode_36/Snake_Soldier/player.cpp
1633360391|episode_36|A|episode_36/Snake_with_Legs/player.cpp
1633360391|episode_36|A|episode_36/Secret_Service_Snake/player.cpp
1633360391|episode_36|A|episode_36/Anchosnake/player.cpp
1633360391|episode_36|A|episode_36/Anchosnake/player.cpp
1633360391|episode_36|A|episode_36/80's_snake/player.cpp
1633360391|episode_36|A|episode_36/Bar_Customer/player.cpp
1633360391|episode_36|A|episode_36/Bartender/player.cpp
1633360391|episode_36|A|episode_36/PC_Basketball_Player/player.cpp
1633360391|episode_36|A|episode_36/Cavesnake/player.cpp
1633360391|episode_36|A|episode_36/Pet_Shop_Employee/player.cpp
1633360391|episode_36|A|episode_36/Snake_Reporter/player.cpp
1633360391|episode_36|A|episode_36/High_Pilot/player.cpp
1633360391|episode_36|A|episode_36/High_Pilot/player.cpp
1633360391|episode_37|A|episode_37/Rick_Sanchez/player.cpp
1633360391|episode_37|A|episode_37/Morty_Smith/player.cpp
1633360391|episode_37|A|episode_37/Tickets_Please_Guy/player.cpp
1633360391|episode_37|A|episode_37/Floaty_Bloody_Man/player.cpp
1633360391|episode_37|A|episode_37/Floaty_Non-Gasm_Brotherhood_Member/player.cpp
1633360391|episode_37|A|episode_37/Floaty_Non-Gasm_Brotherhood_Member_Friend/player.cpp
1633360391|episode_37|A|episode_37/Abradolf_Lincler/player.cpp
1633360391|episode_37|A|episode_37/Biblesaurus/player.cpp
1633360391|episode_37|A|episode_37/Birdperson/player.cpp
1633360391|episode_37|A|episode_37/Cats_Fan/player.cpp
1633360391|episode_37|A|episode_37/Christmas_Storyteller/player.cpp
1633360391|episode_37|A|episode_37/Cookies_Guy/player.cpp
1633360391|episode_37|A|episode_37/Crossy/player.cpp
1633360391|episode_37|A|episode_37/Female_Scorpion/player.cpp
1633360391|episode_37|A|episode_37/Floaty_Bloody_Man’s_Daughter/player.cpp
1633360391|episode_37|A|episode_37/Goomby/player.cpp
1633360391|episode_37|A|episode_37/Hairspray_Fan/player.cpp
1633360391|episode_37|A|episode_37/Jesus_Christ/player.cpp
1633360391|episode_37|A|episode_37/Josh/player.cpp
1633360391|episode_37|A|episode_37/Josh's_Sister/player.cpp
1633360391|episode_37|A|episode_37/Leah/player.cpp
1633360391|episode_37|A|episode_37/Marcus/player.cpp
1633360391|episode_37|A|episode_37/Mike_Johnson/player.cpp
1633360391|episode_37|A|episode_37/Mr._Celery_&_Friends/player.cpp
1633360391|episode_37|A|episode_37/Musical_Fan/player.cpp
1633360391|episode_37|A|episode_37/Phantom_of_the_Opera_Fan/player.cpp
1633360391|episode_37|A|episode_37/Phoenixperson/player.cpp
1633360391|episode_37|A|episode_37/Private_Smith/player.cpp
1633360391|episode_37|A|episode_37/Professor_Sanchez/player.cpp
1633360391|episode_37|A|episode_37/Ramamama_Lord/player.cpp
1633360391|episode_37|A|episode_37/Ruth_Bader_Ginsburg/player.cpp
1633360391|episode_37|A|episode_37/Sarge/player.cpp
1633360391|episode_37|A|episode_37/Shrek_The_Musical_Fan/player.cpp
1633360391|episode_37|A|episode_37/Snuffles/player.cpp
1633360391|episode_37|A|episode_37/Storylord/player.cpp
1633360391|episode_37|A|episode_37/Tammy_Guetermann/player.cpp
1633360391|episode_37|A|episode_37/The_Concept_of_Time/player.cpp
1633360391|episode_37|A|episode_37/Beth_Smith/player.cpp
1633360391|episode_37|A|episode_37/Summer_Smith/player.cpp
1633360391|episode_37|A|episode_37/Morty_Smith/player.cpp
1633360391|episode_37|A|episode_37/Rick_Sanchez/player.cpp
1633360391|episode_37|A|episode_37/Train_Cop/player.cpp
1633360391|episode_37|A|episode_37/Train_Cops/player.cpp
1633360391|episode_37|A|episode_37/Train_Cops_Instructor/player.cpp
1633360391|episode_37|A|episode_37/Darth_Poopybutthole/player.cpp
1633360391|episode_37|A|episode_37/Evil_Morty/player.cpp
1633360391|episode_37|A|episode_37/Morty’s_Disguise/player.cpp
1633360391|episode_37|A|episode_37/Rick’s_Disguise/player.cpp
1633360391|episode_37|A|episode_37/Uncle_Nibbles/player.cpp
1633360391|episode_38|A|episode_38/Rick_Sanchez/player.cpp
1633360391|episode_38|A|episode_38/Morty_Smith/player.cpp
1633360391|episode_38|A|episode_38/Summer_Smith/player.cpp
1633360391|episode_38|A|episode_38/Beth_Smith/player.cpp
1633360391|episode_38|A|episode_38/Jerry_Smith/player.cpp
1633360391|episode_38|A|episode_38/Tricia_Lange/player.cpp
1633360391|episode_38|A|episode_38/Angry_Glorzo/player.cpp
1633360391|episode_38|A|episode_38/Bruce/player.cpp
1633360391|episode_38|A|episode_38/Council_of_Glorzos_Member/player.cpp
1633360391|episode_38|A|episode_38/Council_of_Glorzos_Member/player.cpp
1633360391|episode_38|A|episode_38/Old_Glorzo/player.cpp
1633360391|episode_38|A|episode_38/Shane/player.cpp
1633360391|episode_38|A|episode_38/Steve/player.cpp
1633360391|episode_38|A|episode_38/Troy/player.cpp
1633360391|episode_39|A|episode_39/Rick_Sanchez/player.cpp
1633360391|episode_39|A|episode_39/Morty_Smith/player.cpp
1633360391|episode_39|A|episode_39/Summer_Smith/player.cpp
1633360391|episode_39|A|episode_39/Beth_Smith/player.cpp
1633360391|episode_39|A|episode_39/Jerry_Smith/player.cpp
1633360391|episode_39|A|episode_39/Jessica/player.cpp
1633360391|episode_39|A|episode_39/Mr._Goldenfold/player.cpp
1633360391|episode_39|A|episode_39/Crystal_Dealers_Boss/player.cpp
1633360391|episode_39|A|episode_39/Crystal_Dealer/player.cpp
1633360391|episode_39|A|episode_39/Crystal_Dealer/player.cpp
1633360391|episode_39|A|episode_39/Crystal_Dealer/player.cpp
1633360391|episode_39|A|episode_39/SWAT_Officer/player.cpp
1633360391|episode_39|A|episode_39/Plane_Crash_Survivor/player.cpp
1633360391|episode_39|A|episode_39/Plane_Crash_Survivor/player.cpp
1633360391|episode_39|A|episode_39/Heroine_Keith/player.cpp
1633360391|episode_39|A|episode_39/Impervious_to_Acid_SWAT_Officer/player.cpp
1633360391|episode_39|A|episode_39/Johnny_Carson/player.cpp
1633360391|episode_39|A|episode_39/Sonia_Sotomayor/player.cpp
1633360391|episode_39|A|episode_39/Morty’s_Father-in-law/player.cpp
1633360391|episode_39|A|episode_39/Morty’s_Mother-in-law/player.cpp
1633360391|episode_39|A|episode_39/Morty’s_Girlfriend/player.cpp
1633360391|episode_40|A|episode_40/Rick_Sanchez/player.cpp
1633360391|episode_40|A|episode_40/Morty_Smith/player.cpp
1633360391|episode_40|A|episode_40/Summer_Smith/player.cpp
1633360391|episode_40|A|episode_40/Beth_Smith/player.cpp
1633360391|episode_40|A|episode_40/Jerry_Smith/player.cpp
1633360391|episode_40|A|episode_40/Gaia/player.cpp
1633360391|episode_40|A|episode_40/Reggie/player.cpp
1633360391|episode_40|A|episode_40/Ticktock/player.cpp
1633360391|episode_40|A|episode_40/Florflock/player.cpp
1633360391|episode_40|A|episode_40/Squeeb/player.cpp
1633360391|episode_41|A|episode_41/Rick_Sanchez/player.cpp
1633360391|episode_41|A|episode_41/Morty_Smith/player.cpp
1633360391|episode_41|A|episode_41/Summer_Smith/player.cpp
1633360391|episode_41|A|episode_41/Beth_Smith/player.cpp
1633360391|episode_41|A|episode_41/Jerry_Smith/player.cpp
1633360391|episode_41|A|episode_41/Dr._Wong/player.cpp
1633360391|episode_41|A|episode_41/Tammy_Guetermann/player.cpp
1633360391|episode_41|A|episode_41/Phoenixperson/player.cpp
1633360391|episode_41|A|episode_41/Defiance_Beth/player.cpp
1633360391|episode_41|A|episode_41/Defiance_Squanchette/player.cpp
1633360391|episode_41|A|episode_41/Defiance_Doctor/player.cpp
1633360391|episode_41|A|episode_41/New_Improved_Galactic_Federation_Guard/player.cpp
1633360391|episode_41|A|episode_41/New_Improved_Galactic_Federation_Guard/player.cpp
1633360391|episode_42|A|episode_42/Rick_Sanchez/player.cpp
1633360391|episode_42|A|episode_42/Morty_Smith/player.cpp
1633360391|episode_42|A|episode_42/Summer_Smith/player.cpp
1633360391|episode_42|A|episode_42/Beth_Smith/player.cpp
1633360391|episode_42|A|episode_42/Jerry_Smith/player.cpp
1633360391|episode_42|A|episode_42/Jessica/player.cpp
1633360391|episode_42|A|episode_42/Mr._Nimbus/player.cpp
1633360391|episode_42|A|episode_42/Hoovy/player.cpp
1633360391|episode_42|A|episode_42/Bova/player.cpp
1633360391|episode_42|A|episode_42/Japheth/player.cpp
1633360391|episode_42|A|episode_42/Japheth's_Middle_Son/player.cpp
1633360391|episode_42|A|episode_42/Japheth's_Eldest_Son/player.cpp
1633360391|episode_42|A|episode_42/Japheth's_Youngest_Son/player.cpp
1633360391|episode_42|A|episode_42/Japheth's_Grandson/player.cpp
1633360391|episode_42|A|episode_42/Adam/player.cpp
1633360391|episode_42|A|episode_42/Adam's_Mother/player.cpp
1633360391|episode_42|A|episode_42/Warlock/player.cpp
1633360391|episode_42|A|episode_42/Evolved_Narnian/player.cpp
1633360391|episode_42|A|episode_42/Mr._Nimbus_Secretary/player.cpp
1633360391|episode_42|A|episode_42/Evolved_Narnian_Disguised_as_Morty/player.cpp
1633360391|episode_42|A|episode_42/Mr._Nimbus'_Squid/player.cpp
1633360391|episode_43|A|episode_43/Rick_Sanchez/player.cpp
1633360391|episode_43|A|episode_43/Morty_Smith/player.cpp
1633360391|episode_43|A|episode_43/Summer_Smith/player.cpp
1633360391|episode_43|A|episode_43/Beth_Smith/player.cpp
1633360391|episode_43|A|episode_43/Jerry_Smith/player.cpp
1633360391|episode_43|A|episode_43/President_Curtis/player.cpp
1633360391|episode_43|A|episode_43/Defiance_Beth/player.cpp
1633360391|episode_43|A|episode_43/Scarecrow_Rick/player.cpp
1633360391|episode_43|A|episode_43/Scarecrow_Summer/player.cpp
1633360391|episode_43|A|episode_43/Scarecrow_Jerry/player.cpp
1633360391|episode_43|A|episode_43/Scarecrow_Morty/player.cpp
1633360391|episode_43|A|episode_43/Scarecrow_Beth/player.cpp
1633360391|episode_43|A|episode_43/Glockenspiel_Jerry/player.cpp
1633360391|episode_43|A|episode_43/Glockenspiel_Beth/player.cpp
1633360391|episode_43|A|episode_43/Glockenspiel_Rick/player.cpp
1633360391|episode_43|A|episode_43/Glockenspiel_Summer/player.cpp
1633360391|episode_43|A|episode_43/Glockenspiel_Morty/player.cpp
1633360391|episode_43|A|episode_43/Wicker_Beth/player.cpp
1633360391|episode_43|A|episode_43/Wicker_Rick/player.cpp
1633360391|episode_43|A|episode_43/Wicker_Morty/player.cpp
1633360391|episode_43|A|episode_43/Wicker_Summer/player.cpp
1633360391|episode_43|A|episode_43/Metal_Rick/player.cpp
1633360391|episode_43|A|episode_43/Gun_Brain_Rick/player.cpp
1633360391|episode_43|A|episode_43/Mr._Always_Wants_to_be_Hunted/player.cpp
1633360391|episode_43|A|episode_43/Squid_Costume_Beth/player.cpp
1633360391|episode_43|A|episode_43/Squid_Costume_Jerry/player.cpp
1633360391|episode_43|A|episode_43/Squid_Costume_Morty/player.cpp
1633360391|episode_43|A|episode_43/Squid_Costume_Rick/player.cpp
1633360391|episode_43|A|episode_43/Squid_Costume_Summer/player.cpp
1633360391|episode_43|A|episode_43/Dracula/player.cpp
1633360391|episode_43|A|episode_43/Steve/player.cpp
1633360391|episode_43|A|episode_43/When_Wolf/player.cpp
1633360391|episode_43|A|episode_43/Too_Cute_to_Murder_Beth/player.cpp
1633360391|episode_43|A|episode_43/Too_Cute_to_Murder_Rick/player.cpp
1633360391|episode_43|A|episode_43/Too_Cute_to_Murder_Jerry/player.cpp
1633360391|episode_43|A|episode_43/Too_Cute_to_Murder_Morty/player.cpp
1633360391|episode_43|A|episode_43/Too_Cute_to_Murder_Summer/player.cpp
1633360391|episode_44|A|episode_44/Rick_Sanchez/player.cpp
1633360391|episode_44|A|episode_44/Morty_Smith/player.cpp
1633360391|episode_44|A|episode_44/Summer_Smith/player.cpp
1633360391|episode_44|A|episode_44/Beth_Smith/player.cpp
1633360391|episode_44|A|episode_44/Jerry_Smith/player.cpp
1633360391|episode_44|A|episode_44/Planetina/player.cpp
1633360391|episode_44|A|episode_44/Daphne/player.cpp
1633360391|episode_44|A|episode_44/Diesel_Weasel/player.cpp
1633360391|episode_44|A|episode_44/Eddie/player.cpp
1633360391|episode_44|A|episode_44/Xing_Ho/player.cpp
1633360391|episode_44|A|episode_44/Air_Tina-Teer/player.cpp
1633360391|episode_44|A|episode_44/Water_Tina-Teer/player.cpp
1633360391|episode_44|A|episode_44/Planetina_Buyer/player.cpp
1633360391|episode_44|A|episode_44/Tony_Galopagus/player.cpp
1633360391|episode_44|A|episode_44/Slartivartian/player.cpp
1633360391|episode_44|A|episode_44/Ferkusian/player.cpp
1633360391|episode_44|A|episode_44/Morglutzian/player.cpp
1633360391|episode_45|A|episode_45/Rick_Sanchez/player.cpp
1633360391|episode_45|A|episode_45/Morty_Smith/player.cpp
1633360391|episode_45|A|episode_45/Summer_Smith/player.cpp
1633360391|episode_45|A|episode_45/Beth_Smith/player.cpp
1633360391|episode_45|A|episode_45/Jerry_Smith/player.cpp
1633360391|episode_45|A|episode_45/President_Curtis/player.cpp
1633360391|episode_45|A|episode_45/Sticky/player.cpp
1633360391|episode_45|A|episode_45/Professor_Shabooboo/player.cpp
1633360391|episode_45|A|episode_45/Sperm_Queen/player.cpp
1633360391|episode_45|A|episode_45/CHUD_King/player.cpp
1633360391|episode_45|A|episode_45/Princess_Ponietta/player.cpp
1633360391|episode_45|A|episode_45/Naruto_Smith/player.cpp
1633360391|episode_45|A|episode_45/Blazen/player.cpp
1633360391|episode_45|A|episode_45/Kathy_Ireland/player.cpp
1633360391|episode_45|A|episode_45/Amazing_Johnathan/player.cpp
1633360391|episode_45|A|episode_45/Foal_Sanchez/player.cpp
1633360391|episode_45|A|episode_45/Spaceman/player.cpp
1633360391|episode_45|A|episode_45/Cirque_du_Soleil_Zumanity_Member/player.cpp
1633360391|episode_45|A|episode_45/Cirque_du_Soleil_Zumanity_Member/player.cpp
1633360391|episode_45|A|episode_45/Cirque_du_Soleil_Zumanity_Member/player.cpp
1633360391|episode_45|A|episode_45/Cirque_du_Soleil_Zumanity_Member/player.cpp
1633360391|episode_45|A|episode_45/Cirque_du_Soleil_Zumanity_Member/player.cpp
1633360391|episode_45|A|episode_45/President's_General/player.cpp
1633360391|episode_46|A|episode_46/Rick_Sanchez/player.cpp
1633360391|episode_46|A|episode_46/Morty_Smith/player.cpp
1633360391|episode_46|A|episode_46/Summer_Smith/player.cpp
1633360391|episode_46|A|episode_46/Beth_Smith/player.cpp
1633360391|episode_46|A|episode_46/Jerry_Smith/player.cpp
1633360391|episode_46|A|episode_46/Brad/player.cpp
1633360391|episode_46|A|episode_46/Tricia_Lange/player.cpp
1633360391|episode_46|A|episode_46/Bruce_Chutback/player.cpp
1633360391|episode_46|A|episode_46/Alyson_Hannigan/player.cpp
1633360391|episode_46|A|episode_46/Cenobite/player.cpp
1633360391|episode_46|A|episode_46/Cenobite/player.cpp
1633360391|episode_46|A|episode_46/Cenobite/player.cpp
1633360391|episode_46|A|episode_46/Cenobite/player.cpp
1633360391|episode_46|A|episode_46/Cenobite/player.cpp
1633360391|episode_46|A|episode_46/Coat_Rack_Head/player.cpp
1633360391|episode_46|A|episode_46/Mousetrap_Nipples/player.cpp
1633360391|episode_46|A|episode_46/Changeformer/player.cpp
1633360391|episode_46|A|episode_46/Changeformer/player.cpp
1633360391|episode_47|A|episode_47/Rick_Sanchez/player.cpp
1633360391|episode_47|A|episode_47/Morty_Smith/player.cpp
1633360391|episode_47|A|episode_47/Summer_Smith/player.cpp
1633360391|episode_47|A|episode_47/Beth_Smith/player.cpp
1633360391|episode_47|A|episode_47/Jerry_Smith/player.cpp
1633360391|episode_47|A|episode_47/President_Curtis/player.cpp
1633360391|episode_47|A|episode_47/Space_Cruiser/player.cpp
1633360391|episode_47|A|episode_47/Coop/player.cpp
1633360391|episode_47|A|episode_47/Dwayne/player.cpp
1633360391|episode_47|A|episode_47/Franklin_D._Roosevelt/player.cpp
1633360391|episode_47|A|episode_47/President's_General/player.cpp
1633360391|episode_47|A|episode_47/Giant_Assassin_Hidden_in_the_Statue_of_Liberty/player.cpp
1633360391|episode_47|A|episode_47/Turkey_Morty/player.cpp
1633360391|episode_47|A|episode_47/Turkey_Rick/player.cpp
1633360391|episode_47|A|episode_47/Turkey_President_Curtis/player.cpp
1633360391|episode_47|A|episode_47/Martínez/player.cpp
1633360391|episode_47|A|episode_47/Marvin/player.cpp
1633360391|episode_47|A|episode_47/Jackey/player.cpp
1633360391|episode_47|A|episode_47/Native_Alien/player.cpp
1633360391|episode_47|A|episode_47/Pilgrim_Alien/player.cpp
1633360391|episode_47|A|episode_47/President_Turkey/player.cpp
1633360391|episode_47|A|episode_47/Mary-Lou/player.cpp
1633360391|episode_47|A|episode_47/Super_Turkey/player.cpp
1633360391|episode_48|A|episode_48/Rick_Sanchez/player.cpp
1633360391|episode_48|A|episode_48/Morty_Smith/player.cpp
1633360391|episode_48|A|episode_48/Summer_Smith/player.cpp
1633360391|episode_48|A|episode_48/Beth_Smith/player.cpp
1633360391|episode_48|A|episode_48/Jerry_Smith/player.cpp
1633360391|episode_48|A|episode_48/Lil_B/player.cpp
1633360391|episode_48|A|episode_48/Naruto_Smith/player.cpp
1633360391|episode_48|A|episode_48/Big_Fat_rick/player.cpp
1633360391|episode_48|A|episode_48/Hothead_Rick/player.cpp
1633360391|episode_48|A|episode_48/Ricardo_Montoya/player.cpp
1633360391|episode_48|A|episode_48/Wrap-it-up_Little_Rick/player.cpp
1633360391|episode_48|A|episode_48/Yo-yo_Rick/player.cpp
1633360391|episode_48|A|episode_48/Voiceoverian/player.cpp
1633360391|episode_48|A|episode_48/Voiceoverian/player.cpp
1633360391|episode_48|A|episode_48/Gotron_Pilot/player.cpp
1633360391|episode_48|A|episode_48/Gotron_Pilot/player.cpp
1633360391|episode_48|A|episode_48/Gotron_Pilot/player.cpp
1633360391|episode_48|A|episode_48/Samansky/player.cpp
1633360391|episode_48|A|episode_48/Palicki/player.cpp
1633360391|episode_48|A|episode_48/Sarge/player.cpp
1633360391|episode_48|A|episode_48/Gotron/player.cpp
1633360391|episode_49|A|episode_49/Rick_Sanchez/player.cpp
1633360391|episode_49|A|episode_49/Morty_Smith/player.cpp
1633360391|episode_49|A|episode_49/Summer_Smith/player.cpp
1633360391|episode_49|A|episode_49/Beth_Smith/player.cpp
1633360391|episode_49|A|episode_49/Jerry_Smith/player.cpp
1633360391|episode_49|A|episode_49/Birdperson/player.cpp
1633360391|episode_49|A|episode_49/Gene/player.cpp
1633360391|episode_49|A|episode_49/Phoenixperson/player.cpp
1633360391|episode_49|A|episode_49/Young_Memory_Rick/player.cpp
1633360391|episode_49|A|episode_49/Memory_Tammy/player.cpp
1633360391|episode_49|A|episode_49/Rick's_Garage/player.cpp
1633360391|episode_49|A|episode_49/Memory_Squanchy/player.cpp
1633360391|episode_49|A|episode_49/Memory_Rick/player.cpp
1633360391|episode_49|A|episode_49/Memory_Rick/player.cpp
1633360391|episode_49|A|episode_49/Memory_Geardude/player.cpp
1633360391|episode_49|A|episode_49/Birdperson_&_Tammy's_Child/player.cpp
1633360391|episode_50|A|episode_50/Rick_Sanchez/player.cpp
1633360391|episode_50|A|episode_50/Morty_Smith/player.cpp
1633360391|episode_50|A|episode_50/Jerry_Smith/player.cpp
1633360391|episode_50|A|episode_50/Two_Crows/player.cpp
1633360391|episode_50|A|episode_50/Mr._Cookie_President/player.cpp
1633360391|episode_50|A|episode_50/Nick/player.cpp
1633360391|episode_50|A|episode_50/Harold_(Garbage_Goober)/player.cpp
1633360391|episode_50|A|episode_50/Harold's_Wife/player.cpp
1633360391|episode_50|A|episode_50/Alien_Crow/player.cpp
1633360391|episode_50|A|episode_50/Alien_Crow/player.cpp
1633360391|episode_51|A|episode_51/Rick_Sanchez/player.cpp
1633360391|episode_51|A|episode_51/Morty_Smith/player.cpp
1633360391|episode_51|A|episode_51/Summer_Smith/player.cpp
1633360391|episode_51|A|episode_51/Beth_Smith/player.cpp
1633360391|episode_51|A|episode_51/Jerry_Smith/player.cpp
1633360391|episode_51|A|episode_51/Beth_Smith/player.cpp
1633360391|episode_51|A|episode_51/Birdperson/player.cpp
1633360391|episode_51|A|episode_51/Diane_Sanchez/player.cpp
1633360391|episode_51|A|episode_51/Evil_Morty/player.cpp
1633360391|episode_51|A|episode_51/Maximums_Rickimus/player.cpp
1633360391|episode_51|A|episode_51/Mr._Poopybutthole/player.cpp
1633360391|episode_51|A|episode_51/Quantum_Rick/player.cpp
1633360391|episode_51|A|episode_51/Rick_Prime/player.cpp
1633360391|episode_51|A|episode_51/Ricktiminus_Sancheziminius/player.cpp
1633360391|episode_51|A|episode_51/Unknown_Rick/player.cpp
1633360391|episode_51|A|episode_51/Zeta_Alpha_Rick/player.cpp
1633360391|episode_51|A|episode_51/Bearded_Morty/player.cpp
1633360391|episode_51|A|episode_51/Two_Crows/player.cpp
1633360391|episode_51|A|episode_51/7+7_Years_Old_Morty/player.cpp
1633360391|episode_51|A|episode_51/26_Years_Old_Morty/player.cpp
1633360391|episode_51|A|episode_51/40_Years_Old_Morty/player.cpp
1633360391|episode_51|A|episode_51/Andy/player.cpp
1633360391|episode_51|A|episode_51/Baby_Mouse_Skin_Morty/player.cpp
1633360391|episode_51|A|episode_51/Metaphor_for_Capitalism/player.cpp
1633360391|episode_51|A|episode_51/Beth_Sanchez/player.cpp
1633360391|episode_51|A|episode_51/Crow_Scare/player.cpp
1633360391|episode_51|A|episode_51/Pussifer/player.cpp
1633360391|episode_51|A|episode_51/Stan_Lee_Rick/player.cpp
1633360391|episode_51|A|episode_51/Re-Build-a-Morty_Morty/player.cpp
1633360391|episode_51|A|episode_51/Deformed_Morty/player.cpp
1633360391|episode_51|A|episode_51/Crow_Horse/player.cpp
1633360391|episode_51|A|episode_51/Bald_Rick/player.cpp
1633360391|episode_51|A|episode_51/Punk_Rick/player.cpp
1633360391|episode_51|A|episode_51/Party_Rick/player.cpp
1633360391|episode_51|A|episode_51/Scar_Rick/player.cpp
1633360391|episode_51|A|episode_51/Long_Hair_Rick/player.cpp
1633360391|episode_51|A|episode_51/Redhead_Rick/player.cpp
1633360391|episode_51|A|episode_51/Redhead_Morty/player.cpp
1633360391|episode_51|A|episode_51/Young_Jerry/player.cpp
1633360391|episode_51|A|episode_51/Young_Beth/player.cpp
1633360391|episode_51|A|episode_51/Young_Beth/player.cpp
1633360391|episode_51|A|episode_51/Young_Jerry/player.cpp
