1638271601|sentiment|A|Anatomy Park/
1636716401|sentiment|A|Anatomy Park/Rick.txt|0000CF
1636716401|sentiment|A|Anatomy Park/Morty.txt|920000
1636716401|sentiment|A|Anatomy Park/Jerry.txt|0000F5
1636716401|sentiment|A|Anatomy Park/Annie.txt|0000CC
1636716401|sentiment|A|Anatomy Park/Dr. Bloom.txt|000000
1636802801|sentiment|A|Anatomy Park/Anatomy Park/
1636802801|sentiment|A|Anatomy Park/Anatomy Park/Rick.txt|0000FD
1636802801|sentiment|A|Anatomy Park/Anatomy Park/Summer.txt|0000FD
1636802801|sentiment|A|Anatomy Park/Anatomy Park/Morty.txt|0000AB
1636802801|sentiment|A|Anatomy Park/Anatomy Park/Beth.txt|0000E1
1636802801|sentiment|A|Anatomy Park/Anatomy Park/Jerry.txt|0000A8
1636889201|sentiment|A|Anatomy Park/Anatomy Park/Anatomy Park/
1636889201|sentiment|A|Anatomy Park/Anatomy Park/Anatomy Park/Rick.txt|0000FB
1636889201|sentiment|A|Anatomy Park/Anatomy Park/Anatomy Park/Jerry.txt|0000FD
1636889201|sentiment|A|Anatomy Park/Anatomy Park/Anatomy Park/Alien Doctor.txt|0000FC
1636889201|sentiment|A|Anatomy Park/Anatomy Park/Anatomy Park/Beth.txt|8B0000
1636889201|sentiment|A|Anatomy Park/Anatomy Park/Anatomy Park/Morty.txt|0000F0
1636975601|sentiment|A|Lawnmower Dog/
1636975601|sentiment|A|Lawnmower Dog/Rick.txt|0000FD
1636975601|sentiment|A|Lawnmower Dog/Morty.txt|000087
1636975601|sentiment|A|Lawnmower Dog/Jerry.txt|F10000
1636975601|sentiment|A|Lawnmower Dog/Summer.txt|0000FB
1636975601|sentiment|A|Lawnmower Dog/Scary Terry.txt|F50000
1637062001|sentiment|A|Lawnmower Dog/Anatomy Park/
1637062001|sentiment|A|Lawnmower Dog/Anatomy Park/Rick.txt|0000FE
1637062001|sentiment|A|Lawnmower Dog/Anatomy Park/Morty.txt|0000E8
1637062001|sentiment|A|Lawnmower Dog/Anatomy Park/Jerry.txt|0000FB
1637062001|sentiment|A|Lawnmower Dog/Anatomy Park/Prince Nebulon.txt|0000FC
1637062001|sentiment|A|Lawnmower Dog/Anatomy Park/Mr. Marklevitz.txt|0000F4
1637148401|sentiment|A|Lawnmower Dog/Anatomy Park/Auto Erotic Assimilation/
1637148401|sentiment|A|Lawnmower Dog/Anatomy Park/Auto Erotic Assimilation/Rick.txt|0000FC
1637148401|sentiment|A|Lawnmower Dog/Anatomy Park/Auto Erotic Assimilation/Morty.txt|0000FE
1637148401|sentiment|A|Lawnmower Dog/Anatomy Park/Auto Erotic Assimilation/Jerry.txt|C00000
1637148401|sentiment|A|Lawnmower Dog/Anatomy Park/Auto Erotic Assimilation/Beth.txt|0000F6
1637148401|sentiment|A|Lawnmower Dog/Anatomy Park/Auto Erotic Assimilation/Meeseeks.txt|F40000
1637234801|sentiment|A|Mortynight Run/
1637234801|sentiment|A|Mortynight Run/Rick.txt|0000DE
1637234801|sentiment|A|Mortynight Run/Morty.txt|FC0000
1637234801|sentiment|A|Mortynight Run/Jerry.txt|0000F3
1637234801|sentiment|A|Mortynight Run/Fart.txt|0000EB
1637234801|sentiment|A|Mortynight Run/Announcer.txt|0000CD
1637321201|sentiment|A|Mortynight Run/Gotron Jerrysis Rickvangelion/
1637321201|sentiment|A|Mortynight Run/Gotron Jerrysis Rickvangelion/Rick.txt|0000FD
1637321201|sentiment|A|Mortynight Run/Gotron Jerrysis Rickvangelion/Summer.txt|0000FD
1637321201|sentiment|A|Mortynight Run/Gotron Jerrysis Rickvangelion/Morty.txt|0000CC
1637321201|sentiment|A|Mortynight Run/Gotron Jerrysis Rickvangelion/Beth.txt|0000E1
1637321201|sentiment|A|Mortynight Run/Gotron Jerrysis Rickvangelion/Jerry.txt|0000A8
1637407601|sentiment|A|Mortynight Run/Gotron Jerrysis Rickvangelion/Gotron Jerrysis Rickvangelion/
1637407601|sentiment|A|Mortynight Run/Gotron Jerrysis Rickvangelion/Gotron Jerrysis Rickvangelion/Rick.txt|0000FC
1637407601|sentiment|A|Mortynight Run/Gotron Jerrysis Rickvangelion/Gotron Jerrysis Rickvangelion/Morty.txt|0000FE
1637407601|sentiment|A|Mortynight Run/Gotron Jerrysis Rickvangelion/Gotron Jerrysis Rickvangelion/Jerry.txt|C00000
1637407601|sentiment|A|Mortynight Run/Gotron Jerrysis Rickvangelion/Gotron Jerrysis Rickvangelion/Beth.txt|0000F6
1637407601|sentiment|A|Mortynight Run/Gotron Jerrysis Rickvangelion/Gotron Jerrysis Rickvangelion/Meeseeks.txt|F40000
1637494001|sentiment|A|Pickle Rick/
1637494001|sentiment|A|Pickle Rick/Pickle Rick.txt|0000FC
1637494001|sentiment|A|Pickle Rick/Beth.txt|0000EC
1637494001|sentiment|A|Pickle Rick/Morty.txt|0000DE
1637494001|sentiment|A|Pickle Rick/Dr. Wong.txt|0000FB
1637494001|sentiment|A|Pickle Rick/Agency Director.txt|C60000
1637580401|sentiment|A|Pickle Rick/Gotron Jerrysis Rickvangelion/
1637580401|sentiment|A|Pickle Rick/Gotron Jerrysis Rickvangelion/Rick.txt|0000FE
1637580401|sentiment|A|Pickle Rick/Gotron Jerrysis Rickvangelion/Morty.txt|0000FE
1637580401|sentiment|A|Pickle Rick/Gotron Jerrysis Rickvangelion/Jerry.txt|0000F5
1637580401|sentiment|A|Pickle Rick/Gotron Jerrysis Rickvangelion/Beth.txt|0000DB
1637580401|sentiment|A|Pickle Rick/Gotron Jerrysis Rickvangelion/Mr. Goldenfold.txt|00009B
1637666801|sentiment|A|Pickle Rick/Gotron Jerrysis Rickvangelion/Interdimensional Cable 2: Tempting Fate/
1637666801|sentiment|A|Pickle Rick/Gotron Jerrysis Rickvangelion/Interdimensional Cable 2: Tempting Fate/Rick.txt|0000FA
1637666801|sentiment|A|Pickle Rick/Gotron Jerrysis Rickvangelion/Interdimensional Cable 2: Tempting Fate/Morty.txt|0000FC
1637666801|sentiment|A|Pickle Rick/Gotron Jerrysis Rickvangelion/Interdimensional Cable 2: Tempting Fate/President Morty.txt|0000D6
1637666801|sentiment|A|Pickle Rick/Gotron Jerrysis Rickvangelion/Interdimensional Cable 2: Tempting Fate/Crowscare.txt|0000F0
1637666801|sentiment|A|Pickle Rick/Gotron Jerrysis Rickvangelion/Interdimensional Cable 2: Tempting Fate/Mr. Poopybutthole.txt|0000FC
1637753201|sentiment|A|Rick & Morty's Thanksploitation Spectacular/
1637753201|sentiment|A|Rick & Morty's Thanksploitation Spectacular/Rick.txt|FB0000
1637753201|sentiment|A|Rick & Morty's Thanksploitation Spectacular/Morty.txt|FA0000
1637753201|sentiment|A|Rick & Morty's Thanksploitation Spectacular/Summer.txt|F80000
1637753201|sentiment|A|Rick & Morty's Thanksploitation Spectacular/Cornvelious Daniel.txt|0000FB
1637753201|sentiment|A|Rick & Morty's Thanksploitation Spectacular/Jerry.txt|B40000
1637839601|sentiment|A|Rick & Morty's Thanksploitation Spectacular/Interdimensional Cable 2: Tempting Fate/
1637839601|sentiment|A|Rick & Morty's Thanksploitation Spectacular/Interdimensional Cable 2: Tempting Fate/Rick.txt|FB0000
1637839601|sentiment|A|Rick & Morty's Thanksploitation Spectacular/Interdimensional Cable 2: Tempting Fate/Morty.txt|FA0000
1637839601|sentiment|A|Rick & Morty's Thanksploitation Spectacular/Interdimensional Cable 2: Tempting Fate/Summer.txt|F80000
1637839601|sentiment|A|Rick & Morty's Thanksploitation Spectacular/Interdimensional Cable 2: Tempting Fate/Cornvelious Daniel.txt|0000FB
1637839601|sentiment|A|Rick & Morty's Thanksploitation Spectacular/Interdimensional Cable 2: Tempting Fate/Jerry.txt|B40000
1637926001|sentiment|A|Rick & Morty's Thanksploitation Spectacular/Interdimensional Cable 2: Tempting Fate/Interdimensional Cable 2: Tempting Fate/
1637926001|sentiment|A|Rick & Morty's Thanksploitation Spectacular/Interdimensional Cable 2: Tempting Fate/Interdimensional Cable 2: Tempting Fate/Rick.txt|0000FC
1637926001|sentiment|A|Rick & Morty's Thanksploitation Spectacular/Interdimensional Cable 2: Tempting Fate/Interdimensional Cable 2: Tempting Fate/Morty.txt|D90000
1637926001|sentiment|A|Rick & Morty's Thanksploitation Spectacular/Interdimensional Cable 2: Tempting Fate/Interdimensional Cable 2: Tempting Fate/Summer.txt|0000EE
1637926001|sentiment|A|Rick & Morty's Thanksploitation Spectacular/Interdimensional Cable 2: Tempting Fate/Interdimensional Cable 2: Tempting Fate/Hemorrhage.txt|DF0000
1637926001|sentiment|A|Rick & Morty's Thanksploitation Spectacular/Interdimensional Cable 2: Tempting Fate/Interdimensional Cable 2: Tempting Fate/Beth.txt|00007F
1638012401|sentiment|A|Rickmurai Jack/
1638012401|sentiment|A|Rickmurai Jack/Rick.txt|0000FA
1638012401|sentiment|A|Rickmurai Jack/Morty.txt|0000FC
1638012401|sentiment|A|Rickmurai Jack/President Morty.txt|0000D6
1638012401|sentiment|A|Rickmurai Jack/Crowscare.txt|0000F0
1638012401|sentiment|A|Rickmurai Jack/Mr. Poopybutthole.txt|0000FC
1638098801|sentiment|A|Rickmurai Jack/Lawnmower Dog/
1638098801|sentiment|A|Rickmurai Jack/Lawnmower Dog/Rick.txt|0000FE
1638098801|sentiment|A|Rickmurai Jack/Lawnmower Dog/Morty.txt|0000F4
1638098801|sentiment|A|Rickmurai Jack/Lawnmower Dog/Summer.txt|0000FC
1638098801|sentiment|A|Rickmurai Jack/Lawnmower Dog/Jerry.txt|0000F8
1638098801|sentiment|A|Rickmurai Jack/Lawnmower Dog/Lucy.txt|0000FA
1638185201|sentiment|A|Rickmurai Jack/Lawnmower Dog/Lawnmower Dog/
1638185201|sentiment|A|Rickmurai Jack/Lawnmower Dog/Lawnmower Dog/Jerry.txt|0000FA
1638185201|sentiment|A|Rickmurai Jack/Lawnmower Dog/Lawnmower Dog/Rick.txt|0000FD
1638185201|sentiment|A|Rickmurai Jack/Lawnmower Dog/Lawnmower Dog/Morty.txt|0000FC
1638185201|sentiment|A|Rickmurai Jack/Lawnmower Dog/Lawnmower Dog/Beth.txt|0000FC
1638185201|sentiment|A|Rickmurai Jack/Lawnmower Dog/Lawnmower Dog/Summer.txt|0000C1
1638271601|sentiment|A|The Ricks Must Be Crazy/
1638271601|sentiment|A|The Ricks Must Be Crazy/Rick.txt|FD0000
1638271601|sentiment|A|The Ricks Must Be Crazy/Morty.txt|FB0000
1638271601|sentiment|A|The Ricks Must Be Crazy/Zeep.txt|0000FD
1638271601|sentiment|A|The Ricks Must Be Crazy/Summer.txt|E90000
1638271601|sentiment|A|The Ricks Must Be Crazy/Ship.txt|0000FB
1638271601|sentiment|A|The Ricks Must Be Crazy/Lawnmower Dog/
1638271601|sentiment|A|The Ricks Must Be Crazy/Lawnmower Dog/Rick.txt|FB0000
1638271601|sentiment|A|The Ricks Must Be Crazy/Lawnmower Dog/Morty.txt|FA0000
1638271601|sentiment|A|The Ricks Must Be Crazy/Lawnmower Dog/Summer.txt|F80000
1638271601|sentiment|A|The Ricks Must Be Crazy/Lawnmower Dog/Cornvelious Daniel.txt|0000FB
1638271601|sentiment|A|The Ricks Must Be Crazy/Lawnmower Dog/Jerry.txt|B40000
1638271601|sentiment|A|The Ricks Must Be Crazy/Lawnmower Dog/Lawnmower Dog/
1638271601|sentiment|A|The Ricks Must Be Crazy/Lawnmower Dog/Lawnmower Dog/Rick.txt|0000ED
1638271601|sentiment|A|The Ricks Must Be Crazy/Lawnmower Dog/Lawnmower Dog/Beth.txt|0000EE
1638271601|sentiment|A|The Ricks Must Be Crazy/Lawnmower Dog/Lawnmower Dog/Jerry.txt|F50000
1638271601|sentiment|A|The Ricks Must Be Crazy/Lawnmower Dog/Lawnmower Dog/Morty.txt|0000EA
1638271601|sentiment|A|The Ricks Must Be Crazy/Lawnmower Dog/Lawnmower Dog/Squanchy.txt|00007D
1638271601|sentiment|A|Vindicators 3: The Return of Worldender/
1638271601|sentiment|A|Vindicators 3: The Return of Worldender/Rick.txt|0000FD
1638271601|sentiment|A|Vindicators 3: The Return of Worldender/Morty.txt|EA0000
1638271601|sentiment|A|Vindicators 3: The Return of Worldender/Supernova.txt|0000FC
1638271601|sentiment|A|Vindicators 3: The Return of Worldender/Drunk Rick.txt|EF0000
1638271601|sentiment|A|Vindicators 3: The Return of Worldender/Million Ants.txt|710000
