1636111965|sentiment|A|Pilot/
1634297565|sentiment|A|Pilot/Rick|0000FE
1634297565|sentiment|A|Pilot/Morty|0000FE
1634297565|sentiment|A|Pilot/Jerry|0000F5
1634297565|sentiment|A|Pilot/Beth|0000DB
1634297565|sentiment|A|Pilot/Summer|C40000
1634383965|sentiment|A|Pilot/Anatomy Park/
1634383965|sentiment|A|Pilot/Anatomy Park/Rick|0000CF
1634383965|sentiment|A|Pilot/Anatomy Park/Morty|920000
1634383965|sentiment|A|Pilot/Anatomy Park/Jerry|0000F5
1634383965|sentiment|A|Pilot/Anatomy Park/Beth|0000AE
1634383965|sentiment|A|Pilot/Anatomy Park/Summer|7F0000
1634470365|sentiment|A|Pilot/Anatomy Park/M. Night Shaym-Aliens!/
1634470365|sentiment|A|Pilot/Anatomy Park/M. Night Shaym-Aliens!/Rick|0000FE
1634470365|sentiment|A|Pilot/Anatomy Park/M. Night Shaym-Aliens!/Morty|0000E8
1634470365|sentiment|A|Pilot/Anatomy Park/M. Night Shaym-Aliens!/Jerry|0000FB
1634470365|sentiment|A|Pilot/Anatomy Park/M. Night Shaym-Aliens!/Beth|0000B2
1634556765|sentiment|A|Pilot/Anatomy Park/M. Night Shaym-Aliens!/Meeseeks and Destroy/
1634556765|sentiment|A|Pilot/Anatomy Park/M. Night Shaym-Aliens!/Meeseeks and Destroy/Rick|0000FC
1634556765|sentiment|A|Pilot/Anatomy Park/M. Night Shaym-Aliens!/Meeseeks and Destroy/Morty|0000FE
1634556765|sentiment|A|Pilot/Anatomy Park/M. Night Shaym-Aliens!/Meeseeks and Destroy/Jerry|C00000
1634556765|sentiment|A|Pilot/Anatomy Park/M. Night Shaym-Aliens!/Meeseeks and Destroy/Beth|0000F6
1634556765|sentiment|A|Pilot/Anatomy Park/M. Night Shaym-Aliens!/Meeseeks and Destroy/Summer|0000F2
1634643165|sentiment|A|Rixty Minutes/
1634643165|sentiment|A|Rixty Minutes/Jerry|0000FA
1634643165|sentiment|A|Rixty Minutes/Rick|0000FD
1634643165|sentiment|A|Rixty Minutes/Morty|0000FC
1634643165|sentiment|A|Rixty Minutes/Beth|0000FC
1634643165|sentiment|A|Rixty Minutes/Summer|0000C1
1634729565|sentiment|A|Rixty Minutes/Ricksy Business/
1634729565|sentiment|A|Rixty Minutes/Ricksy Business/Rick|0000FE
1634729565|sentiment|A|Rixty Minutes/Ricksy Business/Morty|0000F4
1634729565|sentiment|A|Rixty Minutes/Ricksy Business/Summer|0000FC
1634729565|sentiment|A|Rixty Minutes/Ricksy Business/Jerry|0000F8
1634729565|sentiment|A|Rixty Minutes/Ricksy Business/Beth|5F0000
1634815965|sentiment|A|Rixty Minutes/Ricksy Business/Mortynight Run/
1634815965|sentiment|A|Rixty Minutes/Ricksy Business/Mortynight Run/Rick|0000DE
1634815965|sentiment|A|Rixty Minutes/Ricksy Business/Mortynight Run/Morty|FC0000
1634815965|sentiment|A|Rixty Minutes/Ricksy Business/Mortynight Run/Jerry|0000F3
1634902365|sentiment|A|Rixty Minutes/Ricksy Business/Mortynight Run/Auto Erotic Assimilation/
1634902365|sentiment|A|Rixty Minutes/Ricksy Business/Mortynight Run/Auto Erotic Assimilation/Rick|000086
1634988765|sentiment|A|The Ricks Must Be Crazy/
1634988765|sentiment|A|The Ricks Must Be Crazy/Rick|FD0000
1634988765|sentiment|A|The Ricks Must Be Crazy/Morty|FB0000
1634988765|sentiment|A|The Ricks Must Be Crazy/Summer|E90000
1635075165|sentiment|A|The Ricks Must Be Crazy/Interdimensional Cable 2: Tempting Fate/
1635075165|sentiment|A|The Ricks Must Be Crazy/Interdimensional Cable 2: Tempting Fate/Rick|0000FB
1635075165|sentiment|A|The Ricks Must Be Crazy/Interdimensional Cable 2: Tempting Fate/Jerry|0000FD
1635075165|sentiment|A|The Ricks Must Be Crazy/Interdimensional Cable 2: Tempting Fate/Beth|8B0000
1635075165|sentiment|A|The Ricks Must Be Crazy/Interdimensional Cable 2: Tempting Fate/Morty|0000F0
1635075165|sentiment|A|The Ricks Must Be Crazy/Interdimensional Cable 2: Tempting Fate/Summer|690000
1635161565|sentiment|A|The Ricks Must Be Crazy/Interdimensional Cable 2: Tempting Fate/The Wedding Squanchers/
1635161565|sentiment|A|The Ricks Must Be Crazy/Interdimensional Cable 2: Tempting Fate/The Wedding Squanchers/Rick|0000ED
1635161565|sentiment|A|The Ricks Must Be Crazy/Interdimensional Cable 2: Tempting Fate/The Wedding Squanchers/Beth|0000EE
1635161565|sentiment|A|The Ricks Must Be Crazy/Interdimensional Cable 2: Tempting Fate/The Wedding Squanchers/Jerry|F50000
1635161565|sentiment|A|The Ricks Must Be Crazy/Interdimensional Cable 2: Tempting Fate/The Wedding Squanchers/Morty|0000EA
1635161565|sentiment|A|The Ricks Must Be Crazy/Interdimensional Cable 2: Tempting Fate/The Wedding Squanchers/Summer|0000E7
1635247965|sentiment|A|The Ricks Must Be Crazy/Interdimensional Cable 2: Tempting Fate/The Wedding Squanchers/The Rickshank Rickdemption/
1635247965|sentiment|A|The Ricks Must Be Crazy/Interdimensional Cable 2: Tempting Fate/The Wedding Squanchers/The Rickshank Rickdemption/Rick|FB0000
1635247965|sentiment|A|The Ricks Must Be Crazy/Interdimensional Cable 2: Tempting Fate/The Wedding Squanchers/The Rickshank Rickdemption/Morty|FA0000
1635247965|sentiment|A|The Ricks Must Be Crazy/Interdimensional Cable 2: Tempting Fate/The Wedding Squanchers/The Rickshank Rickdemption/Summer|F80000
1635247965|sentiment|A|The Ricks Must Be Crazy/Interdimensional Cable 2: Tempting Fate/The Wedding Squanchers/The Rickshank Rickdemption/Jerry|B40000
1635247965|sentiment|A|The Ricks Must Be Crazy/Interdimensional Cable 2: Tempting Fate/The Wedding Squanchers/The Rickshank Rickdemption/Beth|0000EA
1635247965|sentiment|A|The Ricks Must Be Crazy/Interdimensional Cable 2: Tempting Fate/The Wedding Squanchers/The Rickshank Rickdemption/Young Rick|00006A
1635247965|sentiment|A|The Ricks Must Be Crazy/Interdimensional Cable 2: Tempting Fate/The Wedding Squanchers/The Rickshank Rickdemption/Weird Rick|0000F4
1635247965|sentiment|A|The Ricks Must Be Crazy/Interdimensional Cable 2: Tempting Fate/The Wedding Squanchers/The Rickshank Rickdemption/Guard Rick|F50000
1635334365|sentiment|A|Rickmancing the Stone/
1635334365|sentiment|A|Rickmancing the Stone/Rick|0000FC
1635334365|sentiment|A|Rickmancing the Stone/Morty|D90000
1635334365|sentiment|A|Rickmancing the Stone/Summer|0000EE
1635334365|sentiment|A|Rickmancing the Stone/Beth|00007F
1635334365|sentiment|A|Rickmancing the Stone/Jerry|0000EA
1635420765|sentiment|A|Rickmancing the Stone/Pickle Rick/
1635420765|sentiment|A|Rickmancing the Stone/Pickle Rick/Pickle Rick|0000FC
1635420765|sentiment|A|Rickmancing the Stone/Pickle Rick/Beth|0000EC
1635420765|sentiment|A|Rickmancing the Stone/Pickle Rick/Morty|0000DE
1635420765|sentiment|A|Rickmancing the Stone/Pickle Rick/Rick|9F0000
1635420765|sentiment|A|Rickmancing the Stone/Pickle Rick/Summer|AE0000
1635507165|sentiment|A|Rickmancing the Stone/Pickle Rick/Vindicators 3: The Return of Worldender/
1635507165|sentiment|A|Rickmancing the Stone/Pickle Rick/Vindicators 3: The Return of Worldender/Rick|0000FD
1635507165|sentiment|A|Rickmancing the Stone/Pickle Rick/Vindicators 3: The Return of Worldender/Morty|EA0000
1635507165|sentiment|A|Rickmancing the Stone/Pickle Rick/Vindicators 3: The Return of Worldender/Drunk Rick|EF0000
1635507165|sentiment|A|Rickmancing the Stone/Pickle Rick/Vindicators 3: The Return of Worldender/Beth|000000
1635507165|sentiment|A|Rickmancing the Stone/Pickle Rick/Vindicators 3: The Return of Worldender/Summer|000000
1635593565|sentiment|A|Rickmancing the Stone/Pickle Rick/Vindicators 3: The Return of Worldender/Rattlestar Ricklactica/
1635593565|sentiment|A|Rickmancing the Stone/Pickle Rick/Vindicators 3: The Return of Worldender/Rattlestar Ricklactica/Rick|0000FA
1635593565|sentiment|A|Rickmancing the Stone/Pickle Rick/Vindicators 3: The Return of Worldender/Rattlestar Ricklactica/Morty|0000FC
1635593565|sentiment|A|Rickmancing the Stone/Pickle Rick/Vindicators 3: The Return of Worldender/Rattlestar Ricklactica/President Morty|0000D6
1635593565|sentiment|A|Rickmancing the Stone/Pickle Rick/Vindicators 3: The Return of Worldender/Rattlestar Ricklactica/Jerry|00005C
1635593565|sentiment|A|Rickmancing the Stone/Pickle Rick/Vindicators 3: The Return of Worldender/Rattlestar Ricklactica/Beth|0000C2
1635593565|sentiment|A|Rickmancing the Stone/Pickle Rick/Vindicators 3: The Return of Worldender/Rattlestar Ricklactica/Summer|0000A2
1635679965|sentiment|A|Never Ricking Morty/
1635679965|sentiment|A|Never Ricking Morty/Rick|0000FC
1635679965|sentiment|A|Never Ricking Morty/Morty|0000FE
1635679965|sentiment|A|Never Ricking Morty/Jerry|C00000
1635679965|sentiment|A|Never Ricking Morty/Beth|0000F6
1635679965|sentiment|A|Never Ricking Morty/Summer|0000F2
1635766365|sentiment|A|Never Ricking Morty/Mortyplicity/
1635766365|sentiment|A|Never Ricking Morty/Mortyplicity/Rick|0000FD
1635766365|sentiment|A|Never Ricking Morty/Mortyplicity/Summer|0000FD
1635766365|sentiment|A|Never Ricking Morty/Mortyplicity/Morty|0000CC
1635766365|sentiment|A|Never Ricking Morty/Mortyplicity/Beth|0000E1
1635766365|sentiment|A|Never Ricking Morty/Mortyplicity/Jerry|0000A8
1635766365|sentiment|A|Never Ricking Morty/Mortyplicity/Morty Voiceover|0000E4
1635766365|sentiment|A|Never Ricking Morty/Mortyplicity/Summer Voiceover|00007D
1635766365|sentiment|A|Never Ricking Morty/Mortyplicity/Hothead Rick|E60000
1635766365|sentiment|A|Never Ricking Morty/Mortyplicity/Little Ricky|000000
1635852765|sentiment|A|Never Ricking Morty/Mortyplicity/Rickdependence Spray/
1635852765|sentiment|A|Never Ricking Morty/Mortyplicity/Rickdependence Spray/Rick|FB0000
1635852765|sentiment|A|Never Ricking Morty/Mortyplicity/Rickdependence Spray/Morty|FA0000
1635852765|sentiment|A|Never Ricking Morty/Mortyplicity/Rickdependence Spray/Summer|F80000
1635852765|sentiment|A|Never Ricking Morty/Mortyplicity/Rickdependence Spray/Jerry|B40000
1635852765|sentiment|A|Never Ricking Morty/Mortyplicity/Rickdependence Spray/Beth|0000EA
1635852765|sentiment|A|Never Ricking Morty/Mortyplicity/Rickdependence Spray/Young Rick|00006A
1635852765|sentiment|A|Never Ricking Morty/Mortyplicity/Rickdependence Spray/Weird Rick|0000F4
1635852765|sentiment|A|Never Ricking Morty/Mortyplicity/Rickdependence Spray/Guard Rick|F50000
1635939165|sentiment|A|Never Ricking Morty/Mortyplicity/Rickdependence Spray/Rick & Morty's Thanksploitation Spectacular/
1635939165|sentiment|A|Never Ricking Morty/Mortyplicity/Rickdependence Spray/Rick & Morty's Thanksploitation Spectacular/Rick|FB0000
1635939165|sentiment|A|Never Ricking Morty/Mortyplicity/Rickdependence Spray/Rick & Morty's Thanksploitation Spectacular/Morty|FA0000
1635939165|sentiment|A|Never Ricking Morty/Mortyplicity/Rickdependence Spray/Rick & Morty's Thanksploitation Spectacular/Summer|F80000
1635939165|sentiment|A|Never Ricking Morty/Mortyplicity/Rickdependence Spray/Rick & Morty's Thanksploitation Spectacular/Jerry|B40000
1635939165|sentiment|A|Never Ricking Morty/Mortyplicity/Rickdependence Spray/Rick & Morty's Thanksploitation Spectacular/Beth|0000EA
1635939165|sentiment|A|Never Ricking Morty/Mortyplicity/Rickdependence Spray/Rick & Morty's Thanksploitation Spectacular/Young Rick|00006A
1635939165|sentiment|A|Never Ricking Morty/Mortyplicity/Rickdependence Spray/Rick & Morty's Thanksploitation Spectacular/Weird Rick|0000F4
1635939165|sentiment|A|Never Ricking Morty/Mortyplicity/Rickdependence Spray/Rick & Morty's Thanksploitation Spectacular/Guard Rick|F50000
1636025565|sentiment|A|Gotron Jerrysis Rickvangelion/
1636025565|sentiment|A|Gotron Jerrysis Rickvangelion/Rick|0000FD
1636025565|sentiment|A|Gotron Jerrysis Rickvangelion/Summer|0000FD
1636025565|sentiment|A|Gotron Jerrysis Rickvangelion/Morty|0000AB
1636025565|sentiment|A|Gotron Jerrysis Rickvangelion/Beth|0000E1
1636025565|sentiment|A|Gotron Jerrysis Rickvangelion/Jerry|0000A8
1636025565|sentiment|A|Gotron Jerrysis Rickvangelion/Morty Voiceover|0000E4
1636025565|sentiment|A|Gotron Jerrysis Rickvangelion/Summer Voiceover|00007D
1636025565|sentiment|A|Gotron Jerrysis Rickvangelion/Hothead Rick|E60000
1636025565|sentiment|A|Gotron Jerrysis Rickvangelion/Little Ricky|000000
1636111965|sentiment|A|Gotron Jerrysis Rickvangelion/Rickmurai Jack/
1636111965|sentiment|A|Gotron Jerrysis Rickvangelion/Rickmurai Jack/Rick|0000FA
1636111965|sentiment|A|Gotron Jerrysis Rickvangelion/Rickmurai Jack/Morty|0000FC
1636111965|sentiment|A|Gotron Jerrysis Rickvangelion/Rickmurai Jack/President Morty|0000D6
1636111965|sentiment|A|Gotron Jerrysis Rickvangelion/Rickmurai Jack/Jerry|00005C
1636111965|sentiment|A|Gotron Jerrysis Rickvangelion/Rickmurai Jack/Beth|0000C2
1636111965|sentiment|A|Gotron Jerrysis Rickvangelion/Rickmurai Jack/Summer|0000A2
