1634642449|Jerry|A|Pilot/Bepisian
1634642449|Jerry|A|Pilot/Summer Smith
1634642449|Jerry|A|Pilot/Rick Sanchez
1634642449|Jerry|A|Pilot/Pripudlian
1634642449|Jerry|A|Pilot/Principal Vagina
1634642449|Jerry|A|Pilot/Mr. Goldenfold
1634642449|Jerry|A|Pilot/Morty Smith
1634642449|Jerry|A|Pilot/Jessica's Friend
1634642449|Jerry|A|Pilot/Mrs. Sanchez
1634642449|Jerry|A|Pilot/Hookah Alien
1634642449|Jerry|A|Pilot/Greebybobe
1634642449|Jerry|A|Pilot/Glenn
1634642449|Jerry|A|Pilot/Frank Palicky
1634642449|Jerry|A|Pilot/Davin
1634642449|Jerry|A|Pilot/Canklanker Thom
1634642449|Jerry|A|Pilot/Beth Smith
1634642449|Jerry|A|Pilot/Jessica
1634728849|Jerry|A|Pilot/Anatomy Park/Joyce Smith
1634728849|Jerry|A|Pilot/Anatomy Park/Leonard Smith
1634728849|Jerry|A|Pilot/Anatomy Park/Morty Smith
1634728849|Jerry|A|Pilot/Anatomy Park/Poncho
1634728849|Jerry|A|Pilot/Anatomy Park/Tom Randolph
1634728849|Jerry|A|Pilot/Anatomy Park/Roger
1634728849|Jerry|A|Pilot/Anatomy Park/Ruben
1634728849|Jerry|A|Pilot/Anatomy Park/Tuberculosis
1634728849|Jerry|A|Pilot/Anatomy Park/Jacob
1634728849|Jerry|A|Pilot/Anatomy Park/Rick Sanchez
1634728849|Jerry|A|Pilot/Anatomy Park/Hepatitis C
1634728849|Jerry|A|Pilot/Anatomy Park/Summer Smith
1634728849|Jerry|A|Pilot/Anatomy Park/Gonorrhea
1634728849|Jerry|A|Pilot/Anatomy Park/Alexander
1634728849|Jerry|A|Pilot/Anatomy Park/Annie
1634728849|Jerry|A|Pilot/Anatomy Park/Beth Smith
1634728849|Jerry|A|Pilot/Anatomy Park/Bill
1634728849|Jerry|A|Pilot/Anatomy Park/Hepatitis A
1634728849|Jerry|A|Pilot/Anatomy Park/Dr. Xenon Bloom
1634728849|Jerry|A|Pilot/Anatomy Park/E. Coli
1634728849|Jerry|A|Pilot/Anatomy Park/Eric McMan
1634728849|Jerry|A|Pilot/Anatomy Park/Ethan
1634728849|Jerry|A|Pilot/Anatomy Park/Bubonic Plague
1634815249|Jerry|A|Pilot/Anatomy Park/M. Night Shaym-Aliens!/Summer Smith
1634815249|Jerry|A|Pilot/Anatomy Park/M. Night Shaym-Aliens!/Stu
1634815249|Jerry|A|Pilot/Anatomy Park/M. Night Shaym-Aliens!/Rick Sanchez
1634815249|Jerry|A|Pilot/Anatomy Park/M. Night Shaym-Aliens!/Prince Nebulon
1634815249|Jerry|A|Pilot/Anatomy Park/M. Night Shaym-Aliens!/Mr. Goldenfold
1634815249|Jerry|A|Pilot/Anatomy Park/M. Night Shaym-Aliens!/Mr. Marklovitz
1634815249|Jerry|A|Pilot/Anatomy Park/M. Night Shaym-Aliens!/Jessica's Friend
1634815249|Jerry|A|Pilot/Anatomy Park/M. Night Shaym-Aliens!/Jessica
1634815249|Jerry|A|Pilot/Anatomy Park/M. Night Shaym-Aliens!/Cynthia
1634815249|Jerry|A|Pilot/Anatomy Park/M. Night Shaym-Aliens!/Beth Smith
1634815249|Jerry|A|Pilot/Anatomy Park/M. Night Shaym-Aliens!/Morty Smith
1634815249|Jerry|A|Pilot/Anatomy Park/M. Night Shaym-Aliens!/Kevin
1634901649|Jerry|A|Pilot/Anatomy Park/M. Night Shaym-Aliens!/Meeseeks and Destroy/Mr. Meeseeks
1634901649|Jerry|A|Pilot/Anatomy Park/M. Night Shaym-Aliens!/Meeseeks and Destroy/Tiny-persons advocacy group lawyer
1634901649|Jerry|A|Pilot/Anatomy Park/M. Night Shaym-Aliens!/Meeseeks and Destroy/Tammy Guetermann
1634901649|Jerry|A|Pilot/Anatomy Park/M. Night Shaym-Aliens!/Meeseeks and Destroy/Summer Smith
1634901649|Jerry|A|Pilot/Anatomy Park/M. Night Shaym-Aliens!/Meeseeks and Destroy/Stair Goblin
1634901649|Jerry|A|Pilot/Anatomy Park/M. Night Shaym-Aliens!/Meeseeks and Destroy/Slippery Stair
1634901649|Jerry|A|Pilot/Anatomy Park/M. Night Shaym-Aliens!/Meeseeks and Destroy/Samantha
1634901649|Jerry|A|Pilot/Anatomy Park/M. Night Shaym-Aliens!/Meeseeks and Destroy/Rick Sanchez
1634901649|Jerry|A|Pilot/Anatomy Park/M. Night Shaym-Aliens!/Meeseeks and Destroy/Principal Vagina
1634901649|Jerry|A|Pilot/Anatomy Park/M. Night Shaym-Aliens!/Meeseeks and Destroy/Mr. Booby Buyer
1634901649|Jerry|A|Pilot/Anatomy Park/M. Night Shaym-Aliens!/Meeseeks and Destroy/King Jellybean
1634901649|Jerry|A|Pilot/Anatomy Park/M. Night Shaym-Aliens!/Meeseeks and Destroy/Giant Judge
1634901649|Jerry|A|Pilot/Anatomy Park/M. Night Shaym-Aliens!/Meeseeks and Destroy/Evil Summer Clone
1634901649|Jerry|A|Pilot/Anatomy Park/M. Night Shaym-Aliens!/Meeseeks and Destroy/Evil Beth Clone
1634901649|Jerry|A|Pilot/Anatomy Park/M. Night Shaym-Aliens!/Meeseeks and Destroy/Dale
1634901649|Jerry|A|Pilot/Anatomy Park/M. Night Shaym-Aliens!/Meeseeks and Destroy/Big Boobed Waitress
1634901649|Jerry|A|Pilot/Anatomy Park/M. Night Shaym-Aliens!/Meeseeks and Destroy/Beth Smith
1634901649|Jerry|A|Pilot/Anatomy Park/M. Night Shaym-Aliens!/Meeseeks and Destroy/Morty Smith
1634988049|Jerry|A|Rick Potion #9/Tammy Guetermann
1634988049|Jerry|A|Rick Potion #9/Summer Smith
1634988049|Jerry|A|Rick Potion #9/Rick Sanchez
1634988049|Jerry|A|Rick Potion #9/Principal Vagina
1634988049|Jerry|A|Rick Potion #9/Nancy
1634988049|Jerry|A|Rick Potion #9/Mrs. Sanchez
1634988049|Jerry|A|Rick Potion #9/Mr. Goldenfold
1634988049|Jerry|A|Rick Potion #9/Morty Smith
1634988049|Jerry|A|Rick Potion #9/Jessica's Friend
1634988049|Jerry|A|Rick Potion #9/Jessica
1634988049|Jerry|A|Rick Potion #9/Harold
1634988049|Jerry|A|Rick Potion #9/Davin
1634988049|Jerry|A|Rick Potion #9/Cronenberg Rick
1634988049|Jerry|A|Rick Potion #9/Cronenberg Morty
1634988049|Jerry|A|Rick Potion #9/Brad
1634988049|Jerry|A|Rick Potion #9/Beth Smith
1634988049|Jerry|A|Rick Potion #9/MC Haps
1635074449|Jerry|A|Rick Potion #9/Raising Gazorpazorp/Pawnshop Clerk
1635074449|Jerry|A|Rick Potion #9/Raising Gazorpazorp/Veronica Ann Bennet
1635074449|Jerry|A|Rick Potion #9/Raising Gazorpazorp/Summer Smith
1635074449|Jerry|A|Rick Potion #9/Raising Gazorpazorp/Snuffles (Snowball)
1635074449|Jerry|A|Rick Potion #9/Raising Gazorpazorp/Rick Sanchez
1635074449|Jerry|A|Rick Potion #9/Raising Gazorpazorp/Morty Smith
1635074449|Jerry|A|Rick Potion #9/Raising Gazorpazorp/Beth Smith
1635074449|Jerry|A|Rick Potion #9/Raising Gazorpazorp/Morty Jr's interviewer
1635074449|Jerry|A|Rick Potion #9/Raising Gazorpazorp/Brad Anderson
1635074449|Jerry|A|Rick Potion #9/Raising Gazorpazorp/Gwendolyn
1635074449|Jerry|A|Rick Potion #9/Raising Gazorpazorp/Morty Jr.
1635074449|Jerry|A|Rick Potion #9/Raising Gazorpazorp/Ma-Sha
1635074449|Jerry|A|Rick Potion #9/Raising Gazorpazorp/Jackie
1635160849|Jerry|A|Rick Potion #9/Raising Gazorpazorp/Rixty Minutes/Mrs. Sullivan
1635160849|Jerry|A|Rick Potion #9/Raising Gazorpazorp/Rixty Minutes/Mrs. Sullivan's Boyfriend
1635160849|Jerry|A|Rick Potion #9/Raising Gazorpazorp/Rixty Minutes/Muscular Mannie
1635160849|Jerry|A|Rick Potion #9/Raising Gazorpazorp/Rixty Minutes/Old Women
1635160849|Jerry|A|Rick Potion #9/Raising Gazorpazorp/Rixty Minutes/Piece of Toast
1635160849|Jerry|A|Rick Potion #9/Raising Gazorpazorp/Rixty Minutes/Pro trunk people marriage guy
1635160849|Jerry|A|Rick Potion #9/Raising Gazorpazorp/Rixty Minutes/Quick Mystery Presenter
1635160849|Jerry|A|Rick Potion #9/Raising Gazorpazorp/Rixty Minutes/Real Fake Doors Salesman
1635160849|Jerry|A|Rick Potion #9/Raising Gazorpazorp/Rixty Minutes/Regular Legs
1635160849|Jerry|A|Rick Potion #9/Raising Gazorpazorp/Rixty Minutes/Regular Tyrion Lannister
1635160849|Jerry|A|Rick Potion #9/Raising Gazorpazorp/Rixty Minutes/Rick Sanchez
1635160849|Jerry|A|Rick Potion #9/Raising Gazorpazorp/Rixty Minutes/Shmlamantha Shmlicelli
1635160849|Jerry|A|Rick Potion #9/Raising Gazorpazorp/Rixty Minutes/Shmlangela Shmlobinson-Shmlower
1635160849|Jerry|A|Rick Potion #9/Raising Gazorpazorp/Rixty Minutes/Mr. Sneezy
1635160849|Jerry|A|Rick Potion #9/Raising Gazorpazorp/Rixty Minutes/Shmlony Shmlicelli
1635160849|Jerry|A|Rick Potion #9/Raising Gazorpazorp/Rixty Minutes/Spiderweb teddy bear
1635160849|Jerry|A|Rick Potion #9/Raising Gazorpazorp/Rixty Minutes/Summer Smith
1635160849|Jerry|A|Rick Potion #9/Raising Gazorpazorp/Rixty Minutes/Three Unknown Things
1635160849|Jerry|A|Rick Potion #9/Raising Gazorpazorp/Rixty Minutes/Tophat Jones
1635160849|Jerry|A|Rick Potion #9/Raising Gazorpazorp/Rixty Minutes/Trunk Man
1635160849|Jerry|A|Rick Potion #9/Raising Gazorpazorp/Rixty Minutes/Trunkphobic guy
1635160849|Jerry|A|Rick Potion #9/Raising Gazorpazorp/Rixty Minutes/Trunkphobic suspenders guy
1635160849|Jerry|A|Rick Potion #9/Raising Gazorpazorp/Rixty Minutes/Two Brothers
1635160849|Jerry|A|Rick Potion #9/Raising Gazorpazorp/Rixty Minutes/Two Guys with Handlebar Mustaches
1635160849|Jerry|A|Rick Potion #9/Raising Gazorpazorp/Rixty Minutes/Unmuscular Michael
1635160849|Jerry|A|Rick Potion #9/Raising Gazorpazorp/Rixty Minutes/Shmlona Shmlobinson
1635160849|Jerry|A|Rick Potion #9/Raising Gazorpazorp/Rixty Minutes/Morty Smith
1635160849|Jerry|A|Rick Potion #9/Raising Gazorpazorp/Rixty Minutes/Shmlonathan Shmlower
1635160849|Jerry|A|Rick Potion #9/Raising Gazorpazorp/Rixty Minutes/Michael Denny and the Denny Singers
1635160849|Jerry|A|Rick Potion #9/Raising Gazorpazorp/Rixty Minutes/Alien Mexican Armada
1635160849|Jerry|A|Rick Potion #9/Raising Gazorpazorp/Rixty Minutes/Ants in my Eyes Johnson
1635160849|Jerry|A|Rick Potion #9/Raising Gazorpazorp/Rixty Minutes/Attila Starwar
1635160849|Jerry|A|Rick Potion #9/Raising Gazorpazorp/Rixty Minutes/Baby Legs
1635160849|Jerry|A|Rick Potion #9/Raising Gazorpazorp/Rixty Minutes/Baby Legs Chief
1635160849|Jerry|A|Rick Potion #9/Raising Gazorpazorp/Rixty Minutes/Benjamin
1635160849|Jerry|A|Rick Potion #9/Raising Gazorpazorp/Rixty Minutes/Beth Sanchez
1635160849|Jerry|A|Rick Potion #9/Raising Gazorpazorp/Rixty Minutes/Beth Smith
1635160849|Jerry|A|Rick Potion #9/Raising Gazorpazorp/Rixty Minutes/Bobby Moynihan
1635160849|Jerry|A|Rick Potion #9/Raising Gazorpazorp/Rixty Minutes/Michael Jackson
1635160849|Jerry|A|Rick Potion #9/Raising Gazorpazorp/Rixty Minutes/Cynthia
1635160849|Jerry|A|Rick Potion #9/Raising Gazorpazorp/Rixty Minutes/David Letterman
1635160849|Jerry|A|Rick Potion #9/Raising Gazorpazorp/Rixty Minutes/Corn detective
1635160849|Jerry|A|Rick Potion #9/Raising Gazorpazorp/Rixty Minutes/Garmanarnar
1635160849|Jerry|A|Rick Potion #9/Raising Gazorpazorp/Rixty Minutes/Man Painted Silver Who Makes Robot Noises
1635160849|Jerry|A|Rick Potion #9/Raising Gazorpazorp/Rixty Minutes/Loggins
1635160849|Jerry|A|Rick Potion #9/Raising Gazorpazorp/Rixty Minutes/Fulgora
1635160849|Jerry|A|Rick Potion #9/Raising Gazorpazorp/Rixty Minutes/Jon
1635160849|Jerry|A|Rick Potion #9/Raising Gazorpazorp/Rixty Minutes/Johnny Depp
1635160849|Jerry|A|Rick Potion #9/Raising Gazorpazorp/Rixty Minutes/Kristen Stewart
1635160849|Jerry|A|Rick Potion #9/Raising Gazorpazorp/Rixty Minutes/Hamster In Butt
1635160849|Jerry|A|Rick Potion #9/Raising Gazorpazorp/Rixty Minutes/Guy from The Bachelor
1635160849|Jerry|A|Rick Potion #9/Raising Gazorpazorp/Rixty Minutes/Glenn
1635160849|Jerry|A|Rick Potion #9/Raising Gazorpazorp/Rixty Minutes/Giant Cat Monster
1635160849|Jerry|A|Rick Potion #9/Raising Gazorpazorp/Rixty Minutes/Gazorpazorpfield
1635160849|Jerry|A|Rick Potion #9/Raising Gazorpazorp/Rixty Minutes/Hole in the Wall Where the Men Can See it All
1635247249|Jerry|A|Rick Potion #9/Raising Gazorpazorp/Rixty Minutes/Something Ricked This Way Comes/Summer Smith
1635247249|Jerry|A|Rick Potion #9/Raising Gazorpazorp/Rixty Minutes/Something Ricked This Way Comes/Scroopy Noopers
1635247249|Jerry|A|Rick Potion #9/Raising Gazorpazorp/Rixty Minutes/Something Ricked This Way Comes/Rick Sanchez
1635247249|Jerry|A|Rick Potion #9/Raising Gazorpazorp/Rixty Minutes/Something Ricked This Way Comes/Rich Plutonian
1635247249|Jerry|A|Rick Potion #9/Raising Gazorpazorp/Rixty Minutes/Something Ricked This Way Comes/Principal Vagina
1635247249|Jerry|A|Rick Potion #9/Raising Gazorpazorp/Rixty Minutes/Something Ricked This Way Comes/Plutonian Hostess
1635247249|Jerry|A|Rick Potion #9/Raising Gazorpazorp/Rixty Minutes/Something Ricked This Way Comes/Plutonian Host
1635247249|Jerry|A|Rick Potion #9/Raising Gazorpazorp/Rixty Minutes/Something Ricked This Way Comes/Mr. Goldenfold
1635247249|Jerry|A|Rick Potion #9/Raising Gazorpazorp/Rixty Minutes/Something Ricked This Way Comes/Mr. Needful
1635247249|Jerry|A|Rick Potion #9/Raising Gazorpazorp/Rixty Minutes/Something Ricked This Way Comes/Morty Smith
1635247249|Jerry|A|Rick Potion #9/Raising Gazorpazorp/Rixty Minutes/Something Ricked This Way Comes/King Flippy Nips
1635247249|Jerry|A|Rick Potion #9/Raising Gazorpazorp/Rixty Minutes/Something Ricked This Way Comes/Cynthia
1635247249|Jerry|A|Rick Potion #9/Raising Gazorpazorp/Rixty Minutes/Something Ricked This Way Comes/Butter Robot
1635247249|Jerry|A|Rick Potion #9/Raising Gazorpazorp/Rixty Minutes/Something Ricked This Way Comes/Beth Smith
1635247249|Jerry|A|Rick Potion #9/Raising Gazorpazorp/Rixty Minutes/Something Ricked This Way Comes/Nancy
1635333649|Jerry|A|Close Rick-counters of the Rick Kind/Quantum Rick
1635333649|Jerry|A|Close Rick-counters of the Rick Kind/Pizza-person
1635333649|Jerry|A|Close Rick-counters of the Rick Kind/Phone-person
1635333649|Jerry|A|Close Rick-counters of the Rick Kind/Mr. Meeseeks
1635333649|Jerry|A|Close Rick-counters of the Rick Kind/Long Sleeved Morty
1635333649|Jerry|A|Close Rick-counters of the Rick Kind/Maximums Rickimus
1635333649|Jerry|A|Close Rick-counters of the Rick Kind/Rick Sanchez
1635333649|Jerry|A|Close Rick-counters of the Rick Kind/Insurance Rick
1635333649|Jerry|A|Close Rick-counters of the Rick Kind/Hammerhead Morty
1635333649|Jerry|A|Close Rick-counters of the Rick Kind/Morty Smith
1635333649|Jerry|A|Close Rick-counters of the Rick Kind/Ricktiminus Sancheziminius
1635333649|Jerry|A|Close Rick-counters of the Rick Kind/Snuffles (Snowball)
1635333649|Jerry|A|Close Rick-counters of the Rick Kind/Robot Morty
1635333649|Jerry|A|Close Rick-counters of the Rick Kind/Solicitor Rick
1635333649|Jerry|A|Close Rick-counters of the Rick Kind/Summer Smith
1635333649|Jerry|A|Close Rick-counters of the Rick Kind/Super Weird Rick
1635333649|Jerry|A|Close Rick-counters of the Rick Kind/The Scientist Formerly Known as Rick
1635333649|Jerry|A|Close Rick-counters of the Rick Kind/Tortured Morty
1635333649|Jerry|A|Close Rick-counters of the Rick Kind/Trunkphobic suspenders guy
1635333649|Jerry|A|Close Rick-counters of the Rick Kind/Woman Rick
1635333649|Jerry|A|Close Rick-counters of the Rick Kind/Zeta Alpha Rick
1635333649|Jerry|A|Close Rick-counters of the Rick Kind/Greasy Grandma
1635333649|Jerry|A|Close Rick-counters of the Rick Kind/Riq IV
1635333649|Jerry|A|Close Rick-counters of the Rick Kind/Evil Rick
1635333649|Jerry|A|Close Rick-counters of the Rick Kind/Robot Rick
1635333649|Jerry|A|Close Rick-counters of the Rick Kind/Eric Stoltz Mask Morty
1635333649|Jerry|A|Close Rick-counters of the Rick Kind/Abradolf Lincler
1635333649|Jerry|A|Close Rick-counters of the Rick Kind/Alien Morty
1635333649|Jerry|A|Close Rick-counters of the Rick Kind/Alien Rick
1635333649|Jerry|A|Close Rick-counters of the Rick Kind/Antenna Morty
1635333649|Jerry|A|Close Rick-counters of the Rick Kind/Antenna Rick
1635333649|Jerry|A|Close Rick-counters of the Rick Kind/Aqua Rick
1635333649|Jerry|A|Close Rick-counters of the Rick Kind/Artist Morty
1635333649|Jerry|A|Close Rick-counters of the Rick Kind/Beth Smith
1635333649|Jerry|A|Close Rick-counters of the Rick Kind/Evil Morty
1635333649|Jerry|A|Close Rick-counters of the Rick Kind/Blue Shirt Morty
1635333649|Jerry|A|Close Rick-counters of the Rick Kind/Chair-homeless
1635333649|Jerry|A|Close Rick-counters of the Rick Kind/Aqua Morty
1635333649|Jerry|A|Close Rick-counters of the Rick Kind/Chair-waiter
1635333649|Jerry|A|Close Rick-counters of the Rick Kind/Chair-person
1635333649|Jerry|A|Close Rick-counters of the Rick Kind/Doopidoo
1635333649|Jerry|A|Close Rick-counters of the Rick Kind/Doofus Rick
1635333649|Jerry|A|Close Rick-counters of the Rick Kind/Cyclops Rick
1635333649|Jerry|A|Close Rick-counters of the Rick Kind/Cult Leader Morty
1635333649|Jerry|A|Close Rick-counters of the Rick Kind/Cyclops Morty
1635333649|Jerry|A|Close Rick-counters of the Rick Kind/Cronenberg Rick
1635333649|Jerry|A|Close Rick-counters of the Rick Kind/Cronenberg Morty
1635333649|Jerry|A|Close Rick-counters of the Rick Kind/Crab Spider
1635333649|Jerry|A|Close Rick-counters of the Rick Kind/Cowboy Rick
1635333649|Jerry|A|Close Rick-counters of the Rick Kind/Cowboy Morty
1635420049|Jerry|A|Close Rick-counters of the Rick Kind/Ricksy Business/Squanchy
1635420049|Jerry|A|Close Rick-counters of the Rick Kind/Ricksy Business/Scropon
1635420049|Jerry|A|Close Rick-counters of the Rick Kind/Ricksy Business/Slippery Stair
1635420049|Jerry|A|Close Rick-counters of the Rick Kind/Ricksy Business/Slow Mobius
1635420049|Jerry|A|Close Rick-counters of the Rick Kind/Ricksy Business/Riq IV
1635420049|Jerry|A|Close Rick-counters of the Rick Kind/Ricksy Business/Stair Goblin
1635420049|Jerry|A|Close Rick-counters of the Rick Kind/Ricksy Business/Zeta Alpha Rick
1635420049|Jerry|A|Close Rick-counters of the Rick Kind/Ricksy Business/Synthetic Laser Eels
1635420049|Jerry|A|Close Rick-counters of the Rick Kind/Ricksy Business/Tammy Guetermann
1635420049|Jerry|A|Close Rick-counters of the Rick Kind/Ricksy Business/Traflorkian
1635420049|Jerry|A|Close Rick-counters of the Rick Kind/Ricksy Business/Trunkphobic suspenders guy
1635420049|Jerry|A|Close Rick-counters of the Rick Kind/Ricksy Business/Rick Sanchez
1635420049|Jerry|A|Close Rick-counters of the Rick Kind/Ricksy Business/Summer Smith
1635420049|Jerry|A|Close Rick-counters of the Rick Kind/Ricksy Business/Revolio Clockberg Jr.
1635420049|Jerry|A|Close Rick-counters of the Rick Kind/Ricksy Business/Brad
1635420049|Jerry|A|Close Rick-counters of the Rick Kind/Ricksy Business/Nancy
1635420049|Jerry|A|Close Rick-counters of the Rick Kind/Ricksy Business/Morty Smith
1635420049|Jerry|A|Close Rick-counters of the Rick Kind/Ricksy Business/MC Haps
1635420049|Jerry|A|Close Rick-counters of the Rick Kind/Ricksy Business/Lucy
1635420049|Jerry|A|Close Rick-counters of the Rick Kind/Ricksy Business/Jessica's Friend
1635420049|Jerry|A|Close Rick-counters of the Rick Kind/Ricksy Business/Jessica
1635420049|Jerry|A|Close Rick-counters of the Rick Kind/Ricksy Business/Greebybobe
1635420049|Jerry|A|Close Rick-counters of the Rick Kind/Ricksy Business/Giant Testicle Monster
1635420049|Jerry|A|Close Rick-counters of the Rick Kind/Ricksy Business/Cynthia
1635420049|Jerry|A|Close Rick-counters of the Rick Kind/Ricksy Business/Pripudlian
1635420049|Jerry|A|Close Rick-counters of the Rick Kind/Ricksy Business/Birdperson
1635420049|Jerry|A|Close Rick-counters of the Rick Kind/Ricksy Business/Beth Smith
1635420049|Jerry|A|Close Rick-counters of the Rick Kind/Ricksy Business/Bepisian
1635420049|Jerry|A|Close Rick-counters of the Rick Kind/Ricksy Business/Abradolf Lincler
1635506449|Jerry|A|Close Rick-counters of the Rick Kind/Ricksy Business/A Rickle in Time/Shleemypants
1635506449|Jerry|A|Close Rick-counters of the Rick Kind/Ricksy Business/A Rickle in Time/Summer Smith
1635506449|Jerry|A|Close Rick-counters of the Rick Kind/Ricksy Business/A Rickle in Time/Rick Sanchez
1635506449|Jerry|A|Close Rick-counters of the Rick Kind/Ricksy Business/A Rickle in Time/Veterinary Nurse
1635506449|Jerry|A|Close Rick-counters of the Rick Kind/Ricksy Business/A Rickle in Time/Veterinary
1635506449|Jerry|A|Close Rick-counters of the Rick Kind/Ricksy Business/A Rickle in Time/Mr. Benson
1635506449|Jerry|A|Close Rick-counters of the Rick Kind/Ricksy Business/A Rickle in Time/Michael's Lawyer
1635506449|Jerry|A|Close Rick-counters of the Rick Kind/Ricksy Business/A Rickle in Time/Michael
1635506449|Jerry|A|Close Rick-counters of the Rick Kind/Ricksy Business/A Rickle in Time/Chris
1635506449|Jerry|A|Close Rick-counters of the Rick Kind/Ricksy Business/A Rickle in Time/Beth Smith
1635506449|Jerry|A|Close Rick-counters of the Rick Kind/Ricksy Business/A Rickle in Time/Albert Einstein
1635506449|Jerry|A|Close Rick-counters of the Rick Kind/Ricksy Business/A Rickle in Time/Morty Smith
1635592849|Jerry|A|Close Rick-counters of the Rick Kind/Ricksy Business/A Rickle in Time/Mortynight Run/Roy's Wife
1635592849|Jerry|A|Close Rick-counters of the Rick Kind/Ricksy Business/A Rickle in Time/Mortynight Run/Mr. Meeseeks
1635592849|Jerry|A|Close Rick-counters of the Rick Kind/Ricksy Business/A Rickle in Time/Mortynight Run/Paul Fleishman
1635592849|Jerry|A|Close Rick-counters of the Rick Kind/Ricksy Business/A Rickle in Time/Mortynight Run/Revolio Clockberg Jr.
1635592849|Jerry|A|Close Rick-counters of the Rick Kind/Ricksy Business/A Rickle in Time/Mortynight Run/Roy
1635592849|Jerry|A|Close Rick-counters of the Rick Kind/Ricksy Business/A Rickle in Time/Mortynight Run/Roy's Mum
1635592849|Jerry|A|Close Rick-counters of the Rick Kind/Ricksy Business/A Rickle in Time/Mortynight Run/Scrotian
1635592849|Jerry|A|Close Rick-counters of the Rick Kind/Ricksy Business/A Rickle in Time/Mortynight Run/Morty Smith
1635592849|Jerry|A|Close Rick-counters of the Rick Kind/Ricksy Business/A Rickle in Time/Mortynight Run/Shimshamian
1635592849|Jerry|A|Close Rick-counters of the Rick Kind/Ricksy Business/A Rickle in Time/Mortynight Run/Traflorkian
1635592849|Jerry|A|Close Rick-counters of the Rick Kind/Ricksy Business/A Rickle in Time/Mortynight Run/Zarbadar Gloonch
1635592849|Jerry|A|Close Rick-counters of the Rick Kind/Ricksy Business/A Rickle in Time/Mortynight Run/Roy's Son
1635592849|Jerry|A|Close Rick-counters of the Rick Kind/Ricksy Business/A Rickle in Time/Mortynight Run/Loggins
1635592849|Jerry|A|Close Rick-counters of the Rick Kind/Ricksy Business/A Rickle in Time/Mortynight Run/Rick Sanchez
1635592849|Jerry|A|Close Rick-counters of the Rick Kind/Ricksy Business/A Rickle in Time/Mortynight Run/Jessica
1635592849|Jerry|A|Close Rick-counters of the Rick Kind/Ricksy Business/A Rickle in Time/Mortynight Run/Krombopulos Michael
1635592849|Jerry|A|Close Rick-counters of the Rick Kind/Ricksy Business/A Rickle in Time/Mortynight Run/Anchor Gear
1635592849|Jerry|A|Close Rick-counters of the Rick Kind/Ricksy Business/A Rickle in Time/Mortynight Run/Arcade Alien
1635592849|Jerry|A|Close Rick-counters of the Rick Kind/Ricksy Business/A Rickle in Time/Mortynight Run/Attila Starwar
1635592849|Jerry|A|Close Rick-counters of the Rick Kind/Ricksy Business/A Rickle in Time/Mortynight Run/Benjamin
1635592849|Jerry|A|Close Rick-counters of the Rick Kind/Ricksy Business/A Rickle in Time/Mortynight Run/Fart
1635592849|Jerry|A|Close Rick-counters of the Rick Kind/Ricksy Business/A Rickle in Time/Mortynight Run/Dr. Schmidt
1635592849|Jerry|A|Close Rick-counters of the Rick Kind/Ricksy Business/A Rickle in Time/Mortynight Run/Gar Gloonch
1635592849|Jerry|A|Close Rick-counters of the Rick Kind/Ricksy Business/A Rickle in Time/Mortynight Run/Garblovian
1635592849|Jerry|A|Close Rick-counters of the Rick Kind/Ricksy Business/A Rickle in Time/Mortynight Run/Gazorpazorpfield
1635592849|Jerry|A|Close Rick-counters of the Rick Kind/Ricksy Business/A Rickle in Time/Mortynight Run/Gear Cop
1635592849|Jerry|A|Close Rick-counters of the Rick Kind/Ricksy Business/A Rickle in Time/Mortynight Run/Giant Testicle Monster
1635592849|Jerry|A|Close Rick-counters of the Rick Kind/Ricksy Business/A Rickle in Time/Mortynight Run/Fulgora
1635679249|Jerry|A|Auto Erotic Assimilation/Ron Benson
1635679249|Jerry|A|Auto Erotic Assimilation/Unity
1635679249|Jerry|A|Auto Erotic Assimilation/Todd Crystal
1635679249|Jerry|A|Auto Erotic Assimilation/Summer Smith
1635679249|Jerry|A|Auto Erotic Assimilation/Steven Phillips
1635679249|Jerry|A|Auto Erotic Assimilation/Rick Sanchez
1635679249|Jerry|A|Auto Erotic Assimilation/Beth Smith
1635679249|Jerry|A|Auto Erotic Assimilation/Morty Smith
1635679249|Jerry|A|Auto Erotic Assimilation/Karen Entity
1635679249|Jerry|A|Auto Erotic Assimilation/Daron Jefferson
1635679249|Jerry|A|Auto Erotic Assimilation/Blim Blam
1635679249|Jerry|A|Auto Erotic Assimilation/Beta-Seven
1635679249|Jerry|A|Auto Erotic Assimilation/Mrs. Sanchez
1635765649|Jerry|A|Auto Erotic Assimilation/Total Rickall/Uncle Steve
1635765649|Jerry|A|Auto Erotic Assimilation/Total Rickall/Mrs. Refrigerator
1635765649|Jerry|A|Auto Erotic Assimilation/Total Rickall/Pencilvester
1635765649|Jerry|A|Auto Erotic Assimilation/Total Rickall/Reverse Giraffe
1635765649|Jerry|A|Auto Erotic Assimilation/Total Rickall/Mr. Poopybutthole
1635765649|Jerry|A|Auto Erotic Assimilation/Total Rickall/Sleepy Gary
1635765649|Jerry|A|Auto Erotic Assimilation/Total Rickall/Snuffles (Snowball)
1635765649|Jerry|A|Auto Erotic Assimilation/Total Rickall/Summer Smith
1635765649|Jerry|A|Auto Erotic Assimilation/Total Rickall/Tinkles
1635765649|Jerry|A|Auto Erotic Assimilation/Total Rickall/Rick Sanchez
1635765649|Jerry|A|Auto Erotic Assimilation/Total Rickall/Mr. Beauregard
1635765649|Jerry|A|Auto Erotic Assimilation/Total Rickall/Photography Raptor
1635765649|Jerry|A|Auto Erotic Assimilation/Total Rickall/Jacob
1635765649|Jerry|A|Auto Erotic Assimilation/Total Rickall/Morty Smith
1635765649|Jerry|A|Auto Erotic Assimilation/Total Rickall/Amish Cyborg
1635765649|Jerry|A|Auto Erotic Assimilation/Total Rickall/Bearded Lady
1635765649|Jerry|A|Auto Erotic Assimilation/Total Rickall/Beth Smith
1635765649|Jerry|A|Auto Erotic Assimilation/Total Rickall/Baby Wizard
1635765649|Jerry|A|Auto Erotic Assimilation/Total Rickall/Duck With Muscles
1635765649|Jerry|A|Auto Erotic Assimilation/Total Rickall/Frankenstein's Monster
1635765649|Jerry|A|Auto Erotic Assimilation/Total Rickall/Ghost in a Jar
1635765649|Jerry|A|Auto Erotic Assimilation/Total Rickall/Hamurai
1635765649|Jerry|A|Auto Erotic Assimilation/Total Rickall/Cousin Nicky
1635852049|Jerry|A|Auto Erotic Assimilation/Total Rickall/Get Schwifty/Principal Vagina
1635852049|Jerry|A|Auto Erotic Assimilation/Total Rickall/Get Schwifty/Mr. Marklovitz
1635852049|Jerry|A|Auto Erotic Assimilation/Total Rickall/Get Schwifty/Numbericon
1635852049|Jerry|A|Auto Erotic Assimilation/Total Rickall/Get Schwifty/Orthodox Jew
1635852049|Jerry|A|Auto Erotic Assimilation/Total Rickall/Get Schwifty/President Curtis
1635852049|Jerry|A|Auto Erotic Assimilation/Total Rickall/Get Schwifty/Rick Sanchez
1635852049|Jerry|A|Auto Erotic Assimilation/Total Rickall/Get Schwifty/Tammy Guetermann
1635852049|Jerry|A|Auto Erotic Assimilation/Total Rickall/Get Schwifty/Simon
1635852049|Jerry|A|Auto Erotic Assimilation/Total Rickall/Get Schwifty/Snuffles (Snowball)
1635852049|Jerry|A|Auto Erotic Assimilation/Total Rickall/Get Schwifty/Squanchy
1635852049|Jerry|A|Auto Erotic Assimilation/Total Rickall/Get Schwifty/Summer Smith
1635852049|Jerry|A|Auto Erotic Assimilation/Total Rickall/Get Schwifty/Mr. Goldenfold
1635852049|Jerry|A|Auto Erotic Assimilation/Total Rickall/Get Schwifty/Terry
1635852049|Jerry|A|Auto Erotic Assimilation/Total Rickall/Get Schwifty/Scrotian
1635852049|Jerry|A|Auto Erotic Assimilation/Total Rickall/Get Schwifty/Morty Smith
1635852049|Jerry|A|Auto Erotic Assimilation/Total Rickall/Get Schwifty/Magnesium-J
1635852049|Jerry|A|Auto Erotic Assimilation/Total Rickall/Get Schwifty/Magma-Q
1635852049|Jerry|A|Auto Erotic Assimilation/Total Rickall/Get Schwifty/Arbolian Mentirososian
1635852049|Jerry|A|Auto Erotic Assimilation/Total Rickall/Get Schwifty/Beth Smith
1635852049|Jerry|A|Auto Erotic Assimilation/Total Rickall/Get Schwifty/Birdperson
1635852049|Jerry|A|Auto Erotic Assimilation/Total Rickall/Get Schwifty/Ethan
1635852049|Jerry|A|Auto Erotic Assimilation/Total Rickall/Get Schwifty/Father Bob
1635852049|Jerry|A|Auto Erotic Assimilation/Total Rickall/Get Schwifty/General Nathan
1635852049|Jerry|A|Auto Erotic Assimilation/Total Rickall/Get Schwifty/Armagheadon
1635852049|Jerry|A|Auto Erotic Assimilation/Total Rickall/Get Schwifty/Hydrogen-F
1635852049|Jerry|A|Auto Erotic Assimilation/Total Rickall/Get Schwifty/Ice-T
1635852049|Jerry|A|Auto Erotic Assimilation/Total Rickall/Get Schwifty/Jamey
1635852049|Jerry|A|Auto Erotic Assimilation/Total Rickall/Get Schwifty/Jim
1635852049|Jerry|A|Auto Erotic Assimilation/Total Rickall/Get Schwifty/Larva Alien
1635852049|Jerry|A|Auto Erotic Assimilation/Total Rickall/Get Schwifty/Greebybobe
1635938449|Jerry|A|Auto Erotic Assimilation/Total Rickall/Get Schwifty/Big Trouble in Little Sanchez/Principal Vagina
1635938449|Jerry|A|Auto Erotic Assimilation/Total Rickall/Get Schwifty/Big Trouble in Little Sanchez/Rick Sanchez
1635938449|Jerry|A|Auto Erotic Assimilation/Total Rickall/Get Schwifty/Big Trouble in Little Sanchez/Summer Smith
1635938449|Jerry|A|Auto Erotic Assimilation/Total Rickall/Get Schwifty/Big Trouble in Little Sanchez/Tiny Rick
1635938449|Jerry|A|Auto Erotic Assimilation/Total Rickall/Get Schwifty/Big Trouble in Little Sanchez/Vampire Master
1635938449|Jerry|A|Auto Erotic Assimilation/Total Rickall/Get Schwifty/Big Trouble in Little Sanchez/Tophat Jones
1635938449|Jerry|A|Auto Erotic Assimilation/Total Rickall/Get Schwifty/Big Trouble in Little Sanchez/Vampire Master's Assistant
1635938449|Jerry|A|Auto Erotic Assimilation/Total Rickall/Get Schwifty/Big Trouble in Little Sanchez/Zarbadar's Mytholog
1635938449|Jerry|A|Auto Erotic Assimilation/Total Rickall/Get Schwifty/Big Trouble in Little Sanchez/Mr. Goldenfold
1635938449|Jerry|A|Auto Erotic Assimilation/Total Rickall/Get Schwifty/Big Trouble in Little Sanchez/Toby Matthews
1635938449|Jerry|A|Auto Erotic Assimilation/Total Rickall/Get Schwifty/Big Trouble in Little Sanchez/Morty Smith
1635938449|Jerry|A|Auto Erotic Assimilation/Total Rickall/Get Schwifty/Big Trouble in Little Sanchez/Zarbadar Gloonch
1635938449|Jerry|A|Auto Erotic Assimilation/Total Rickall/Get Schwifty/Big Trouble in Little Sanchez/Jessica
1635938449|Jerry|A|Auto Erotic Assimilation/Total Rickall/Get Schwifty/Big Trouble in Little Sanchez/Jessica's Friend
1635938449|Jerry|A|Auto Erotic Assimilation/Total Rickall/Get Schwifty/Big Trouble in Little Sanchez/Beth's Mytholog
1635938449|Jerry|A|Auto Erotic Assimilation/Total Rickall/Get Schwifty/Big Trouble in Little Sanchez/Boobloosian
1635938449|Jerry|A|Auto Erotic Assimilation/Total Rickall/Get Schwifty/Big Trouble in Little Sanchez/Coach Feratu (Balik Alistane)
1635938449|Jerry|A|Auto Erotic Assimilation/Total Rickall/Get Schwifty/Big Trouble in Little Sanchez/Beth Smith
1635938449|Jerry|A|Auto Erotic Assimilation/Total Rickall/Get Schwifty/Big Trouble in Little Sanchez/Gar Gloonch
1635938449|Jerry|A|Auto Erotic Assimilation/Total Rickall/Get Schwifty/Big Trouble in Little Sanchez/Gar's Mytholog
1635938449|Jerry|A|Auto Erotic Assimilation/Total Rickall/Get Schwifty/Big Trouble in Little Sanchez/Glexo Slim Slom
1635938449|Jerry|A|Auto Erotic Assimilation/Total Rickall/Get Schwifty/Big Trouble in Little Sanchez/Goddess Beth
1635938449|Jerry|A|Auto Erotic Assimilation/Total Rickall/Get Schwifty/Big Trouble in Little Sanchez/Flansian
1636024849|Jerry|A|Interdimensional Cable 2: Tempting Fate/Shlaammi
1636024849|Jerry|A|Interdimensional Cable 2: Tempting Fate/Octopus Man
1636024849|Jerry|A|Interdimensional Cable 2: Tempting Fate/Phillip Jacobs
1636024849|Jerry|A|Interdimensional Cable 2: Tempting Fate/Pibbles Bodyguard
1636024849|Jerry|A|Interdimensional Cable 2: Tempting Fate/Pichael Thompson
1636024849|Jerry|A|Interdimensional Cable 2: Tempting Fate/Randy Dicknose
1636024849|Jerry|A|Interdimensional Cable 2: Tempting Fate/Rick Sanchez
1636024849|Jerry|A|Interdimensional Cable 2: Tempting Fate/Shrimply Pibbles
1636024849|Jerry|A|Interdimensional Cable 2: Tempting Fate/Traflorkian
1636024849|Jerry|A|Interdimensional Cable 2: Tempting Fate/Stealy
1636024849|Jerry|A|Interdimensional Cable 2: Tempting Fate/Summer Smith
1636024849|Jerry|A|Interdimensional Cable 2: Tempting Fate/Tax Attorney
1636024849|Jerry|A|Interdimensional Cable 2: Tempting Fate/Nano Doctor
1636024849|Jerry|A|Interdimensional Cable 2: Tempting Fate/Traflorkian Journalist
1636024849|Jerry|A|Interdimensional Cable 2: Tempting Fate/Tumblorkian
1636024849|Jerry|A|Interdimensional Cable 2: Tempting Fate/Yaarb
1636024849|Jerry|A|Interdimensional Cable 2: Tempting Fate/Yellow Headed Doctor
1636024849|Jerry|A|Interdimensional Cable 2: Tempting Fate/St. Gloopy Noops Nurse
1636024849|Jerry|A|Interdimensional Cable 2: Tempting Fate/Morty Smith
1636024849|Jerry|A|Interdimensional Cable 2: Tempting Fate/Pripudlian
1636024849|Jerry|A|Interdimensional Cable 2: Tempting Fate/Michael McLick
1636024849|Jerry|A|Interdimensional Cable 2: Tempting Fate/Michael Thompson
1636024849|Jerry|A|Interdimensional Cable 2: Tempting Fate/Arbolian Mentirososian
1636024849|Jerry|A|Interdimensional Cable 2: Tempting Fate/Arcade Alien
1636024849|Jerry|A|Interdimensional Cable 2: Tempting Fate/Bepisian
1636024849|Jerry|A|Interdimensional Cable 2: Tempting Fate/Beth Smith
1636024849|Jerry|A|Interdimensional Cable 2: Tempting Fate/Blamph
1636024849|Jerry|A|Interdimensional Cable 2: Tempting Fate/Blue Diplomat
1636024849|Jerry|A|Interdimensional Cable 2: Tempting Fate/Dr. Glip-Glop
1636024849|Jerry|A|Interdimensional Cable 2: Tempting Fate/Butthole Ice Cream Guy
1636024849|Jerry|A|Interdimensional Cable 2: Tempting Fate/Fleeb
1636024849|Jerry|A|Interdimensional Cable 2: Tempting Fate/Funny Songs Presenter
1636024849|Jerry|A|Interdimensional Cable 2: Tempting Fate/Garblovian
1636024849|Jerry|A|Interdimensional Cable 2: Tempting Fate/Hamster In Butt
1636024849|Jerry|A|Interdimensional Cable 2: Tempting Fate/Jan-Michael Vincent
1636024849|Jerry|A|Interdimensional Cable 2: Tempting Fate/Larva Alien
1636024849|Jerry|A|Interdimensional Cable 2: Tempting Fate/Little Dipper
1636024849|Jerry|A|Interdimensional Cable 2: Tempting Fate/Michael Jenkins
1636024849|Jerry|A|Interdimensional Cable 2: Tempting Fate/Eyehole Man
1636111249|Jerry|A|Interdimensional Cable 2: Tempting Fate/Look Who's Purging Now/Rick Sanchez
1636111249|Jerry|A|Interdimensional Cable 2: Tempting Fate/Look Who's Purging Now/Taddy Mason
1636111249|Jerry|A|Interdimensional Cable 2: Tempting Fate/Look Who's Purging Now/Summer Smith
1636111249|Jerry|A|Interdimensional Cable 2: Tempting Fate/Look Who's Purging Now/Purge Planet Ruler
1636111249|Jerry|A|Interdimensional Cable 2: Tempting Fate/Look Who's Purging Now/Beth Smith
1636111249|Jerry|A|Interdimensional Cable 2: Tempting Fate/Look Who's Purging Now/Lighthouse Keeper
1636111249|Jerry|A|Interdimensional Cable 2: Tempting Fate/Look Who's Purging Now/General Store Owner
1636111249|Jerry|A|Interdimensional Cable 2: Tempting Fate/Look Who's Purging Now/Arthricia
1636111249|Jerry|A|Interdimensional Cable 2: Tempting Fate/Look Who's Purging Now/Morty Smith
1636197649|Jerry|A|Interdimensional Cable 2: Tempting Fate/Look Who's Purging Now/The Wedding Squanchers/Mr. Poopybutthole
1636197649|Jerry|A|Interdimensional Cable 2: Tempting Fate/Look Who's Purging Now/The Wedding Squanchers/Pat Gueterman
1636197649|Jerry|A|Interdimensional Cable 2: Tempting Fate/Look Who's Purging Now/The Wedding Squanchers/Photography Cyborg
1636197649|Jerry|A|Interdimensional Cable 2: Tempting Fate/Look Who's Purging Now/The Wedding Squanchers/Rick Sanchez
1636197649|Jerry|A|Interdimensional Cable 2: Tempting Fate/Look Who's Purging Now/The Wedding Squanchers/Scropon
1636197649|Jerry|A|Interdimensional Cable 2: Tempting Fate/Look Who's Purging Now/The Wedding Squanchers/Scrotian
1636197649|Jerry|A|Interdimensional Cable 2: Tempting Fate/Look Who's Purging Now/The Wedding Squanchers/Summer Smith
1636197649|Jerry|A|Interdimensional Cable 2: Tempting Fate/Look Who's Purging Now/The Wedding Squanchers/Tammy Guetermann
1636197649|Jerry|A|Interdimensional Cable 2: Tempting Fate/Look Who's Purging Now/The Wedding Squanchers/Tophat Jones
1636197649|Jerry|A|Interdimensional Cable 2: Tempting Fate/Look Who's Purging Now/The Wedding Squanchers/Traflorkian
1636197649|Jerry|A|Interdimensional Cable 2: Tempting Fate/Look Who's Purging Now/The Wedding Squanchers/Wedding Bartender
1636197649|Jerry|A|Interdimensional Cable 2: Tempting Fate/Look Who's Purging Now/The Wedding Squanchers/Mr. Goldenfold
1636197649|Jerry|A|Interdimensional Cable 2: Tempting Fate/Look Who's Purging Now/The Wedding Squanchers/Squanchy
1636197649|Jerry|A|Interdimensional Cable 2: Tempting Fate/Look Who's Purging Now/The Wedding Squanchers/Morty Smith
1636197649|Jerry|A|Interdimensional Cable 2: Tempting Fate/Look Who's Purging Now/The Wedding Squanchers/Shimshamian
1636197649|Jerry|A|Interdimensional Cable 2: Tempting Fate/Look Who's Purging Now/The Wedding Squanchers/Larva Alien
1636197649|Jerry|A|Interdimensional Cable 2: Tempting Fate/Look Who's Purging Now/The Wedding Squanchers/Arbolian Mentirososian
1636197649|Jerry|A|Interdimensional Cable 2: Tempting Fate/Look Who's Purging Now/The Wedding Squanchers/Arcade Alien
1636197649|Jerry|A|Interdimensional Cable 2: Tempting Fate/Look Who's Purging Now/The Wedding Squanchers/Beth Smith
1636197649|Jerry|A|Interdimensional Cable 2: Tempting Fate/Look Who's Purging Now/The Wedding Squanchers/Boobloosian
1636197649|Jerry|A|Interdimensional Cable 2: Tempting Fate/Look Who's Purging Now/The Wedding Squanchers/Courier Flap
1636197649|Jerry|A|Interdimensional Cable 2: Tempting Fate/Look Who's Purging Now/The Wedding Squanchers/Lil B
1636197649|Jerry|A|Interdimensional Cable 2: Tempting Fate/Look Who's Purging Now/The Wedding Squanchers/Birdperson
1636197649|Jerry|A|Interdimensional Cable 2: Tempting Fate/Look Who's Purging Now/The Wedding Squanchers/Flansian
1636197649|Jerry|A|Interdimensional Cable 2: Tempting Fate/Look Who's Purging Now/The Wedding Squanchers/Galactic Federation President
1636197649|Jerry|A|Interdimensional Cable 2: Tempting Fate/Look Who's Purging Now/The Wedding Squanchers/Gar Gloonch
1636197649|Jerry|A|Interdimensional Cable 2: Tempting Fate/Look Who's Purging Now/The Wedding Squanchers/Garblovian
1636197649|Jerry|A|Interdimensional Cable 2: Tempting Fate/Look Who's Purging Now/The Wedding Squanchers/Kozbian
1636197649|Jerry|A|Interdimensional Cable 2: Tempting Fate/Look Who's Purging Now/The Wedding Squanchers/Donna Gueterman
1636284049|Jerry|A|Interdimensional Cable 2: Tempting Fate/Look Who's Purging Now/The Wedding Squanchers/The Rickshank Rickdemption/Riq IV
1636284049|Jerry|A|Interdimensional Cable 2: Tempting Fate/Look Who's Purging Now/The Wedding Squanchers/The Rickshank Rickdemption/Phoenixperson
1636284049|Jerry|A|Interdimensional Cable 2: Tempting Fate/Look Who's Purging Now/The Wedding Squanchers/The Rickshank Rickdemption/Quantum Rick
1636284049|Jerry|A|Interdimensional Cable 2: Tempting Fate/Look Who's Purging Now/The Wedding Squanchers/The Rickshank Rickdemption/Rick D-99
1636284049|Jerry|A|Interdimensional Cable 2: Tempting Fate/Look Who's Purging Now/The Wedding Squanchers/The Rickshank Rickdemption/Rick Prime
1636284049|Jerry|A|Interdimensional Cable 2: Tempting Fate/Look Who's Purging Now/The Wedding Squanchers/The Rickshank Rickdemption/Rick Sanchez
1636284049|Jerry|A|Interdimensional Cable 2: Tempting Fate/Look Who's Purging Now/The Wedding Squanchers/The Rickshank Rickdemption/Ricktiminus Sancheziminius
1636284049|Jerry|A|Interdimensional Cable 2: Tempting Fate/Look Who's Purging Now/The Wedding Squanchers/The Rickshank Rickdemption/SEAL Team Rick
1636284049|Jerry|A|Interdimensional Cable 2: Tempting Fate/Look Who's Purging Now/The Wedding Squanchers/The Rickshank Rickdemption/Yellow Shirt Rick
1636284049|Jerry|A|Interdimensional Cable 2: Tempting Fate/Look Who's Purging Now/The Wedding Squanchers/The Rickshank Rickdemption/Summer Smith
1636284049|Jerry|A|Interdimensional Cable 2: Tempting Fate/Look Who's Purging Now/The Wedding Squanchers/The Rickshank Rickdemption/Tammy Guetermann
1636284049|Jerry|A|Interdimensional Cable 2: Tempting Fate/Look Who's Purging Now/The Wedding Squanchers/The Rickshank Rickdemption/Teleportation's Responsible Rick
1636284049|Jerry|A|Interdimensional Cable 2: Tempting Fate/Look Who's Purging Now/The Wedding Squanchers/The Rickshank Rickdemption/Unknown Rick
1636284049|Jerry|A|Interdimensional Cable 2: Tempting Fate/Look Who's Purging Now/The Wedding Squanchers/The Rickshank Rickdemption/Wall Crawling Rick
1636284049|Jerry|A|Interdimensional Cable 2: Tempting Fate/Look Who's Purging Now/The Wedding Squanchers/The Rickshank Rickdemption/Mr. Goldenfold
1636284049|Jerry|A|Interdimensional Cable 2: Tempting Fate/Look Who's Purging Now/The Wedding Squanchers/The Rickshank Rickdemption/Zeta Alpha Rick
1636284049|Jerry|A|Interdimensional Cable 2: Tempting Fate/Look Who's Purging Now/The Wedding Squanchers/The Rickshank Rickdemption/Solicitor Rick
1636284049|Jerry|A|Interdimensional Cable 2: Tempting Fate/Look Who's Purging Now/The Wedding Squanchers/The Rickshank Rickdemption/Morty Smith
1636284049|Jerry|A|Interdimensional Cable 2: Tempting Fate/Look Who's Purging Now/The Wedding Squanchers/The Rickshank Rickdemption/Hammerhead Morty
1636284049|Jerry|A|Interdimensional Cable 2: Tempting Fate/Look Who's Purging Now/The Wedding Squanchers/The Rickshank Rickdemption/Maximums Rickimus
1636284049|Jerry|A|Interdimensional Cable 2: Tempting Fate/Look Who's Purging Now/The Wedding Squanchers/The Rickshank Rickdemption/Aqua Morty
1636284049|Jerry|A|Interdimensional Cable 2: Tempting Fate/Look Who's Purging Now/The Wedding Squanchers/The Rickshank Rickdemption/Aqua Rick
1636284049|Jerry|A|Interdimensional Cable 2: Tempting Fate/Look Who's Purging Now/The Wedding Squanchers/The Rickshank Rickdemption/Beth Smith
1636284049|Jerry|A|Interdimensional Cable 2: Tempting Fate/Look Who's Purging Now/The Wedding Squanchers/The Rickshank Rickdemption/Big Head Morty
1636284049|Jerry|A|Interdimensional Cable 2: Tempting Fate/Look Who's Purging Now/The Wedding Squanchers/The Rickshank Rickdemption/Birdperson
1636284049|Jerry|A|Interdimensional Cable 2: Tempting Fate/Look Who's Purging Now/The Wedding Squanchers/The Rickshank Rickdemption/Morty Rick
1636284049|Jerry|A|Interdimensional Cable 2: Tempting Fate/Look Who's Purging Now/The Wedding Squanchers/The Rickshank Rickdemption/Borpocian
1636284049|Jerry|A|Interdimensional Cable 2: Tempting Fate/Look Who's Purging Now/The Wedding Squanchers/The Rickshank Rickdemption/Commander Rick
1636284049|Jerry|A|Interdimensional Cable 2: Tempting Fate/Look Who's Purging Now/The Wedding Squanchers/The Rickshank Rickdemption/Black Rick
1636284049|Jerry|A|Interdimensional Cable 2: Tempting Fate/Look Who's Purging Now/The Wedding Squanchers/The Rickshank Rickdemption/Conroy
1636284049|Jerry|A|Interdimensional Cable 2: Tempting Fate/Look Who's Purging Now/The Wedding Squanchers/The Rickshank Rickdemption/Cornvelious Daniel
1636284049|Jerry|A|Interdimensional Cable 2: Tempting Fate/Look Who's Purging Now/The Wedding Squanchers/The Rickshank Rickdemption/Cyclops Rick
1636284049|Jerry|A|Interdimensional Cable 2: Tempting Fate/Look Who's Purging Now/The Wedding Squanchers/The Rickshank Rickdemption/Diane Sanchez
1636284049|Jerry|A|Interdimensional Cable 2: Tempting Fate/Look Who's Purging Now/The Wedding Squanchers/The Rickshank Rickdemption/Dipper and Mabel Mortys
1636284049|Jerry|A|Interdimensional Cable 2: Tempting Fate/Look Who's Purging Now/The Wedding Squanchers/The Rickshank Rickdemption/Doofus Rick
1636284049|Jerry|A|Interdimensional Cable 2: Tempting Fate/Look Who's Purging Now/The Wedding Squanchers/The Rickshank Rickdemption/Lawyer Morty
1636284049|Jerry|A|Interdimensional Cable 2: Tempting Fate/Look Who's Purging Now/The Wedding Squanchers/The Rickshank Rickdemption/Communication's Responsible Rick
1636370449|Jerry|A|Rickmancing the Stone/Mechanical Summer
1636370449|Jerry|A|Rickmancing the Stone/Taint Washer
1636370449|Jerry|A|Rickmancing the Stone/Summer Smith
1636370449|Jerry|A|Rickmancing the Stone/Slaveowner
1636370449|Jerry|A|Rickmancing the Stone/Rick Sanchez
1636370449|Jerry|A|Rickmancing the Stone/Morty Smith
1636370449|Jerry|A|Rickmancing the Stone/Mohawk Guy
1636370449|Jerry|A|Rickmancing the Stone/Mechanical Rick
1636370449|Jerry|A|Rickmancing the Stone/Eli's Girlfriend
1636370449|Jerry|A|Rickmancing the Stone/Hemorrhage
1636370449|Jerry|A|Rickmancing the Stone/Genital Washer
1636370449|Jerry|A|Rickmancing the Stone/Mechanical Morty
1636370449|Jerry|A|Rickmancing the Stone/Eli
1636370449|Jerry|A|Rickmancing the Stone/Colossus
1636370449|Jerry|A|Rickmancing the Stone/Blue Footprint Guy
1636370449|Jerry|A|Rickmancing the Stone/Beth Smith
1636370449|Jerry|A|Rickmancing the Stone/Armothy
1636456849|Jerry|A|Rickmancing the Stone/The Whirly Dirly Conspiracy/Tusked Assassin
1636456849|Jerry|A|Rickmancing the Stone/The Whirly Dirly Conspiracy/Tricia Lange
1636456849|Jerry|A|Rickmancing the Stone/The Whirly Dirly Conspiracy/Summer Smith
1636456849|Jerry|A|Rickmancing the Stone/The Whirly Dirly Conspiracy/Shnoopy Bloopers
1636456849|Jerry|A|Rickmancing the Stone/The Whirly Dirly Conspiracy/Shmooglite Runner
1636456849|Jerry|A|Rickmancing the Stone/The Whirly Dirly Conspiracy/Risotto's Tentacled Henchman
1636456849|Jerry|A|Rickmancing the Stone/The Whirly Dirly Conspiracy/Risotto Groupon
1636456849|Jerry|A|Rickmancing the Stone/The Whirly Dirly Conspiracy/Rick Sanchez
1636456849|Jerry|A|Rickmancing the Stone/The Whirly Dirly Conspiracy/Morty Smith
1636456849|Jerry|A|Rickmancing the Stone/The Whirly Dirly Conspiracy/Arcade Alien
1636456849|Jerry|A|Rickmancing the Stone/The Whirly Dirly Conspiracy/Lisa
1636456849|Jerry|A|Rickmancing the Stone/The Whirly Dirly Conspiracy/Jessica
1636456849|Jerry|A|Rickmancing the Stone/The Whirly Dirly Conspiracy/Gibble Snake
1636456849|Jerry|A|Rickmancing the Stone/The Whirly Dirly Conspiracy/Gene
1636456849|Jerry|A|Rickmancing the Stone/The Whirly Dirly Conspiracy/Ethan
1636456849|Jerry|A|Rickmancing the Stone/The Whirly Dirly Conspiracy/Birdperson
1636456849|Jerry|A|Rickmancing the Stone/The Whirly Dirly Conspiracy/Beth Smith
1636456849|Jerry|A|Rickmancing the Stone/The Whirly Dirly Conspiracy/Morphizer-XE Customer Support
1636543249|Jerry|A|Rickmancing the Stone/The Whirly Dirly Conspiracy/Morty's Mind Blowers/Principal Vagina
1636543249|Jerry|A|Rickmancing the Stone/The Whirly Dirly Conspiracy/Morty's Mind Blowers/Rick Sanchez
1636543249|Jerry|A|Rickmancing the Stone/The Whirly Dirly Conspiracy/Morty's Mind Blowers/Snuffles (Snowball)
1636543249|Jerry|A|Rickmancing the Stone/The Whirly Dirly Conspiracy/Morty's Mind Blowers/Nancy
1636543249|Jerry|A|Rickmancing the Stone/The Whirly Dirly Conspiracy/Morty's Mind Blowers/Truth Tortoise
1636543249|Jerry|A|Rickmancing the Stone/The Whirly Dirly Conspiracy/Morty's Mind Blowers/Voltematron
1636543249|Jerry|A|Rickmancing the Stone/The Whirly Dirly Conspiracy/Morty's Mind Blowers/Zick Zack
1636543249|Jerry|A|Rickmancing the Stone/The Whirly Dirly Conspiracy/Morty's Mind Blowers/Summer Smith
1636543249|Jerry|A|Rickmancing the Stone/The Whirly Dirly Conspiracy/Morty's Mind Blowers/Mr. Poopybutthole
1636543249|Jerry|A|Rickmancing the Stone/The Whirly Dirly Conspiracy/Morty's Mind Blowers/Beebo
1636543249|Jerry|A|Rickmancing the Stone/The Whirly Dirly Conspiracy/Morty's Mind Blowers/Morty Smith
1636543249|Jerry|A|Rickmancing the Stone/The Whirly Dirly Conspiracy/Morty's Mind Blowers/Jessica
1636543249|Jerry|A|Rickmancing the Stone/The Whirly Dirly Conspiracy/Morty's Mind Blowers/Gordon Lunas
1636543249|Jerry|A|Rickmancing the Stone/The Whirly Dirly Conspiracy/Morty's Mind Blowers/Gobo
1636543249|Jerry|A|Rickmancing the Stone/The Whirly Dirly Conspiracy/Morty's Mind Blowers/Dr. Eleanor Arroway
1636543249|Jerry|A|Rickmancing the Stone/The Whirly Dirly Conspiracy/Morty's Mind Blowers/Collector
1636543249|Jerry|A|Rickmancing the Stone/The Whirly Dirly Conspiracy/Morty's Mind Blowers/Chang
1636543249|Jerry|A|Rickmancing the Stone/The Whirly Dirly Conspiracy/Morty's Mind Blowers/Beth Smith
1636543249|Jerry|A|Rickmancing the Stone/The Whirly Dirly Conspiracy/Morty's Mind Blowers/Mr. Meeseeks
1636629649|Jerry|A|Rickmancing the Stone/The Whirly Dirly Conspiracy/Morty's Mind Blowers/The ABC's of Beth/Rick Sanchez
1636629649|Jerry|A|Rickmancing the Stone/The Whirly Dirly Conspiracy/Morty's Mind Blowers/The ABC's of Beth/Snuffles (Snowball)
1636629649|Jerry|A|Rickmancing the Stone/The Whirly Dirly Conspiracy/Morty's Mind Blowers/The ABC's of Beth/Varrix
1636629649|Jerry|A|Rickmancing the Stone/The Whirly Dirly Conspiracy/Morty's Mind Blowers/The ABC's of Beth/Mrs. Sanchez
1636629649|Jerry|A|Rickmancing the Stone/The Whirly Dirly Conspiracy/Morty's Mind Blowers/The ABC's of Beth/Tommy's Clone
1636629649|Jerry|A|Rickmancing the Stone/The Whirly Dirly Conspiracy/Morty's Mind Blowers/The ABC's of Beth/Trandor
1636629649|Jerry|A|Rickmancing the Stone/The Whirly Dirly Conspiracy/Morty's Mind Blowers/The ABC's of Beth/Thomas Lipkip
1636629649|Jerry|A|Rickmancing the Stone/The Whirly Dirly Conspiracy/Morty's Mind Blowers/The ABC's of Beth/Mrs. Lipkip
1636629649|Jerry|A|Rickmancing the Stone/The Whirly Dirly Conspiracy/Morty's Mind Blowers/The ABC's of Beth/Summer Smith
1636629649|Jerry|A|Rickmancing the Stone/The Whirly Dirly Conspiracy/Morty's Mind Blowers/The ABC's of Beth/Mr. Goldenfold
1636629649|Jerry|A|Rickmancing the Stone/The Whirly Dirly Conspiracy/Morty's Mind Blowers/The ABC's of Beth/Morty Smith
1636629649|Jerry|A|Rickmancing the Stone/The Whirly Dirly Conspiracy/Morty's Mind Blowers/The ABC's of Beth/Keara
1636629649|Jerry|A|Rickmancing the Stone/The Whirly Dirly Conspiracy/Morty's Mind Blowers/The ABC's of Beth/Joseph Eli Lipkip
1636629649|Jerry|A|Rickmancing the Stone/The Whirly Dirly Conspiracy/Morty's Mind Blowers/The ABC's of Beth/Jessica
1636629649|Jerry|A|Rickmancing the Stone/The Whirly Dirly Conspiracy/Morty's Mind Blowers/The ABC's of Beth/Brad
1636629649|Jerry|A|Rickmancing the Stone/The Whirly Dirly Conspiracy/Morty's Mind Blowers/The ABC's of Beth/Beth Smith
1636629649|Jerry|A|Rickmancing the Stone/The Whirly Dirly Conspiracy/Morty's Mind Blowers/The ABC's of Beth/Mr. Poopybutthole
1636716049|Jerry|A|The Rickchurian Mortydate/Summer Smith
1636716049|Jerry|A|The Rickchurian Mortydate/Steve
1636716049|Jerry|A|The Rickchurian Mortydate/Rick Sanchez
1636716049|Jerry|A|The Rickchurian Mortydate/Presidentress of The Mega Gargantuans
1636716049|Jerry|A|The Rickchurian Mortydate/President Curtis
1636716049|Jerry|A|The Rickchurian Mortydate/Mr. Poopybutthole
1636716049|Jerry|A|The Rickchurian Mortydate/Secretary of the Interior
1636716049|Jerry|A|The Rickchurian Mortydate/Invisi-trooper
1636716049|Jerry|A|The Rickchurian Mortydate/Beth Smith
1636716049|Jerry|A|The Rickchurian Mortydate/Baby Poopybutthole
1636716049|Jerry|A|The Rickchurian Mortydate/Amy Poopybutthole
1636716049|Jerry|A|The Rickchurian Mortydate/Alien Googah
1636716049|Jerry|A|The Rickchurian Mortydate/Morty Smith
1636802449|Jerry|A|The Rickchurian Mortydate/Edge of Tomorty: Rick, Die, Rickpeat/Jessica
1636802449|Jerry|A|The Rickchurian Mortydate/Edge of Tomorty: Rick, Die, Rickpeat/Judge
1636802449|Jerry|A|The Rickchurian Mortydate/Edge of Tomorty: Rick, Die, Rickpeat/Kirkland Brand Mr. Meeseeks
1636802449|Jerry|A|The Rickchurian Mortydate/Edge of Tomorty: Rick, Die, Rickpeat/Morty Smith
1636802449|Jerry|A|The Rickchurian Mortydate/Edge of Tomorty: Rick, Die, Rickpeat/Mortys Lawyer
1636802449|Jerry|A|The Rickchurian Mortydate/Edge of Tomorty: Rick, Die, Rickpeat/Mr. Meeseeks
1636802449|Jerry|A|The Rickchurian Mortydate/Edge of Tomorty: Rick, Die, Rickpeat/Public Opinion Judge
1636802449|Jerry|A|The Rickchurian Mortydate/Edge of Tomorty: Rick, Die, Rickpeat/Summer Smith
1636802449|Jerry|A|The Rickchurian Mortydate/Edge of Tomorty: Rick, Die, Rickpeat/Rick Sanchez
1636802449|Jerry|A|The Rickchurian Mortydate/Edge of Tomorty: Rick, Die, Rickpeat/Wasp Beth
1636802449|Jerry|A|The Rickchurian Mortydate/Edge of Tomorty: Rick, Die, Rickpeat/Wasp Morty
1636802449|Jerry|A|The Rickchurian Mortydate/Edge of Tomorty: Rick, Die, Rickpeat/Wasp Rick
1636802449|Jerry|A|The Rickchurian Mortydate/Edge of Tomorty: Rick, Die, Rickpeat/Wasp Ricks Clone
1636802449|Jerry|A|The Rickchurian Mortydate/Edge of Tomorty: Rick, Die, Rickpeat/Wasp Summer
1636802449|Jerry|A|The Rickchurian Mortydate/Edge of Tomorty: Rick, Die, Rickpeat/Hologram Rick
1636802449|Jerry|A|The Rickchurian Mortydate/Edge of Tomorty: Rick, Die, Rickpeat/Revolio Clockberg Jr.
1636802449|Jerry|A|The Rickchurian Mortydate/Edge of Tomorty: Rick, Die, Rickpeat/Fascist Teddy Bear Ricks Clone
1636802449|Jerry|A|The Rickchurian Mortydate/Edge of Tomorty: Rick, Die, Rickpeat/Fascist Ricks Clone
1636802449|Jerry|A|The Rickchurian Mortydate/Edge of Tomorty: Rick, Die, Rickpeat/Fascist Shrimp SS
1636802449|Jerry|A|The Rickchurian Mortydate/Edge of Tomorty: Rick, Die, Rickpeat/Anchorman
1636802449|Jerry|A|The Rickchurian Mortydate/Edge of Tomorty: Rick, Die, Rickpeat/Anchorwoman
1636802449|Jerry|A|The Rickchurian Mortydate/Edge of Tomorty: Rick, Die, Rickpeat/Fascist Teddy Bear Rick
1636802449|Jerry|A|The Rickchurian Mortydate/Edge of Tomorty: Rick, Die, Rickpeat/Boglin
1636802449|Jerry|A|The Rickchurian Mortydate/Edge of Tomorty: Rick, Die, Rickpeat/Bully
1636802449|Jerry|A|The Rickchurian Mortydate/Edge of Tomorty: Rick, Die, Rickpeat/Caterpillar Mr. Goldenfold
1636802449|Jerry|A|The Rickchurian Mortydate/Edge of Tomorty: Rick, Die, Rickpeat/Caterpillar Mr. Goldenfolds Larvae
1636802449|Jerry|A|The Rickchurian Mortydate/Edge of Tomorty: Rick, Die, Rickpeat/Beth Smith
1636802449|Jerry|A|The Rickchurian Mortydate/Edge of Tomorty: Rick, Die, Rickpeat/Fascist Morty
1636802449|Jerry|A|The Rickchurian Mortydate/Edge of Tomorty: Rick, Die, Rickpeat/Fascist Mr. President
1636802449|Jerry|A|The Rickchurian Mortydate/Edge of Tomorty: Rick, Die, Rickpeat/Fascist Rick
1636802449|Jerry|A|The Rickchurian Mortydate/Edge of Tomorty: Rick, Die, Rickpeat/Fascist Shrimp Morty
1636802449|Jerry|A|The Rickchurian Mortydate/Edge of Tomorty: Rick, Die, Rickpeat/Fascist Shrimp Rick
1636802449|Jerry|A|The Rickchurian Mortydate/Edge of Tomorty: Rick, Die, Rickpeat/Fascist Shrimp Ricks Clone
1636802449|Jerry|A|The Rickchurian Mortydate/Edge of Tomorty: Rick, Die, Rickpeat/Crystal Poacher
1636888849|Jerry|A|The Rickchurian Mortydate/Edge of Tomorty: Rick, Die, Rickpeat/The Old Man and the Seat/Richard
1636888849|Jerry|A|The Rickchurian Mortydate/Edge of Tomorty: Rick, Die, Rickpeat/The Old Man and the Seat/Rick Sanchez
1636888849|Jerry|A|The Rickchurian Mortydate/Edge of Tomorty: Rick, Die, Rickpeat/The Old Man and the Seat/Running Bird
1636888849|Jerry|A|The Rickchurian Mortydate/Edge of Tomorty: Rick, Die, Rickpeat/The Old Man and the Seat/Vermigurber
1636888849|Jerry|A|The Rickchurian Mortydate/Edge of Tomorty: Rick, Die, Rickpeat/The Old Man and the Seat/Tony's Dad
1636888849|Jerry|A|The Rickchurian Mortydate/Edge of Tomorty: Rick, Die, Rickpeat/The Old Man and the Seat/Summer Smith
1636888849|Jerry|A|The Rickchurian Mortydate/Edge of Tomorty: Rick, Die, Rickpeat/The Old Man and the Seat/Tony
1636888849|Jerry|A|The Rickchurian Mortydate/Edge of Tomorty: Rick, Die, Rickpeat/The Old Man and the Seat/Tonys Wife
1636888849|Jerry|A|The Rickchurian Mortydate/Edge of Tomorty: Rick, Die, Rickpeat/The Old Man and the Seat/Priest Witherspoon
1636888849|Jerry|A|The Rickchurian Mortydate/Edge of Tomorty: Rick, Die, Rickpeat/The Old Man and the Seat/Secretary at Tony's
1636888849|Jerry|A|The Rickchurian Mortydate/Edge of Tomorty: Rick, Die, Rickpeat/The Old Man and the Seat/Mothership Intern
1636888849|Jerry|A|The Rickchurian Mortydate/Edge of Tomorty: Rick, Die, Rickpeat/The Old Man and the Seat/Josiah
1636888849|Jerry|A|The Rickchurian Mortydate/Edge of Tomorty: Rick, Die, Rickpeat/The Old Man and the Seat/Monogatron Queen
1636888849|Jerry|A|The Rickchurian Mortydate/Edge of Tomorty: Rick, Die, Rickpeat/The Old Man and the Seat/Monogatron Leader
1636888849|Jerry|A|The Rickchurian Mortydate/Edge of Tomorty: Rick, Die, Rickpeat/The Old Man and the Seat/Maggie
1636888849|Jerry|A|The Rickchurian Mortydate/Edge of Tomorty: Rick, Die, Rickpeat/The Old Man and the Seat/Lizard
1636888849|Jerry|A|The Rickchurian Mortydate/Edge of Tomorty: Rick, Die, Rickpeat/The Old Man and the Seat/Jeff
1636888849|Jerry|A|The Rickchurian Mortydate/Edge of Tomorty: Rick, Die, Rickpeat/The Old Man and the Seat/Glootie
1636888849|Jerry|A|The Rickchurian Mortydate/Edge of Tomorty: Rick, Die, Rickpeat/The Old Man and the Seat/Deliverance
1636888849|Jerry|A|The Rickchurian Mortydate/Edge of Tomorty: Rick, Die, Rickpeat/The Old Man and the Seat/Danny Publitz
1636888849|Jerry|A|The Rickchurian Mortydate/Edge of Tomorty: Rick, Die, Rickpeat/The Old Man and the Seat/Beth Smith
1636888849|Jerry|A|The Rickchurian Mortydate/Edge of Tomorty: Rick, Die, Rickpeat/The Old Man and the Seat/Morty Smith
1636975249|Jerry|A|The Rickchurian Mortydate/Edge of Tomorty: Rick, Die, Rickpeat/The Old Man and the Seat/Claw and Hoarder: Special Ricktim's Morty/The Wizard
1636975249|Jerry|A|The Rickchurian Mortydate/Edge of Tomorty: Rick, Die, Rickpeat/The Old Man and the Seat/Claw and Hoarder: Special Ricktim's Morty/Talking Cat
1636975249|Jerry|A|The Rickchurian Mortydate/Edge of Tomorty: Rick, Die, Rickpeat/The Old Man and the Seat/Claw and Hoarder: Special Ricktim's Morty/Summer Smith
1636975249|Jerry|A|The Rickchurian Mortydate/Edge of Tomorty: Rick, Die, Rickpeat/The Old Man and the Seat/Claw and Hoarder: Special Ricktim's Morty/Slut Dragon
1636975249|Jerry|A|The Rickchurian Mortydate/Edge of Tomorty: Rick, Die, Rickpeat/The Old Man and the Seat/Claw and Hoarder: Special Ricktim's Morty/Shadow Jacker
1636975249|Jerry|A|The Rickchurian Mortydate/Edge of Tomorty: Rick, Die, Rickpeat/The Old Man and the Seat/Claw and Hoarder: Special Ricktim's Morty/Morty Smith
1636975249|Jerry|A|The Rickchurian Mortydate/Edge of Tomorty: Rick, Die, Rickpeat/The Old Man and the Seat/Claw and Hoarder: Special Ricktim's Morty/Rick Sanchez
1636975249|Jerry|A|The Rickchurian Mortydate/Edge of Tomorty: Rick, Die, Rickpeat/The Old Man and the Seat/Claw and Hoarder: Special Ricktim's Morty/Debrahs Partner
1636975249|Jerry|A|The Rickchurian Mortydate/Edge of Tomorty: Rick, Die, Rickpeat/The Old Man and the Seat/Claw and Hoarder: Special Ricktim's Morty/Debrah
1636975249|Jerry|A|The Rickchurian Mortydate/Edge of Tomorty: Rick, Die, Rickpeat/The Old Man and the Seat/Claw and Hoarder: Special Ricktim's Morty/Chachi
1636975249|Jerry|A|The Rickchurian Mortydate/Edge of Tomorty: Rick, Die, Rickpeat/The Old Man and the Seat/Claw and Hoarder: Special Ricktim's Morty/Beth Smith
1636975249|Jerry|A|The Rickchurian Mortydate/Edge of Tomorty: Rick, Die, Rickpeat/The Old Man and the Seat/Claw and Hoarder: Special Ricktim's Morty/Balthromaw
1636975249|Jerry|A|The Rickchurian Mortydate/Edge of Tomorty: Rick, Die, Rickpeat/The Old Man and the Seat/Claw and Hoarder: Special Ricktim's Morty/Michael
1637061649|Jerry|A|Rattlestar Ricklactica/Shleemypants
1637061649|Jerry|A|Rattlestar Ricklactica/Slippy
1637061649|Jerry|A|Rattlestar Ricklactica/Snake Hitler
1637061649|Jerry|A|Rattlestar Ricklactica/Snake Lincoln
1637061649|Jerry|A|Rattlestar Ricklactica/Snake Linguist
1637061649|Jerry|A|Rattlestar Ricklactica/Snake Reporter
1637061649|Jerry|A|Rattlestar Ricklactica/Tricia Lange
1637061649|Jerry|A|Rattlestar Ricklactica/Snake Soldier
1637061649|Jerry|A|Rattlestar Ricklactica/Snake Terminator
1637061649|Jerry|A|Rattlestar Ricklactica/Snake with Legs
1637061649|Jerry|A|Rattlestar Ricklactica/Summer Smith
1637061649|Jerry|A|Rattlestar Ricklactica/Snake Resistance Robot
1637061649|Jerry|A|Rattlestar Ricklactica/Secret Service Snake
1637061649|Jerry|A|Rattlestar Ricklactica/Bartender
1637061649|Jerry|A|Rattlestar Ricklactica/Rick Sanchez
1637061649|Jerry|A|Rattlestar Ricklactica/80's snake
1637061649|Jerry|A|Rattlestar Ricklactica/Anchosnake
1637061649|Jerry|A|Rattlestar Ricklactica/Robot Snake
1637061649|Jerry|A|Rattlestar Ricklactica/Beth Smith
1637061649|Jerry|A|Rattlestar Ricklactica/Cavesnake
1637061649|Jerry|A|Rattlestar Ricklactica/Bar Customer
1637061649|Jerry|A|Rattlestar Ricklactica/Morty Smith
1637061649|Jerry|A|Rattlestar Ricklactica/Nancy
1637061649|Jerry|A|Rattlestar Ricklactica/PC Basketball Player
1637061649|Jerry|A|Rattlestar Ricklactica/Pet Shop Employee
1637061649|Jerry|A|Rattlestar Ricklactica/High Pilot
1637148049|Jerry|A|Rattlestar Ricklactica/Promortyus/Troy
1637148049|Jerry|A|Rattlestar Ricklactica/Promortyus/Tricia Lange
1637148049|Jerry|A|Rattlestar Ricklactica/Promortyus/Summer Smith
1637148049|Jerry|A|Rattlestar Ricklactica/Promortyus/Steve
1637148049|Jerry|A|Rattlestar Ricklactica/Promortyus/Rick Sanchez
1637148049|Jerry|A|Rattlestar Ricklactica/Promortyus/Shane
1637148049|Jerry|A|Rattlestar Ricklactica/Promortyus/Morty Smith
1637148049|Jerry|A|Rattlestar Ricklactica/Promortyus/Angry Glorzo
1637148049|Jerry|A|Rattlestar Ricklactica/Promortyus/Beth Smith
1637148049|Jerry|A|Rattlestar Ricklactica/Promortyus/Old Glorzo
1637148049|Jerry|A|Rattlestar Ricklactica/Promortyus/Council of Glorzos Member
1637148049|Jerry|A|Rattlestar Ricklactica/Promortyus/Bruce
1637234449|Jerry|A|Rattlestar Ricklactica/Promortyus/The Vat of Acid Episode/Summer Smith
1637234449|Jerry|A|Rattlestar Ricklactica/Promortyus/The Vat of Acid Episode/Sonia Sotomayor
1637234449|Jerry|A|Rattlestar Ricklactica/Promortyus/The Vat of Acid Episode/SWAT Officer
1637234449|Jerry|A|Rattlestar Ricklactica/Promortyus/The Vat of Acid Episode/Rick Sanchez
1637234449|Jerry|A|Rattlestar Ricklactica/Promortyus/The Vat of Acid Episode/Plane Crash Survivor
1637234449|Jerry|A|Rattlestar Ricklactica/Promortyus/The Vat of Acid Episode/Mr. Goldenfold
1637234449|Jerry|A|Rattlestar Ricklactica/Promortyus/The Vat of Acid Episode/Mortys Mother-in-law
1637234449|Jerry|A|Rattlestar Ricklactica/Promortyus/The Vat of Acid Episode/Mortys Father-in-law
1637234449|Jerry|A|Rattlestar Ricklactica/Promortyus/The Vat of Acid Episode/Mortys Girlfriend
1637234449|Jerry|A|Rattlestar Ricklactica/Promortyus/The Vat of Acid Episode/Johnny Carson
1637234449|Jerry|A|Rattlestar Ricklactica/Promortyus/The Vat of Acid Episode/Jessica
1637234449|Jerry|A|Rattlestar Ricklactica/Promortyus/The Vat of Acid Episode/Impervious to Acid SWAT Officer
1637234449|Jerry|A|Rattlestar Ricklactica/Promortyus/The Vat of Acid Episode/Heroine Keith
1637234449|Jerry|A|Rattlestar Ricklactica/Promortyus/The Vat of Acid Episode/Crystal Dealers Boss
1637234449|Jerry|A|Rattlestar Ricklactica/Promortyus/The Vat of Acid Episode/Crystal Dealer
1637234449|Jerry|A|Rattlestar Ricklactica/Promortyus/The Vat of Acid Episode/Beth Smith
1637234449|Jerry|A|Rattlestar Ricklactica/Promortyus/The Vat of Acid Episode/Morty Smith
1637320849|Jerry|A|Rattlestar Ricklactica/Promortyus/The Vat of Acid Episode/Childrick of Mort/Squeeb
1637320849|Jerry|A|Rattlestar Ricklactica/Promortyus/The Vat of Acid Episode/Childrick of Mort/Ticktock
1637320849|Jerry|A|Rattlestar Ricklactica/Promortyus/The Vat of Acid Episode/Childrick of Mort/Summer Smith
1637320849|Jerry|A|Rattlestar Ricklactica/Promortyus/The Vat of Acid Episode/Childrick of Mort/Rick Sanchez
1637320849|Jerry|A|Rattlestar Ricklactica/Promortyus/The Vat of Acid Episode/Childrick of Mort/Reggie
1637320849|Jerry|A|Rattlestar Ricklactica/Promortyus/The Vat of Acid Episode/Childrick of Mort/Morty Smith
1637320849|Jerry|A|Rattlestar Ricklactica/Promortyus/The Vat of Acid Episode/Childrick of Mort/Gaia
1637320849|Jerry|A|Rattlestar Ricklactica/Promortyus/The Vat of Acid Episode/Childrick of Mort/Florflock
1637320849|Jerry|A|Rattlestar Ricklactica/Promortyus/The Vat of Acid Episode/Childrick of Mort/Beth Smith
1637407249|Jerry|A|Star Mort: Rickturn of the Jerri/Tammy Guetermann
1637407249|Jerry|A|Star Mort: Rickturn of the Jerri/Summer Smith
1637407249|Jerry|A|Star Mort: Rickturn of the Jerri/Rick Sanchez
1637407249|Jerry|A|Star Mort: Rickturn of the Jerri/New Improved Galactic Federation Guard
1637407249|Jerry|A|Star Mort: Rickturn of the Jerri/Morty Smith
1637407249|Jerry|A|Star Mort: Rickturn of the Jerri/Phoenixperson
1637407249|Jerry|A|Star Mort: Rickturn of the Jerri/Defiance Squanchette
1637407249|Jerry|A|Star Mort: Rickturn of the Jerri/Defiance Doctor
1637407249|Jerry|A|Star Mort: Rickturn of the Jerri/Defiance Beth
1637407249|Jerry|A|Star Mort: Rickturn of the Jerri/Beth Smith
1637407249|Jerry|A|Star Mort: Rickturn of the Jerri/Dr. Wong
1637493649|Jerry|A|Star Mort: Rickturn of the Jerri/Mort Dinner Rick Andre/Japheth's Middle Son
1637493649|Jerry|A|Star Mort: Rickturn of the Jerri/Mort Dinner Rick Andre/Warlock
1637493649|Jerry|A|Star Mort: Rickturn of the Jerri/Mort Dinner Rick Andre/Rick Sanchez
1637493649|Jerry|A|Star Mort: Rickturn of the Jerri/Mort Dinner Rick Andre/Mr. Nimbus Secretary
1637493649|Jerry|A|Star Mort: Rickturn of the Jerri/Mort Dinner Rick Andre/Mr. Nimbus
1637493649|Jerry|A|Star Mort: Rickturn of the Jerri/Mort Dinner Rick Andre/Morty Smith
1637493649|Jerry|A|Star Mort: Rickturn of the Jerri/Mort Dinner Rick Andre/Jessica
1637493649|Jerry|A|Star Mort: Rickturn of the Jerri/Mort Dinner Rick Andre/Japheth's Youngest Son
1637493649|Jerry|A|Star Mort: Rickturn of the Jerri/Mort Dinner Rick Andre/Japheth's Grandson
1637493649|Jerry|A|Star Mort: Rickturn of the Jerri/Mort Dinner Rick Andre/Summer Smith
1637493649|Jerry|A|Star Mort: Rickturn of the Jerri/Mort Dinner Rick Andre/Japheth
1637493649|Jerry|A|Star Mort: Rickturn of the Jerri/Mort Dinner Rick Andre/Japheth's Eldest Son
1637493649|Jerry|A|Star Mort: Rickturn of the Jerri/Mort Dinner Rick Andre/Adam
1637493649|Jerry|A|Star Mort: Rickturn of the Jerri/Mort Dinner Rick Andre/Adam's Mother
1637493649|Jerry|A|Star Mort: Rickturn of the Jerri/Mort Dinner Rick Andre/Beth Smith
1637493649|Jerry|A|Star Mort: Rickturn of the Jerri/Mort Dinner Rick Andre/Mr. Nimbus' Squid
1637493649|Jerry|A|Star Mort: Rickturn of the Jerri/Mort Dinner Rick Andre/Evolved Narnian
1637493649|Jerry|A|Star Mort: Rickturn of the Jerri/Mort Dinner Rick Andre/Evolved Narnian Disguised as Morty
1637493649|Jerry|A|Star Mort: Rickturn of the Jerri/Mort Dinner Rick Andre/Bova
1637493649|Jerry|A|Star Mort: Rickturn of the Jerri/Mort Dinner Rick Andre/Hoovy
1637580049|Jerry|A|Star Mort: Rickturn of the Jerri/Mort Dinner Rick Andre/Mortyplicity/Too Cute to Murder Summer
1637580049|Jerry|A|Star Mort: Rickturn of the Jerri/Mort Dinner Rick Andre/Mortyplicity/Squid Costume Morty
1637580049|Jerry|A|Star Mort: Rickturn of the Jerri/Mort Dinner Rick Andre/Mortyplicity/Squid Costume Rick
1637580049|Jerry|A|Star Mort: Rickturn of the Jerri/Mort Dinner Rick Andre/Mortyplicity/Squid Costume Summer
1637580049|Jerry|A|Star Mort: Rickturn of the Jerri/Mort Dinner Rick Andre/Mortyplicity/Steve
1637580049|Jerry|A|Star Mort: Rickturn of the Jerri/Mort Dinner Rick Andre/Mortyplicity/Summer Smith
1637580049|Jerry|A|Star Mort: Rickturn of the Jerri/Mort Dinner Rick Andre/Mortyplicity/Too Cute to Murder Rick
1637580049|Jerry|A|Star Mort: Rickturn of the Jerri/Mort Dinner Rick Andre/Mortyplicity/Squid Costume Beth
1637580049|Jerry|A|Star Mort: Rickturn of the Jerri/Mort Dinner Rick Andre/Mortyplicity/When Wolf
1637580049|Jerry|A|Star Mort: Rickturn of the Jerri/Mort Dinner Rick Andre/Mortyplicity/Wicker Beth
1637580049|Jerry|A|Star Mort: Rickturn of the Jerri/Mort Dinner Rick Andre/Mortyplicity/Wicker Morty
1637580049|Jerry|A|Star Mort: Rickturn of the Jerri/Mort Dinner Rick Andre/Mortyplicity/Wicker Rick
1637580049|Jerry|A|Star Mort: Rickturn of the Jerri/Mort Dinner Rick Andre/Mortyplicity/Wicker Summer
1637580049|Jerry|A|Star Mort: Rickturn of the Jerri/Mort Dinner Rick Andre/Mortyplicity/Too Cute to Murder Morty
1637580049|Jerry|A|Star Mort: Rickturn of the Jerri/Mort Dinner Rick Andre/Mortyplicity/Scarecrow Summer
1637580049|Jerry|A|Star Mort: Rickturn of the Jerri/Mort Dinner Rick Andre/Mortyplicity/Too Cute to Murder Beth
1637580049|Jerry|A|Star Mort: Rickturn of the Jerri/Mort Dinner Rick Andre/Mortyplicity/Scarecrow Morty
1637580049|Jerry|A|Star Mort: Rickturn of the Jerri/Mort Dinner Rick Andre/Mortyplicity/Scarecrow Rick
1637580049|Jerry|A|Star Mort: Rickturn of the Jerri/Mort Dinner Rick Andre/Mortyplicity/Beth Smith
1637580049|Jerry|A|Star Mort: Rickturn of the Jerri/Mort Dinner Rick Andre/Mortyplicity/Defiance Beth
1637580049|Jerry|A|Star Mort: Rickturn of the Jerri/Mort Dinner Rick Andre/Mortyplicity/Dracula
1637580049|Jerry|A|Star Mort: Rickturn of the Jerri/Mort Dinner Rick Andre/Mortyplicity/Glockenspiel Morty
1637580049|Jerry|A|Star Mort: Rickturn of the Jerri/Mort Dinner Rick Andre/Mortyplicity/Glockenspiel Rick
1637580049|Jerry|A|Star Mort: Rickturn of the Jerri/Mort Dinner Rick Andre/Mortyplicity/Glockenspiel Summer
1637580049|Jerry|A|Star Mort: Rickturn of the Jerri/Mort Dinner Rick Andre/Mortyplicity/Glockenspiel Beth
1637580049|Jerry|A|Star Mort: Rickturn of the Jerri/Mort Dinner Rick Andre/Mortyplicity/Metal Rick
1637580049|Jerry|A|Star Mort: Rickturn of the Jerri/Mort Dinner Rick Andre/Mortyplicity/Morty Smith
1637580049|Jerry|A|Star Mort: Rickturn of the Jerri/Mort Dinner Rick Andre/Mortyplicity/Mr. Always Wants to be Hunted
1637580049|Jerry|A|Star Mort: Rickturn of the Jerri/Mort Dinner Rick Andre/Mortyplicity/President Curtis
1637580049|Jerry|A|Star Mort: Rickturn of the Jerri/Mort Dinner Rick Andre/Mortyplicity/Rick Sanchez
1637580049|Jerry|A|Star Mort: Rickturn of the Jerri/Mort Dinner Rick Andre/Mortyplicity/Scarecrow Beth
1637580049|Jerry|A|Star Mort: Rickturn of the Jerri/Mort Dinner Rick Andre/Mortyplicity/Gun Brain Rick
1637666449|Jerry|A|Star Mort: Rickturn of the Jerri/Mort Dinner Rick Andre/Mortyplicity/A Rickconvenient Mort/Planetina Buyer
1637666449|Jerry|A|Star Mort: Rickturn of the Jerri/Mort Dinner Rick Andre/Mortyplicity/A Rickconvenient Mort/Xing Ho
1637666449|Jerry|A|Star Mort: Rickturn of the Jerri/Mort Dinner Rick Andre/Mortyplicity/A Rickconvenient Mort/Water Tina-Teer
1637666449|Jerry|A|Star Mort: Rickturn of the Jerri/Mort Dinner Rick Andre/Mortyplicity/A Rickconvenient Mort/Tony Galopagus
1637666449|Jerry|A|Star Mort: Rickturn of the Jerri/Mort Dinner Rick Andre/Mortyplicity/A Rickconvenient Mort/Summer Smith
1637666449|Jerry|A|Star Mort: Rickturn of the Jerri/Mort Dinner Rick Andre/Mortyplicity/A Rickconvenient Mort/Slartivartian
1637666449|Jerry|A|Star Mort: Rickturn of the Jerri/Mort Dinner Rick Andre/Mortyplicity/A Rickconvenient Mort/Rick Sanchez
1637666449|Jerry|A|Star Mort: Rickturn of the Jerri/Mort Dinner Rick Andre/Mortyplicity/A Rickconvenient Mort/Planetina
1637666449|Jerry|A|Star Mort: Rickturn of the Jerri/Mort Dinner Rick Andre/Mortyplicity/A Rickconvenient Mort/Eddie
1637666449|Jerry|A|Star Mort: Rickturn of the Jerri/Mort Dinner Rick Andre/Mortyplicity/A Rickconvenient Mort/Morglutzian
1637666449|Jerry|A|Star Mort: Rickturn of the Jerri/Mort Dinner Rick Andre/Mortyplicity/A Rickconvenient Mort/Ferkusian
1637666449|Jerry|A|Star Mort: Rickturn of the Jerri/Mort Dinner Rick Andre/Mortyplicity/A Rickconvenient Mort/Diesel Weasel
1637666449|Jerry|A|Star Mort: Rickturn of the Jerri/Mort Dinner Rick Andre/Mortyplicity/A Rickconvenient Mort/Daphne
1637666449|Jerry|A|Star Mort: Rickturn of the Jerri/Mort Dinner Rick Andre/Mortyplicity/A Rickconvenient Mort/Beth Smith
1637666449|Jerry|A|Star Mort: Rickturn of the Jerri/Mort Dinner Rick Andre/Mortyplicity/A Rickconvenient Mort/Air Tina-Teer
1637666449|Jerry|A|Star Mort: Rickturn of the Jerri/Mort Dinner Rick Andre/Mortyplicity/A Rickconvenient Mort/Morty Smith
1637752849|Jerry|A|Rickdependence Spray/Summer Smith
1637752849|Jerry|A|Rickdependence Spray/Sticky
1637752849|Jerry|A|Rickdependence Spray/Sperm Queen
1637752849|Jerry|A|Rickdependence Spray/Spaceman
1637752849|Jerry|A|Rickdependence Spray/Rick Sanchez
1637752849|Jerry|A|Rickdependence Spray/Professor Shabooboo
1637752849|Jerry|A|Rickdependence Spray/Princess Ponietta
1637752849|Jerry|A|Rickdependence Spray/President's General
1637752849|Jerry|A|Rickdependence Spray/President Curtis
1637752849|Jerry|A|Rickdependence Spray/Naruto Smith
1637752849|Jerry|A|Rickdependence Spray/Kathy Ireland
1637752849|Jerry|A|Rickdependence Spray/Foal Sanchez
1637752849|Jerry|A|Rickdependence Spray/Cirque du Soleil Zumanity Member
1637752849|Jerry|A|Rickdependence Spray/CHUD King
1637752849|Jerry|A|Rickdependence Spray/Blazen
1637752849|Jerry|A|Rickdependence Spray/Beth Smith
1637752849|Jerry|A|Rickdependence Spray/Amazing Johnathan
1637752849|Jerry|A|Rickdependence Spray/Morty Smith
1637839249|Jerry|A|Rickdependence Spray/Amortycan Grickfitti/Tricia Lange
1637839249|Jerry|A|Rickdependence Spray/Amortycan Grickfitti/Summer Smith
1637839249|Jerry|A|Rickdependence Spray/Amortycan Grickfitti/Rick Sanchez
1637839249|Jerry|A|Rickdependence Spray/Amortycan Grickfitti/Mousetrap Nipples
1637839249|Jerry|A|Rickdependence Spray/Amortycan Grickfitti/Coat Rack Head
1637839249|Jerry|A|Rickdependence Spray/Amortycan Grickfitti/Morty Smith
1637839249|Jerry|A|Rickdependence Spray/Amortycan Grickfitti/Cenobite
1637839249|Jerry|A|Rickdependence Spray/Amortycan Grickfitti/Bruce Chutback
1637839249|Jerry|A|Rickdependence Spray/Amortycan Grickfitti/Brad
1637839249|Jerry|A|Rickdependence Spray/Amortycan Grickfitti/Beth Smith
1637839249|Jerry|A|Rickdependence Spray/Amortycan Grickfitti/Alyson Hannigan
1637839249|Jerry|A|Rickdependence Spray/Amortycan Grickfitti/Changeformer
1637925649|Jerry|A|Rickdependence Spray/Amortycan Grickfitti/Rick & Morty's Thanksploitation Spectacular/President Turkey
1637925649|Jerry|A|Rickdependence Spray/Amortycan Grickfitti/Rick & Morty's Thanksploitation Spectacular/President's General
1637925649|Jerry|A|Rickdependence Spray/Amortycan Grickfitti/Rick & Morty's Thanksploitation Spectacular/Rick Sanchez
1637925649|Jerry|A|Rickdependence Spray/Amortycan Grickfitti/Rick & Morty's Thanksploitation Spectacular/Space Cruiser
1637925649|Jerry|A|Rickdependence Spray/Amortycan Grickfitti/Rick & Morty's Thanksploitation Spectacular/Turkey Morty
1637925649|Jerry|A|Rickdependence Spray/Amortycan Grickfitti/Rick & Morty's Thanksploitation Spectacular/Super Turkey
1637925649|Jerry|A|Rickdependence Spray/Amortycan Grickfitti/Rick & Morty's Thanksploitation Spectacular/Turkey President Curtis
1637925649|Jerry|A|Rickdependence Spray/Amortycan Grickfitti/Rick & Morty's Thanksploitation Spectacular/Turkey Rick
1637925649|Jerry|A|Rickdependence Spray/Amortycan Grickfitti/Rick & Morty's Thanksploitation Spectacular/President Curtis
1637925649|Jerry|A|Rickdependence Spray/Amortycan Grickfitti/Rick & Morty's Thanksploitation Spectacular/Summer Smith
1637925649|Jerry|A|Rickdependence Spray/Amortycan Grickfitti/Rick & Morty's Thanksploitation Spectacular/Pilgrim Alien
1637925649|Jerry|A|Rickdependence Spray/Amortycan Grickfitti/Rick & Morty's Thanksploitation Spectacular/Giant Assassin Hidden in the Statue of Liberty
1637925649|Jerry|A|Rickdependence Spray/Amortycan Grickfitti/Rick & Morty's Thanksploitation Spectacular/Morty Smith
1637925649|Jerry|A|Rickdependence Spray/Amortycan Grickfitti/Rick & Morty's Thanksploitation Spectacular/Beth Smith
1637925649|Jerry|A|Rickdependence Spray/Amortycan Grickfitti/Rick & Morty's Thanksploitation Spectacular/Native Alien
1637925649|Jerry|A|Rickdependence Spray/Amortycan Grickfitti/Rick & Morty's Thanksploitation Spectacular/Dwayne
1637925649|Jerry|A|Rickdependence Spray/Amortycan Grickfitti/Rick & Morty's Thanksploitation Spectacular/Franklin D. Roosevelt
1637925649|Jerry|A|Rickdependence Spray/Amortycan Grickfitti/Rick & Morty's Thanksploitation Spectacular/Coop
1637925649|Jerry|A|Rickdependence Spray/Amortycan Grickfitti/Rick & Morty's Thanksploitation Spectacular/Jackey
1637925649|Jerry|A|Rickdependence Spray/Amortycan Grickfitti/Rick & Morty's Thanksploitation Spectacular/Martnez
1637925649|Jerry|A|Rickdependence Spray/Amortycan Grickfitti/Rick & Morty's Thanksploitation Spectacular/Marvin
1637925649|Jerry|A|Rickdependence Spray/Amortycan Grickfitti/Rick & Morty's Thanksploitation Spectacular/Mary-Lou
1638012049|Jerry|A|Rickdependence Spray/Amortycan Grickfitti/Rick & Morty's Thanksploitation Spectacular/Gotron Jerrysis Rickvangelion/Wrap-it-up Little Rick
1638012049|Jerry|A|Rickdependence Spray/Amortycan Grickfitti/Rick & Morty's Thanksploitation Spectacular/Gotron Jerrysis Rickvangelion/Voiceoverian
1638012049|Jerry|A|Rickdependence Spray/Amortycan Grickfitti/Rick & Morty's Thanksploitation Spectacular/Gotron Jerrysis Rickvangelion/Summer Smith
1638012049|Jerry|A|Rickdependence Spray/Amortycan Grickfitti/Rick & Morty's Thanksploitation Spectacular/Gotron Jerrysis Rickvangelion/Sarge
1638012049|Jerry|A|Rickdependence Spray/Amortycan Grickfitti/Rick & Morty's Thanksploitation Spectacular/Gotron Jerrysis Rickvangelion/Samansky
1638012049|Jerry|A|Rickdependence Spray/Amortycan Grickfitti/Rick & Morty's Thanksploitation Spectacular/Gotron Jerrysis Rickvangelion/Rick Sanchez
1638012049|Jerry|A|Rickdependence Spray/Amortycan Grickfitti/Rick & Morty's Thanksploitation Spectacular/Gotron Jerrysis Rickvangelion/Ricardo Montoya
1638012049|Jerry|A|Rickdependence Spray/Amortycan Grickfitti/Rick & Morty's Thanksploitation Spectacular/Gotron Jerrysis Rickvangelion/Palicki
1638012049|Jerry|A|Rickdependence Spray/Amortycan Grickfitti/Rick & Morty's Thanksploitation Spectacular/Gotron Jerrysis Rickvangelion/Yo-yo Rick
1638012049|Jerry|A|Rickdependence Spray/Amortycan Grickfitti/Rick & Morty's Thanksploitation Spectacular/Gotron Jerrysis Rickvangelion/Morty Smith
1638012049|Jerry|A|Rickdependence Spray/Amortycan Grickfitti/Rick & Morty's Thanksploitation Spectacular/Gotron Jerrysis Rickvangelion/Lil B
1638012049|Jerry|A|Rickdependence Spray/Amortycan Grickfitti/Rick & Morty's Thanksploitation Spectacular/Gotron Jerrysis Rickvangelion/Hothead Rick
1638012049|Jerry|A|Rickdependence Spray/Amortycan Grickfitti/Rick & Morty's Thanksploitation Spectacular/Gotron Jerrysis Rickvangelion/Gotron Pilot
1638012049|Jerry|A|Rickdependence Spray/Amortycan Grickfitti/Rick & Morty's Thanksploitation Spectacular/Gotron Jerrysis Rickvangelion/Gotron
1638012049|Jerry|A|Rickdependence Spray/Amortycan Grickfitti/Rick & Morty's Thanksploitation Spectacular/Gotron Jerrysis Rickvangelion/Big Fat rick
1638012049|Jerry|A|Rickdependence Spray/Amortycan Grickfitti/Rick & Morty's Thanksploitation Spectacular/Gotron Jerrysis Rickvangelion/Beth Smith
1638012049|Jerry|A|Rickdependence Spray/Amortycan Grickfitti/Rick & Morty's Thanksploitation Spectacular/Gotron Jerrysis Rickvangelion/Naruto Smith
1638098449|Jerry|A|Rickternal Friendshine of the Spotless Mort/Young Memory Rick
1638098449|Jerry|A|Rickternal Friendshine of the Spotless Mort/Summer Smith
1638098449|Jerry|A|Rickternal Friendshine of the Spotless Mort/Rick's Garage
1638098449|Jerry|A|Rickternal Friendshine of the Spotless Mort/Rick Sanchez
1638098449|Jerry|A|Rickternal Friendshine of the Spotless Mort/Phoenixperson
1638098449|Jerry|A|Rickternal Friendshine of the Spotless Mort/Morty Smith
1638098449|Jerry|A|Rickternal Friendshine of the Spotless Mort/Memory Tammy
1638098449|Jerry|A|Rickternal Friendshine of the Spotless Mort/Memory Geardude
1638098449|Jerry|A|Rickternal Friendshine of the Spotless Mort/Memory Rick
1638098449|Jerry|A|Rickternal Friendshine of the Spotless Mort/Gene
1638098449|Jerry|A|Rickternal Friendshine of the Spotless Mort/Birdperson & Tammy's Child
1638098449|Jerry|A|Rickternal Friendshine of the Spotless Mort/Birdperson
1638098449|Jerry|A|Rickternal Friendshine of the Spotless Mort/Beth Smith
1638098449|Jerry|A|Rickternal Friendshine of the Spotless Mort/Memory Squanchy
1638184849|Jerry|A|Rickternal Friendshine of the Spotless Mort/Forgetting Sarick Mortshall/Nick
1638184849|Jerry|A|Rickternal Friendshine of the Spotless Mort/Forgetting Sarick Mortshall/Two Crows
1638184849|Jerry|A|Rickternal Friendshine of the Spotless Mort/Forgetting Sarick Mortshall/Rick Sanchez
1638184849|Jerry|A|Rickternal Friendshine of the Spotless Mort/Forgetting Sarick Mortshall/Mr. Cookie President
1638184849|Jerry|A|Rickternal Friendshine of the Spotless Mort/Forgetting Sarick Mortshall/Harold (Garbage Goober)
1638184849|Jerry|A|Rickternal Friendshine of the Spotless Mort/Forgetting Sarick Mortshall/Harold's Wife
1638184849|Jerry|A|Rickternal Friendshine of the Spotless Mort/Forgetting Sarick Mortshall/Alien Crow
1638184849|Jerry|A|Rickternal Friendshine of the Spotless Mort/Forgetting Sarick Mortshall/Morty Smith
1638271249|Jerry|A|Rickternal Friendshine of the Spotless Mort/Forgetting Sarick Mortshall/Rickmurai Jack/Party Rick
1638271249|Jerry|A|Rickternal Friendshine of the Spotless Mort/Forgetting Sarick Mortshall/Rickmurai Jack/Punk Rick
1638271249|Jerry|A|Rickternal Friendshine of the Spotless Mort/Forgetting Sarick Mortshall/Rickmurai Jack/Pussifer
1638271249|Jerry|A|Rickternal Friendshine of the Spotless Mort/Forgetting Sarick Mortshall/Rickmurai Jack/Quantum Rick
1638271249|Jerry|A|Rickternal Friendshine of the Spotless Mort/Forgetting Sarick Mortshall/Rickmurai Jack/Re-Build-a-Morty Morty
1638271249|Jerry|A|Rickternal Friendshine of the Spotless Mort/Forgetting Sarick Mortshall/Rickmurai Jack/Redhead Morty
1638271249|Jerry|A|Rickternal Friendshine of the Spotless Mort/Forgetting Sarick Mortshall/Rickmurai Jack/Redhead Rick
1638271249|Jerry|A|Rickternal Friendshine of the Spotless Mort/Forgetting Sarick Mortshall/Rickmurai Jack/Rick Sanchez
1638271249|Jerry|A|Rickternal Friendshine of the Spotless Mort/Forgetting Sarick Mortshall/Rickmurai Jack/Ricktiminus Sancheziminius
1638271249|Jerry|A|Rickternal Friendshine of the Spotless Mort/Forgetting Sarick Mortshall/Rickmurai Jack/Scar Rick
1638271249|Jerry|A|Rickternal Friendshine of the Spotless Mort/Forgetting Sarick Mortshall/Rickmurai Jack/Unknown Rick
1638271249|Jerry|A|Rickternal Friendshine of the Spotless Mort/Forgetting Sarick Mortshall/Rickmurai Jack/Stan Lee Rick
1638271249|Jerry|A|Rickternal Friendshine of the Spotless Mort/Forgetting Sarick Mortshall/Rickmurai Jack/Summer Smith
1638271249|Jerry|A|Rickternal Friendshine of the Spotless Mort/Forgetting Sarick Mortshall/Rickmurai Jack/Two Crows
1638271249|Jerry|A|Rickternal Friendshine of the Spotless Mort/Forgetting Sarick Mortshall/Rickmurai Jack/Mr. Poopybutthole
1638271249|Jerry|A|Rickternal Friendshine of the Spotless Mort/Forgetting Sarick Mortshall/Rickmurai Jack/Rick Prime
1638271249|Jerry|A|Rickternal Friendshine of the Spotless Mort/Forgetting Sarick Mortshall/Rickmurai Jack/Morty Smith
1638271249|Jerry|A|Rickternal Friendshine of the Spotless Mort/Forgetting Sarick Mortshall/Rickmurai Jack/Andy
1638271249|Jerry|A|Rickternal Friendshine of the Spotless Mort/Forgetting Sarick Mortshall/Rickmurai Jack/Maximums Rickimus
1638271249|Jerry|A|Rickternal Friendshine of the Spotless Mort/Forgetting Sarick Mortshall/Rickmurai Jack/Young Beth
1638271249|Jerry|A|Rickternal Friendshine of the Spotless Mort/Forgetting Sarick Mortshall/Rickmurai Jack/26 Years Old Morty
1638271249|Jerry|A|Rickternal Friendshine of the Spotless Mort/Forgetting Sarick Mortshall/Rickmurai Jack/40 Years Old Morty
1638271249|Jerry|A|Rickternal Friendshine of the Spotless Mort/Forgetting Sarick Mortshall/Rickmurai Jack/7+7 Years Old Morty
1638271249|Jerry|A|Rickternal Friendshine of the Spotless Mort/Forgetting Sarick Mortshall/Rickmurai Jack/Baby Mouse Skin Morty
1638271249|Jerry|A|Rickternal Friendshine of the Spotless Mort/Forgetting Sarick Mortshall/Rickmurai Jack/Bald Rick
1638271249|Jerry|A|Rickternal Friendshine of the Spotless Mort/Forgetting Sarick Mortshall/Rickmurai Jack/Bearded Morty
1638271249|Jerry|A|Rickternal Friendshine of the Spotless Mort/Forgetting Sarick Mortshall/Rickmurai Jack/Metaphor for Capitalism
1638271249|Jerry|A|Rickternal Friendshine of the Spotless Mort/Forgetting Sarick Mortshall/Rickmurai Jack/Beth Sanchez
1638271249|Jerry|A|Rickternal Friendshine of the Spotless Mort/Forgetting Sarick Mortshall/Rickmurai Jack/Birdperson
1638271249|Jerry|A|Rickternal Friendshine of the Spotless Mort/Forgetting Sarick Mortshall/Rickmurai Jack/Crow Horse
1638271249|Jerry|A|Rickternal Friendshine of the Spotless Mort/Forgetting Sarick Mortshall/Rickmurai Jack/Crow Scare
1638271249|Jerry|A|Rickternal Friendshine of the Spotless Mort/Forgetting Sarick Mortshall/Rickmurai Jack/Deformed Morty
1638271249|Jerry|A|Rickternal Friendshine of the Spotless Mort/Forgetting Sarick Mortshall/Rickmurai Jack/Diane Sanchez
1638271249|Jerry|A|Rickternal Friendshine of the Spotless Mort/Forgetting Sarick Mortshall/Rickmurai Jack/Evil Morty
1638271249|Jerry|A|Rickternal Friendshine of the Spotless Mort/Forgetting Sarick Mortshall/Rickmurai Jack/Long Hair Rick
1638271249|Jerry|A|Rickternal Friendshine of the Spotless Mort/Forgetting Sarick Mortshall/Rickmurai Jack/Beth Smith
1638271249|Jerry|A|Rickternal Friendshine of the Spotless Mort/Forgetting Sarick Mortshall/Rickmurai Jack/Zeta Alpha Rick
