1634038355|Morty|A|Pilot/Bepisian
1634038355|Morty|A|Pilot/Summer Smith
1634038355|Morty|A|Pilot/Rick Sanchez
1634038355|Morty|A|Pilot/Pripudlian
1634038355|Morty|A|Pilot/Principal Vagina
1634038355|Morty|A|Pilot/Mr. Goldenfold
1634038355|Morty|A|Pilot/Jessica's Friend
1634038355|Morty|A|Pilot/Jessica
1634038355|Morty|A|Pilot/Mrs. Sanchez
1634038355|Morty|A|Pilot/Hookah Alien
1634038355|Morty|A|Pilot/Greebybobe
1634038355|Morty|A|Pilot/Glenn
1634038355|Morty|A|Pilot/Frank Palicky
1634038355|Morty|A|Pilot/Davin
1634038355|Morty|A|Pilot/Canklanker Thom
1634038355|Morty|A|Pilot/Beth Smith
1634038355|Morty|A|Pilot/Jerry Smith
1634124755|Morty|A|Pilot/Anatomy Park/Joyce Smith
1634124755|Morty|A|Pilot/Anatomy Park/Leonard Smith
1634124755|Morty|A|Pilot/Anatomy Park/Poncho
1634124755|Morty|A|Pilot/Anatomy Park/Rick Sanchez
1634124755|Morty|A|Pilot/Anatomy Park/Tom Randolph
1634124755|Morty|A|Pilot/Anatomy Park/Ruben
1634124755|Morty|A|Pilot/Anatomy Park/Summer Smith
1634124755|Morty|A|Pilot/Anatomy Park/Tuberculosis
1634124755|Morty|A|Pilot/Anatomy Park/Jerry Smith
1634124755|Morty|A|Pilot/Anatomy Park/Roger
1634124755|Morty|A|Pilot/Anatomy Park/Jacob
1634124755|Morty|A|Pilot/Anatomy Park/Bubonic Plague
1634124755|Morty|A|Pilot/Anatomy Park/Hepatitis A
1634124755|Morty|A|Pilot/Anatomy Park/Alexander
1634124755|Morty|A|Pilot/Anatomy Park/Annie
1634124755|Morty|A|Pilot/Anatomy Park/Hepatitis C
1634124755|Morty|A|Pilot/Anatomy Park/Bill
1634124755|Morty|A|Pilot/Anatomy Park/Beth Smith
1634124755|Morty|A|Pilot/Anatomy Park/E. Coli
1634124755|Morty|A|Pilot/Anatomy Park/Eric McMan
1634124755|Morty|A|Pilot/Anatomy Park/Ethan
1634124755|Morty|A|Pilot/Anatomy Park/Gonorrhea
1634124755|Morty|A|Pilot/Anatomy Park/Dr. Xenon Bloom
1634211155|Morty|A|Pilot/Anatomy Park/M. Night Shaym-Aliens!/Summer Smith
1634211155|Morty|A|Pilot/Anatomy Park/M. Night Shaym-Aliens!/Stu
1634211155|Morty|A|Pilot/Anatomy Park/M. Night Shaym-Aliens!/Rick Sanchez
1634211155|Morty|A|Pilot/Anatomy Park/M. Night Shaym-Aliens!/Prince Nebulon
1634211155|Morty|A|Pilot/Anatomy Park/M. Night Shaym-Aliens!/Mr. Marklovitz
1634211155|Morty|A|Pilot/Anatomy Park/M. Night Shaym-Aliens!/Mr. Goldenfold
1634211155|Morty|A|Pilot/Anatomy Park/M. Night Shaym-Aliens!/Jessica's Friend
1634211155|Morty|A|Pilot/Anatomy Park/M. Night Shaym-Aliens!/Jessica
1634211155|Morty|A|Pilot/Anatomy Park/M. Night Shaym-Aliens!/Jerry Smith
1634211155|Morty|A|Pilot/Anatomy Park/M. Night Shaym-Aliens!/Cynthia
1634211155|Morty|A|Pilot/Anatomy Park/M. Night Shaym-Aliens!/Beth Smith
1634211155|Morty|A|Pilot/Anatomy Park/M. Night Shaym-Aliens!/Kevin
1634297555|Morty|A|Pilot/Anatomy Park/M. Night Shaym-Aliens!/Meeseeks and Destroy/Principal Vagina
1634297555|Morty|A|Pilot/Anatomy Park/M. Night Shaym-Aliens!/Meeseeks and Destroy/Tiny-persons advocacy group lawyer
1634297555|Morty|A|Pilot/Anatomy Park/M. Night Shaym-Aliens!/Meeseeks and Destroy/Tammy Guetermann
1634297555|Morty|A|Pilot/Anatomy Park/M. Night Shaym-Aliens!/Meeseeks and Destroy/Summer Smith
1634297555|Morty|A|Pilot/Anatomy Park/M. Night Shaym-Aliens!/Meeseeks and Destroy/Stair Goblin
1634297555|Morty|A|Pilot/Anatomy Park/M. Night Shaym-Aliens!/Meeseeks and Destroy/Slippery Stair
1634297555|Morty|A|Pilot/Anatomy Park/M. Night Shaym-Aliens!/Meeseeks and Destroy/Samantha
1634297555|Morty|A|Pilot/Anatomy Park/M. Night Shaym-Aliens!/Meeseeks and Destroy/Rick Sanchez
1634297555|Morty|A|Pilot/Anatomy Park/M. Night Shaym-Aliens!/Meeseeks and Destroy/Mr. Meeseeks
1634297555|Morty|A|Pilot/Anatomy Park/M. Night Shaym-Aliens!/Meeseeks and Destroy/Big Boobed Waitress
1634297555|Morty|A|Pilot/Anatomy Park/M. Night Shaym-Aliens!/Meeseeks and Destroy/King Jellybean
1634297555|Morty|A|Pilot/Anatomy Park/M. Night Shaym-Aliens!/Meeseeks and Destroy/Mr. Booby Buyer
1634297555|Morty|A|Pilot/Anatomy Park/M. Night Shaym-Aliens!/Meeseeks and Destroy/Dale
1634297555|Morty|A|Pilot/Anatomy Park/M. Night Shaym-Aliens!/Meeseeks and Destroy/Evil Beth Clone
1634297555|Morty|A|Pilot/Anatomy Park/M. Night Shaym-Aliens!/Meeseeks and Destroy/Beth Smith
1634297555|Morty|A|Pilot/Anatomy Park/M. Night Shaym-Aliens!/Meeseeks and Destroy/Evil Summer Clone
1634297555|Morty|A|Pilot/Anatomy Park/M. Night Shaym-Aliens!/Meeseeks and Destroy/Giant Judge
1634297555|Morty|A|Pilot/Anatomy Park/M. Night Shaym-Aliens!/Meeseeks and Destroy/Jerry Smith
1634297555|Morty|A|Pilot/Anatomy Park/M. Night Shaym-Aliens!/Meeseeks and Destroy/Evil Jerry Clone
1634383955|Morty|A|Rick Potion #9/Tammy Guetermann
1634383955|Morty|A|Rick Potion #9/Mr. Goldenfold
1634383955|Morty|A|Rick Potion #9/Summer Smith
1634383955|Morty|A|Rick Potion #9/Rick Sanchez
1634383955|Morty|A|Rick Potion #9/Principal Vagina
1634383955|Morty|A|Rick Potion #9/Nancy
1634383955|Morty|A|Rick Potion #9/Mrs. Sanchez
1634383955|Morty|A|Rick Potion #9/MC Haps
1634383955|Morty|A|Rick Potion #9/Jerry Smith
1634383955|Morty|A|Rick Potion #9/Jessica
1634383955|Morty|A|Rick Potion #9/Harold
1634383955|Morty|A|Rick Potion #9/Davin
1634383955|Morty|A|Rick Potion #9/Cronenberg Rick
1634383955|Morty|A|Rick Potion #9/Brad
1634383955|Morty|A|Rick Potion #9/Beth Smith
1634383955|Morty|A|Rick Potion #9/Jessica's Friend
1634470355|Morty|A|Rick Potion #9/Raising Gazorpazorp/Veronica Ann Bennet
1634470355|Morty|A|Rick Potion #9/Raising Gazorpazorp/Summer Smith
1634470355|Morty|A|Rick Potion #9/Raising Gazorpazorp/Snuffles (Snowball)
1634470355|Morty|A|Rick Potion #9/Raising Gazorpazorp/Rick Sanchez
1634470355|Morty|A|Rick Potion #9/Raising Gazorpazorp/Ma-Sha
1634470355|Morty|A|Rick Potion #9/Raising Gazorpazorp/Pawnshop Clerk
1634470355|Morty|A|Rick Potion #9/Raising Gazorpazorp/Jackie
1634470355|Morty|A|Rick Potion #9/Raising Gazorpazorp/Gwendolyn
1634470355|Morty|A|Rick Potion #9/Raising Gazorpazorp/Brad Anderson
1634470355|Morty|A|Rick Potion #9/Raising Gazorpazorp/Beth Smith
1634470355|Morty|A|Rick Potion #9/Raising Gazorpazorp/Jerry Smith
1634556755|Morty|A|Rick Potion #9/Raising Gazorpazorp/Rixty Minutes/Shmlamantha Shmlicelli
1634556755|Morty|A|Rick Potion #9/Raising Gazorpazorp/Rixty Minutes/Rick Sanchez
1634556755|Morty|A|Rick Potion #9/Raising Gazorpazorp/Rixty Minutes/Regular Tyrion Lannister
1634556755|Morty|A|Rick Potion #9/Raising Gazorpazorp/Rixty Minutes/Regular Legs
1634556755|Morty|A|Rick Potion #9/Raising Gazorpazorp/Rixty Minutes/Real Fake Doors Salesman
1634556755|Morty|A|Rick Potion #9/Raising Gazorpazorp/Rixty Minutes/Piece of Toast
1634556755|Morty|A|Rick Potion #9/Raising Gazorpazorp/Rixty Minutes/Pro trunk people marriage guy
1634556755|Morty|A|Rick Potion #9/Raising Gazorpazorp/Rixty Minutes/Old Women
1634556755|Morty|A|Rick Potion #9/Raising Gazorpazorp/Rixty Minutes/Muscular Mannie
1634556755|Morty|A|Rick Potion #9/Raising Gazorpazorp/Rixty Minutes/Mrs. Sullivan's Boyfriend
1634556755|Morty|A|Rick Potion #9/Raising Gazorpazorp/Rixty Minutes/Mrs. Sullivan
1634556755|Morty|A|Rick Potion #9/Raising Gazorpazorp/Rixty Minutes/Quick Mystery Presenter
1634556755|Morty|A|Rick Potion #9/Raising Gazorpazorp/Rixty Minutes/Shmlangela Shmlobinson-Shmlower
1634556755|Morty|A|Rick Potion #9/Raising Gazorpazorp/Rixty Minutes/Shmlonathan Shmlower
1634556755|Morty|A|Rick Potion #9/Raising Gazorpazorp/Rixty Minutes/Shmlony Shmlicelli
1634556755|Morty|A|Rick Potion #9/Raising Gazorpazorp/Rixty Minutes/Spiderweb teddy bear
1634556755|Morty|A|Rick Potion #9/Raising Gazorpazorp/Rixty Minutes/Summer Smith
1634556755|Morty|A|Rick Potion #9/Raising Gazorpazorp/Rixty Minutes/Three Unknown Things
1634556755|Morty|A|Rick Potion #9/Raising Gazorpazorp/Rixty Minutes/Tophat Jones
1634556755|Morty|A|Rick Potion #9/Raising Gazorpazorp/Rixty Minutes/Trunk Man
1634556755|Morty|A|Rick Potion #9/Raising Gazorpazorp/Rixty Minutes/Trunkphobic guy
1634556755|Morty|A|Rick Potion #9/Raising Gazorpazorp/Rixty Minutes/Trunkphobic suspenders guy
1634556755|Morty|A|Rick Potion #9/Raising Gazorpazorp/Rixty Minutes/Two Brothers
1634556755|Morty|A|Rick Potion #9/Raising Gazorpazorp/Rixty Minutes/Two Guys with Handlebar Mustaches
1634556755|Morty|A|Rick Potion #9/Raising Gazorpazorp/Rixty Minutes/Unmuscular Michael
1634556755|Morty|A|Rick Potion #9/Raising Gazorpazorp/Rixty Minutes/Mr. Sneezy
1634556755|Morty|A|Rick Potion #9/Raising Gazorpazorp/Rixty Minutes/Shmlona Shmlobinson
1634556755|Morty|A|Rick Potion #9/Raising Gazorpazorp/Rixty Minutes/Michael Jackson
1634556755|Morty|A|Rick Potion #9/Raising Gazorpazorp/Rixty Minutes/Jon
1634556755|Morty|A|Rick Potion #9/Raising Gazorpazorp/Rixty Minutes/Man Painted Silver Who Makes Robot Noises
1634556755|Morty|A|Rick Potion #9/Raising Gazorpazorp/Rixty Minutes/Alien Mexican Armada
1634556755|Morty|A|Rick Potion #9/Raising Gazorpazorp/Rixty Minutes/Ants in my Eyes Johnson
1634556755|Morty|A|Rick Potion #9/Raising Gazorpazorp/Rixty Minutes/Attila Starwar
1634556755|Morty|A|Rick Potion #9/Raising Gazorpazorp/Rixty Minutes/Baby Legs
1634556755|Morty|A|Rick Potion #9/Raising Gazorpazorp/Rixty Minutes/Baby Legs Chief
1634556755|Morty|A|Rick Potion #9/Raising Gazorpazorp/Rixty Minutes/Benjamin
1634556755|Morty|A|Rick Potion #9/Raising Gazorpazorp/Rixty Minutes/Beth Sanchez
1634556755|Morty|A|Rick Potion #9/Raising Gazorpazorp/Rixty Minutes/Beth Smith
1634556755|Morty|A|Rick Potion #9/Raising Gazorpazorp/Rixty Minutes/Bobby Moynihan
1634556755|Morty|A|Rick Potion #9/Raising Gazorpazorp/Rixty Minutes/Celebrity Jerry
1634556755|Morty|A|Rick Potion #9/Raising Gazorpazorp/Rixty Minutes/Cynthia
1634556755|Morty|A|Rick Potion #9/Raising Gazorpazorp/Rixty Minutes/David Letterman
1634556755|Morty|A|Rick Potion #9/Raising Gazorpazorp/Rixty Minutes/Corn detective
1634556755|Morty|A|Rick Potion #9/Raising Gazorpazorp/Rixty Minutes/Garmanarnar
1634556755|Morty|A|Rick Potion #9/Raising Gazorpazorp/Rixty Minutes/Loggins
1634556755|Morty|A|Rick Potion #9/Raising Gazorpazorp/Rixty Minutes/Kristen Stewart
1634556755|Morty|A|Rick Potion #9/Raising Gazorpazorp/Rixty Minutes/Michael Denny and the Denny Singers
1634556755|Morty|A|Rick Potion #9/Raising Gazorpazorp/Rixty Minutes/Fulgora
1634556755|Morty|A|Rick Potion #9/Raising Gazorpazorp/Rixty Minutes/Jerry Smith
1634556755|Morty|A|Rick Potion #9/Raising Gazorpazorp/Rixty Minutes/Hole in the Wall Where the Men Can See it All
1634556755|Morty|A|Rick Potion #9/Raising Gazorpazorp/Rixty Minutes/Johnny Depp
1634556755|Morty|A|Rick Potion #9/Raising Gazorpazorp/Rixty Minutes/Guy from The Bachelor
1634556755|Morty|A|Rick Potion #9/Raising Gazorpazorp/Rixty Minutes/Glenn
1634556755|Morty|A|Rick Potion #9/Raising Gazorpazorp/Rixty Minutes/Giant Cat Monster
1634556755|Morty|A|Rick Potion #9/Raising Gazorpazorp/Rixty Minutes/Gazorpazorpfield
1634556755|Morty|A|Rick Potion #9/Raising Gazorpazorp/Rixty Minutes/Hamster In Butt
1634643155|Morty|A|Rick Potion #9/Raising Gazorpazorp/Rixty Minutes/Something Ricked This Way Comes/Plutonian Hostess
1634643155|Morty|A|Rick Potion #9/Raising Gazorpazorp/Rixty Minutes/Something Ricked This Way Comes/Summer Smith
1634643155|Morty|A|Rick Potion #9/Raising Gazorpazorp/Rixty Minutes/Something Ricked This Way Comes/Scroopy Noopers
1634643155|Morty|A|Rick Potion #9/Raising Gazorpazorp/Rixty Minutes/Something Ricked This Way Comes/Rick Sanchez
1634643155|Morty|A|Rick Potion #9/Raising Gazorpazorp/Rixty Minutes/Something Ricked This Way Comes/Rich Plutonian
1634643155|Morty|A|Rick Potion #9/Raising Gazorpazorp/Rixty Minutes/Something Ricked This Way Comes/Principal Vagina
1634643155|Morty|A|Rick Potion #9/Raising Gazorpazorp/Rixty Minutes/Something Ricked This Way Comes/Plutonian Host
1634643155|Morty|A|Rick Potion #9/Raising Gazorpazorp/Rixty Minutes/Something Ricked This Way Comes/Cynthia
1634643155|Morty|A|Rick Potion #9/Raising Gazorpazorp/Rixty Minutes/Something Ricked This Way Comes/Mr. Needful
1634643155|Morty|A|Rick Potion #9/Raising Gazorpazorp/Rixty Minutes/Something Ricked This Way Comes/Mr. Goldenfold
1634643155|Morty|A|Rick Potion #9/Raising Gazorpazorp/Rixty Minutes/Something Ricked This Way Comes/King Flippy Nips
1634643155|Morty|A|Rick Potion #9/Raising Gazorpazorp/Rixty Minutes/Something Ricked This Way Comes/Jerry Smith
1634643155|Morty|A|Rick Potion #9/Raising Gazorpazorp/Rixty Minutes/Something Ricked This Way Comes/Butter Robot
1634643155|Morty|A|Rick Potion #9/Raising Gazorpazorp/Rixty Minutes/Something Ricked This Way Comes/Beth Smith
1634643155|Morty|A|Rick Potion #9/Raising Gazorpazorp/Rixty Minutes/Something Ricked This Way Comes/Nancy
1634729555|Morty|A|Close Rick-counters of the Rick Kind/Mr. Meeseeks
1634729555|Morty|A|Close Rick-counters of the Rick Kind/Phone-person
1634729555|Morty|A|Close Rick-counters of the Rick Kind/Pizza-person
1634729555|Morty|A|Close Rick-counters of the Rick Kind/Quantum Rick
1634729555|Morty|A|Close Rick-counters of the Rick Kind/Rick Sanchez
1634729555|Morty|A|Close Rick-counters of the Rick Kind/Ricktiminus Sancheziminius
1634729555|Morty|A|Close Rick-counters of the Rick Kind/Zeta Alpha Rick
1634729555|Morty|A|Close Rick-counters of the Rick Kind/Summer Smith
1634729555|Morty|A|Close Rick-counters of the Rick Kind/Snuffles (Snowball)
1634729555|Morty|A|Close Rick-counters of the Rick Kind/Solicitor Rick
1634729555|Morty|A|Close Rick-counters of the Rick Kind/Super Weird Rick
1634729555|Morty|A|Close Rick-counters of the Rick Kind/The Scientist Formerly Known as Rick
1634729555|Morty|A|Close Rick-counters of the Rick Kind/Trunkphobic suspenders guy
1634729555|Morty|A|Close Rick-counters of the Rick Kind/Woman Rick
1634729555|Morty|A|Close Rick-counters of the Rick Kind/Maximums Rickimus
1634729555|Morty|A|Close Rick-counters of the Rick Kind/Robot Rick
1634729555|Morty|A|Close Rick-counters of the Rick Kind/Jerry Smith
1634729555|Morty|A|Close Rick-counters of the Rick Kind/Riq IV
1634729555|Morty|A|Close Rick-counters of the Rick Kind/Greasy Grandma
1634729555|Morty|A|Close Rick-counters of the Rick Kind/Insurance Rick
1634729555|Morty|A|Close Rick-counters of the Rick Kind/Alien Rick
1634729555|Morty|A|Close Rick-counters of the Rick Kind/Antenna Rick
1634729555|Morty|A|Close Rick-counters of the Rick Kind/Aqua Rick
1634729555|Morty|A|Close Rick-counters of the Rick Kind/Beth Smith
1634729555|Morty|A|Close Rick-counters of the Rick Kind/Chair-homeless
1634729555|Morty|A|Close Rick-counters of the Rick Kind/Chair-person
1634729555|Morty|A|Close Rick-counters of the Rick Kind/Abradolf Lincler
1634729555|Morty|A|Close Rick-counters of the Rick Kind/Cowboy Rick
1634729555|Morty|A|Close Rick-counters of the Rick Kind/Crab Spider
1634729555|Morty|A|Close Rick-counters of the Rick Kind/Cronenberg Rick
1634729555|Morty|A|Close Rick-counters of the Rick Kind/Cyclops Rick
1634729555|Morty|A|Close Rick-counters of the Rick Kind/Doofus Rick
1634729555|Morty|A|Close Rick-counters of the Rick Kind/Doopidoo
1634729555|Morty|A|Close Rick-counters of the Rick Kind/Chair-waiter
1634729555|Morty|A|Close Rick-counters of the Rick Kind/Evil Rick
1634815955|Morty|A|Close Rick-counters of the Rick Kind/Ricksy Business/Rick Sanchez
1634815955|Morty|A|Close Rick-counters of the Rick Kind/Ricksy Business/Riq IV
1634815955|Morty|A|Close Rick-counters of the Rick Kind/Ricksy Business/Scropon
1634815955|Morty|A|Close Rick-counters of the Rick Kind/Ricksy Business/Slippery Stair
1634815955|Morty|A|Close Rick-counters of the Rick Kind/Ricksy Business/Squanchy
1634815955|Morty|A|Close Rick-counters of the Rick Kind/Ricksy Business/Tammy Guetermann
1634815955|Morty|A|Close Rick-counters of the Rick Kind/Ricksy Business/Summer Smith
1634815955|Morty|A|Close Rick-counters of the Rick Kind/Ricksy Business/Synthetic Laser Eels
1634815955|Morty|A|Close Rick-counters of the Rick Kind/Ricksy Business/Traflorkian
1634815955|Morty|A|Close Rick-counters of the Rick Kind/Ricksy Business/Trunkphobic suspenders guy
1634815955|Morty|A|Close Rick-counters of the Rick Kind/Ricksy Business/Zeta Alpha Rick
1634815955|Morty|A|Close Rick-counters of the Rick Kind/Ricksy Business/Revolio Clockberg Jr.
1634815955|Morty|A|Close Rick-counters of the Rick Kind/Ricksy Business/Stair Goblin
1634815955|Morty|A|Close Rick-counters of the Rick Kind/Ricksy Business/Pripudlian
1634815955|Morty|A|Close Rick-counters of the Rick Kind/Ricksy Business/Slow Mobius
1634815955|Morty|A|Close Rick-counters of the Rick Kind/Ricksy Business/MC Haps
1634815955|Morty|A|Close Rick-counters of the Rick Kind/Ricksy Business/Abradolf Lincler
1634815955|Morty|A|Close Rick-counters of the Rick Kind/Ricksy Business/Bepisian
1634815955|Morty|A|Close Rick-counters of the Rick Kind/Ricksy Business/Beth Smith
1634815955|Morty|A|Close Rick-counters of the Rick Kind/Ricksy Business/Nancy
1634815955|Morty|A|Close Rick-counters of the Rick Kind/Ricksy Business/Brad
1634815955|Morty|A|Close Rick-counters of the Rick Kind/Ricksy Business/Cynthia
1634815955|Morty|A|Close Rick-counters of the Rick Kind/Ricksy Business/Birdperson
1634815955|Morty|A|Close Rick-counters of the Rick Kind/Ricksy Business/Greebybobe
1634815955|Morty|A|Close Rick-counters of the Rick Kind/Ricksy Business/Jerry Smith
1634815955|Morty|A|Close Rick-counters of the Rick Kind/Ricksy Business/Jessica
1634815955|Morty|A|Close Rick-counters of the Rick Kind/Ricksy Business/Jessica's Friend
1634815955|Morty|A|Close Rick-counters of the Rick Kind/Ricksy Business/Lucy
1634815955|Morty|A|Close Rick-counters of the Rick Kind/Ricksy Business/Giant Testicle Monster
1634902355|Morty|A|Close Rick-counters of the Rick Kind/Ricksy Business/A Rickle in Time/Veterinary Nurse
1634902355|Morty|A|Close Rick-counters of the Rick Kind/Ricksy Business/A Rickle in Time/Veterinary
1634902355|Morty|A|Close Rick-counters of the Rick Kind/Ricksy Business/A Rickle in Time/Summer Smith
1634902355|Morty|A|Close Rick-counters of the Rick Kind/Ricksy Business/A Rickle in Time/Shleemypants
1634902355|Morty|A|Close Rick-counters of the Rick Kind/Ricksy Business/A Rickle in Time/Mr. Benson
1634902355|Morty|A|Close Rick-counters of the Rick Kind/Ricksy Business/A Rickle in Time/Rick Sanchez
1634902355|Morty|A|Close Rick-counters of the Rick Kind/Ricksy Business/A Rickle in Time/Michael
1634902355|Morty|A|Close Rick-counters of the Rick Kind/Ricksy Business/A Rickle in Time/Jerry Smith
1634902355|Morty|A|Close Rick-counters of the Rick Kind/Ricksy Business/A Rickle in Time/Chris
1634902355|Morty|A|Close Rick-counters of the Rick Kind/Ricksy Business/A Rickle in Time/Beth Smith
1634902355|Morty|A|Close Rick-counters of the Rick Kind/Ricksy Business/A Rickle in Time/Albert Einstein
1634902355|Morty|A|Close Rick-counters of the Rick Kind/Ricksy Business/A Rickle in Time/Michael's Lawyer
1634988755|Morty|A|Close Rick-counters of the Rick Kind/Ricksy Business/A Rickle in Time/Mortynight Run/Mr. Meeseeks
1634988755|Morty|A|Close Rick-counters of the Rick Kind/Ricksy Business/A Rickle in Time/Mortynight Run/Paul Fleishman
1634988755|Morty|A|Close Rick-counters of the Rick Kind/Ricksy Business/A Rickle in Time/Mortynight Run/Pink Polo Shirt Jerry
1634988755|Morty|A|Close Rick-counters of the Rick Kind/Ricksy Business/A Rickle in Time/Mortynight Run/Revolio Clockberg Jr.
1634988755|Morty|A|Close Rick-counters of the Rick Kind/Ricksy Business/A Rickle in Time/Mortynight Run/Rick Sanchez
1634988755|Morty|A|Close Rick-counters of the Rick Kind/Ricksy Business/A Rickle in Time/Mortynight Run/Roy
1634988755|Morty|A|Close Rick-counters of the Rick Kind/Ricksy Business/A Rickle in Time/Mortynight Run/Roy's Mum
1634988755|Morty|A|Close Rick-counters of the Rick Kind/Ricksy Business/A Rickle in Time/Mortynight Run/Scrotian
1634988755|Morty|A|Close Rick-counters of the Rick Kind/Ricksy Business/A Rickle in Time/Mortynight Run/Roy's Wife
1634988755|Morty|A|Close Rick-counters of the Rick Kind/Ricksy Business/A Rickle in Time/Mortynight Run/Shaved Head Jerry
1634988755|Morty|A|Close Rick-counters of the Rick Kind/Ricksy Business/A Rickle in Time/Mortynight Run/Shimshamian
1634988755|Morty|A|Close Rick-counters of the Rick Kind/Ricksy Business/A Rickle in Time/Mortynight Run/Tank Top Jerry
1634988755|Morty|A|Close Rick-counters of the Rick Kind/Ricksy Business/A Rickle in Time/Mortynight Run/Traflorkian
1634988755|Morty|A|Close Rick-counters of the Rick Kind/Ricksy Business/A Rickle in Time/Mortynight Run/Zarbadar Gloonch
1634988755|Morty|A|Close Rick-counters of the Rick Kind/Ricksy Business/A Rickle in Time/Mortynight Run/Loggins
1634988755|Morty|A|Close Rick-counters of the Rick Kind/Ricksy Business/A Rickle in Time/Mortynight Run/Roy's Son
1634988755|Morty|A|Close Rick-counters of the Rick Kind/Ricksy Business/A Rickle in Time/Mortynight Run/Krombopulos Michael
1634988755|Morty|A|Close Rick-counters of the Rick Kind/Ricksy Business/A Rickle in Time/Mortynight Run/Dr. Schmidt
1634988755|Morty|A|Close Rick-counters of the Rick Kind/Ricksy Business/A Rickle in Time/Mortynight Run/Jerryboree Receptionist
1634988755|Morty|A|Close Rick-counters of the Rick Kind/Ricksy Business/A Rickle in Time/Mortynight Run/Anchor Gear
1634988755|Morty|A|Close Rick-counters of the Rick Kind/Ricksy Business/A Rickle in Time/Mortynight Run/Arcade Alien
1634988755|Morty|A|Close Rick-counters of the Rick Kind/Ricksy Business/A Rickle in Time/Mortynight Run/Attila Starwar
1634988755|Morty|A|Close Rick-counters of the Rick Kind/Ricksy Business/A Rickle in Time/Mortynight Run/Bearded Jerry
1634988755|Morty|A|Close Rick-counters of the Rick Kind/Ricksy Business/A Rickle in Time/Mortynight Run/Benjamin
1634988755|Morty|A|Close Rick-counters of the Rick Kind/Ricksy Business/A Rickle in Time/Mortynight Run/Fart
1634988755|Morty|A|Close Rick-counters of the Rick Kind/Ricksy Business/A Rickle in Time/Mortynight Run/Fulgora
1634988755|Morty|A|Close Rick-counters of the Rick Kind/Ricksy Business/A Rickle in Time/Mortynight Run/Jessica
1634988755|Morty|A|Close Rick-counters of the Rick Kind/Ricksy Business/A Rickle in Time/Mortynight Run/Garblovian
1634988755|Morty|A|Close Rick-counters of the Rick Kind/Ricksy Business/A Rickle in Time/Mortynight Run/Gazorpazorpfield
1634988755|Morty|A|Close Rick-counters of the Rick Kind/Ricksy Business/A Rickle in Time/Mortynight Run/Gear Cop
1634988755|Morty|A|Close Rick-counters of the Rick Kind/Ricksy Business/A Rickle in Time/Mortynight Run/Giant Testicle Monster
1634988755|Morty|A|Close Rick-counters of the Rick Kind/Ricksy Business/A Rickle in Time/Mortynight Run/Jerry 5-126
1634988755|Morty|A|Close Rick-counters of the Rick Kind/Ricksy Business/A Rickle in Time/Mortynight Run/Jerry Smith
1634988755|Morty|A|Close Rick-counters of the Rick Kind/Ricksy Business/A Rickle in Time/Mortynight Run/Jerryboree Keeper
1634988755|Morty|A|Close Rick-counters of the Rick Kind/Ricksy Business/A Rickle in Time/Mortynight Run/Gar Gloonch
1635075155|Morty|A|Auto Erotic Assimilation/Ron Benson
1635075155|Morty|A|Auto Erotic Assimilation/Unity
1635075155|Morty|A|Auto Erotic Assimilation/Todd Crystal
1635075155|Morty|A|Auto Erotic Assimilation/Summer Smith
1635075155|Morty|A|Auto Erotic Assimilation/Steven Phillips
1635075155|Morty|A|Auto Erotic Assimilation/Rick Sanchez
1635075155|Morty|A|Auto Erotic Assimilation/Daron Jefferson
1635075155|Morty|A|Auto Erotic Assimilation/Karen Entity
1635075155|Morty|A|Auto Erotic Assimilation/Jerry Smith
1635075155|Morty|A|Auto Erotic Assimilation/Blim Blam
1635075155|Morty|A|Auto Erotic Assimilation/Beth Smith
1635075155|Morty|A|Auto Erotic Assimilation/Beta-Seven
1635075155|Morty|A|Auto Erotic Assimilation/Mrs. Sanchez
1635161555|Morty|A|Auto Erotic Assimilation/Total Rickall/Pencilvester
1635161555|Morty|A|Auto Erotic Assimilation/Total Rickall/Photography Raptor
1635161555|Morty|A|Auto Erotic Assimilation/Total Rickall/Reverse Giraffe
1635161555|Morty|A|Auto Erotic Assimilation/Total Rickall/Rick Sanchez
1635161555|Morty|A|Auto Erotic Assimilation/Total Rickall/Summer Smith
1635161555|Morty|A|Auto Erotic Assimilation/Total Rickall/Snuffles (Snowball)
1635161555|Morty|A|Auto Erotic Assimilation/Total Rickall/Tinkles
1635161555|Morty|A|Auto Erotic Assimilation/Total Rickall/Uncle Steve
1635161555|Morty|A|Auto Erotic Assimilation/Total Rickall/Mrs. Refrigerator
1635161555|Morty|A|Auto Erotic Assimilation/Total Rickall/Sleepy Gary
1635161555|Morty|A|Auto Erotic Assimilation/Total Rickall/Mr. Poopybutthole
1635161555|Morty|A|Auto Erotic Assimilation/Total Rickall/Beth Smith
1635161555|Morty|A|Auto Erotic Assimilation/Total Rickall/Jerry Smith
1635161555|Morty|A|Auto Erotic Assimilation/Total Rickall/Mr. Beauregard
1635161555|Morty|A|Auto Erotic Assimilation/Total Rickall/Amish Cyborg
1635161555|Morty|A|Auto Erotic Assimilation/Total Rickall/Baby Wizard
1635161555|Morty|A|Auto Erotic Assimilation/Total Rickall/Cousin Nicky
1635161555|Morty|A|Auto Erotic Assimilation/Total Rickall/Bearded Lady
1635161555|Morty|A|Auto Erotic Assimilation/Total Rickall/Frankenstein's Monster
1635161555|Morty|A|Auto Erotic Assimilation/Total Rickall/Ghost in a Jar
1635161555|Morty|A|Auto Erotic Assimilation/Total Rickall/Hamurai
1635161555|Morty|A|Auto Erotic Assimilation/Total Rickall/Jacob
1635161555|Morty|A|Auto Erotic Assimilation/Total Rickall/Duck With Muscles
1635247955|Morty|A|Auto Erotic Assimilation/Total Rickall/Get Schwifty/Mr. Marklovitz
1635247955|Morty|A|Auto Erotic Assimilation/Total Rickall/Get Schwifty/Rick Sanchez
1635247955|Morty|A|Auto Erotic Assimilation/Total Rickall/Get Schwifty/Numbericon
1635247955|Morty|A|Auto Erotic Assimilation/Total Rickall/Get Schwifty/President Curtis
1635247955|Morty|A|Auto Erotic Assimilation/Total Rickall/Get Schwifty/Principal Vagina
1635247955|Morty|A|Auto Erotic Assimilation/Total Rickall/Get Schwifty/Scrotian
1635247955|Morty|A|Auto Erotic Assimilation/Total Rickall/Get Schwifty/Tammy Guetermann
1635247955|Morty|A|Auto Erotic Assimilation/Total Rickall/Get Schwifty/Snuffles (Snowball)
1635247955|Morty|A|Auto Erotic Assimilation/Total Rickall/Get Schwifty/Squanchy
1635247955|Morty|A|Auto Erotic Assimilation/Total Rickall/Get Schwifty/Summer Smith
1635247955|Morty|A|Auto Erotic Assimilation/Total Rickall/Get Schwifty/Terry
1635247955|Morty|A|Auto Erotic Assimilation/Total Rickall/Get Schwifty/Mr. Goldenfold
1635247955|Morty|A|Auto Erotic Assimilation/Total Rickall/Get Schwifty/Simon
1635247955|Morty|A|Auto Erotic Assimilation/Total Rickall/Get Schwifty/Magnesium-J
1635247955|Morty|A|Auto Erotic Assimilation/Total Rickall/Get Schwifty/Orthodox Jew
1635247955|Morty|A|Auto Erotic Assimilation/Total Rickall/Get Schwifty/Larva Alien
1635247955|Morty|A|Auto Erotic Assimilation/Total Rickall/Get Schwifty/Arbolian Mentirososian
1635247955|Morty|A|Auto Erotic Assimilation/Total Rickall/Get Schwifty/Armagheadon
1635247955|Morty|A|Auto Erotic Assimilation/Total Rickall/Get Schwifty/Beth Smith
1635247955|Morty|A|Auto Erotic Assimilation/Total Rickall/Get Schwifty/Ethan
1635247955|Morty|A|Auto Erotic Assimilation/Total Rickall/Get Schwifty/Father Bob
1635247955|Morty|A|Auto Erotic Assimilation/Total Rickall/Get Schwifty/General Nathan
1635247955|Morty|A|Auto Erotic Assimilation/Total Rickall/Get Schwifty/Birdperson
1635247955|Morty|A|Auto Erotic Assimilation/Total Rickall/Get Schwifty/Hydrogen-F
1635247955|Morty|A|Auto Erotic Assimilation/Total Rickall/Get Schwifty/Ice-T
1635247955|Morty|A|Auto Erotic Assimilation/Total Rickall/Get Schwifty/Magma-Q
1635247955|Morty|A|Auto Erotic Assimilation/Total Rickall/Get Schwifty/Jamey
1635247955|Morty|A|Auto Erotic Assimilation/Total Rickall/Get Schwifty/Jerry Smith
1635247955|Morty|A|Auto Erotic Assimilation/Total Rickall/Get Schwifty/Jim
1635247955|Morty|A|Auto Erotic Assimilation/Total Rickall/Get Schwifty/Greebybobe
1635334355|Morty|A|Auto Erotic Assimilation/Total Rickall/Get Schwifty/The Ricks Must Be Crazy/Mr. Goldenfold
1635334355|Morty|A|Auto Erotic Assimilation/Total Rickall/Get Schwifty/The Ricks Must Be Crazy/Zeep Xanflorp
1635334355|Morty|A|Auto Erotic Assimilation/Total Rickall/Get Schwifty/The Ricks Must Be Crazy/Tree Person
1635334355|Morty|A|Auto Erotic Assimilation/Total Rickall/Get Schwifty/The Ricks Must Be Crazy/The President of the Miniverse
1635334355|Morty|A|Auto Erotic Assimilation/Total Rickall/Get Schwifty/The Ricks Must Be Crazy/Summer Smith
1635334355|Morty|A|Auto Erotic Assimilation/Total Rickall/Get Schwifty/The Ricks Must Be Crazy/Space Cruiser
1635334355|Morty|A|Auto Erotic Assimilation/Total Rickall/Get Schwifty/The Ricks Must Be Crazy/Rick Sanchez
1635334355|Morty|A|Auto Erotic Assimilation/Total Rickall/Get Schwifty/The Ricks Must Be Crazy/Piece of Toast
1635334355|Morty|A|Auto Erotic Assimilation/Total Rickall/Get Schwifty/The Ricks Must Be Crazy/Loggins
1635334355|Morty|A|Auto Erotic Assimilation/Total Rickall/Get Schwifty/The Ricks Must Be Crazy/Jessica's Friend
1635334355|Morty|A|Auto Erotic Assimilation/Total Rickall/Get Schwifty/The Ricks Must Be Crazy/Jessica
1635334355|Morty|A|Auto Erotic Assimilation/Total Rickall/Get Schwifty/The Ricks Must Be Crazy/Hunter's Father
1635334355|Morty|A|Auto Erotic Assimilation/Total Rickall/Get Schwifty/The Ricks Must Be Crazy/Hunter
1635334355|Morty|A|Auto Erotic Assimilation/Total Rickall/Get Schwifty/The Ricks Must Be Crazy/Fulgora
1635334355|Morty|A|Auto Erotic Assimilation/Total Rickall/Get Schwifty/The Ricks Must Be Crazy/Chris
1635334355|Morty|A|Auto Erotic Assimilation/Total Rickall/Get Schwifty/The Ricks Must Be Crazy/Benjamin
1635334355|Morty|A|Auto Erotic Assimilation/Total Rickall/Get Schwifty/The Ricks Must Be Crazy/Attila Starwar
1635334355|Morty|A|Auto Erotic Assimilation/Total Rickall/Get Schwifty/The Ricks Must Be Crazy/Kyle
1635420755|Morty|A|Big Trouble in Little Sanchez/Mr. Goldenfold
1635420755|Morty|A|Big Trouble in Little Sanchez/Principal Vagina
1635420755|Morty|A|Big Trouble in Little Sanchez/Rick Sanchez
1635420755|Morty|A|Big Trouble in Little Sanchez/Self-Congratulatory Jerry
1635420755|Morty|A|Big Trouble in Little Sanchez/Summer Smith
1635420755|Morty|A|Big Trouble in Little Sanchez/Tiny Rick
1635420755|Morty|A|Big Trouble in Little Sanchez/Vampire Master
1635420755|Morty|A|Big Trouble in Little Sanchez/Toby Matthews
1635420755|Morty|A|Big Trouble in Little Sanchez/Tophat Jones
1635420755|Morty|A|Big Trouble in Little Sanchez/Vampire Master's Assistant
1635420755|Morty|A|Big Trouble in Little Sanchez/Zarbadar Gloonch
1635420755|Morty|A|Big Trouble in Little Sanchez/Zarbadar's Mytholog
1635420755|Morty|A|Big Trouble in Little Sanchez/Jessica's Friend
1635420755|Morty|A|Big Trouble in Little Sanchez/Gar Gloonch
1635420755|Morty|A|Big Trouble in Little Sanchez/Jerry's Mytholog
1635420755|Morty|A|Big Trouble in Little Sanchez/Jessica
1635420755|Morty|A|Big Trouble in Little Sanchez/Beth Smith
1635420755|Morty|A|Big Trouble in Little Sanchez/Boobloosian
1635420755|Morty|A|Big Trouble in Little Sanchez/Coach Feratu (Balik Alistane)
1635420755|Morty|A|Big Trouble in Little Sanchez/Flansian
1635420755|Morty|A|Big Trouble in Little Sanchez/Beth's Mytholog
1635420755|Morty|A|Big Trouble in Little Sanchez/Glexo Slim Slom
1635420755|Morty|A|Big Trouble in Little Sanchez/Goddess Beth
1635420755|Morty|A|Big Trouble in Little Sanchez/Ideal Jerry
1635420755|Morty|A|Big Trouble in Little Sanchez/Jerry Smith
1635420755|Morty|A|Big Trouble in Little Sanchez/Gar's Mytholog
1635507155|Morty|A|Big Trouble in Little Sanchez/Interdimensional Cable 2: Tempting Fate/Shlaammi
1635507155|Morty|A|Big Trouble in Little Sanchez/Interdimensional Cable 2: Tempting Fate/Phillip Jacobs
1635507155|Morty|A|Big Trouble in Little Sanchez/Interdimensional Cable 2: Tempting Fate/Pibbles Bodyguard
1635507155|Morty|A|Big Trouble in Little Sanchez/Interdimensional Cable 2: Tempting Fate/Pichael Thompson
1635507155|Morty|A|Big Trouble in Little Sanchez/Interdimensional Cable 2: Tempting Fate/Pripudlian
1635507155|Morty|A|Big Trouble in Little Sanchez/Interdimensional Cable 2: Tempting Fate/Randy Dicknose
1635507155|Morty|A|Big Trouble in Little Sanchez/Interdimensional Cable 2: Tempting Fate/Rick Sanchez
1635507155|Morty|A|Big Trouble in Little Sanchez/Interdimensional Cable 2: Tempting Fate/Shrimply Pibbles
1635507155|Morty|A|Big Trouble in Little Sanchez/Interdimensional Cable 2: Tempting Fate/Traflorkian Journalist
1635507155|Morty|A|Big Trouble in Little Sanchez/Interdimensional Cable 2: Tempting Fate/Stealy
1635507155|Morty|A|Big Trouble in Little Sanchez/Interdimensional Cable 2: Tempting Fate/Summer Smith
1635507155|Morty|A|Big Trouble in Little Sanchez/Interdimensional Cable 2: Tempting Fate/Tax Attorney
1635507155|Morty|A|Big Trouble in Little Sanchez/Interdimensional Cable 2: Tempting Fate/Traflorkian
1635507155|Morty|A|Big Trouble in Little Sanchez/Interdimensional Cable 2: Tempting Fate/Tumblorkian
1635507155|Morty|A|Big Trouble in Little Sanchez/Interdimensional Cable 2: Tempting Fate/Yellow Headed Doctor
1635507155|Morty|A|Big Trouble in Little Sanchez/Interdimensional Cable 2: Tempting Fate/Yaarb
1635507155|Morty|A|Big Trouble in Little Sanchez/Interdimensional Cable 2: Tempting Fate/Octopus Man
1635507155|Morty|A|Big Trouble in Little Sanchez/Interdimensional Cable 2: Tempting Fate/St. Gloopy Noops Nurse
1635507155|Morty|A|Big Trouble in Little Sanchez/Interdimensional Cable 2: Tempting Fate/Nano Doctor
1635507155|Morty|A|Big Trouble in Little Sanchez/Interdimensional Cable 2: Tempting Fate/Arcade Alien
1635507155|Morty|A|Big Trouble in Little Sanchez/Interdimensional Cable 2: Tempting Fate/Michael McLick
1635507155|Morty|A|Big Trouble in Little Sanchez/Interdimensional Cable 2: Tempting Fate/Michael Thompson
1635507155|Morty|A|Big Trouble in Little Sanchez/Interdimensional Cable 2: Tempting Fate/Arbolian Mentirososian
1635507155|Morty|A|Big Trouble in Little Sanchez/Interdimensional Cable 2: Tempting Fate/Bepisian
1635507155|Morty|A|Big Trouble in Little Sanchez/Interdimensional Cable 2: Tempting Fate/Beth Smith
1635507155|Morty|A|Big Trouble in Little Sanchez/Interdimensional Cable 2: Tempting Fate/Blamph
1635507155|Morty|A|Big Trouble in Little Sanchez/Interdimensional Cable 2: Tempting Fate/Blue Diplomat
1635507155|Morty|A|Big Trouble in Little Sanchez/Interdimensional Cable 2: Tempting Fate/Butthole Ice Cream Guy
1635507155|Morty|A|Big Trouble in Little Sanchez/Interdimensional Cable 2: Tempting Fate/Eyehole Man
1635507155|Morty|A|Big Trouble in Little Sanchez/Interdimensional Cable 2: Tempting Fate/Dr. Glip-Glop
1635507155|Morty|A|Big Trouble in Little Sanchez/Interdimensional Cable 2: Tempting Fate/Funny Songs Presenter
1635507155|Morty|A|Big Trouble in Little Sanchez/Interdimensional Cable 2: Tempting Fate/Garblovian
1635507155|Morty|A|Big Trouble in Little Sanchez/Interdimensional Cable 2: Tempting Fate/Hamster In Butt
1635507155|Morty|A|Big Trouble in Little Sanchez/Interdimensional Cable 2: Tempting Fate/Jan-Michael Vincent
1635507155|Morty|A|Big Trouble in Little Sanchez/Interdimensional Cable 2: Tempting Fate/Jerry Smith
1635507155|Morty|A|Big Trouble in Little Sanchez/Interdimensional Cable 2: Tempting Fate/Larva Alien
1635507155|Morty|A|Big Trouble in Little Sanchez/Interdimensional Cable 2: Tempting Fate/Little Dipper
1635507155|Morty|A|Big Trouble in Little Sanchez/Interdimensional Cable 2: Tempting Fate/Michael Jenkins
1635507155|Morty|A|Big Trouble in Little Sanchez/Interdimensional Cable 2: Tempting Fate/Fleeb
1635593555|Morty|A|Big Trouble in Little Sanchez/Interdimensional Cable 2: Tempting Fate/Look Who's Purging Now/Rick Sanchez
1635593555|Morty|A|Big Trouble in Little Sanchez/Interdimensional Cable 2: Tempting Fate/Look Who's Purging Now/Taddy Mason
1635593555|Morty|A|Big Trouble in Little Sanchez/Interdimensional Cable 2: Tempting Fate/Look Who's Purging Now/Summer Smith
1635593555|Morty|A|Big Trouble in Little Sanchez/Interdimensional Cable 2: Tempting Fate/Look Who's Purging Now/Purge Planet Ruler
1635593555|Morty|A|Big Trouble in Little Sanchez/Interdimensional Cable 2: Tempting Fate/Look Who's Purging Now/Beth Smith
1635593555|Morty|A|Big Trouble in Little Sanchez/Interdimensional Cable 2: Tempting Fate/Look Who's Purging Now/Jerry Smith
1635593555|Morty|A|Big Trouble in Little Sanchez/Interdimensional Cable 2: Tempting Fate/Look Who's Purging Now/General Store Owner
1635593555|Morty|A|Big Trouble in Little Sanchez/Interdimensional Cable 2: Tempting Fate/Look Who's Purging Now/Arthricia
1635593555|Morty|A|Big Trouble in Little Sanchez/Interdimensional Cable 2: Tempting Fate/Look Who's Purging Now/Lighthouse Keeper
1635679955|Morty|A|Big Trouble in Little Sanchez/Interdimensional Cable 2: Tempting Fate/Look Who's Purging Now/The Wedding Squanchers/Mr. Poopybutthole
1635679955|Morty|A|Big Trouble in Little Sanchez/Interdimensional Cable 2: Tempting Fate/Look Who's Purging Now/The Wedding Squanchers/Pat Gueterman
1635679955|Morty|A|Big Trouble in Little Sanchez/Interdimensional Cable 2: Tempting Fate/Look Who's Purging Now/The Wedding Squanchers/Photography Cyborg
1635679955|Morty|A|Big Trouble in Little Sanchez/Interdimensional Cable 2: Tempting Fate/Look Who's Purging Now/The Wedding Squanchers/Rick Sanchez
1635679955|Morty|A|Big Trouble in Little Sanchez/Interdimensional Cable 2: Tempting Fate/Look Who's Purging Now/The Wedding Squanchers/Scropon
1635679955|Morty|A|Big Trouble in Little Sanchez/Interdimensional Cable 2: Tempting Fate/Look Who's Purging Now/The Wedding Squanchers/Scrotian
1635679955|Morty|A|Big Trouble in Little Sanchez/Interdimensional Cable 2: Tempting Fate/Look Who's Purging Now/The Wedding Squanchers/Squanchy
1635679955|Morty|A|Big Trouble in Little Sanchez/Interdimensional Cable 2: Tempting Fate/Look Who's Purging Now/The Wedding Squanchers/Summer Smith
1635679955|Morty|A|Big Trouble in Little Sanchez/Interdimensional Cable 2: Tempting Fate/Look Who's Purging Now/The Wedding Squanchers/Tammy Guetermann
1635679955|Morty|A|Big Trouble in Little Sanchez/Interdimensional Cable 2: Tempting Fate/Look Who's Purging Now/The Wedding Squanchers/Wedding Bartender
1635679955|Morty|A|Big Trouble in Little Sanchez/Interdimensional Cable 2: Tempting Fate/Look Who's Purging Now/The Wedding Squanchers/Traflorkian
1635679955|Morty|A|Big Trouble in Little Sanchez/Interdimensional Cable 2: Tempting Fate/Look Who's Purging Now/The Wedding Squanchers/Mr. Goldenfold
1635679955|Morty|A|Big Trouble in Little Sanchez/Interdimensional Cable 2: Tempting Fate/Look Who's Purging Now/The Wedding Squanchers/Shimshamian
1635679955|Morty|A|Big Trouble in Little Sanchez/Interdimensional Cable 2: Tempting Fate/Look Who's Purging Now/The Wedding Squanchers/Lil B
1635679955|Morty|A|Big Trouble in Little Sanchez/Interdimensional Cable 2: Tempting Fate/Look Who's Purging Now/The Wedding Squanchers/Tophat Jones
1635679955|Morty|A|Big Trouble in Little Sanchez/Interdimensional Cable 2: Tempting Fate/Look Who's Purging Now/The Wedding Squanchers/Kozbian
1635679955|Morty|A|Big Trouble in Little Sanchez/Interdimensional Cable 2: Tempting Fate/Look Who's Purging Now/The Wedding Squanchers/Larva Alien
1635679955|Morty|A|Big Trouble in Little Sanchez/Interdimensional Cable 2: Tempting Fate/Look Who's Purging Now/The Wedding Squanchers/Arbolian Mentirososian
1635679955|Morty|A|Big Trouble in Little Sanchez/Interdimensional Cable 2: Tempting Fate/Look Who's Purging Now/The Wedding Squanchers/Arcade Alien
1635679955|Morty|A|Big Trouble in Little Sanchez/Interdimensional Cable 2: Tempting Fate/Look Who's Purging Now/The Wedding Squanchers/Beth Smith
1635679955|Morty|A|Big Trouble in Little Sanchez/Interdimensional Cable 2: Tempting Fate/Look Who's Purging Now/The Wedding Squanchers/Boobloosian
1635679955|Morty|A|Big Trouble in Little Sanchez/Interdimensional Cable 2: Tempting Fate/Look Who's Purging Now/The Wedding Squanchers/Courier Flap
1635679955|Morty|A|Big Trouble in Little Sanchez/Interdimensional Cable 2: Tempting Fate/Look Who's Purging Now/The Wedding Squanchers/Birdperson
1635679955|Morty|A|Big Trouble in Little Sanchez/Interdimensional Cable 2: Tempting Fate/Look Who's Purging Now/The Wedding Squanchers/Flansian
1635679955|Morty|A|Big Trouble in Little Sanchez/Interdimensional Cable 2: Tempting Fate/Look Who's Purging Now/The Wedding Squanchers/Galactic Federation President
1635679955|Morty|A|Big Trouble in Little Sanchez/Interdimensional Cable 2: Tempting Fate/Look Who's Purging Now/The Wedding Squanchers/Gar Gloonch
1635679955|Morty|A|Big Trouble in Little Sanchez/Interdimensional Cable 2: Tempting Fate/Look Who's Purging Now/The Wedding Squanchers/Garblovian
1635679955|Morty|A|Big Trouble in Little Sanchez/Interdimensional Cable 2: Tempting Fate/Look Who's Purging Now/The Wedding Squanchers/Jerry Smith
1635679955|Morty|A|Big Trouble in Little Sanchez/Interdimensional Cable 2: Tempting Fate/Look Who's Purging Now/The Wedding Squanchers/Donna Gueterman
1635766355|Morty|A|The Rickshank Rickdemption/SEAL Team Rick
1635766355|Morty|A|The Rickshank Rickdemption/Rick D-99
1635766355|Morty|A|The Rickshank Rickdemption/Rick Prime
1635766355|Morty|A|The Rickshank Rickdemption/Ricktiminus Sancheziminius
1635766355|Morty|A|The Rickshank Rickdemption/Riq IV
1635766355|Morty|A|The Rickshank Rickdemption/Solicitor Rick
1635766355|Morty|A|The Rickshank Rickdemption/Yellow Shirt Rick
1635766355|Morty|A|The Rickshank Rickdemption/Tammy Guetermann
1635766355|Morty|A|The Rickshank Rickdemption/Teleportation's Responsible Rick
1635766355|Morty|A|The Rickshank Rickdemption/Unknown Rick
1635766355|Morty|A|The Rickshank Rickdemption/Wall Crawling Rick
1635766355|Morty|A|The Rickshank Rickdemption/Quantum Rick
1635766355|Morty|A|The Rickshank Rickdemption/Zeta Alpha Rick
1635766355|Morty|A|The Rickshank Rickdemption/Summer Smith
1635766355|Morty|A|The Rickshank Rickdemption/Phoenixperson
1635766355|Morty|A|The Rickshank Rickdemption/Rick Sanchez
1635766355|Morty|A|The Rickshank Rickdemption/Maximums Rickimus
1635766355|Morty|A|The Rickshank Rickdemption/Mr. Goldenfold
1635766355|Morty|A|The Rickshank Rickdemption/Aqua Rick
1635766355|Morty|A|The Rickshank Rickdemption/Beth Smith
1635766355|Morty|A|The Rickshank Rickdemption/Black Rick
1635766355|Morty|A|The Rickshank Rickdemption/Borpocian
1635766355|Morty|A|The Rickshank Rickdemption/Commander Rick
1635766355|Morty|A|The Rickshank Rickdemption/Birdperson
1635766355|Morty|A|The Rickshank Rickdemption/Conroy
1635766355|Morty|A|The Rickshank Rickdemption/Cornvelious Daniel
1635766355|Morty|A|The Rickshank Rickdemption/Cyclops Rick
1635766355|Morty|A|The Rickshank Rickdemption/Diane Sanchez
1635766355|Morty|A|The Rickshank Rickdemption/Doofus Rick
1635766355|Morty|A|The Rickshank Rickdemption/Jerry Smith
1635766355|Morty|A|The Rickshank Rickdemption/Communication's Responsible Rick
1635852755|Morty|A|The Rickshank Rickdemption/Rickmancing the Stone/Mechanical Rick
1635852755|Morty|A|The Rickshank Rickdemption/Rickmancing the Stone/Taint Washer
1635852755|Morty|A|The Rickshank Rickdemption/Rickmancing the Stone/Summer Smith
1635852755|Morty|A|The Rickshank Rickdemption/Rickmancing the Stone/Slaveowner
1635852755|Morty|A|The Rickshank Rickdemption/Rickmancing the Stone/Rick Sanchez
1635852755|Morty|A|The Rickshank Rickdemption/Rickmancing the Stone/Mohawk Guy
1635852755|Morty|A|The Rickshank Rickdemption/Rickmancing the Stone/Mechanical Summer
1635852755|Morty|A|The Rickshank Rickdemption/Rickmancing the Stone/Jerry Smith
1635852755|Morty|A|The Rickshank Rickdemption/Rickmancing the Stone/Colossus
1635852755|Morty|A|The Rickshank Rickdemption/Rickmancing the Stone/Genital Washer
1635852755|Morty|A|The Rickshank Rickdemption/Rickmancing the Stone/Eli's Girlfriend
1635852755|Morty|A|The Rickshank Rickdemption/Rickmancing the Stone/Eli
1635852755|Morty|A|The Rickshank Rickdemption/Rickmancing the Stone/Blue Footprint Guy
1635852755|Morty|A|The Rickshank Rickdemption/Rickmancing the Stone/Beth Smith
1635852755|Morty|A|The Rickshank Rickdemption/Rickmancing the Stone/Armothy
1635852755|Morty|A|The Rickshank Rickdemption/Rickmancing the Stone/Hemorrhage
1635939155|Morty|A|The Rickshank Rickdemption/Rickmancing the Stone/Pickle Rick/Pickle Rick
1635939155|Morty|A|The Rickshank Rickdemption/Rickmancing the Stone/Pickle Rick/Snuffles (Snowball)
1635939155|Morty|A|The Rickshank Rickdemption/Rickmancing the Stone/Pickle Rick/Rick Sanchez
1635939155|Morty|A|The Rickshank Rickdemption/Rickmancing the Stone/Pickle Rick/Rat Boss
1635939155|Morty|A|The Rickshank Rickdemption/Rickmancing the Stone/Pickle Rick/Principal Vagina
1635939155|Morty|A|The Rickshank Rickdemption/Rickmancing the Stone/Pickle Rick/Mr. Goldenfold
1635939155|Morty|A|The Rickshank Rickdemption/Rickmancing the Stone/Pickle Rick/Summer Smith
1635939155|Morty|A|The Rickshank Rickdemption/Rickmancing the Stone/Pickle Rick/Jaguar
1635939155|Morty|A|The Rickshank Rickdemption/Rickmancing the Stone/Pickle Rick/Izzy
1635939155|Morty|A|The Rickshank Rickdemption/Rickmancing the Stone/Pickle Rick/Dr. Wong
1635939155|Morty|A|The Rickshank Rickdemption/Rickmancing the Stone/Pickle Rick/Concerto
1635939155|Morty|A|The Rickshank Rickdemption/Rickmancing the Stone/Pickle Rick/Beth Smith
1635939155|Morty|A|The Rickshank Rickdemption/Rickmancing the Stone/Pickle Rick/Agency Director
1635939155|Morty|A|The Rickshank Rickdemption/Rickmancing the Stone/Pickle Rick/Katarina
1636025555|Morty|A|The Rickshank Rickdemption/Rickmancing the Stone/Pickle Rick/Vindicators 3: The Return of Worldender/Nancy
1636025555|Morty|A|The Rickshank Rickdemption/Rickmancing the Stone/Pickle Rick/Vindicators 3: The Return of Worldender/Noob-Noob
1636025555|Morty|A|The Rickshank Rickdemption/Rickmancing the Stone/Pickle Rick/Vindicators 3: The Return of Worldender/Pripudlian
1636025555|Morty|A|The Rickshank Rickdemption/Rickmancing the Stone/Pickle Rick/Vindicators 3: The Return of Worldender/Revolio Clockberg Jr.
1636025555|Morty|A|The Rickshank Rickdemption/Rickmancing the Stone/Pickle Rick/Vindicators 3: The Return of Worldender/Rick Sanchez
1636025555|Morty|A|The Rickshank Rickdemption/Rickmancing the Stone/Pickle Rick/Vindicators 3: The Return of Worldender/Scrotian
1636025555|Morty|A|The Rickshank Rickdemption/Rickmancing the Stone/Pickle Rick/Vindicators 3: The Return of Worldender/Supernova
1636025555|Morty|A|The Rickshank Rickdemption/Rickmancing the Stone/Pickle Rick/Vindicators 3: The Return of Worldender/Summer Smith
1636025555|Morty|A|The Rickshank Rickdemption/Rickmancing the Stone/Pickle Rick/Vindicators 3: The Return of Worldender/Million Ants
1636025555|Morty|A|The Rickshank Rickdemption/Rickmancing the Stone/Pickle Rick/Vindicators 3: The Return of Worldender/Traflorkian
1636025555|Morty|A|The Rickshank Rickdemption/Rickmancing the Stone/Pickle Rick/Vindicators 3: The Return of Worldender/Vance Maximus
1636025555|Morty|A|The Rickshank Rickdemption/Rickmancing the Stone/Pickle Rick/Vindicators 3: The Return of Worldender/Worldender
1636025555|Morty|A|The Rickshank Rickdemption/Rickmancing the Stone/Pickle Rick/Vindicators 3: The Return of Worldender/Shimshamian
1636025555|Morty|A|The Rickshank Rickdemption/Rickmancing the Stone/Pickle Rick/Vindicators 3: The Return of Worldender/MC Haps
1636025555|Morty|A|The Rickshank Rickdemption/Rickmancing the Stone/Pickle Rick/Vindicators 3: The Return of Worldender/Stair Goblin
1636025555|Morty|A|The Rickshank Rickdemption/Rickmancing the Stone/Pickle Rick/Vindicators 3: The Return of Worldender/Lady Katana
1636025555|Morty|A|The Rickshank Rickdemption/Rickmancing the Stone/Pickle Rick/Vindicators 3: The Return of Worldender/Logic
1636025555|Morty|A|The Rickshank Rickdemption/Rickmancing the Stone/Pickle Rick/Vindicators 3: The Return of Worldender/Alan Rails
1636025555|Morty|A|The Rickshank Rickdemption/Rickmancing the Stone/Pickle Rick/Vindicators 3: The Return of Worldender/Arcade Alien
1636025555|Morty|A|The Rickshank Rickdemption/Rickmancing the Stone/Pickle Rick/Vindicators 3: The Return of Worldender/Beth Smith
1636025555|Morty|A|The Rickshank Rickdemption/Rickmancing the Stone/Pickle Rick/Vindicators 3: The Return of Worldender/Calypso
1636025555|Morty|A|The Rickshank Rickdemption/Rickmancing the Stone/Pickle Rick/Vindicators 3: The Return of Worldender/Crocubot
1636025555|Morty|A|The Rickshank Rickdemption/Rickmancing the Stone/Pickle Rick/Vindicators 3: The Return of Worldender/Bepisian
1636025555|Morty|A|The Rickshank Rickdemption/Rickmancing the Stone/Pickle Rick/Vindicators 3: The Return of Worldender/Diablo Verde
1636025555|Morty|A|The Rickshank Rickdemption/Rickmancing the Stone/Pickle Rick/Vindicators 3: The Return of Worldender/Doom-Nomitron
1636025555|Morty|A|The Rickshank Rickdemption/Rickmancing the Stone/Pickle Rick/Vindicators 3: The Return of Worldender/Flansian
1636025555|Morty|A|The Rickshank Rickdemption/Rickmancing the Stone/Pickle Rick/Vindicators 3: The Return of Worldender/Greebybobe
1636025555|Morty|A|The Rickshank Rickdemption/Rickmancing the Stone/Pickle Rick/Vindicators 3: The Return of Worldender/Jessica's Friend
1636025555|Morty|A|The Rickshank Rickdemption/Rickmancing the Stone/Pickle Rick/Vindicators 3: The Return of Worldender/Cynthia
1636111955|Morty|A|The Whirly Dirly Conspiracy/Tusked Assassin
1636111955|Morty|A|The Whirly Dirly Conspiracy/Rick Sanchez
1636111955|Morty|A|The Whirly Dirly Conspiracy/Tricia Lange
1636111955|Morty|A|The Whirly Dirly Conspiracy/Summer Smith
1636111955|Morty|A|The Whirly Dirly Conspiracy/Shnoopy Bloopers
1636111955|Morty|A|The Whirly Dirly Conspiracy/Shmooglite Runner
1636111955|Morty|A|The Whirly Dirly Conspiracy/Risotto's Tentacled Henchman
1636111955|Morty|A|The Whirly Dirly Conspiracy/Risotto Groupon
1636111955|Morty|A|The Whirly Dirly Conspiracy/Morphizer-XE Customer Support
1636111955|Morty|A|The Whirly Dirly Conspiracy/Gibble Snake
1636111955|Morty|A|The Whirly Dirly Conspiracy/Jessica
1636111955|Morty|A|The Whirly Dirly Conspiracy/Jerry Smith
1636111955|Morty|A|The Whirly Dirly Conspiracy/Gene
1636111955|Morty|A|The Whirly Dirly Conspiracy/Ethan
1636111955|Morty|A|The Whirly Dirly Conspiracy/Birdperson
1636111955|Morty|A|The Whirly Dirly Conspiracy/Beth Smith
1636111955|Morty|A|The Whirly Dirly Conspiracy/Arcade Alien
1636111955|Morty|A|The Whirly Dirly Conspiracy/Lisa
1636198355|Morty|A|The Whirly Dirly Conspiracy/Rest and Ricklaxation/Mrs. Pancakes
1636198355|Morty|A|The Whirly Dirly Conspiracy/Rest and Ricklaxation/Tricia Lange
1636198355|Morty|A|The Whirly Dirly Conspiracy/Rest and Ricklaxation/Toxic Rick
1636198355|Morty|A|The Whirly Dirly Conspiracy/Rest and Ricklaxation/Summer Smith
1636198355|Morty|A|The Whirly Dirly Conspiracy/Rest and Ricklaxation/Stacy
1636198355|Morty|A|The Whirly Dirly Conspiracy/Rest and Ricklaxation/Rick Sanchez
1636198355|Morty|A|The Whirly Dirly Conspiracy/Rest and Ricklaxation/Principal Vagina
1636198355|Morty|A|The Whirly Dirly Conspiracy/Rest and Ricklaxation/Mr. Goldenfold
1636198355|Morty|A|The Whirly Dirly Conspiracy/Rest and Ricklaxation/Jessica's Friend
1636198355|Morty|A|The Whirly Dirly Conspiracy/Rest and Ricklaxation/Little Voltron
1636198355|Morty|A|The Whirly Dirly Conspiracy/Rest and Ricklaxation/Abadango Cluster Princess
1636198355|Morty|A|The Whirly Dirly Conspiracy/Rest and Ricklaxation/Alien Spa Employee
1636198355|Morty|A|The Whirly Dirly Conspiracy/Rest and Ricklaxation/Beth Smith
1636198355|Morty|A|The Whirly Dirly Conspiracy/Rest and Ricklaxation/Mitch
1636198355|Morty|A|The Whirly Dirly Conspiracy/Rest and Ricklaxation/Jacqueline
1636198355|Morty|A|The Whirly Dirly Conspiracy/Rest and Ricklaxation/Jessica
1636198355|Morty|A|The Whirly Dirly Conspiracy/Rest and Ricklaxation/Father Bob
1636284755|Morty|A|The Whirly Dirly Conspiracy/Rest and Ricklaxation/The Ricklantis Mixup/Retired General Rick
1636284755|Morty|A|The Whirly Dirly Conspiracy/Rest and Ricklaxation/The Ricklantis Mixup/Reverse Rick Outrage
1636284755|Morty|A|The Whirly Dirly Conspiracy/Rest and Ricklaxation/The Ricklantis Mixup/Rick D. Sanchez III
1636284755|Morty|A|The Whirly Dirly Conspiracy/Rest and Ricklaxation/The Ricklantis Mixup/Rick D716
1636284755|Morty|A|The Whirly Dirly Conspiracy/Rest and Ricklaxation/The Ricklantis Mixup/Rick D716-B
1636284755|Morty|A|The Whirly Dirly Conspiracy/Rest and Ricklaxation/The Ricklantis Mixup/Rick D716-C
1636284755|Morty|A|The Whirly Dirly Conspiracy/Rest and Ricklaxation/The Ricklantis Mixup/Rick Guilt Rick
1636284755|Morty|A|The Whirly Dirly Conspiracy/Rest and Ricklaxation/The Ricklantis Mixup/Rick J-22
1636284755|Morty|A|The Whirly Dirly Conspiracy/Rest and Ricklaxation/The Ricklantis Mixup/Rick K-22
1636284755|Morty|A|The Whirly Dirly Conspiracy/Rest and Ricklaxation/The Ricklantis Mixup/Rick Sanchez
1636284755|Morty|A|The Whirly Dirly Conspiracy/Rest and Ricklaxation/The Ricklantis Mixup/Sheik Rick
1636284755|Morty|A|The Whirly Dirly Conspiracy/Rest and Ricklaxation/The Ricklantis Mixup/Regional Manager Rick
1636284755|Morty|A|The Whirly Dirly Conspiracy/Rest and Ricklaxation/The Ricklantis Mixup/Slow Rick
1636284755|Morty|A|The Whirly Dirly Conspiracy/Rest and Ricklaxation/The Ricklantis Mixup/Steve Jobs Rick
1636284755|Morty|A|The Whirly Dirly Conspiracy/Rest and Ricklaxation/The Ricklantis Mixup/Tan Rick
1636284755|Morty|A|The Whirly Dirly Conspiracy/Rest and Ricklaxation/The Ricklantis Mixup/Teacher Rick
1636284755|Morty|A|The Whirly Dirly Conspiracy/Rest and Ricklaxation/The Ricklantis Mixup/Trunk Man
1636284755|Morty|A|The Whirly Dirly Conspiracy/Rest and Ricklaxation/The Ricklantis Mixup/Visor Rick
1636284755|Morty|A|The Whirly Dirly Conspiracy/Rest and Ricklaxation/The Ricklantis Mixup/Secret Service Rick
1636284755|Morty|A|The Whirly Dirly Conspiracy/Rest and Ricklaxation/The Ricklantis Mixup/Simple Rick
1636284755|Morty|A|The Whirly Dirly Conspiracy/Rest and Ricklaxation/The Ricklantis Mixup/Private Sector Rick
1636284755|Morty|A|The Whirly Dirly Conspiracy/Rest and Ricklaxation/The Ricklantis Mixup/P-Coat Rick
1636284755|Morty|A|The Whirly Dirly Conspiracy/Rest and Ricklaxation/The Ricklantis Mixup/Adjudicator Rick
1636284755|Morty|A|The Whirly Dirly Conspiracy/Rest and Ricklaxation/The Ricklantis Mixup/Aqua Rick
1636284755|Morty|A|The Whirly Dirly Conspiracy/Rest and Ricklaxation/The Ricklantis Mixup/Baby Rick
1636284755|Morty|A|The Whirly Dirly Conspiracy/Rest and Ricklaxation/The Ricklantis Mixup/Beth Smith
1636284755|Morty|A|The Whirly Dirly Conspiracy/Rest and Ricklaxation/The Ricklantis Mixup/Black Rick
1636284755|Morty|A|The Whirly Dirly Conspiracy/Rest and Ricklaxation/The Ricklantis Mixup/Plumber Rick
1636284755|Morty|A|The Whirly Dirly Conspiracy/Rest and Ricklaxation/The Ricklantis Mixup/Colonial Rick
1636284755|Morty|A|The Whirly Dirly Conspiracy/Rest and Ricklaxation/The Ricklantis Mixup/Cool Rick
1636284755|Morty|A|The Whirly Dirly Conspiracy/Rest and Ricklaxation/The Ricklantis Mixup/Cop Rick
1636284755|Morty|A|The Whirly Dirly Conspiracy/Rest and Ricklaxation/The Ricklantis Mixup/Bootleg Portal Chemist Rick
1636284755|Morty|A|The Whirly Dirly Conspiracy/Rest and Ricklaxation/The Ricklantis Mixup/Cyclops Rick
1636284755|Morty|A|The Whirly Dirly Conspiracy/Rest and Ricklaxation/The Ricklantis Mixup/Garment District Rick
1636284755|Morty|A|The Whirly Dirly Conspiracy/Rest and Ricklaxation/The Ricklantis Mixup/Hairdresser Rick
1636284755|Morty|A|The Whirly Dirly Conspiracy/Rest and Ricklaxation/The Ricklantis Mixup/Investigator Rick
1636284755|Morty|A|The Whirly Dirly Conspiracy/Rest and Ricklaxation/The Ricklantis Mixup/Jessica
1636284755|Morty|A|The Whirly Dirly Conspiracy/Rest and Ricklaxation/The Ricklantis Mixup/Journalist Rick
1636284755|Morty|A|The Whirly Dirly Conspiracy/Rest and Ricklaxation/The Ricklantis Mixup/Juggling Rick
1636284755|Morty|A|The Whirly Dirly Conspiracy/Rest and Ricklaxation/The Ricklantis Mixup/Mega Fruit Farmer Rick
1636284755|Morty|A|The Whirly Dirly Conspiracy/Rest and Ricklaxation/The Ricklantis Mixup/Modern Rick
1636284755|Morty|A|The Whirly Dirly Conspiracy/Rest and Ricklaxation/The Ricklantis Mixup/Cowboy Rick
1636371155|Morty|A|The Whirly Dirly Conspiracy/Rest and Ricklaxation/The Ricklantis Mixup/Morty's Mind Blowers/Nancy
1636371155|Morty|A|The Whirly Dirly Conspiracy/Rest and Ricklaxation/The Ricklantis Mixup/Morty's Mind Blowers/Principal Vagina
1636371155|Morty|A|The Whirly Dirly Conspiracy/Rest and Ricklaxation/The Ricklantis Mixup/Morty's Mind Blowers/Rick Sanchez
1636371155|Morty|A|The Whirly Dirly Conspiracy/Rest and Ricklaxation/The Ricklantis Mixup/Morty's Mind Blowers/Mr. Poopybutthole
1636371155|Morty|A|The Whirly Dirly Conspiracy/Rest and Ricklaxation/The Ricklantis Mixup/Morty's Mind Blowers/Summer Smith
1636371155|Morty|A|The Whirly Dirly Conspiracy/Rest and Ricklaxation/The Ricklantis Mixup/Morty's Mind Blowers/Truth Tortoise
1636371155|Morty|A|The Whirly Dirly Conspiracy/Rest and Ricklaxation/The Ricklantis Mixup/Morty's Mind Blowers/Voltematron
1636371155|Morty|A|The Whirly Dirly Conspiracy/Rest and Ricklaxation/The Ricklantis Mixup/Morty's Mind Blowers/Snuffles (Snowball)
1636371155|Morty|A|The Whirly Dirly Conspiracy/Rest and Ricklaxation/The Ricklantis Mixup/Morty's Mind Blowers/Mr. Meeseeks
1636371155|Morty|A|The Whirly Dirly Conspiracy/Rest and Ricklaxation/The Ricklantis Mixup/Morty's Mind Blowers/Zick Zack
1636371155|Morty|A|The Whirly Dirly Conspiracy/Rest and Ricklaxation/The Ricklantis Mixup/Morty's Mind Blowers/Jerry Smith
1636371155|Morty|A|The Whirly Dirly Conspiracy/Rest and Ricklaxation/The Ricklantis Mixup/Morty's Mind Blowers/Beebo
1636371155|Morty|A|The Whirly Dirly Conspiracy/Rest and Ricklaxation/The Ricklantis Mixup/Morty's Mind Blowers/Beth Smith
1636371155|Morty|A|The Whirly Dirly Conspiracy/Rest and Ricklaxation/The Ricklantis Mixup/Morty's Mind Blowers/Chang
1636371155|Morty|A|The Whirly Dirly Conspiracy/Rest and Ricklaxation/The Ricklantis Mixup/Morty's Mind Blowers/Jessica
1636371155|Morty|A|The Whirly Dirly Conspiracy/Rest and Ricklaxation/The Ricklantis Mixup/Morty's Mind Blowers/Dr. Eleanor Arroway
1636371155|Morty|A|The Whirly Dirly Conspiracy/Rest and Ricklaxation/The Ricklantis Mixup/Morty's Mind Blowers/Gobo
1636371155|Morty|A|The Whirly Dirly Conspiracy/Rest and Ricklaxation/The Ricklantis Mixup/Morty's Mind Blowers/Gordon Lunas
1636371155|Morty|A|The Whirly Dirly Conspiracy/Rest and Ricklaxation/The Ricklantis Mixup/Morty's Mind Blowers/Collector
1636457555|Morty|A|The ABC's of Beth/Rick Sanchez
1636457555|Morty|A|The ABC's of Beth/Varrix
1636457555|Morty|A|The ABC's of Beth/Trandor
1636457555|Morty|A|The ABC's of Beth/Tommy's Clone
1636457555|Morty|A|The ABC's of Beth/Thomas Lipkip
1636457555|Morty|A|The ABC's of Beth/Summer Smith
1636457555|Morty|A|The ABC's of Beth/Snuffles (Snowball)
1636457555|Morty|A|The ABC's of Beth/Mrs. Sanchez
1636457555|Morty|A|The ABC's of Beth/Mr. Goldenfold
1636457555|Morty|A|The ABC's of Beth/Mr. Poopybutthole
1636457555|Morty|A|The ABC's of Beth/Keara
1636457555|Morty|A|The ABC's of Beth/Joseph Eli Lipkip
1636457555|Morty|A|The ABC's of Beth/Jessica
1636457555|Morty|A|The ABC's of Beth/Jerry Smith
1636457555|Morty|A|The ABC's of Beth/Brad
1636457555|Morty|A|The ABC's of Beth/Beth Smith
1636457555|Morty|A|The ABC's of Beth/Mrs. Lipkip
1636543955|Morty|A|The ABC's of Beth/The Rickchurian Mortydate/Presidentress of The Mega Gargantuans
1636543955|Morty|A|The ABC's of Beth/The Rickchurian Mortydate/Summer Smith
1636543955|Morty|A|The ABC's of Beth/The Rickchurian Mortydate/Steve
1636543955|Morty|A|The ABC's of Beth/The Rickchurian Mortydate/Secretary of the Interior
1636543955|Morty|A|The ABC's of Beth/The Rickchurian Mortydate/Rick Sanchez
1636543955|Morty|A|The ABC's of Beth/The Rickchurian Mortydate/President Curtis
1636543955|Morty|A|The ABC's of Beth/The Rickchurian Mortydate/Alien Googah
1636543955|Morty|A|The ABC's of Beth/The Rickchurian Mortydate/Jerry Smith
1636543955|Morty|A|The ABC's of Beth/The Rickchurian Mortydate/Invisi-trooper
1636543955|Morty|A|The ABC's of Beth/The Rickchurian Mortydate/Beth Smith
1636543955|Morty|A|The ABC's of Beth/The Rickchurian Mortydate/Baby Poopybutthole
1636543955|Morty|A|The ABC's of Beth/The Rickchurian Mortydate/Amy Poopybutthole
1636543955|Morty|A|The ABC's of Beth/The Rickchurian Mortydate/Mr. Poopybutthole
1636630355|Morty|A|The ABC's of Beth/The Rickchurian Mortydate/Edge of Tomorty: Rick, Die, Rickpeat/Jerry Smith
1636630355|Morty|A|The ABC's of Beth/The Rickchurian Mortydate/Edge of Tomorty: Rick, Die, Rickpeat/Jessica
1636630355|Morty|A|The ABC's of Beth/The Rickchurian Mortydate/Edge of Tomorty: Rick, Die, Rickpeat/Judge
1636630355|Morty|A|The ABC's of Beth/The Rickchurian Mortydate/Edge of Tomorty: Rick, Die, Rickpeat/Kirkland Brand Mr. Meeseeks
1636630355|Morty|A|The ABC's of Beth/The Rickchurian Mortydate/Edge of Tomorty: Rick, Die, Rickpeat/Mr. Meeseeks
1636630355|Morty|A|The ABC's of Beth/The Rickchurian Mortydate/Edge of Tomorty: Rick, Die, Rickpeat/Public Opinion Judge
1636630355|Morty|A|The ABC's of Beth/The Rickchurian Mortydate/Edge of Tomorty: Rick, Die, Rickpeat/Summer Smith
1636630355|Morty|A|The ABC's of Beth/The Rickchurian Mortydate/Edge of Tomorty: Rick, Die, Rickpeat/Rick Sanchez
1636630355|Morty|A|The ABC's of Beth/The Rickchurian Mortydate/Edge of Tomorty: Rick, Die, Rickpeat/Wasp Beth
1636630355|Morty|A|The ABC's of Beth/The Rickchurian Mortydate/Edge of Tomorty: Rick, Die, Rickpeat/Wasp Jerry
1636630355|Morty|A|The ABC's of Beth/The Rickchurian Mortydate/Edge of Tomorty: Rick, Die, Rickpeat/Wasp Rick
1636630355|Morty|A|The ABC's of Beth/The Rickchurian Mortydate/Edge of Tomorty: Rick, Die, Rickpeat/Wasp Ricks Clone
1636630355|Morty|A|The ABC's of Beth/The Rickchurian Mortydate/Edge of Tomorty: Rick, Die, Rickpeat/Hologram Rick
1636630355|Morty|A|The ABC's of Beth/The Rickchurian Mortydate/Edge of Tomorty: Rick, Die, Rickpeat/Revolio Clockberg Jr.
1636630355|Morty|A|The ABC's of Beth/The Rickchurian Mortydate/Edge of Tomorty: Rick, Die, Rickpeat/Fascist Teddy Bear Ricks Clone
1636630355|Morty|A|The ABC's of Beth/The Rickchurian Mortydate/Edge of Tomorty: Rick, Die, Rickpeat/Wasp Summer
1636630355|Morty|A|The ABC's of Beth/The Rickchurian Mortydate/Edge of Tomorty: Rick, Die, Rickpeat/Fascist Shrimp SS
1636630355|Morty|A|The ABC's of Beth/The Rickchurian Mortydate/Edge of Tomorty: Rick, Die, Rickpeat/Fascist Teddy Bear Rick
1636630355|Morty|A|The ABC's of Beth/The Rickchurian Mortydate/Edge of Tomorty: Rick, Die, Rickpeat/Anchorman
1636630355|Morty|A|The ABC's of Beth/The Rickchurian Mortydate/Edge of Tomorty: Rick, Die, Rickpeat/Beth Smith
1636630355|Morty|A|The ABC's of Beth/The Rickchurian Mortydate/Edge of Tomorty: Rick, Die, Rickpeat/Boglin
1636630355|Morty|A|The ABC's of Beth/The Rickchurian Mortydate/Edge of Tomorty: Rick, Die, Rickpeat/Bully
1636630355|Morty|A|The ABC's of Beth/The Rickchurian Mortydate/Edge of Tomorty: Rick, Die, Rickpeat/Caterpillar Mr. Goldenfold
1636630355|Morty|A|The ABC's of Beth/The Rickchurian Mortydate/Edge of Tomorty: Rick, Die, Rickpeat/Anchorwoman
1636630355|Morty|A|The ABC's of Beth/The Rickchurian Mortydate/Edge of Tomorty: Rick, Die, Rickpeat/Crystal Poacher
1636630355|Morty|A|The ABC's of Beth/The Rickchurian Mortydate/Edge of Tomorty: Rick, Die, Rickpeat/Fascist Mr. President
1636630355|Morty|A|The ABC's of Beth/The Rickchurian Mortydate/Edge of Tomorty: Rick, Die, Rickpeat/Fascist Rick
1636630355|Morty|A|The ABC's of Beth/The Rickchurian Mortydate/Edge of Tomorty: Rick, Die, Rickpeat/Fascist Ricks Clone
1636630355|Morty|A|The ABC's of Beth/The Rickchurian Mortydate/Edge of Tomorty: Rick, Die, Rickpeat/Fascist Shrimp Rick
1636630355|Morty|A|The ABC's of Beth/The Rickchurian Mortydate/Edge of Tomorty: Rick, Die, Rickpeat/Fascist Shrimp Ricks Clone
1636630355|Morty|A|The ABC's of Beth/The Rickchurian Mortydate/Edge of Tomorty: Rick, Die, Rickpeat/Caterpillar Mr. Goldenfolds Larvae
1636716755|Morty|A|The ABC's of Beth/The Rickchurian Mortydate/Edge of Tomorty: Rick, Die, Rickpeat/The Old Man and the Seat/Richard
1636716755|Morty|A|The ABC's of Beth/The Rickchurian Mortydate/Edge of Tomorty: Rick, Die, Rickpeat/The Old Man and the Seat/Rick Sanchez
1636716755|Morty|A|The ABC's of Beth/The Rickchurian Mortydate/Edge of Tomorty: Rick, Die, Rickpeat/The Old Man and the Seat/Running Bird
1636716755|Morty|A|The ABC's of Beth/The Rickchurian Mortydate/Edge of Tomorty: Rick, Die, Rickpeat/The Old Man and the Seat/Secretary at Tony's
1636716755|Morty|A|The ABC's of Beth/The Rickchurian Mortydate/Edge of Tomorty: Rick, Die, Rickpeat/The Old Man and the Seat/Tonys Wife
1636716755|Morty|A|The ABC's of Beth/The Rickchurian Mortydate/Edge of Tomorty: Rick, Die, Rickpeat/The Old Man and the Seat/Tony
1636716755|Morty|A|The ABC's of Beth/The Rickchurian Mortydate/Edge of Tomorty: Rick, Die, Rickpeat/The Old Man and the Seat/Tony's Dad
1636716755|Morty|A|The ABC's of Beth/The Rickchurian Mortydate/Edge of Tomorty: Rick, Die, Rickpeat/The Old Man and the Seat/Vermigurber
1636716755|Morty|A|The ABC's of Beth/The Rickchurian Mortydate/Edge of Tomorty: Rick, Die, Rickpeat/The Old Man and the Seat/Priest Witherspoon
1636716755|Morty|A|The ABC's of Beth/The Rickchurian Mortydate/Edge of Tomorty: Rick, Die, Rickpeat/The Old Man and the Seat/Summer Smith
1636716755|Morty|A|The ABC's of Beth/The Rickchurian Mortydate/Edge of Tomorty: Rick, Die, Rickpeat/The Old Man and the Seat/Mountain Sweat Jerry
1636716755|Morty|A|The ABC's of Beth/The Rickchurian Mortydate/Edge of Tomorty: Rick, Die, Rickpeat/The Old Man and the Seat/Monogatron Leader
1636716755|Morty|A|The ABC's of Beth/The Rickchurian Mortydate/Edge of Tomorty: Rick, Die, Rickpeat/The Old Man and the Seat/Monogatron Queen
1636716755|Morty|A|The ABC's of Beth/The Rickchurian Mortydate/Edge of Tomorty: Rick, Die, Rickpeat/The Old Man and the Seat/Mothership Intern
1636716755|Morty|A|The ABC's of Beth/The Rickchurian Mortydate/Edge of Tomorty: Rick, Die, Rickpeat/The Old Man and the Seat/Danny Publitz
1636716755|Morty|A|The ABC's of Beth/The Rickchurian Mortydate/Edge of Tomorty: Rick, Die, Rickpeat/The Old Man and the Seat/Deliverance
1636716755|Morty|A|The ABC's of Beth/The Rickchurian Mortydate/Edge of Tomorty: Rick, Die, Rickpeat/The Old Man and the Seat/Glootie
1636716755|Morty|A|The ABC's of Beth/The Rickchurian Mortydate/Edge of Tomorty: Rick, Die, Rickpeat/The Old Man and the Seat/Jeff
1636716755|Morty|A|The ABC's of Beth/The Rickchurian Mortydate/Edge of Tomorty: Rick, Die, Rickpeat/The Old Man and the Seat/Beth Smith
1636716755|Morty|A|The ABC's of Beth/The Rickchurian Mortydate/Edge of Tomorty: Rick, Die, Rickpeat/The Old Man and the Seat/Josiah
1636716755|Morty|A|The ABC's of Beth/The Rickchurian Mortydate/Edge of Tomorty: Rick, Die, Rickpeat/The Old Man and the Seat/Lizard
1636716755|Morty|A|The ABC's of Beth/The Rickchurian Mortydate/Edge of Tomorty: Rick, Die, Rickpeat/The Old Man and the Seat/Maggie
1636716755|Morty|A|The ABC's of Beth/The Rickchurian Mortydate/Edge of Tomorty: Rick, Die, Rickpeat/The Old Man and the Seat/Jerry Smith
1636803155|Morty|A|One Crew Over the Crewcoo's Morty/Monitor Lord
1636803155|Morty|A|One Crew Over the Crewcoo's Morty/Truckula
1636803155|Morty|A|One Crew Over the Crewcoo's Morty/The Shapeshiftress
1636803155|Morty|A|One Crew Over the Crewcoo's Morty/Summer Smith
1636803155|Morty|A|One Crew Over the Crewcoo's Morty/Snake Arms
1636803155|Morty|A|One Crew Over the Crewcoo's Morty/Ventriloquiver
1636803155|Morty|A|One Crew Over the Crewcoo's Morty/Rick Sanchez
1636803155|Morty|A|One Crew Over the Crewcoo's Morty/Randotron
1636803155|Morty|A|One Crew Over the Crewcoo's Morty/Netflix Executive
1636803155|Morty|A|One Crew Over the Crewcoo's Morty/Mr. Poopybutthole
1636803155|Morty|A|One Crew Over the Crewcoo's Morty/Miles Knightly
1636803155|Morty|A|One Crew Over the Crewcoo's Morty/Glar
1636803155|Morty|A|One Crew Over the Crewcoo's Morty/Hephaestus
1636803155|Morty|A|One Crew Over the Crewcoo's Morty/Heistotron
1636803155|Morty|A|One Crew Over the Crewcoo's Morty/Heist-Con Receptionist
1636803155|Morty|A|One Crew Over the Crewcoo's Morty/Gramuflackian General
1636803155|Morty|A|One Crew Over the Crewcoo's Morty/Gramuflackian Anchorman
1636803155|Morty|A|One Crew Over the Crewcoo's Morty/Elon Tusk
1636803155|Morty|A|One Crew Over the Crewcoo's Morty/Double Microwawe
1636803155|Morty|A|One Crew Over the Crewcoo's Morty/Beth Smith
1636803155|Morty|A|One Crew Over the Crewcoo's Morty/Angie Flint
1636803155|Morty|A|One Crew Over the Crewcoo's Morty/Key Catcher
1636889555|Morty|A|One Crew Over the Crewcoo's Morty/Claw and Hoarder: Special Ricktim's Morty/The Wizard
1636889555|Morty|A|One Crew Over the Crewcoo's Morty/Claw and Hoarder: Special Ricktim's Morty/Talking Cat
1636889555|Morty|A|One Crew Over the Crewcoo's Morty/Claw and Hoarder: Special Ricktim's Morty/Summer Smith
1636889555|Morty|A|One Crew Over the Crewcoo's Morty/Claw and Hoarder: Special Ricktim's Morty/Slut Dragon
1636889555|Morty|A|One Crew Over the Crewcoo's Morty/Claw and Hoarder: Special Ricktim's Morty/Shadow Jacker
1636889555|Morty|A|One Crew Over the Crewcoo's Morty/Claw and Hoarder: Special Ricktim's Morty/Michael
1636889555|Morty|A|One Crew Over the Crewcoo's Morty/Claw and Hoarder: Special Ricktim's Morty/Rick Sanchez
1636889555|Morty|A|One Crew Over the Crewcoo's Morty/Claw and Hoarder: Special Ricktim's Morty/Debrahs Partner
1636889555|Morty|A|One Crew Over the Crewcoo's Morty/Claw and Hoarder: Special Ricktim's Morty/Debrah
1636889555|Morty|A|One Crew Over the Crewcoo's Morty/Claw and Hoarder: Special Ricktim's Morty/Chachi
1636889555|Morty|A|One Crew Over the Crewcoo's Morty/Claw and Hoarder: Special Ricktim's Morty/Beth Smith
1636889555|Morty|A|One Crew Over the Crewcoo's Morty/Claw and Hoarder: Special Ricktim's Morty/Balthromaw
1636889555|Morty|A|One Crew Over the Crewcoo's Morty/Claw and Hoarder: Special Ricktim's Morty/Jerry Smith
1636975955|Morty|A|One Crew Over the Crewcoo's Morty/Claw and Hoarder: Special Ricktim's Morty/Rattlestar Ricklactica/Slippy
1636975955|Morty|A|One Crew Over the Crewcoo's Morty/Claw and Hoarder: Special Ricktim's Morty/Rattlestar Ricklactica/Snake Hitler
1636975955|Morty|A|One Crew Over the Crewcoo's Morty/Claw and Hoarder: Special Ricktim's Morty/Rattlestar Ricklactica/Snake Lincoln
1636975955|Morty|A|One Crew Over the Crewcoo's Morty/Claw and Hoarder: Special Ricktim's Morty/Rattlestar Ricklactica/Snake Linguist
1636975955|Morty|A|One Crew Over the Crewcoo's Morty/Claw and Hoarder: Special Ricktim's Morty/Rattlestar Ricklactica/Snake Reporter
1636975955|Morty|A|One Crew Over the Crewcoo's Morty/Claw and Hoarder: Special Ricktim's Morty/Rattlestar Ricklactica/Snake Terminator
1636975955|Morty|A|One Crew Over the Crewcoo's Morty/Claw and Hoarder: Special Ricktim's Morty/Rattlestar Ricklactica/Snake Soldier
1636975955|Morty|A|One Crew Over the Crewcoo's Morty/Claw and Hoarder: Special Ricktim's Morty/Rattlestar Ricklactica/Snake with Legs
1636975955|Morty|A|One Crew Over the Crewcoo's Morty/Claw and Hoarder: Special Ricktim's Morty/Rattlestar Ricklactica/Tricia Lange
1636975955|Morty|A|One Crew Over the Crewcoo's Morty/Claw and Hoarder: Special Ricktim's Morty/Rattlestar Ricklactica/Shleemypants
1636975955|Morty|A|One Crew Over the Crewcoo's Morty/Claw and Hoarder: Special Ricktim's Morty/Rattlestar Ricklactica/Snake Resistance Robot
1636975955|Morty|A|One Crew Over the Crewcoo's Morty/Claw and Hoarder: Special Ricktim's Morty/Rattlestar Ricklactica/Secret Service Snake
1636975955|Morty|A|One Crew Over the Crewcoo's Morty/Claw and Hoarder: Special Ricktim's Morty/Rattlestar Ricklactica/Summer Smith
1636975955|Morty|A|One Crew Over the Crewcoo's Morty/Claw and Hoarder: Special Ricktim's Morty/Rattlestar Ricklactica/Rick Sanchez
1636975955|Morty|A|One Crew Over the Crewcoo's Morty/Claw and Hoarder: Special Ricktim's Morty/Rattlestar Ricklactica/Robot Snake
1636975955|Morty|A|One Crew Over the Crewcoo's Morty/Claw and Hoarder: Special Ricktim's Morty/Rattlestar Ricklactica/Anchosnake
1636975955|Morty|A|One Crew Over the Crewcoo's Morty/Claw and Hoarder: Special Ricktim's Morty/Rattlestar Ricklactica/Bar Customer
1636975955|Morty|A|One Crew Over the Crewcoo's Morty/Claw and Hoarder: Special Ricktim's Morty/Rattlestar Ricklactica/Bartender
1636975955|Morty|A|One Crew Over the Crewcoo's Morty/Claw and Hoarder: Special Ricktim's Morty/Rattlestar Ricklactica/Beth Smith
1636975955|Morty|A|One Crew Over the Crewcoo's Morty/Claw and Hoarder: Special Ricktim's Morty/Rattlestar Ricklactica/80's snake
1636975955|Morty|A|One Crew Over the Crewcoo's Morty/Claw and Hoarder: Special Ricktim's Morty/Rattlestar Ricklactica/High Pilot
1636975955|Morty|A|One Crew Over the Crewcoo's Morty/Claw and Hoarder: Special Ricktim's Morty/Rattlestar Ricklactica/Jerry Smith
1636975955|Morty|A|One Crew Over the Crewcoo's Morty/Claw and Hoarder: Special Ricktim's Morty/Rattlestar Ricklactica/Nancy
1636975955|Morty|A|One Crew Over the Crewcoo's Morty/Claw and Hoarder: Special Ricktim's Morty/Rattlestar Ricklactica/PC Basketball Player
1636975955|Morty|A|One Crew Over the Crewcoo's Morty/Claw and Hoarder: Special Ricktim's Morty/Rattlestar Ricklactica/Pet Shop Employee
1636975955|Morty|A|One Crew Over the Crewcoo's Morty/Claw and Hoarder: Special Ricktim's Morty/Rattlestar Ricklactica/Cavesnake
1637062355|Morty|A|One Crew Over the Crewcoo's Morty/Claw and Hoarder: Special Ricktim's Morty/Rattlestar Ricklactica/Never Ricking Morty/Sarge
1637062355|Morty|A|One Crew Over the Crewcoo's Morty/Claw and Hoarder: Special Ricktim's Morty/Rattlestar Ricklactica/Never Ricking Morty/Phantom of the Opera Fan
1637062355|Morty|A|One Crew Over the Crewcoo's Morty/Claw and Hoarder: Special Ricktim's Morty/Rattlestar Ricklactica/Never Ricking Morty/Phoenixperson
1637062355|Morty|A|One Crew Over the Crewcoo's Morty/Claw and Hoarder: Special Ricktim's Morty/Rattlestar Ricklactica/Never Ricking Morty/Private Smith
1637062355|Morty|A|One Crew Over the Crewcoo's Morty/Claw and Hoarder: Special Ricktim's Morty/Rattlestar Ricklactica/Never Ricking Morty/Professor Sanchez
1637062355|Morty|A|One Crew Over the Crewcoo's Morty/Claw and Hoarder: Special Ricktim's Morty/Rattlestar Ricklactica/Never Ricking Morty/Ramamama Lord
1637062355|Morty|A|One Crew Over the Crewcoo's Morty/Claw and Hoarder: Special Ricktim's Morty/Rattlestar Ricklactica/Never Ricking Morty/Rick Sanchez
1637062355|Morty|A|One Crew Over the Crewcoo's Morty/Claw and Hoarder: Special Ricktim's Morty/Rattlestar Ricklactica/Never Ricking Morty/Ricks Disguise
1637062355|Morty|A|One Crew Over the Crewcoo's Morty/Claw and Hoarder: Special Ricktim's Morty/Rattlestar Ricklactica/Never Ricking Morty/Ruth Bader Ginsburg
1637062355|Morty|A|One Crew Over the Crewcoo's Morty/Claw and Hoarder: Special Ricktim's Morty/Rattlestar Ricklactica/Never Ricking Morty/Shrek The Musical Fan
1637062355|Morty|A|One Crew Over the Crewcoo's Morty/Claw and Hoarder: Special Ricktim's Morty/Rattlestar Ricklactica/Never Ricking Morty/Tickets Please Guy
1637062355|Morty|A|One Crew Over the Crewcoo's Morty/Claw and Hoarder: Special Ricktim's Morty/Rattlestar Ricklactica/Never Ricking Morty/Storylord
1637062355|Morty|A|One Crew Over the Crewcoo's Morty/Claw and Hoarder: Special Ricktim's Morty/Rattlestar Ricklactica/Never Ricking Morty/Summer Smith
1637062355|Morty|A|One Crew Over the Crewcoo's Morty/Claw and Hoarder: Special Ricktim's Morty/Rattlestar Ricklactica/Never Ricking Morty/Tammy Guetermann
1637062355|Morty|A|One Crew Over the Crewcoo's Morty/Claw and Hoarder: Special Ricktim's Morty/Rattlestar Ricklactica/Never Ricking Morty/The Concept of Time
1637062355|Morty|A|One Crew Over the Crewcoo's Morty/Claw and Hoarder: Special Ricktim's Morty/Rattlestar Ricklactica/Never Ricking Morty/Musical Fan
1637062355|Morty|A|One Crew Over the Crewcoo's Morty/Claw and Hoarder: Special Ricktim's Morty/Rattlestar Ricklactica/Never Ricking Morty/Train Cop
1637062355|Morty|A|One Crew Over the Crewcoo's Morty/Claw and Hoarder: Special Ricktim's Morty/Rattlestar Ricklactica/Never Ricking Morty/Train Cops
1637062355|Morty|A|One Crew Over the Crewcoo's Morty/Claw and Hoarder: Special Ricktim's Morty/Rattlestar Ricklactica/Never Ricking Morty/Train Cops Instructor
1637062355|Morty|A|One Crew Over the Crewcoo's Morty/Claw and Hoarder: Special Ricktim's Morty/Rattlestar Ricklactica/Never Ricking Morty/Uncle Nibbles
1637062355|Morty|A|One Crew Over the Crewcoo's Morty/Claw and Hoarder: Special Ricktim's Morty/Rattlestar Ricklactica/Never Ricking Morty/Snuffles
1637062355|Morty|A|One Crew Over the Crewcoo's Morty/Claw and Hoarder: Special Ricktim's Morty/Rattlestar Ricklactica/Never Ricking Morty/Mr. Celery & Friends
1637062355|Morty|A|One Crew Over the Crewcoo's Morty/Claw and Hoarder: Special Ricktim's Morty/Rattlestar Ricklactica/Never Ricking Morty/Josh
1637062355|Morty|A|One Crew Over the Crewcoo's Morty/Claw and Hoarder: Special Ricktim's Morty/Rattlestar Ricklactica/Never Ricking Morty/Marcus
1637062355|Morty|A|One Crew Over the Crewcoo's Morty/Claw and Hoarder: Special Ricktim's Morty/Rattlestar Ricklactica/Never Ricking Morty/Abradolf Lincler
1637062355|Morty|A|One Crew Over the Crewcoo's Morty/Claw and Hoarder: Special Ricktim's Morty/Rattlestar Ricklactica/Never Ricking Morty/Beth Smith
1637062355|Morty|A|One Crew Over the Crewcoo's Morty/Claw and Hoarder: Special Ricktim's Morty/Rattlestar Ricklactica/Never Ricking Morty/Biblesaurus
1637062355|Morty|A|One Crew Over the Crewcoo's Morty/Claw and Hoarder: Special Ricktim's Morty/Rattlestar Ricklactica/Never Ricking Morty/Birdperson
1637062355|Morty|A|One Crew Over the Crewcoo's Morty/Claw and Hoarder: Special Ricktim's Morty/Rattlestar Ricklactica/Never Ricking Morty/Cats Fan
1637062355|Morty|A|One Crew Over the Crewcoo's Morty/Claw and Hoarder: Special Ricktim's Morty/Rattlestar Ricklactica/Never Ricking Morty/Christmas Storyteller
1637062355|Morty|A|One Crew Over the Crewcoo's Morty/Claw and Hoarder: Special Ricktim's Morty/Rattlestar Ricklactica/Never Ricking Morty/Cookies Guy
1637062355|Morty|A|One Crew Over the Crewcoo's Morty/Claw and Hoarder: Special Ricktim's Morty/Rattlestar Ricklactica/Never Ricking Morty/Crossy
1637062355|Morty|A|One Crew Over the Crewcoo's Morty/Claw and Hoarder: Special Ricktim's Morty/Rattlestar Ricklactica/Never Ricking Morty/Mike Johnson
1637062355|Morty|A|One Crew Over the Crewcoo's Morty/Claw and Hoarder: Special Ricktim's Morty/Rattlestar Ricklactica/Never Ricking Morty/Female Scorpion
1637062355|Morty|A|One Crew Over the Crewcoo's Morty/Claw and Hoarder: Special Ricktim's Morty/Rattlestar Ricklactica/Never Ricking Morty/Darth Poopybutthole
1637062355|Morty|A|One Crew Over the Crewcoo's Morty/Claw and Hoarder: Special Ricktim's Morty/Rattlestar Ricklactica/Never Ricking Morty/Floaty Bloody Mans Daughter
1637062355|Morty|A|One Crew Over the Crewcoo's Morty/Claw and Hoarder: Special Ricktim's Morty/Rattlestar Ricklactica/Never Ricking Morty/Floaty Non-Gasm Brotherhood Member
1637062355|Morty|A|One Crew Over the Crewcoo's Morty/Claw and Hoarder: Special Ricktim's Morty/Rattlestar Ricklactica/Never Ricking Morty/Floaty Non-Gasm Brotherhood Member Friend
1637062355|Morty|A|One Crew Over the Crewcoo's Morty/Claw and Hoarder: Special Ricktim's Morty/Rattlestar Ricklactica/Never Ricking Morty/Goomby
1637062355|Morty|A|One Crew Over the Crewcoo's Morty/Claw and Hoarder: Special Ricktim's Morty/Rattlestar Ricklactica/Never Ricking Morty/Hairspray Fan
1637062355|Morty|A|One Crew Over the Crewcoo's Morty/Claw and Hoarder: Special Ricktim's Morty/Rattlestar Ricklactica/Never Ricking Morty/Jesus Christ
1637062355|Morty|A|One Crew Over the Crewcoo's Morty/Claw and Hoarder: Special Ricktim's Morty/Rattlestar Ricklactica/Never Ricking Morty/Josh's Sister
1637062355|Morty|A|One Crew Over the Crewcoo's Morty/Claw and Hoarder: Special Ricktim's Morty/Rattlestar Ricklactica/Never Ricking Morty/Leah
1637062355|Morty|A|One Crew Over the Crewcoo's Morty/Claw and Hoarder: Special Ricktim's Morty/Rattlestar Ricklactica/Never Ricking Morty/Floaty Bloody Man
1637148755|Morty|A|Promortyus/Shane
1637148755|Morty|A|Promortyus/Tricia Lange
1637148755|Morty|A|Promortyus/Summer Smith
1637148755|Morty|A|Promortyus/Steve
1637148755|Morty|A|Promortyus/Rick Sanchez
1637148755|Morty|A|Promortyus/Troy
1637148755|Morty|A|Promortyus/Jerry Smith
1637148755|Morty|A|Promortyus/Council of Glorzos Member
1637148755|Morty|A|Promortyus/Bruce
1637148755|Morty|A|Promortyus/Beth Smith
1637148755|Morty|A|Promortyus/Angry Glorzo
1637148755|Morty|A|Promortyus/Old Glorzo
1637235155|Morty|A|Promortyus/The Vat of Acid Episode/Summer Smith
1637235155|Morty|A|Promortyus/The Vat of Acid Episode/Sonia Sotomayor
1637235155|Morty|A|Promortyus/The Vat of Acid Episode/SWAT Officer
1637235155|Morty|A|Promortyus/The Vat of Acid Episode/Plane Crash Survivor
1637235155|Morty|A|Promortyus/The Vat of Acid Episode/Mr. Goldenfold
1637235155|Morty|A|Promortyus/The Vat of Acid Episode/Johnny Carson
1637235155|Morty|A|Promortyus/The Vat of Acid Episode/Rick Sanchez
1637235155|Morty|A|Promortyus/The Vat of Acid Episode/Jerry Smith
1637235155|Morty|A|Promortyus/The Vat of Acid Episode/Impervious to Acid SWAT Officer
1637235155|Morty|A|Promortyus/The Vat of Acid Episode/Heroine Keith
1637235155|Morty|A|Promortyus/The Vat of Acid Episode/Crystal Dealers Boss
1637235155|Morty|A|Promortyus/The Vat of Acid Episode/Crystal Dealer
1637235155|Morty|A|Promortyus/The Vat of Acid Episode/Beth Smith
1637235155|Morty|A|Promortyus/The Vat of Acid Episode/Jessica
1637321555|Morty|A|Promortyus/The Vat of Acid Episode/Childrick of Mort/Ticktock
1637321555|Morty|A|Promortyus/The Vat of Acid Episode/Childrick of Mort/Summer Smith
1637321555|Morty|A|Promortyus/The Vat of Acid Episode/Childrick of Mort/Squeeb
1637321555|Morty|A|Promortyus/The Vat of Acid Episode/Childrick of Mort/Rick Sanchez
1637321555|Morty|A|Promortyus/The Vat of Acid Episode/Childrick of Mort/Jerry Smith
1637321555|Morty|A|Promortyus/The Vat of Acid Episode/Childrick of Mort/Gaia
1637321555|Morty|A|Promortyus/The Vat of Acid Episode/Childrick of Mort/Florflock
1637321555|Morty|A|Promortyus/The Vat of Acid Episode/Childrick of Mort/Beth Smith
1637321555|Morty|A|Promortyus/The Vat of Acid Episode/Childrick of Mort/Reggie
1637407955|Morty|A|Promortyus/The Vat of Acid Episode/Childrick of Mort/Star Mort: Rickturn of the Jerri/New Improved Galactic Federation Guard
1637407955|Morty|A|Promortyus/The Vat of Acid Episode/Childrick of Mort/Star Mort: Rickturn of the Jerri/Summer Smith
1637407955|Morty|A|Promortyus/The Vat of Acid Episode/Childrick of Mort/Star Mort: Rickturn of the Jerri/Rick Sanchez
1637407955|Morty|A|Promortyus/The Vat of Acid Episode/Childrick of Mort/Star Mort: Rickturn of the Jerri/Tammy Guetermann
1637407955|Morty|A|Promortyus/The Vat of Acid Episode/Childrick of Mort/Star Mort: Rickturn of the Jerri/Jerry Smith
1637407955|Morty|A|Promortyus/The Vat of Acid Episode/Childrick of Mort/Star Mort: Rickturn of the Jerri/Phoenixperson
1637407955|Morty|A|Promortyus/The Vat of Acid Episode/Childrick of Mort/Star Mort: Rickturn of the Jerri/Defiance Squanchette
1637407955|Morty|A|Promortyus/The Vat of Acid Episode/Childrick of Mort/Star Mort: Rickturn of the Jerri/Defiance Doctor
1637407955|Morty|A|Promortyus/The Vat of Acid Episode/Childrick of Mort/Star Mort: Rickturn of the Jerri/Defiance Beth
1637407955|Morty|A|Promortyus/The Vat of Acid Episode/Childrick of Mort/Star Mort: Rickturn of the Jerri/Beth Smith
1637407955|Morty|A|Promortyus/The Vat of Acid Episode/Childrick of Mort/Star Mort: Rickturn of the Jerri/Dr. Wong
1637494355|Morty|A|Mort Dinner Rick Andre/Warlock
1637494355|Morty|A|Mort Dinner Rick Andre/Summer Smith
1637494355|Morty|A|Mort Dinner Rick Andre/Rick Sanchez
1637494355|Morty|A|Mort Dinner Rick Andre/Mr. Nimbus' Squid
1637494355|Morty|A|Mort Dinner Rick Andre/Mr. Nimbus
1637494355|Morty|A|Mort Dinner Rick Andre/Jessica
1637494355|Morty|A|Mort Dinner Rick Andre/Jerry Smith
1637494355|Morty|A|Mort Dinner Rick Andre/Japheth's Youngest Son
1637494355|Morty|A|Mort Dinner Rick Andre/Japheth's Middle Son
1637494355|Morty|A|Mort Dinner Rick Andre/Mr. Nimbus Secretary
1637494355|Morty|A|Mort Dinner Rick Andre/Japheth's Eldest Son
1637494355|Morty|A|Mort Dinner Rick Andre/Japheth
1637494355|Morty|A|Mort Dinner Rick Andre/Hoovy
1637494355|Morty|A|Mort Dinner Rick Andre/Evolved Narnian
1637494355|Morty|A|Mort Dinner Rick Andre/Bova
1637494355|Morty|A|Mort Dinner Rick Andre/Beth Smith
1637494355|Morty|A|Mort Dinner Rick Andre/Adam's Mother
1637494355|Morty|A|Mort Dinner Rick Andre/Adam
1637494355|Morty|A|Mort Dinner Rick Andre/Japheth's Grandson
1637580755|Morty|A|Mort Dinner Rick Andre/Mortyplicity/Squid Costume Beth
1637580755|Morty|A|Mort Dinner Rick Andre/Mortyplicity/Squid Costume Jerry
1637580755|Morty|A|Mort Dinner Rick Andre/Mortyplicity/Squid Costume Rick
1637580755|Morty|A|Mort Dinner Rick Andre/Mortyplicity/Squid Costume Summer
1637580755|Morty|A|Mort Dinner Rick Andre/Mortyplicity/Wicker Summer
1637580755|Morty|A|Mort Dinner Rick Andre/Mortyplicity/Summer Smith
1637580755|Morty|A|Mort Dinner Rick Andre/Mortyplicity/When Wolf
1637580755|Morty|A|Mort Dinner Rick Andre/Mortyplicity/Too Cute to Murder Jerry
1637580755|Morty|A|Mort Dinner Rick Andre/Mortyplicity/Too Cute to Murder Rick
1637580755|Morty|A|Mort Dinner Rick Andre/Mortyplicity/Too Cute to Murder Summer
1637580755|Morty|A|Mort Dinner Rick Andre/Mortyplicity/Wicker Beth
1637580755|Morty|A|Mort Dinner Rick Andre/Mortyplicity/Wicker Rick
1637580755|Morty|A|Mort Dinner Rick Andre/Mortyplicity/Scarecrow Summer
1637580755|Morty|A|Mort Dinner Rick Andre/Mortyplicity/Too Cute to Murder Beth
1637580755|Morty|A|Mort Dinner Rick Andre/Mortyplicity/Scarecrow Rick
1637580755|Morty|A|Mort Dinner Rick Andre/Mortyplicity/Steve
1637580755|Morty|A|Mort Dinner Rick Andre/Mortyplicity/Scarecrow Beth
1637580755|Morty|A|Mort Dinner Rick Andre/Mortyplicity/Scarecrow Jerry
1637580755|Morty|A|Mort Dinner Rick Andre/Mortyplicity/Beth Smith
1637580755|Morty|A|Mort Dinner Rick Andre/Mortyplicity/Defiance Beth
1637580755|Morty|A|Mort Dinner Rick Andre/Mortyplicity/Glockenspiel Beth
1637580755|Morty|A|Mort Dinner Rick Andre/Mortyplicity/Glockenspiel Jerry
1637580755|Morty|A|Mort Dinner Rick Andre/Mortyplicity/Glockenspiel Rick
1637580755|Morty|A|Mort Dinner Rick Andre/Mortyplicity/Dracula
1637580755|Morty|A|Mort Dinner Rick Andre/Mortyplicity/Gun Brain Rick
1637580755|Morty|A|Mort Dinner Rick Andre/Mortyplicity/Jerry Smith
1637580755|Morty|A|Mort Dinner Rick Andre/Mortyplicity/Metal Rick
1637580755|Morty|A|Mort Dinner Rick Andre/Mortyplicity/Mr. Always Wants to be Hunted
1637580755|Morty|A|Mort Dinner Rick Andre/Mortyplicity/President Curtis
1637580755|Morty|A|Mort Dinner Rick Andre/Mortyplicity/Rick Sanchez
1637580755|Morty|A|Mort Dinner Rick Andre/Mortyplicity/Glockenspiel Summer
1637667155|Morty|A|Mort Dinner Rick Andre/Mortyplicity/A Rickconvenient Mort/Planetina Buyer
1637667155|Morty|A|Mort Dinner Rick Andre/Mortyplicity/A Rickconvenient Mort/Xing Ho
1637667155|Morty|A|Mort Dinner Rick Andre/Mortyplicity/A Rickconvenient Mort/Water Tina-Teer
1637667155|Morty|A|Mort Dinner Rick Andre/Mortyplicity/A Rickconvenient Mort/Tony Galopagus
1637667155|Morty|A|Mort Dinner Rick Andre/Mortyplicity/A Rickconvenient Mort/Summer Smith
1637667155|Morty|A|Mort Dinner Rick Andre/Mortyplicity/A Rickconvenient Mort/Slartivartian
1637667155|Morty|A|Mort Dinner Rick Andre/Mortyplicity/A Rickconvenient Mort/Rick Sanchez
1637667155|Morty|A|Mort Dinner Rick Andre/Mortyplicity/A Rickconvenient Mort/Planetina
1637667155|Morty|A|Mort Dinner Rick Andre/Mortyplicity/A Rickconvenient Mort/Eddie
1637667155|Morty|A|Mort Dinner Rick Andre/Mortyplicity/A Rickconvenient Mort/Jerry Smith
1637667155|Morty|A|Mort Dinner Rick Andre/Mortyplicity/A Rickconvenient Mort/Ferkusian
1637667155|Morty|A|Mort Dinner Rick Andre/Mortyplicity/A Rickconvenient Mort/Diesel Weasel
1637667155|Morty|A|Mort Dinner Rick Andre/Mortyplicity/A Rickconvenient Mort/Daphne
1637667155|Morty|A|Mort Dinner Rick Andre/Mortyplicity/A Rickconvenient Mort/Beth Smith
1637667155|Morty|A|Mort Dinner Rick Andre/Mortyplicity/A Rickconvenient Mort/Air Tina-Teer
1637667155|Morty|A|Mort Dinner Rick Andre/Mortyplicity/A Rickconvenient Mort/Morglutzian
1637753555|Morty|A|Mort Dinner Rick Andre/Mortyplicity/A Rickconvenient Mort/Rickdependence Spray/President's General
1637753555|Morty|A|Mort Dinner Rick Andre/Mortyplicity/A Rickconvenient Mort/Rickdependence Spray/Summer Smith
1637753555|Morty|A|Mort Dinner Rick Andre/Mortyplicity/A Rickconvenient Mort/Rickdependence Spray/Sticky
1637753555|Morty|A|Mort Dinner Rick Andre/Mortyplicity/A Rickconvenient Mort/Rickdependence Spray/Sperm Queen
1637753555|Morty|A|Mort Dinner Rick Andre/Mortyplicity/A Rickconvenient Mort/Rickdependence Spray/Spaceman
1637753555|Morty|A|Mort Dinner Rick Andre/Mortyplicity/A Rickconvenient Mort/Rickdependence Spray/Rick Sanchez
1637753555|Morty|A|Mort Dinner Rick Andre/Mortyplicity/A Rickconvenient Mort/Rickdependence Spray/Professor Shabooboo
1637753555|Morty|A|Mort Dinner Rick Andre/Mortyplicity/A Rickconvenient Mort/Rickdependence Spray/Princess Ponietta
1637753555|Morty|A|Mort Dinner Rick Andre/Mortyplicity/A Rickconvenient Mort/Rickdependence Spray/President Curtis
1637753555|Morty|A|Mort Dinner Rick Andre/Mortyplicity/A Rickconvenient Mort/Rickdependence Spray/Cirque du Soleil Zumanity Member
1637753555|Morty|A|Mort Dinner Rick Andre/Mortyplicity/A Rickconvenient Mort/Rickdependence Spray/Kathy Ireland
1637753555|Morty|A|Mort Dinner Rick Andre/Mortyplicity/A Rickconvenient Mort/Rickdependence Spray/Jerry Smith
1637753555|Morty|A|Mort Dinner Rick Andre/Mortyplicity/A Rickconvenient Mort/Rickdependence Spray/Foal Sanchez
1637753555|Morty|A|Mort Dinner Rick Andre/Mortyplicity/A Rickconvenient Mort/Rickdependence Spray/CHUD King
1637753555|Morty|A|Mort Dinner Rick Andre/Mortyplicity/A Rickconvenient Mort/Rickdependence Spray/Blazen
1637753555|Morty|A|Mort Dinner Rick Andre/Mortyplicity/A Rickconvenient Mort/Rickdependence Spray/Beth Smith
1637753555|Morty|A|Mort Dinner Rick Andre/Mortyplicity/A Rickconvenient Mort/Rickdependence Spray/Amazing Johnathan
1637753555|Morty|A|Mort Dinner Rick Andre/Mortyplicity/A Rickconvenient Mort/Rickdependence Spray/Naruto Smith
1637839955|Morty|A|Amortycan Grickfitti/Tricia Lange
1637839955|Morty|A|Amortycan Grickfitti/Summer Smith
1637839955|Morty|A|Amortycan Grickfitti/Rick Sanchez
1637839955|Morty|A|Amortycan Grickfitti/Mousetrap Nipples
1637839955|Morty|A|Amortycan Grickfitti/Jerry Smith
1637839955|Morty|A|Amortycan Grickfitti/Coat Rack Head
1637839955|Morty|A|Amortycan Grickfitti/Cenobite
1637839955|Morty|A|Amortycan Grickfitti/Bruce Chutback
1637839955|Morty|A|Amortycan Grickfitti/Brad
1637839955|Morty|A|Amortycan Grickfitti/Beth Smith
1637839955|Morty|A|Amortycan Grickfitti/Alyson Hannigan
1637839955|Morty|A|Amortycan Grickfitti/Changeformer
1637926355|Morty|A|Amortycan Grickfitti/Rick & Morty's Thanksploitation Spectacular/Pilgrim Alien
1637926355|Morty|A|Amortycan Grickfitti/Rick & Morty's Thanksploitation Spectacular/Turkey President Curtis
1637926355|Morty|A|Amortycan Grickfitti/Rick & Morty's Thanksploitation Spectacular/Super Turkey
1637926355|Morty|A|Amortycan Grickfitti/Rick & Morty's Thanksploitation Spectacular/Summer Smith
1637926355|Morty|A|Amortycan Grickfitti/Rick & Morty's Thanksploitation Spectacular/Space Cruiser
1637926355|Morty|A|Amortycan Grickfitti/Rick & Morty's Thanksploitation Spectacular/Rick Sanchez
1637926355|Morty|A|Amortycan Grickfitti/Rick & Morty's Thanksploitation Spectacular/President's General
1637926355|Morty|A|Amortycan Grickfitti/Rick & Morty's Thanksploitation Spectacular/Turkey Rick
1637926355|Morty|A|Amortycan Grickfitti/Rick & Morty's Thanksploitation Spectacular/President Curtis
1637926355|Morty|A|Amortycan Grickfitti/Rick & Morty's Thanksploitation Spectacular/Native Alien
1637926355|Morty|A|Amortycan Grickfitti/Rick & Morty's Thanksploitation Spectacular/President Turkey
1637926355|Morty|A|Amortycan Grickfitti/Rick & Morty's Thanksploitation Spectacular/Marvin
1637926355|Morty|A|Amortycan Grickfitti/Rick & Morty's Thanksploitation Spectacular/Mary-Lou
1637926355|Morty|A|Amortycan Grickfitti/Rick & Morty's Thanksploitation Spectacular/Coop
1637926355|Morty|A|Amortycan Grickfitti/Rick & Morty's Thanksploitation Spectacular/Dwayne
1637926355|Morty|A|Amortycan Grickfitti/Rick & Morty's Thanksploitation Spectacular/Franklin D. Roosevelt
1637926355|Morty|A|Amortycan Grickfitti/Rick & Morty's Thanksploitation Spectacular/Beth Smith
1637926355|Morty|A|Amortycan Grickfitti/Rick & Morty's Thanksploitation Spectacular/Jackey
1637926355|Morty|A|Amortycan Grickfitti/Rick & Morty's Thanksploitation Spectacular/Jerry Smith
1637926355|Morty|A|Amortycan Grickfitti/Rick & Morty's Thanksploitation Spectacular/Martnez
1637926355|Morty|A|Amortycan Grickfitti/Rick & Morty's Thanksploitation Spectacular/Giant Assassin Hidden in the Statue of Liberty
1638012755|Morty|A|Amortycan Grickfitti/Rick & Morty's Thanksploitation Spectacular/Gotron Jerrysis Rickvangelion/Rick Sanchez
1638012755|Morty|A|Amortycan Grickfitti/Rick & Morty's Thanksploitation Spectacular/Gotron Jerrysis Rickvangelion/Yo-yo Rick
1638012755|Morty|A|Amortycan Grickfitti/Rick & Morty's Thanksploitation Spectacular/Gotron Jerrysis Rickvangelion/Wrap-it-up Little Rick
1638012755|Morty|A|Amortycan Grickfitti/Rick & Morty's Thanksploitation Spectacular/Gotron Jerrysis Rickvangelion/Voiceoverian
1638012755|Morty|A|Amortycan Grickfitti/Rick & Morty's Thanksploitation Spectacular/Gotron Jerrysis Rickvangelion/Summer Smith
1638012755|Morty|A|Amortycan Grickfitti/Rick & Morty's Thanksploitation Spectacular/Gotron Jerrysis Rickvangelion/Sarge
1638012755|Morty|A|Amortycan Grickfitti/Rick & Morty's Thanksploitation Spectacular/Gotron Jerrysis Rickvangelion/Samansky
1638012755|Morty|A|Amortycan Grickfitti/Rick & Morty's Thanksploitation Spectacular/Gotron Jerrysis Rickvangelion/Ricardo Montoya
1638012755|Morty|A|Amortycan Grickfitti/Rick & Morty's Thanksploitation Spectacular/Gotron Jerrysis Rickvangelion/Lil B
1638012755|Morty|A|Amortycan Grickfitti/Rick & Morty's Thanksploitation Spectacular/Gotron Jerrysis Rickvangelion/Naruto Smith
1638012755|Morty|A|Amortycan Grickfitti/Rick & Morty's Thanksploitation Spectacular/Gotron Jerrysis Rickvangelion/Jerry Smith
1638012755|Morty|A|Amortycan Grickfitti/Rick & Morty's Thanksploitation Spectacular/Gotron Jerrysis Rickvangelion/Hothead Rick
1638012755|Morty|A|Amortycan Grickfitti/Rick & Morty's Thanksploitation Spectacular/Gotron Jerrysis Rickvangelion/Gotron Pilot
1638012755|Morty|A|Amortycan Grickfitti/Rick & Morty's Thanksploitation Spectacular/Gotron Jerrysis Rickvangelion/Gotron
1638012755|Morty|A|Amortycan Grickfitti/Rick & Morty's Thanksploitation Spectacular/Gotron Jerrysis Rickvangelion/Big Fat rick
1638012755|Morty|A|Amortycan Grickfitti/Rick & Morty's Thanksploitation Spectacular/Gotron Jerrysis Rickvangelion/Beth Smith
1638012755|Morty|A|Amortycan Grickfitti/Rick & Morty's Thanksploitation Spectacular/Gotron Jerrysis Rickvangelion/Palicki
1638099155|Morty|A|Amortycan Grickfitti/Rick & Morty's Thanksploitation Spectacular/Gotron Jerrysis Rickvangelion/Rickternal Friendshine of the Spotless Mort/Memory Tammy
1638099155|Morty|A|Amortycan Grickfitti/Rick & Morty's Thanksploitation Spectacular/Gotron Jerrysis Rickvangelion/Rickternal Friendshine of the Spotless Mort/Summer Smith
1638099155|Morty|A|Amortycan Grickfitti/Rick & Morty's Thanksploitation Spectacular/Gotron Jerrysis Rickvangelion/Rickternal Friendshine of the Spotless Mort/Young Memory Rick
1638099155|Morty|A|Amortycan Grickfitti/Rick & Morty's Thanksploitation Spectacular/Gotron Jerrysis Rickvangelion/Rickternal Friendshine of the Spotless Mort/Rick Sanchez
1638099155|Morty|A|Amortycan Grickfitti/Rick & Morty's Thanksploitation Spectacular/Gotron Jerrysis Rickvangelion/Rickternal Friendshine of the Spotless Mort/Phoenixperson
1638099155|Morty|A|Amortycan Grickfitti/Rick & Morty's Thanksploitation Spectacular/Gotron Jerrysis Rickvangelion/Rickternal Friendshine of the Spotless Mort/Memory Squanchy
1638099155|Morty|A|Amortycan Grickfitti/Rick & Morty's Thanksploitation Spectacular/Gotron Jerrysis Rickvangelion/Rickternal Friendshine of the Spotless Mort/Rick's Garage
1638099155|Morty|A|Amortycan Grickfitti/Rick & Morty's Thanksploitation Spectacular/Gotron Jerrysis Rickvangelion/Rickternal Friendshine of the Spotless Mort/Memory Geardude
1638099155|Morty|A|Amortycan Grickfitti/Rick & Morty's Thanksploitation Spectacular/Gotron Jerrysis Rickvangelion/Rickternal Friendshine of the Spotless Mort/Jerry Smith
1638099155|Morty|A|Amortycan Grickfitti/Rick & Morty's Thanksploitation Spectacular/Gotron Jerrysis Rickvangelion/Rickternal Friendshine of the Spotless Mort/Gene
1638099155|Morty|A|Amortycan Grickfitti/Rick & Morty's Thanksploitation Spectacular/Gotron Jerrysis Rickvangelion/Rickternal Friendshine of the Spotless Mort/Birdperson & Tammy's Child
1638099155|Morty|A|Amortycan Grickfitti/Rick & Morty's Thanksploitation Spectacular/Gotron Jerrysis Rickvangelion/Rickternal Friendshine of the Spotless Mort/Birdperson
1638099155|Morty|A|Amortycan Grickfitti/Rick & Morty's Thanksploitation Spectacular/Gotron Jerrysis Rickvangelion/Rickternal Friendshine of the Spotless Mort/Beth Smith
1638099155|Morty|A|Amortycan Grickfitti/Rick & Morty's Thanksploitation Spectacular/Gotron Jerrysis Rickvangelion/Rickternal Friendshine of the Spotless Mort/Memory Rick
1638185555|Morty|A|Forgetting Sarick Mortshall/Two Crows
1638185555|Morty|A|Forgetting Sarick Mortshall/Nick
1638185555|Morty|A|Forgetting Sarick Mortshall/Mr. Cookie President
1638185555|Morty|A|Forgetting Sarick Mortshall/Rick Sanchez
1638185555|Morty|A|Forgetting Sarick Mortshall/Harold's Wife
1638185555|Morty|A|Forgetting Sarick Mortshall/Harold (Garbage Goober)
1638185555|Morty|A|Forgetting Sarick Mortshall/Alien Crow
1638185555|Morty|A|Forgetting Sarick Mortshall/Jerry Smith
1638271955|Morty|A|Forgetting Sarick Mortshall/Rickmurai Jack/Quantum Rick
1638271955|Morty|A|Forgetting Sarick Mortshall/Rickmurai Jack/Redhead Rick
1638271955|Morty|A|Forgetting Sarick Mortshall/Rickmurai Jack/Rick Prime
1638271955|Morty|A|Forgetting Sarick Mortshall/Rickmurai Jack/Rick Sanchez
1638271955|Morty|A|Forgetting Sarick Mortshall/Rickmurai Jack/Young Beth
1638271955|Morty|A|Forgetting Sarick Mortshall/Rickmurai Jack/Scar Rick
1638271955|Morty|A|Forgetting Sarick Mortshall/Rickmurai Jack/Stan Lee Rick
1638271955|Morty|A|Forgetting Sarick Mortshall/Rickmurai Jack/Summer Smith
1638271955|Morty|A|Forgetting Sarick Mortshall/Rickmurai Jack/Two Crows
1638271955|Morty|A|Forgetting Sarick Mortshall/Rickmurai Jack/Unknown Rick
1638271955|Morty|A|Forgetting Sarick Mortshall/Rickmurai Jack/Pussifer
1638271955|Morty|A|Forgetting Sarick Mortshall/Rickmurai Jack/Ricktiminus Sancheziminius
1638271955|Morty|A|Forgetting Sarick Mortshall/Rickmurai Jack/Punk Rick
1638271955|Morty|A|Forgetting Sarick Mortshall/Rickmurai Jack/Crow Scare
1638271955|Morty|A|Forgetting Sarick Mortshall/Rickmurai Jack/Mr. Poopybutthole
1638271955|Morty|A|Forgetting Sarick Mortshall/Rickmurai Jack/Metaphor for Capitalism
1638271955|Morty|A|Forgetting Sarick Mortshall/Rickmurai Jack/Maximums Rickimus
1638271955|Morty|A|Forgetting Sarick Mortshall/Rickmurai Jack/Long Hair Rick
1638271955|Morty|A|Forgetting Sarick Mortshall/Rickmurai Jack/Jerry Smith
1638271955|Morty|A|Forgetting Sarick Mortshall/Rickmurai Jack/Diane Sanchez
1638271955|Morty|A|Forgetting Sarick Mortshall/Rickmurai Jack/Crow Horse
1638271955|Morty|A|Forgetting Sarick Mortshall/Rickmurai Jack/Birdperson
1638271955|Morty|A|Forgetting Sarick Mortshall/Rickmurai Jack/Beth Smith
1638271955|Morty|A|Forgetting Sarick Mortshall/Rickmurai Jack/Beth Sanchez
1638271955|Morty|A|Forgetting Sarick Mortshall/Rickmurai Jack/Bald Rick
1638271955|Morty|A|Forgetting Sarick Mortshall/Rickmurai Jack/Andy
1638271955|Morty|A|Forgetting Sarick Mortshall/Rickmurai Jack/Young Jerry
1638271955|Morty|A|Forgetting Sarick Mortshall/Rickmurai Jack/Party Rick
1638271955|Morty|A|Forgetting Sarick Mortshall/Rickmurai Jack/Zeta Alpha Rick
