1633992150|Rick|A|Pilot/Bepisian
1633992150|Rick|A|Pilot/Summer Smith
1633992150|Rick|A|Pilot/Pripudlian
1633992150|Rick|A|Pilot/Principal Vagina
1633992150|Rick|A|Pilot/Mrs. Sanchez
1633992150|Rick|A|Pilot/Morty Smith
1633992150|Rick|A|Pilot/Jessica's Friend
1633992150|Rick|A|Pilot/Jessica
1633992150|Rick|A|Pilot/Mr. Goldenfold
1633992150|Rick|A|Pilot/Hookah Alien
1633992150|Rick|A|Pilot/Greebybobe
1633992150|Rick|A|Pilot/Glenn
1633992150|Rick|A|Pilot/Frank Palicky
1633992150|Rick|A|Pilot/Davin
1633992150|Rick|A|Pilot/Canklanker Thom
1633992150|Rick|A|Pilot/Beth Smith
1633992150|Rick|A|Pilot/Jerry Smith
1634078550|Rick|A|Pilot/Anatomy Park/Joyce Smith
1634078550|Rick|A|Pilot/Anatomy Park/Leonard Smith
1634078550|Rick|A|Pilot/Anatomy Park/Morty Smith
1634078550|Rick|A|Pilot/Anatomy Park/Poncho
1634078550|Rick|A|Pilot/Anatomy Park/Tom Randolph
1634078550|Rick|A|Pilot/Anatomy Park/Ruben
1634078550|Rick|A|Pilot/Anatomy Park/Summer Smith
1634078550|Rick|A|Pilot/Anatomy Park/Tuberculosis
1634078550|Rick|A|Pilot/Anatomy Park/Jerry Smith
1634078550|Rick|A|Pilot/Anatomy Park/Roger
1634078550|Rick|A|Pilot/Anatomy Park/Jacob
1634078550|Rick|A|Pilot/Anatomy Park/Bubonic Plague
1634078550|Rick|A|Pilot/Anatomy Park/Hepatitis A
1634078550|Rick|A|Pilot/Anatomy Park/Alexander
1634078550|Rick|A|Pilot/Anatomy Park/Annie
1634078550|Rick|A|Pilot/Anatomy Park/Hepatitis C
1634078550|Rick|A|Pilot/Anatomy Park/Bill
1634078550|Rick|A|Pilot/Anatomy Park/Beth Smith
1634078550|Rick|A|Pilot/Anatomy Park/E. Coli
1634078550|Rick|A|Pilot/Anatomy Park/Eric McMan
1634078550|Rick|A|Pilot/Anatomy Park/Ethan
1634078550|Rick|A|Pilot/Anatomy Park/Gonorrhea
1634078550|Rick|A|Pilot/Anatomy Park/Dr. Xenon Bloom
1634164950|Rick|A|Pilot/Anatomy Park/M. Night Shaym-Aliens!/Summer Smith
1634164950|Rick|A|Pilot/Anatomy Park/M. Night Shaym-Aliens!/Stu
1634164950|Rick|A|Pilot/Anatomy Park/M. Night Shaym-Aliens!/Prince Nebulon
1634164950|Rick|A|Pilot/Anatomy Park/M. Night Shaym-Aliens!/Mr. Marklovitz
1634164950|Rick|A|Pilot/Anatomy Park/M. Night Shaym-Aliens!/Mr. Goldenfold
1634164950|Rick|A|Pilot/Anatomy Park/M. Night Shaym-Aliens!/Morty Smith
1634164950|Rick|A|Pilot/Anatomy Park/M. Night Shaym-Aliens!/Jessica's Friend
1634164950|Rick|A|Pilot/Anatomy Park/M. Night Shaym-Aliens!/Jessica
1634164950|Rick|A|Pilot/Anatomy Park/M. Night Shaym-Aliens!/Jerry Smith
1634164950|Rick|A|Pilot/Anatomy Park/M. Night Shaym-Aliens!/Cynthia
1634164950|Rick|A|Pilot/Anatomy Park/M. Night Shaym-Aliens!/Beth Smith
1634164950|Rick|A|Pilot/Anatomy Park/M. Night Shaym-Aliens!/Kevin
1634251350|Rick|A|Meeseeks and Destroy/Mr. Meeseeks
1634251350|Rick|A|Meeseeks and Destroy/Tiny-persons advocacy group lawyer
1634251350|Rick|A|Meeseeks and Destroy/Tammy Guetermann
1634251350|Rick|A|Meeseeks and Destroy/Summer Smith
1634251350|Rick|A|Meeseeks and Destroy/Stair Goblin
1634251350|Rick|A|Meeseeks and Destroy/Slippery Stair
1634251350|Rick|A|Meeseeks and Destroy/Samantha
1634251350|Rick|A|Meeseeks and Destroy/Principal Vagina
1634251350|Rick|A|Meeseeks and Destroy/Mr. Booby Buyer
1634251350|Rick|A|Meeseeks and Destroy/Dale
1634251350|Rick|A|Meeseeks and Destroy/King Jellybean
1634251350|Rick|A|Meeseeks and Destroy/Morty Smith
1634251350|Rick|A|Meeseeks and Destroy/Big Boobed Waitress
1634251350|Rick|A|Meeseeks and Destroy/Evil Beth Clone
1634251350|Rick|A|Meeseeks and Destroy/Beth Smith
1634251350|Rick|A|Meeseeks and Destroy/Evil Summer Clone
1634251350|Rick|A|Meeseeks and Destroy/Giant Judge
1634251350|Rick|A|Meeseeks and Destroy/Jerry Smith
1634251350|Rick|A|Meeseeks and Destroy/Evil Jerry Clone
1634337750|Rick|A|Meeseeks and Destroy/Rick Potion #9/Tammy Guetermann
1634337750|Rick|A|Meeseeks and Destroy/Rick Potion #9/Summer Smith
1634337750|Rick|A|Meeseeks and Destroy/Rick Potion #9/Principal Vagina
1634337750|Rick|A|Meeseeks and Destroy/Rick Potion #9/Nancy
1634337750|Rick|A|Meeseeks and Destroy/Rick Potion #9/Mrs. Sanchez
1634337750|Rick|A|Meeseeks and Destroy/Rick Potion #9/Mr. Goldenfold
1634337750|Rick|A|Meeseeks and Destroy/Rick Potion #9/Morty Smith
1634337750|Rick|A|Meeseeks and Destroy/Rick Potion #9/MC Haps
1634337750|Rick|A|Meeseeks and Destroy/Rick Potion #9/Jessica
1634337750|Rick|A|Meeseeks and Destroy/Rick Potion #9/Jerry Smith
1634337750|Rick|A|Meeseeks and Destroy/Rick Potion #9/Harold
1634337750|Rick|A|Meeseeks and Destroy/Rick Potion #9/Davin
1634337750|Rick|A|Meeseeks and Destroy/Rick Potion #9/Cronenberg Morty
1634337750|Rick|A|Meeseeks and Destroy/Rick Potion #9/Brad
1634337750|Rick|A|Meeseeks and Destroy/Rick Potion #9/Beth Smith
1634337750|Rick|A|Meeseeks and Destroy/Rick Potion #9/Jessica's Friend
1634424150|Rick|A|Meeseeks and Destroy/Rick Potion #9/Raising Gazorpazorp/Veronica Ann Bennet
1634424150|Rick|A|Meeseeks and Destroy/Rick Potion #9/Raising Gazorpazorp/Summer Smith
1634424150|Rick|A|Meeseeks and Destroy/Rick Potion #9/Raising Gazorpazorp/Snuffles (Snowball)
1634424150|Rick|A|Meeseeks and Destroy/Rick Potion #9/Raising Gazorpazorp/Pawnshop Clerk
1634424150|Rick|A|Meeseeks and Destroy/Rick Potion #9/Raising Gazorpazorp/Morty Smith
1634424150|Rick|A|Meeseeks and Destroy/Rick Potion #9/Raising Gazorpazorp/Morty Jr's interviewer
1634424150|Rick|A|Meeseeks and Destroy/Rick Potion #9/Raising Gazorpazorp/Morty Jr.
1634424150|Rick|A|Meeseeks and Destroy/Rick Potion #9/Raising Gazorpazorp/Jerry Smith
1634424150|Rick|A|Meeseeks and Destroy/Rick Potion #9/Raising Gazorpazorp/Jackie
1634424150|Rick|A|Meeseeks and Destroy/Rick Potion #9/Raising Gazorpazorp/Gwendolyn
1634424150|Rick|A|Meeseeks and Destroy/Rick Potion #9/Raising Gazorpazorp/Brad Anderson
1634424150|Rick|A|Meeseeks and Destroy/Rick Potion #9/Raising Gazorpazorp/Beth Smith
1634424150|Rick|A|Meeseeks and Destroy/Rick Potion #9/Raising Gazorpazorp/Ma-Sha
1634510550|Rick|A|Rixty Minutes/Regular Tyrion Lannister
1634510550|Rick|A|Rixty Minutes/Regular Legs
1634510550|Rick|A|Rixty Minutes/Real Fake Doors Salesman
1634510550|Rick|A|Rixty Minutes/Quick Mystery Presenter
1634510550|Rick|A|Rixty Minutes/Pro trunk people marriage guy
1634510550|Rick|A|Rixty Minutes/Old Women
1634510550|Rick|A|Rixty Minutes/Shmlamantha Shmlicelli
1634510550|Rick|A|Rixty Minutes/Muscular Mannie
1634510550|Rick|A|Rixty Minutes/Mrs. Sullivan's Boyfriend
1634510550|Rick|A|Rixty Minutes/Mrs. Sullivan
1634510550|Rick|A|Rixty Minutes/Mr. Sneezy
1634510550|Rick|A|Rixty Minutes/Piece of Toast
1634510550|Rick|A|Rixty Minutes/Shmlangela Shmlobinson-Shmlower
1634510550|Rick|A|Rixty Minutes/Shmlony Shmlicelli
1634510550|Rick|A|Rixty Minutes/Shmlonathan Shmlower
1634510550|Rick|A|Rixty Minutes/Spiderweb teddy bear
1634510550|Rick|A|Rixty Minutes/Summer Smith
1634510550|Rick|A|Rixty Minutes/Three Unknown Things
1634510550|Rick|A|Rixty Minutes/Tophat Jones
1634510550|Rick|A|Rixty Minutes/Trunk Man
1634510550|Rick|A|Rixty Minutes/Trunkphobic guy
1634510550|Rick|A|Rixty Minutes/Trunkphobic suspenders guy
1634510550|Rick|A|Rixty Minutes/Two Brothers
1634510550|Rick|A|Rixty Minutes/Two Guys with Handlebar Mustaches
1634510550|Rick|A|Rixty Minutes/Unmuscular Michael
1634510550|Rick|A|Rixty Minutes/Morty Smith
1634510550|Rick|A|Rixty Minutes/Shmlona Shmlobinson
1634510550|Rick|A|Rixty Minutes/Michael Jackson
1634510550|Rick|A|Rixty Minutes/Bobby Moynihan
1634510550|Rick|A|Rixty Minutes/Man Painted Silver Who Makes Robot Noises
1634510550|Rick|A|Rixty Minutes/Alien Mexican Armada
1634510550|Rick|A|Rixty Minutes/Ants in my Eyes Johnson
1634510550|Rick|A|Rixty Minutes/Attila Starwar
1634510550|Rick|A|Rixty Minutes/Baby Legs
1634510550|Rick|A|Rixty Minutes/Baby Legs Chief
1634510550|Rick|A|Rixty Minutes/Benjamin
1634510550|Rick|A|Rixty Minutes/Beth Sanchez
1634510550|Rick|A|Rixty Minutes/Beth Smith
1634510550|Rick|A|Rixty Minutes/Michael Denny and the Denny Singers
1634510550|Rick|A|Rixty Minutes/Celebrity Jerry
1634510550|Rick|A|Rixty Minutes/Cynthia
1634510550|Rick|A|Rixty Minutes/David Letterman
1634510550|Rick|A|Rixty Minutes/Corn detective
1634510550|Rick|A|Rixty Minutes/Garmanarnar
1634510550|Rick|A|Rixty Minutes/Loggins
1634510550|Rick|A|Rixty Minutes/Kristen Stewart
1634510550|Rick|A|Rixty Minutes/Jon
1634510550|Rick|A|Rixty Minutes/Fulgora
1634510550|Rick|A|Rixty Minutes/Jerry Smith
1634510550|Rick|A|Rixty Minutes/Hole in the Wall Where the Men Can See it All
1634510550|Rick|A|Rixty Minutes/Johnny Depp
1634510550|Rick|A|Rixty Minutes/Guy from The Bachelor
1634510550|Rick|A|Rixty Minutes/Glenn
1634510550|Rick|A|Rixty Minutes/Giant Cat Monster
1634510550|Rick|A|Rixty Minutes/Gazorpazorpfield
1634510550|Rick|A|Rixty Minutes/Hamster In Butt
1634596950|Rick|A|Rixty Minutes/Something Ricked This Way Comes/Plutonian Host
1634596950|Rick|A|Rixty Minutes/Something Ricked This Way Comes/Summer Smith
1634596950|Rick|A|Rixty Minutes/Something Ricked This Way Comes/Scroopy Noopers
1634596950|Rick|A|Rixty Minutes/Something Ricked This Way Comes/Rich Plutonian
1634596950|Rick|A|Rixty Minutes/Something Ricked This Way Comes/Principal Vagina
1634596950|Rick|A|Rixty Minutes/Something Ricked This Way Comes/Plutonian Hostess
1634596950|Rick|A|Rixty Minutes/Something Ricked This Way Comes/Nancy
1634596950|Rick|A|Rixty Minutes/Something Ricked This Way Comes/Butter Robot
1634596950|Rick|A|Rixty Minutes/Something Ricked This Way Comes/Mr. Goldenfold
1634596950|Rick|A|Rixty Minutes/Something Ricked This Way Comes/Morty Smith
1634596950|Rick|A|Rixty Minutes/Something Ricked This Way Comes/King Flippy Nips
1634596950|Rick|A|Rixty Minutes/Something Ricked This Way Comes/Jerry Smith
1634596950|Rick|A|Rixty Minutes/Something Ricked This Way Comes/Cynthia
1634596950|Rick|A|Rixty Minutes/Something Ricked This Way Comes/Beth Smith
1634596950|Rick|A|Rixty Minutes/Something Ricked This Way Comes/Mr. Needful
1634683350|Rick|A|Rixty Minutes/Something Ricked This Way Comes/Close Rick-counters of the Rick Kind/Greasy Grandma
1634683350|Rick|A|Rixty Minutes/Something Ricked This Way Comes/Close Rick-counters of the Rick Kind/Hammerhead Morty
1634683350|Rick|A|Rixty Minutes/Something Ricked This Way Comes/Close Rick-counters of the Rick Kind/Trunkphobic suspenders guy
1634683350|Rick|A|Rixty Minutes/Something Ricked This Way Comes/Close Rick-counters of the Rick Kind/Jerry Smith
1634683350|Rick|A|Rixty Minutes/Something Ricked This Way Comes/Close Rick-counters of the Rick Kind/Long Sleeved Morty
1634683350|Rick|A|Rixty Minutes/Something Ricked This Way Comes/Close Rick-counters of the Rick Kind/Morty Smith
1634683350|Rick|A|Rixty Minutes/Something Ricked This Way Comes/Close Rick-counters of the Rick Kind/Mr. Meeseeks
1634683350|Rick|A|Rixty Minutes/Something Ricked This Way Comes/Close Rick-counters of the Rick Kind/Riq IV
1634683350|Rick|A|Rixty Minutes/Something Ricked This Way Comes/Close Rick-counters of the Rick Kind/Pizza-person
1634683350|Rick|A|Rixty Minutes/Something Ricked This Way Comes/Close Rick-counters of the Rick Kind/Robot Morty
1634683350|Rick|A|Rixty Minutes/Something Ricked This Way Comes/Close Rick-counters of the Rick Kind/Snuffles (Snowball)
1634683350|Rick|A|Rixty Minutes/Something Ricked This Way Comes/Close Rick-counters of the Rick Kind/Summer Smith
1634683350|Rick|A|Rixty Minutes/Something Ricked This Way Comes/Close Rick-counters of the Rick Kind/Tortured Morty
1634683350|Rick|A|Rixty Minutes/Something Ricked This Way Comes/Close Rick-counters of the Rick Kind/Evil Morty
1634683350|Rick|A|Rixty Minutes/Something Ricked This Way Comes/Close Rick-counters of the Rick Kind/Phone-person
1634683350|Rick|A|Rixty Minutes/Something Ricked This Way Comes/Close Rick-counters of the Rick Kind/Eric Stoltz Mask Morty
1634683350|Rick|A|Rixty Minutes/Something Ricked This Way Comes/Close Rick-counters of the Rick Kind/Crab Spider
1634683350|Rick|A|Rixty Minutes/Something Ricked This Way Comes/Close Rick-counters of the Rick Kind/Cyclops Morty
1634683350|Rick|A|Rixty Minutes/Something Ricked This Way Comes/Close Rick-counters of the Rick Kind/Doopidoo
1634683350|Rick|A|Rixty Minutes/Something Ricked This Way Comes/Close Rick-counters of the Rick Kind/Abradolf Lincler
1634683350|Rick|A|Rixty Minutes/Something Ricked This Way Comes/Close Rick-counters of the Rick Kind/Alien Morty
1634683350|Rick|A|Rixty Minutes/Something Ricked This Way Comes/Close Rick-counters of the Rick Kind/Antenna Morty
1634683350|Rick|A|Rixty Minutes/Something Ricked This Way Comes/Close Rick-counters of the Rick Kind/Aqua Morty
1634683350|Rick|A|Rixty Minutes/Something Ricked This Way Comes/Close Rick-counters of the Rick Kind/Beth Smith
1634683350|Rick|A|Rixty Minutes/Something Ricked This Way Comes/Close Rick-counters of the Rick Kind/Artist Morty
1634683350|Rick|A|Rixty Minutes/Something Ricked This Way Comes/Close Rick-counters of the Rick Kind/Chair-homeless
1634683350|Rick|A|Rixty Minutes/Something Ricked This Way Comes/Close Rick-counters of the Rick Kind/Chair-person
1634683350|Rick|A|Rixty Minutes/Something Ricked This Way Comes/Close Rick-counters of the Rick Kind/Chair-waiter
1634683350|Rick|A|Rixty Minutes/Something Ricked This Way Comes/Close Rick-counters of the Rick Kind/Cowboy Morty
1634683350|Rick|A|Rixty Minutes/Something Ricked This Way Comes/Close Rick-counters of the Rick Kind/Cronenberg Morty
1634683350|Rick|A|Rixty Minutes/Something Ricked This Way Comes/Close Rick-counters of the Rick Kind/Cult Leader Morty
1634683350|Rick|A|Rixty Minutes/Something Ricked This Way Comes/Close Rick-counters of the Rick Kind/Blue Shirt Morty
1634769750|Rick|A|Ricksy Business/Slippery Stair
1634769750|Rick|A|Ricksy Business/Revolio Clockberg Jr.
1634769750|Rick|A|Ricksy Business/Riq IV
1634769750|Rick|A|Ricksy Business/Scropon
1634769750|Rick|A|Ricksy Business/Slow Mobius
1634769750|Rick|A|Ricksy Business/Trunkphobic suspenders guy
1634769750|Rick|A|Ricksy Business/Stair Goblin
1634769750|Rick|A|Ricksy Business/Summer Smith
1634769750|Rick|A|Ricksy Business/Synthetic Laser Eels
1634769750|Rick|A|Ricksy Business/Tammy Guetermann
1634769750|Rick|A|Ricksy Business/Traflorkian
1634769750|Rick|A|Ricksy Business/Pripudlian
1634769750|Rick|A|Ricksy Business/Squanchy
1634769750|Rick|A|Ricksy Business/Nancy
1634769750|Rick|A|Ricksy Business/Jerry Smith
1634769750|Rick|A|Ricksy Business/MC Haps
1634769750|Rick|A|Ricksy Business/Abradolf Lincler
1634769750|Rick|A|Ricksy Business/Bepisian
1634769750|Rick|A|Ricksy Business/Beth Smith
1634769750|Rick|A|Ricksy Business/Morty Smith
1634769750|Rick|A|Ricksy Business/Brad
1634769750|Rick|A|Ricksy Business/Birdperson
1634769750|Rick|A|Ricksy Business/Giant Testicle Monster
1634769750|Rick|A|Ricksy Business/Greebybobe
1634769750|Rick|A|Ricksy Business/Jessica
1634769750|Rick|A|Ricksy Business/Jessica's Friend
1634769750|Rick|A|Ricksy Business/Lucy
1634769750|Rick|A|Ricksy Business/Cynthia
1634856150|Rick|A|Ricksy Business/A Rickle in Time/Mr. Benson
1634856150|Rick|A|Ricksy Business/A Rickle in Time/Veterinary
1634856150|Rick|A|Ricksy Business/A Rickle in Time/Summer Smith
1634856150|Rick|A|Ricksy Business/A Rickle in Time/Shleemypants
1634856150|Rick|A|Ricksy Business/A Rickle in Time/Morty Smith
1634856150|Rick|A|Ricksy Business/A Rickle in Time/Veterinary Nurse
1634856150|Rick|A|Ricksy Business/A Rickle in Time/Michael
1634856150|Rick|A|Ricksy Business/A Rickle in Time/Jerry Smith
1634856150|Rick|A|Ricksy Business/A Rickle in Time/Chris
1634856150|Rick|A|Ricksy Business/A Rickle in Time/Beth Smith
1634856150|Rick|A|Ricksy Business/A Rickle in Time/Albert Einstein
1634856150|Rick|A|Ricksy Business/A Rickle in Time/Michael's Lawyer
1634942550|Rick|A|Ricksy Business/A Rickle in Time/Mortynight Run/Loggins
1634942550|Rick|A|Ricksy Business/A Rickle in Time/Mortynight Run/Morty Smith
1634942550|Rick|A|Ricksy Business/A Rickle in Time/Mortynight Run/Mr. Meeseeks
1634942550|Rick|A|Ricksy Business/A Rickle in Time/Mortynight Run/Paul Fleishman
1634942550|Rick|A|Ricksy Business/A Rickle in Time/Mortynight Run/Pink Polo Shirt Jerry
1634942550|Rick|A|Ricksy Business/A Rickle in Time/Mortynight Run/Revolio Clockberg Jr.
1634942550|Rick|A|Ricksy Business/A Rickle in Time/Mortynight Run/Roy
1634942550|Rick|A|Ricksy Business/A Rickle in Time/Mortynight Run/Scrotian
1634942550|Rick|A|Ricksy Business/A Rickle in Time/Mortynight Run/Roy's Wife
1634942550|Rick|A|Ricksy Business/A Rickle in Time/Mortynight Run/Krombopulos Michael
1634942550|Rick|A|Ricksy Business/A Rickle in Time/Mortynight Run/Shaved Head Jerry
1634942550|Rick|A|Ricksy Business/A Rickle in Time/Mortynight Run/Shimshamian
1634942550|Rick|A|Ricksy Business/A Rickle in Time/Mortynight Run/Tank Top Jerry
1634942550|Rick|A|Ricksy Business/A Rickle in Time/Mortynight Run/Traflorkian
1634942550|Rick|A|Ricksy Business/A Rickle in Time/Mortynight Run/Zarbadar Gloonch
1634942550|Rick|A|Ricksy Business/A Rickle in Time/Mortynight Run/Roy's Son
1634942550|Rick|A|Ricksy Business/A Rickle in Time/Mortynight Run/Jessica
1634942550|Rick|A|Ricksy Business/A Rickle in Time/Mortynight Run/Roy's Mum
1634942550|Rick|A|Ricksy Business/A Rickle in Time/Mortynight Run/Jerryboree Keeper
1634942550|Rick|A|Ricksy Business/A Rickle in Time/Mortynight Run/Jerryboree Receptionist
1634942550|Rick|A|Ricksy Business/A Rickle in Time/Mortynight Run/Anchor Gear
1634942550|Rick|A|Ricksy Business/A Rickle in Time/Mortynight Run/Arcade Alien
1634942550|Rick|A|Ricksy Business/A Rickle in Time/Mortynight Run/Attila Starwar
1634942550|Rick|A|Ricksy Business/A Rickle in Time/Mortynight Run/Bearded Jerry
1634942550|Rick|A|Ricksy Business/A Rickle in Time/Mortynight Run/Benjamin
1634942550|Rick|A|Ricksy Business/A Rickle in Time/Mortynight Run/Fart
1634942550|Rick|A|Ricksy Business/A Rickle in Time/Mortynight Run/Fulgora
1634942550|Rick|A|Ricksy Business/A Rickle in Time/Mortynight Run/Dr. Schmidt
1634942550|Rick|A|Ricksy Business/A Rickle in Time/Mortynight Run/Gar Gloonch
1634942550|Rick|A|Ricksy Business/A Rickle in Time/Mortynight Run/Garblovian
1634942550|Rick|A|Ricksy Business/A Rickle in Time/Mortynight Run/Gazorpazorpfield
1634942550|Rick|A|Ricksy Business/A Rickle in Time/Mortynight Run/Gear Cop
1634942550|Rick|A|Ricksy Business/A Rickle in Time/Mortynight Run/Giant Testicle Monster
1634942550|Rick|A|Ricksy Business/A Rickle in Time/Mortynight Run/Jerry 5-126
1634942550|Rick|A|Ricksy Business/A Rickle in Time/Mortynight Run/Jerry Smith
1635028950|Rick|A|Auto Erotic Assimilation/Ron Benson
1635028950|Rick|A|Auto Erotic Assimilation/Todd Crystal
1635028950|Rick|A|Auto Erotic Assimilation/Summer Smith
1635028950|Rick|A|Auto Erotic Assimilation/Steven Phillips
1635028950|Rick|A|Auto Erotic Assimilation/Unity
1635028950|Rick|A|Auto Erotic Assimilation/Mrs. Sanchez
1635028950|Rick|A|Auto Erotic Assimilation/Daron Jefferson
1635028950|Rick|A|Auto Erotic Assimilation/Karen Entity
1635028950|Rick|A|Auto Erotic Assimilation/Jerry Smith
1635028950|Rick|A|Auto Erotic Assimilation/Blim Blam
1635028950|Rick|A|Auto Erotic Assimilation/Beth Smith
1635028950|Rick|A|Auto Erotic Assimilation/Beta-Seven
1635028950|Rick|A|Auto Erotic Assimilation/Morty Smith
1635115350|Rick|A|Auto Erotic Assimilation/Total Rickall/Mr. Poopybutthole
1635115350|Rick|A|Auto Erotic Assimilation/Total Rickall/Pencilvester
1635115350|Rick|A|Auto Erotic Assimilation/Total Rickall/Photography Raptor
1635115350|Rick|A|Auto Erotic Assimilation/Total Rickall/Reverse Giraffe
1635115350|Rick|A|Auto Erotic Assimilation/Total Rickall/Summer Smith
1635115350|Rick|A|Auto Erotic Assimilation/Total Rickall/Snuffles (Snowball)
1635115350|Rick|A|Auto Erotic Assimilation/Total Rickall/Tinkles
1635115350|Rick|A|Auto Erotic Assimilation/Total Rickall/Uncle Steve
1635115350|Rick|A|Auto Erotic Assimilation/Total Rickall/Mr. Beauregard
1635115350|Rick|A|Auto Erotic Assimilation/Total Rickall/Sleepy Gary
1635115350|Rick|A|Auto Erotic Assimilation/Total Rickall/Morty Smith
1635115350|Rick|A|Auto Erotic Assimilation/Total Rickall/Mrs. Refrigerator
1635115350|Rick|A|Auto Erotic Assimilation/Total Rickall/Jacob
1635115350|Rick|A|Auto Erotic Assimilation/Total Rickall/Amish Cyborg
1635115350|Rick|A|Auto Erotic Assimilation/Total Rickall/Baby Wizard
1635115350|Rick|A|Auto Erotic Assimilation/Total Rickall/Jerry Smith
1635115350|Rick|A|Auto Erotic Assimilation/Total Rickall/Beth Smith
1635115350|Rick|A|Auto Erotic Assimilation/Total Rickall/Cousin Nicky
1635115350|Rick|A|Auto Erotic Assimilation/Total Rickall/Bearded Lady
1635115350|Rick|A|Auto Erotic Assimilation/Total Rickall/Frankenstein's Monster
1635115350|Rick|A|Auto Erotic Assimilation/Total Rickall/Ghost in a Jar
1635115350|Rick|A|Auto Erotic Assimilation/Total Rickall/Hamurai
1635115350|Rick|A|Auto Erotic Assimilation/Total Rickall/Duck With Muscles
1635201750|Rick|A|Auto Erotic Assimilation/Total Rickall/Get Schwifty/Mr. Goldenfold
1635201750|Rick|A|Auto Erotic Assimilation/Total Rickall/Get Schwifty/Mr. Marklovitz
1635201750|Rick|A|Auto Erotic Assimilation/Total Rickall/Get Schwifty/Numbericon
1635201750|Rick|A|Auto Erotic Assimilation/Total Rickall/Get Schwifty/Orthodox Jew
1635201750|Rick|A|Auto Erotic Assimilation/Total Rickall/Get Schwifty/President Curtis
1635201750|Rick|A|Auto Erotic Assimilation/Total Rickall/Get Schwifty/Principal Vagina
1635201750|Rick|A|Auto Erotic Assimilation/Total Rickall/Get Schwifty/Summer Smith
1635201750|Rick|A|Auto Erotic Assimilation/Total Rickall/Get Schwifty/Snuffles (Snowball)
1635201750|Rick|A|Auto Erotic Assimilation/Total Rickall/Get Schwifty/Squanchy
1635201750|Rick|A|Auto Erotic Assimilation/Total Rickall/Get Schwifty/Morty Smith
1635201750|Rick|A|Auto Erotic Assimilation/Total Rickall/Get Schwifty/Tammy Guetermann
1635201750|Rick|A|Auto Erotic Assimilation/Total Rickall/Get Schwifty/Terry
1635201750|Rick|A|Auto Erotic Assimilation/Total Rickall/Get Schwifty/Scrotian
1635201750|Rick|A|Auto Erotic Assimilation/Total Rickall/Get Schwifty/Magnesium-J
1635201750|Rick|A|Auto Erotic Assimilation/Total Rickall/Get Schwifty/Simon
1635201750|Rick|A|Auto Erotic Assimilation/Total Rickall/Get Schwifty/Larva Alien
1635201750|Rick|A|Auto Erotic Assimilation/Total Rickall/Get Schwifty/Arbolian Mentirososian
1635201750|Rick|A|Auto Erotic Assimilation/Total Rickall/Get Schwifty/Armagheadon
1635201750|Rick|A|Auto Erotic Assimilation/Total Rickall/Get Schwifty/Magma-Q
1635201750|Rick|A|Auto Erotic Assimilation/Total Rickall/Get Schwifty/Birdperson
1635201750|Rick|A|Auto Erotic Assimilation/Total Rickall/Get Schwifty/Ethan
1635201750|Rick|A|Auto Erotic Assimilation/Total Rickall/Get Schwifty/Father Bob
1635201750|Rick|A|Auto Erotic Assimilation/Total Rickall/Get Schwifty/Beth Smith
1635201750|Rick|A|Auto Erotic Assimilation/Total Rickall/Get Schwifty/Greebybobe
1635201750|Rick|A|Auto Erotic Assimilation/Total Rickall/Get Schwifty/Hydrogen-F
1635201750|Rick|A|Auto Erotic Assimilation/Total Rickall/Get Schwifty/Ice-T
1635201750|Rick|A|Auto Erotic Assimilation/Total Rickall/Get Schwifty/Jamey
1635201750|Rick|A|Auto Erotic Assimilation/Total Rickall/Get Schwifty/Jerry Smith
1635201750|Rick|A|Auto Erotic Assimilation/Total Rickall/Get Schwifty/Jim
1635201750|Rick|A|Auto Erotic Assimilation/Total Rickall/Get Schwifty/General Nathan
1635288150|Rick|A|The Ricks Must Be Crazy/Zeep Xanflorp
1635288150|Rick|A|The Ricks Must Be Crazy/Tree Person
1635288150|Rick|A|The Ricks Must Be Crazy/The President of the Miniverse
1635288150|Rick|A|The Ricks Must Be Crazy/Summer Smith
1635288150|Rick|A|The Ricks Must Be Crazy/Space Cruiser
1635288150|Rick|A|The Ricks Must Be Crazy/Piece of Toast
1635288150|Rick|A|The Ricks Must Be Crazy/Mr. Goldenfold
1635288150|Rick|A|The Ricks Must Be Crazy/Morty Smith
1635288150|Rick|A|The Ricks Must Be Crazy/Loggins
1635288150|Rick|A|The Ricks Must Be Crazy/Jessica's Friend
1635288150|Rick|A|The Ricks Must Be Crazy/Jessica
1635288150|Rick|A|The Ricks Must Be Crazy/Hunter's Father
1635288150|Rick|A|The Ricks Must Be Crazy/Hunter
1635288150|Rick|A|The Ricks Must Be Crazy/Fulgora
1635288150|Rick|A|The Ricks Must Be Crazy/Chris
1635288150|Rick|A|The Ricks Must Be Crazy/Benjamin
1635288150|Rick|A|The Ricks Must Be Crazy/Attila Starwar
1635288150|Rick|A|The Ricks Must Be Crazy/Kyle
1635374550|Rick|A|The Ricks Must Be Crazy/Big Trouble in Little Sanchez/Mr. Goldenfold
1635374550|Rick|A|The Ricks Must Be Crazy/Big Trouble in Little Sanchez/Zarbadar's Mytholog
1635374550|Rick|A|The Ricks Must Be Crazy/Big Trouble in Little Sanchez/Principal Vagina
1635374550|Rick|A|The Ricks Must Be Crazy/Big Trouble in Little Sanchez/Self-Congratulatory Jerry
1635374550|Rick|A|The Ricks Must Be Crazy/Big Trouble in Little Sanchez/Summer Smith
1635374550|Rick|A|The Ricks Must Be Crazy/Big Trouble in Little Sanchez/Vampire Master's Assistant
1635374550|Rick|A|The Ricks Must Be Crazy/Big Trouble in Little Sanchez/Tophat Jones
1635374550|Rick|A|The Ricks Must Be Crazy/Big Trouble in Little Sanchez/Vampire Master
1635374550|Rick|A|The Ricks Must Be Crazy/Big Trouble in Little Sanchez/Zarbadar Gloonch
1635374550|Rick|A|The Ricks Must Be Crazy/Big Trouble in Little Sanchez/Morty Smith
1635374550|Rick|A|The Ricks Must Be Crazy/Big Trouble in Little Sanchez/Toby Matthews
1635374550|Rick|A|The Ricks Must Be Crazy/Big Trouble in Little Sanchez/Jessica's Friend
1635374550|Rick|A|The Ricks Must Be Crazy/Big Trouble in Little Sanchez/Goddess Beth
1635374550|Rick|A|The Ricks Must Be Crazy/Big Trouble in Little Sanchez/Jerry's Mytholog
1635374550|Rick|A|The Ricks Must Be Crazy/Big Trouble in Little Sanchez/Jessica
1635374550|Rick|A|The Ricks Must Be Crazy/Big Trouble in Little Sanchez/Beth Smith
1635374550|Rick|A|The Ricks Must Be Crazy/Big Trouble in Little Sanchez/Boobloosian
1635374550|Rick|A|The Ricks Must Be Crazy/Big Trouble in Little Sanchez/Coach Feratu (Balik Alistane)
1635374550|Rick|A|The Ricks Must Be Crazy/Big Trouble in Little Sanchez/Flansian
1635374550|Rick|A|The Ricks Must Be Crazy/Big Trouble in Little Sanchez/Beth's Mytholog
1635374550|Rick|A|The Ricks Must Be Crazy/Big Trouble in Little Sanchez/Gar's Mytholog
1635374550|Rick|A|The Ricks Must Be Crazy/Big Trouble in Little Sanchez/Glexo Slim Slom
1635374550|Rick|A|The Ricks Must Be Crazy/Big Trouble in Little Sanchez/Ideal Jerry
1635374550|Rick|A|The Ricks Must Be Crazy/Big Trouble in Little Sanchez/Jerry Smith
1635374550|Rick|A|The Ricks Must Be Crazy/Big Trouble in Little Sanchez/Gar Gloonch
1635460950|Rick|A|The Ricks Must Be Crazy/Big Trouble in Little Sanchez/Interdimensional Cable 2: Tempting Fate/Shlaammi
1635460950|Rick|A|The Ricks Must Be Crazy/Big Trouble in Little Sanchez/Interdimensional Cable 2: Tempting Fate/Nano Doctor
1635460950|Rick|A|The Ricks Must Be Crazy/Big Trouble in Little Sanchez/Interdimensional Cable 2: Tempting Fate/Octopus Man
1635460950|Rick|A|The Ricks Must Be Crazy/Big Trouble in Little Sanchez/Interdimensional Cable 2: Tempting Fate/Phillip Jacobs
1635460950|Rick|A|The Ricks Must Be Crazy/Big Trouble in Little Sanchez/Interdimensional Cable 2: Tempting Fate/Pichael Thompson
1635460950|Rick|A|The Ricks Must Be Crazy/Big Trouble in Little Sanchez/Interdimensional Cable 2: Tempting Fate/Pripudlian
1635460950|Rick|A|The Ricks Must Be Crazy/Big Trouble in Little Sanchez/Interdimensional Cable 2: Tempting Fate/Randy Dicknose
1635460950|Rick|A|The Ricks Must Be Crazy/Big Trouble in Little Sanchez/Interdimensional Cable 2: Tempting Fate/Shrimply Pibbles
1635460950|Rick|A|The Ricks Must Be Crazy/Big Trouble in Little Sanchez/Interdimensional Cable 2: Tempting Fate/Traflorkian Journalist
1635460950|Rick|A|The Ricks Must Be Crazy/Big Trouble in Little Sanchez/Interdimensional Cable 2: Tempting Fate/Stealy
1635460950|Rick|A|The Ricks Must Be Crazy/Big Trouble in Little Sanchez/Interdimensional Cable 2: Tempting Fate/Summer Smith
1635460950|Rick|A|The Ricks Must Be Crazy/Big Trouble in Little Sanchez/Interdimensional Cable 2: Tempting Fate/Tax Attorney
1635460950|Rick|A|The Ricks Must Be Crazy/Big Trouble in Little Sanchez/Interdimensional Cable 2: Tempting Fate/Traflorkian
1635460950|Rick|A|The Ricks Must Be Crazy/Big Trouble in Little Sanchez/Interdimensional Cable 2: Tempting Fate/Morty Smith
1635460950|Rick|A|The Ricks Must Be Crazy/Big Trouble in Little Sanchez/Interdimensional Cable 2: Tempting Fate/Tumblorkian
1635460950|Rick|A|The Ricks Must Be Crazy/Big Trouble in Little Sanchez/Interdimensional Cable 2: Tempting Fate/Yaarb
1635460950|Rick|A|The Ricks Must Be Crazy/Big Trouble in Little Sanchez/Interdimensional Cable 2: Tempting Fate/Yellow Headed Doctor
1635460950|Rick|A|The Ricks Must Be Crazy/Big Trouble in Little Sanchez/Interdimensional Cable 2: Tempting Fate/St. Gloopy Noops Nurse
1635460950|Rick|A|The Ricks Must Be Crazy/Big Trouble in Little Sanchez/Interdimensional Cable 2: Tempting Fate/Michael Thompson
1635460950|Rick|A|The Ricks Must Be Crazy/Big Trouble in Little Sanchez/Interdimensional Cable 2: Tempting Fate/Pibbles Bodyguard
1635460950|Rick|A|The Ricks Must Be Crazy/Big Trouble in Little Sanchez/Interdimensional Cable 2: Tempting Fate/Michael Jenkins
1635460950|Rick|A|The Ricks Must Be Crazy/Big Trouble in Little Sanchez/Interdimensional Cable 2: Tempting Fate/Michael McLick
1635460950|Rick|A|The Ricks Must Be Crazy/Big Trouble in Little Sanchez/Interdimensional Cable 2: Tempting Fate/Arbolian Mentirososian
1635460950|Rick|A|The Ricks Must Be Crazy/Big Trouble in Little Sanchez/Interdimensional Cable 2: Tempting Fate/Arcade Alien
1635460950|Rick|A|The Ricks Must Be Crazy/Big Trouble in Little Sanchez/Interdimensional Cable 2: Tempting Fate/Bepisian
1635460950|Rick|A|The Ricks Must Be Crazy/Big Trouble in Little Sanchez/Interdimensional Cable 2: Tempting Fate/Beth Smith
1635460950|Rick|A|The Ricks Must Be Crazy/Big Trouble in Little Sanchez/Interdimensional Cable 2: Tempting Fate/Blamph
1635460950|Rick|A|The Ricks Must Be Crazy/Big Trouble in Little Sanchez/Interdimensional Cable 2: Tempting Fate/Blue Diplomat
1635460950|Rick|A|The Ricks Must Be Crazy/Big Trouble in Little Sanchez/Interdimensional Cable 2: Tempting Fate/Butthole Ice Cream Guy
1635460950|Rick|A|The Ricks Must Be Crazy/Big Trouble in Little Sanchez/Interdimensional Cable 2: Tempting Fate/Eyehole Man
1635460950|Rick|A|The Ricks Must Be Crazy/Big Trouble in Little Sanchez/Interdimensional Cable 2: Tempting Fate/Dr. Glip-Glop
1635460950|Rick|A|The Ricks Must Be Crazy/Big Trouble in Little Sanchez/Interdimensional Cable 2: Tempting Fate/Funny Songs Presenter
1635460950|Rick|A|The Ricks Must Be Crazy/Big Trouble in Little Sanchez/Interdimensional Cable 2: Tempting Fate/Garblovian
1635460950|Rick|A|The Ricks Must Be Crazy/Big Trouble in Little Sanchez/Interdimensional Cable 2: Tempting Fate/Hamster In Butt
1635460950|Rick|A|The Ricks Must Be Crazy/Big Trouble in Little Sanchez/Interdimensional Cable 2: Tempting Fate/Jan-Michael Vincent
1635460950|Rick|A|The Ricks Must Be Crazy/Big Trouble in Little Sanchez/Interdimensional Cable 2: Tempting Fate/Jerry Smith
1635460950|Rick|A|The Ricks Must Be Crazy/Big Trouble in Little Sanchez/Interdimensional Cable 2: Tempting Fate/Larva Alien
1635460950|Rick|A|The Ricks Must Be Crazy/Big Trouble in Little Sanchez/Interdimensional Cable 2: Tempting Fate/Little Dipper
1635460950|Rick|A|The Ricks Must Be Crazy/Big Trouble in Little Sanchez/Interdimensional Cable 2: Tempting Fate/Fleeb
1635547350|Rick|A|Look Who's Purging Now/Purge Planet Ruler
1635547350|Rick|A|Look Who's Purging Now/Taddy Mason
1635547350|Rick|A|Look Who's Purging Now/Summer Smith
1635547350|Rick|A|Look Who's Purging Now/Morty Smith
1635547350|Rick|A|Look Who's Purging Now/Beth Smith
1635547350|Rick|A|Look Who's Purging Now/Jerry Smith
1635547350|Rick|A|Look Who's Purging Now/General Store Owner
1635547350|Rick|A|Look Who's Purging Now/Arthricia
1635547350|Rick|A|Look Who's Purging Now/Lighthouse Keeper
1635633750|Rick|A|Look Who's Purging Now/The Wedding Squanchers/Mr. Poopybutthole
1635633750|Rick|A|Look Who's Purging Now/The Wedding Squanchers/Pat Gueterman
1635633750|Rick|A|Look Who's Purging Now/The Wedding Squanchers/Photography Cyborg
1635633750|Rick|A|Look Who's Purging Now/The Wedding Squanchers/Scropon
1635633750|Rick|A|Look Who's Purging Now/The Wedding Squanchers/Scrotian
1635633750|Rick|A|Look Who's Purging Now/The Wedding Squanchers/Shimshamian
1635633750|Rick|A|Look Who's Purging Now/The Wedding Squanchers/Wedding Bartender
1635633750|Rick|A|Look Who's Purging Now/The Wedding Squanchers/Summer Smith
1635633750|Rick|A|Look Who's Purging Now/The Wedding Squanchers/Tammy Guetermann
1635633750|Rick|A|Look Who's Purging Now/The Wedding Squanchers/Tophat Jones
1635633750|Rick|A|Look Who's Purging Now/The Wedding Squanchers/Traflorkian
1635633750|Rick|A|Look Who's Purging Now/The Wedding Squanchers/Mr. Goldenfold
1635633750|Rick|A|Look Who's Purging Now/The Wedding Squanchers/Squanchy
1635633750|Rick|A|Look Who's Purging Now/The Wedding Squanchers/Morty Smith
1635633750|Rick|A|Look Who's Purging Now/The Wedding Squanchers/Boobloosian
1635633750|Rick|A|Look Who's Purging Now/The Wedding Squanchers/Larva Alien
1635633750|Rick|A|Look Who's Purging Now/The Wedding Squanchers/Lil B
1635633750|Rick|A|Look Who's Purging Now/The Wedding Squanchers/Arbolian Mentirososian
1635633750|Rick|A|Look Who's Purging Now/The Wedding Squanchers/Arcade Alien
1635633750|Rick|A|Look Who's Purging Now/The Wedding Squanchers/Birdperson
1635633750|Rick|A|Look Who's Purging Now/The Wedding Squanchers/Courier Flap
1635633750|Rick|A|Look Who's Purging Now/The Wedding Squanchers/Donna Gueterman
1635633750|Rick|A|Look Who's Purging Now/The Wedding Squanchers/Beth Smith
1635633750|Rick|A|Look Who's Purging Now/The Wedding Squanchers/Galactic Federation President
1635633750|Rick|A|Look Who's Purging Now/The Wedding Squanchers/Gar Gloonch
1635633750|Rick|A|Look Who's Purging Now/The Wedding Squanchers/Garblovian
1635633750|Rick|A|Look Who's Purging Now/The Wedding Squanchers/Jerry Smith
1635633750|Rick|A|Look Who's Purging Now/The Wedding Squanchers/Kozbian
1635633750|Rick|A|Look Who's Purging Now/The Wedding Squanchers/Flansian
1635720150|Rick|A|Look Who's Purging Now/The Wedding Squanchers/The Rickshank Rickdemption/Jerry Smith
1635720150|Rick|A|Look Who's Purging Now/The Wedding Squanchers/The Rickshank Rickdemption/Tammy Guetermann
1635720150|Rick|A|Look Who's Purging Now/The Wedding Squanchers/The Rickshank Rickdemption/Summer Smith
1635720150|Rick|A|Look Who's Purging Now/The Wedding Squanchers/The Rickshank Rickdemption/Riq IV
1635720150|Rick|A|Look Who's Purging Now/The Wedding Squanchers/The Rickshank Rickdemption/Phoenixperson
1635720150|Rick|A|Look Who's Purging Now/The Wedding Squanchers/The Rickshank Rickdemption/Mr. Goldenfold
1635720150|Rick|A|Look Who's Purging Now/The Wedding Squanchers/The Rickshank Rickdemption/Lawyer Morty
1635720150|Rick|A|Look Who's Purging Now/The Wedding Squanchers/The Rickshank Rickdemption/Hammerhead Morty
1635720150|Rick|A|Look Who's Purging Now/The Wedding Squanchers/The Rickshank Rickdemption/Morty Smith
1635720150|Rick|A|Look Who's Purging Now/The Wedding Squanchers/The Rickshank Rickdemption/Diane Sanchez
1635720150|Rick|A|Look Who's Purging Now/The Wedding Squanchers/The Rickshank Rickdemption/Cornvelious Daniel
1635720150|Rick|A|Look Who's Purging Now/The Wedding Squanchers/The Rickshank Rickdemption/Conroy
1635720150|Rick|A|Look Who's Purging Now/The Wedding Squanchers/The Rickshank Rickdemption/Borpocian
1635720150|Rick|A|Look Who's Purging Now/The Wedding Squanchers/The Rickshank Rickdemption/Birdperson
1635720150|Rick|A|Look Who's Purging Now/The Wedding Squanchers/The Rickshank Rickdemption/Big Head Morty
1635720150|Rick|A|Look Who's Purging Now/The Wedding Squanchers/The Rickshank Rickdemption/Beth Smith
1635720150|Rick|A|Look Who's Purging Now/The Wedding Squanchers/The Rickshank Rickdemption/Aqua Morty
1635720150|Rick|A|Look Who's Purging Now/The Wedding Squanchers/The Rickshank Rickdemption/Dipper and Mabel Mortys
1635806550|Rick|A|Rickmancing the Stone/Mechanical Morty
1635806550|Rick|A|Rickmancing the Stone/Mechanical Summer
1635806550|Rick|A|Rickmancing the Stone/Mohawk Guy
1635806550|Rick|A|Rickmancing the Stone/Taint Washer
1635806550|Rick|A|Rickmancing the Stone/Slaveowner
1635806550|Rick|A|Rickmancing the Stone/Summer Smith
1635806550|Rick|A|Rickmancing the Stone/Morty Smith
1635806550|Rick|A|Rickmancing the Stone/Jerry Smith
1635806550|Rick|A|Rickmancing the Stone/Genital Washer
1635806550|Rick|A|Rickmancing the Stone/Eli's Girlfriend
1635806550|Rick|A|Rickmancing the Stone/Eli
1635806550|Rick|A|Rickmancing the Stone/Colossus
1635806550|Rick|A|Rickmancing the Stone/Blue Footprint Guy
1635806550|Rick|A|Rickmancing the Stone/Beth Smith
1635806550|Rick|A|Rickmancing the Stone/Armothy
1635806550|Rick|A|Rickmancing the Stone/Hemorrhage
1635892950|Rick|A|Rickmancing the Stone/Pickle Rick/Mr. Goldenfold
1635892950|Rick|A|Rickmancing the Stone/Pickle Rick/Summer Smith
1635892950|Rick|A|Rickmancing the Stone/Pickle Rick/Snuffles (Snowball)
1635892950|Rick|A|Rickmancing the Stone/Pickle Rick/Rat Boss
1635892950|Rick|A|Rickmancing the Stone/Pickle Rick/Principal Vagina
1635892950|Rick|A|Rickmancing the Stone/Pickle Rick/Morty Smith
1635892950|Rick|A|Rickmancing the Stone/Pickle Rick/Katarina
1635892950|Rick|A|Rickmancing the Stone/Pickle Rick/Jaguar
1635892950|Rick|A|Rickmancing the Stone/Pickle Rick/Izzy
1635892950|Rick|A|Rickmancing the Stone/Pickle Rick/Dr. Wong
1635892950|Rick|A|Rickmancing the Stone/Pickle Rick/Concerto
1635892950|Rick|A|Rickmancing the Stone/Pickle Rick/Beth Smith
1635892950|Rick|A|Rickmancing the Stone/Pickle Rick/Agency Director
1635979350|Rick|A|Rickmancing the Stone/Pickle Rick/Vindicators 3: The Return of Worldender/Morty Smith
1635979350|Rick|A|Rickmancing the Stone/Pickle Rick/Vindicators 3: The Return of Worldender/Nancy
1635979350|Rick|A|Rickmancing the Stone/Pickle Rick/Vindicators 3: The Return of Worldender/Noob-Noob
1635979350|Rick|A|Rickmancing the Stone/Pickle Rick/Vindicators 3: The Return of Worldender/Pripudlian
1635979350|Rick|A|Rickmancing the Stone/Pickle Rick/Vindicators 3: The Return of Worldender/Revolio Clockberg Jr.
1635979350|Rick|A|Rickmancing the Stone/Pickle Rick/Vindicators 3: The Return of Worldender/Scrotian
1635979350|Rick|A|Rickmancing the Stone/Pickle Rick/Vindicators 3: The Return of Worldender/Supernova
1635979350|Rick|A|Rickmancing the Stone/Pickle Rick/Vindicators 3: The Return of Worldender/Stair Goblin
1635979350|Rick|A|Rickmancing the Stone/Pickle Rick/Vindicators 3: The Return of Worldender/Million Ants
1635979350|Rick|A|Rickmancing the Stone/Pickle Rick/Vindicators 3: The Return of Worldender/Traflorkian
1635979350|Rick|A|Rickmancing the Stone/Pickle Rick/Vindicators 3: The Return of Worldender/Vance Maximus
1635979350|Rick|A|Rickmancing the Stone/Pickle Rick/Vindicators 3: The Return of Worldender/Worldender
1635979350|Rick|A|Rickmancing the Stone/Pickle Rick/Vindicators 3: The Return of Worldender/Shimshamian
1635979350|Rick|A|Rickmancing the Stone/Pickle Rick/Vindicators 3: The Return of Worldender/MC Haps
1635979350|Rick|A|Rickmancing the Stone/Pickle Rick/Vindicators 3: The Return of Worldender/Summer Smith
1635979350|Rick|A|Rickmancing the Stone/Pickle Rick/Vindicators 3: The Return of Worldender/Lady Katana
1635979350|Rick|A|Rickmancing the Stone/Pickle Rick/Vindicators 3: The Return of Worldender/Logic
1635979350|Rick|A|Rickmancing the Stone/Pickle Rick/Vindicators 3: The Return of Worldender/Alan Rails
1635979350|Rick|A|Rickmancing the Stone/Pickle Rick/Vindicators 3: The Return of Worldender/Arcade Alien
1635979350|Rick|A|Rickmancing the Stone/Pickle Rick/Vindicators 3: The Return of Worldender/Beth Smith
1635979350|Rick|A|Rickmancing the Stone/Pickle Rick/Vindicators 3: The Return of Worldender/Calypso
1635979350|Rick|A|Rickmancing the Stone/Pickle Rick/Vindicators 3: The Return of Worldender/Crocubot
1635979350|Rick|A|Rickmancing the Stone/Pickle Rick/Vindicators 3: The Return of Worldender/Bepisian
1635979350|Rick|A|Rickmancing the Stone/Pickle Rick/Vindicators 3: The Return of Worldender/Diablo Verde
1635979350|Rick|A|Rickmancing the Stone/Pickle Rick/Vindicators 3: The Return of Worldender/Doom-Nomitron
1635979350|Rick|A|Rickmancing the Stone/Pickle Rick/Vindicators 3: The Return of Worldender/Flansian
1635979350|Rick|A|Rickmancing the Stone/Pickle Rick/Vindicators 3: The Return of Worldender/Greebybobe
1635979350|Rick|A|Rickmancing the Stone/Pickle Rick/Vindicators 3: The Return of Worldender/Jessica's Friend
1635979350|Rick|A|Rickmancing the Stone/Pickle Rick/Vindicators 3: The Return of Worldender/Cynthia
1636065750|Rick|A|The Whirly Dirly Conspiracy/Tusked Assassin
1636065750|Rick|A|The Whirly Dirly Conspiracy/Morty Smith
1636065750|Rick|A|The Whirly Dirly Conspiracy/Tricia Lange
1636065750|Rick|A|The Whirly Dirly Conspiracy/Summer Smith
1636065750|Rick|A|The Whirly Dirly Conspiracy/Shnoopy Bloopers
1636065750|Rick|A|The Whirly Dirly Conspiracy/Shmooglite Runner
1636065750|Rick|A|The Whirly Dirly Conspiracy/Risotto's Tentacled Henchman
1636065750|Rick|A|The Whirly Dirly Conspiracy/Risotto Groupon
1636065750|Rick|A|The Whirly Dirly Conspiracy/Morphizer-XE Customer Support
1636065750|Rick|A|The Whirly Dirly Conspiracy/Gibble Snake
1636065750|Rick|A|The Whirly Dirly Conspiracy/Jessica
1636065750|Rick|A|The Whirly Dirly Conspiracy/Jerry Smith
1636065750|Rick|A|The Whirly Dirly Conspiracy/Gene
1636065750|Rick|A|The Whirly Dirly Conspiracy/Ethan
1636065750|Rick|A|The Whirly Dirly Conspiracy/Birdperson
1636065750|Rick|A|The Whirly Dirly Conspiracy/Beth Smith
1636065750|Rick|A|The Whirly Dirly Conspiracy/Arcade Alien
1636065750|Rick|A|The Whirly Dirly Conspiracy/Lisa
1636152150|Rick|A|The Whirly Dirly Conspiracy/Rest and Ricklaxation/Morty Smith
1636152150|Rick|A|The Whirly Dirly Conspiracy/Rest and Ricklaxation/Tricia Lange
1636152150|Rick|A|The Whirly Dirly Conspiracy/Rest and Ricklaxation/Summer Smith
1636152150|Rick|A|The Whirly Dirly Conspiracy/Rest and Ricklaxation/Stacy
1636152150|Rick|A|The Whirly Dirly Conspiracy/Rest and Ricklaxation/Principal Vagina
1636152150|Rick|A|The Whirly Dirly Conspiracy/Rest and Ricklaxation/Mrs. Pancakes
1636152150|Rick|A|The Whirly Dirly Conspiracy/Rest and Ricklaxation/Mr. Goldenfold
1636152150|Rick|A|The Whirly Dirly Conspiracy/Rest and Ricklaxation/Mitch
1636152150|Rick|A|The Whirly Dirly Conspiracy/Rest and Ricklaxation/Toxic Morty
1636152150|Rick|A|The Whirly Dirly Conspiracy/Rest and Ricklaxation/Jessica's Friend
1636152150|Rick|A|The Whirly Dirly Conspiracy/Rest and Ricklaxation/Jessica
1636152150|Rick|A|The Whirly Dirly Conspiracy/Rest and Ricklaxation/Jacqueline
1636152150|Rick|A|The Whirly Dirly Conspiracy/Rest and Ricklaxation/Father Bob
1636152150|Rick|A|The Whirly Dirly Conspiracy/Rest and Ricklaxation/Beth Smith
1636152150|Rick|A|The Whirly Dirly Conspiracy/Rest and Ricklaxation/Alien Spa Employee
1636152150|Rick|A|The Whirly Dirly Conspiracy/Rest and Ricklaxation/Little Voltron
1636152150|Rick|A|The Whirly Dirly Conspiracy/Rest and Ricklaxation/Abadango Cluster Princess
1636238550|Rick|A|The Whirly Dirly Conspiracy/Rest and Ricklaxation/The Ricklantis Mixup/Jessica
1636238550|Rick|A|The Whirly Dirly Conspiracy/Rest and Ricklaxation/The Ricklantis Mixup/Lizard Morty
1636238550|Rick|A|The Whirly Dirly Conspiracy/Rest and Ricklaxation/The Ricklantis Mixup/Morty K-22
1636238550|Rick|A|The Whirly Dirly Conspiracy/Rest and Ricklaxation/The Ricklantis Mixup/Morty Mart Manager Morty
1636238550|Rick|A|The Whirly Dirly Conspiracy/Rest and Ricklaxation/The Ricklantis Mixup/Morty Smith
1636238550|Rick|A|The Whirly Dirly Conspiracy/Rest and Ricklaxation/The Ricklantis Mixup/Trunk Man
1636238550|Rick|A|The Whirly Dirly Conspiracy/Rest and Ricklaxation/The Ricklantis Mixup/Purple Morty
1636238550|Rick|A|The Whirly Dirly Conspiracy/Rest and Ricklaxation/The Ricklantis Mixup/Slick Morty
1636238550|Rick|A|The Whirly Dirly Conspiracy/Rest and Ricklaxation/The Ricklantis Mixup/Glasses Morty
1636238550|Rick|A|The Whirly Dirly Conspiracy/Rest and Ricklaxation/The Ricklantis Mixup/Trunk Morty
1636238550|Rick|A|The Whirly Dirly Conspiracy/Rest and Ricklaxation/The Ricklantis Mixup/Mortytown Loco
1636238550|Rick|A|The Whirly Dirly Conspiracy/Rest and Ricklaxation/The Ricklantis Mixup/Flower Morty
1636238550|Rick|A|The Whirly Dirly Conspiracy/Rest and Ricklaxation/The Ricklantis Mixup/Fat Morty
1636238550|Rick|A|The Whirly Dirly Conspiracy/Rest and Ricklaxation/The Ricklantis Mixup/Bartender Morty
1636238550|Rick|A|The Whirly Dirly Conspiracy/Rest and Ricklaxation/The Ricklantis Mixup/Dancer Morty
1636238550|Rick|A|The Whirly Dirly Conspiracy/Rest and Ricklaxation/The Ricklantis Mixup/Dancer Cowboy Morty
1636238550|Rick|A|The Whirly Dirly Conspiracy/Rest and Ricklaxation/The Ricklantis Mixup/Cyclops Morty
1636238550|Rick|A|The Whirly Dirly Conspiracy/Rest and Ricklaxation/The Ricklantis Mixup/Cop Morty
1636238550|Rick|A|The Whirly Dirly Conspiracy/Rest and Ricklaxation/The Ricklantis Mixup/Campaign Manager Morty
1636238550|Rick|A|The Whirly Dirly Conspiracy/Rest and Ricklaxation/The Ricklantis Mixup/Body Guard Morty
1636238550|Rick|A|The Whirly Dirly Conspiracy/Rest and Ricklaxation/The Ricklantis Mixup/Big Morty
1636238550|Rick|A|The Whirly Dirly Conspiracy/Rest and Ricklaxation/The Ricklantis Mixup/Beth Smith
1636238550|Rick|A|The Whirly Dirly Conspiracy/Rest and Ricklaxation/The Ricklantis Mixup/Bearded Morty
1636238550|Rick|A|The Whirly Dirly Conspiracy/Rest and Ricklaxation/The Ricklantis Mixup/Evil Morty
1636238550|Rick|A|The Whirly Dirly Conspiracy/Rest and Ricklaxation/The Ricklantis Mixup/Artist Morty
1636238550|Rick|A|The Whirly Dirly Conspiracy/Rest and Ricklaxation/The Ricklantis Mixup/Antenna Morty
1636324950|Rick|A|Morty's Mind Blowers/Nancy
1636324950|Rick|A|Morty's Mind Blowers/Principal Vagina
1636324950|Rick|A|Morty's Mind Blowers/Snuffles (Snowball)
1636324950|Rick|A|Morty's Mind Blowers/Mr. Poopybutthole
1636324950|Rick|A|Morty's Mind Blowers/Summer Smith
1636324950|Rick|A|Morty's Mind Blowers/Truth Tortoise
1636324950|Rick|A|Morty's Mind Blowers/Voltematron
1636324950|Rick|A|Morty's Mind Blowers/Zick Zack
1636324950|Rick|A|Morty's Mind Blowers/Mr. Meeseeks
1636324950|Rick|A|Morty's Mind Blowers/Collector
1636324950|Rick|A|Morty's Mind Blowers/Jessica
1636324950|Rick|A|Morty's Mind Blowers/Jerry Smith
1636324950|Rick|A|Morty's Mind Blowers/Gordon Lunas
1636324950|Rick|A|Morty's Mind Blowers/Gobo
1636324950|Rick|A|Morty's Mind Blowers/Dr. Eleanor Arroway
1636324950|Rick|A|Morty's Mind Blowers/Chang
1636324950|Rick|A|Morty's Mind Blowers/Beth Smith
1636324950|Rick|A|Morty's Mind Blowers/Beebo
1636324950|Rick|A|Morty's Mind Blowers/Morty Smith
1636411350|Rick|A|Morty's Mind Blowers/The ABC's of Beth/Mrs. Sanchez
1636411350|Rick|A|Morty's Mind Blowers/The ABC's of Beth/Snuffles (Snowball)
1636411350|Rick|A|Morty's Mind Blowers/The ABC's of Beth/Summer Smith
1636411350|Rick|A|Morty's Mind Blowers/The ABC's of Beth/Varrix
1636411350|Rick|A|Morty's Mind Blowers/The ABC's of Beth/Tommy's Clone
1636411350|Rick|A|Morty's Mind Blowers/The ABC's of Beth/Trandor
1636411350|Rick|A|Morty's Mind Blowers/The ABC's of Beth/Thomas Lipkip
1636411350|Rick|A|Morty's Mind Blowers/The ABC's of Beth/Mrs. Lipkip
1636411350|Rick|A|Morty's Mind Blowers/The ABC's of Beth/Morty Smith
1636411350|Rick|A|Morty's Mind Blowers/The ABC's of Beth/Mr. Goldenfold
1636411350|Rick|A|Morty's Mind Blowers/The ABC's of Beth/Keara
1636411350|Rick|A|Morty's Mind Blowers/The ABC's of Beth/Joseph Eli Lipkip
1636411350|Rick|A|Morty's Mind Blowers/The ABC's of Beth/Jessica
1636411350|Rick|A|Morty's Mind Blowers/The ABC's of Beth/Jerry Smith
1636411350|Rick|A|Morty's Mind Blowers/The ABC's of Beth/Brad
1636411350|Rick|A|Morty's Mind Blowers/The ABC's of Beth/Beth Smith
1636411350|Rick|A|Morty's Mind Blowers/The ABC's of Beth/Mr. Poopybutthole
1636497750|Rick|A|Morty's Mind Blowers/The ABC's of Beth/The Rickchurian Mortydate/President Curtis
1636497750|Rick|A|Morty's Mind Blowers/The ABC's of Beth/The Rickchurian Mortydate/Summer Smith
1636497750|Rick|A|Morty's Mind Blowers/The ABC's of Beth/The Rickchurian Mortydate/Steve
1636497750|Rick|A|Morty's Mind Blowers/The ABC's of Beth/The Rickchurian Mortydate/Secretary of the Interior
1636497750|Rick|A|Morty's Mind Blowers/The ABC's of Beth/The Rickchurian Mortydate/Presidentress of The Mega Gargantuans
1636497750|Rick|A|Morty's Mind Blowers/The ABC's of Beth/The Rickchurian Mortydate/Mr. Poopybutthole
1636497750|Rick|A|Morty's Mind Blowers/The ABC's of Beth/The Rickchurian Mortydate/Morty Smith
1636497750|Rick|A|Morty's Mind Blowers/The ABC's of Beth/The Rickchurian Mortydate/Jerry Smith
1636497750|Rick|A|Morty's Mind Blowers/The ABC's of Beth/The Rickchurian Mortydate/Invisi-trooper
1636497750|Rick|A|Morty's Mind Blowers/The ABC's of Beth/The Rickchurian Mortydate/Beth Smith
1636497750|Rick|A|Morty's Mind Blowers/The ABC's of Beth/The Rickchurian Mortydate/Baby Poopybutthole
1636497750|Rick|A|Morty's Mind Blowers/The ABC's of Beth/The Rickchurian Mortydate/Amy Poopybutthole
1636497750|Rick|A|Morty's Mind Blowers/The ABC's of Beth/The Rickchurian Mortydate/Alien Googah
1636584150|Rick|A|Edge of Tomorty: Rick, Die, Rickpeat/Morty Smith
1636584150|Rick|A|Edge of Tomorty: Rick, Die, Rickpeat/Morty’s Lawyer
1636584150|Rick|A|Edge of Tomorty: Rick, Die, Rickpeat/Mr. Meeseeks
1636584150|Rick|A|Edge of Tomorty: Rick, Die, Rickpeat/Public Opinion Judge
1636584150|Rick|A|Edge of Tomorty: Rick, Die, Rickpeat/Revolio Clockberg Jr.
1636584150|Rick|A|Edge of Tomorty: Rick, Die, Rickpeat/Wasp Jerry
1636584150|Rick|A|Edge of Tomorty: Rick, Die, Rickpeat/Wasp Beth
1636584150|Rick|A|Edge of Tomorty: Rick, Die, Rickpeat/Judge
1636584150|Rick|A|Edge of Tomorty: Rick, Die, Rickpeat/Wasp Morty
1636584150|Rick|A|Edge of Tomorty: Rick, Die, Rickpeat/Wasp Summer
1636584150|Rick|A|Edge of Tomorty: Rick, Die, Rickpeat/Summer Smith
1636584150|Rick|A|Edge of Tomorty: Rick, Die, Rickpeat/Jessica
1636584150|Rick|A|Edge of Tomorty: Rick, Die, Rickpeat/Kirkland Brand Mr. Meeseeks
1636584150|Rick|A|Edge of Tomorty: Rick, Die, Rickpeat/Fascist Shrimp SS
1636584150|Rick|A|Edge of Tomorty: Rick, Die, Rickpeat/Anchorman
1636584150|Rick|A|Edge of Tomorty: Rick, Die, Rickpeat/Jerry Smith
1636584150|Rick|A|Edge of Tomorty: Rick, Die, Rickpeat/Beth Smith
1636584150|Rick|A|Edge of Tomorty: Rick, Die, Rickpeat/Boglin
1636584150|Rick|A|Edge of Tomorty: Rick, Die, Rickpeat/Bully
1636584150|Rick|A|Edge of Tomorty: Rick, Die, Rickpeat/Caterpillar Mr. Goldenfold
1636584150|Rick|A|Edge of Tomorty: Rick, Die, Rickpeat/Anchorwoman
1636584150|Rick|A|Edge of Tomorty: Rick, Die, Rickpeat/Crystal Poacher
1636584150|Rick|A|Edge of Tomorty: Rick, Die, Rickpeat/Fascist Morty
1636584150|Rick|A|Edge of Tomorty: Rick, Die, Rickpeat/Fascist Mr. President
1636584150|Rick|A|Edge of Tomorty: Rick, Die, Rickpeat/Fascist Shrimp Morty
1636584150|Rick|A|Edge of Tomorty: Rick, Die, Rickpeat/Caterpillar Mr. Goldenfold’s Larvae
1636670550|Rick|A|Edge of Tomorty: Rick, Die, Rickpeat/The Old Man and the Seat/Mountain Sweat Jerry
1636670550|Rick|A|Edge of Tomorty: Rick, Die, Rickpeat/The Old Man and the Seat/Vermigurber
1636670550|Rick|A|Edge of Tomorty: Rick, Die, Rickpeat/The Old Man and the Seat/Tony’s Wife
1636670550|Rick|A|Edge of Tomorty: Rick, Die, Rickpeat/The Old Man and the Seat/Tony's Dad
1636670550|Rick|A|Edge of Tomorty: Rick, Die, Rickpeat/The Old Man and the Seat/Tony
1636670550|Rick|A|Edge of Tomorty: Rick, Die, Rickpeat/The Old Man and the Seat/Summer Smith
1636670550|Rick|A|Edge of Tomorty: Rick, Die, Rickpeat/The Old Man and the Seat/Secretary at Tony's
1636670550|Rick|A|Edge of Tomorty: Rick, Die, Rickpeat/The Old Man and the Seat/Running Bird
1636670550|Rick|A|Edge of Tomorty: Rick, Die, Rickpeat/The Old Man and the Seat/Richard
1636670550|Rick|A|Edge of Tomorty: Rick, Die, Rickpeat/The Old Man and the Seat/Priest Witherspoon
1636670550|Rick|A|Edge of Tomorty: Rick, Die, Rickpeat/The Old Man and the Seat/Mothership Intern
1636670550|Rick|A|Edge of Tomorty: Rick, Die, Rickpeat/The Old Man and the Seat/Beth Smith
1636670550|Rick|A|Edge of Tomorty: Rick, Die, Rickpeat/The Old Man and the Seat/Monogatron Queen
1636670550|Rick|A|Edge of Tomorty: Rick, Die, Rickpeat/The Old Man and the Seat/Monogatron Leader
1636670550|Rick|A|Edge of Tomorty: Rick, Die, Rickpeat/The Old Man and the Seat/Maggie
1636670550|Rick|A|Edge of Tomorty: Rick, Die, Rickpeat/The Old Man and the Seat/Lizard
1636670550|Rick|A|Edge of Tomorty: Rick, Die, Rickpeat/The Old Man and the Seat/Josiah
1636670550|Rick|A|Edge of Tomorty: Rick, Die, Rickpeat/The Old Man and the Seat/Jerry Smith
1636670550|Rick|A|Edge of Tomorty: Rick, Die, Rickpeat/The Old Man and the Seat/Jeff
1636670550|Rick|A|Edge of Tomorty: Rick, Die, Rickpeat/The Old Man and the Seat/Glootie
1636670550|Rick|A|Edge of Tomorty: Rick, Die, Rickpeat/The Old Man and the Seat/Deliverance
1636670550|Rick|A|Edge of Tomorty: Rick, Die, Rickpeat/The Old Man and the Seat/Danny Publitz
1636670550|Rick|A|Edge of Tomorty: Rick, Die, Rickpeat/The Old Man and the Seat/Morty Smith
1636756950|Rick|A|Edge of Tomorty: Rick, Die, Rickpeat/The Old Man and the Seat/One Crew Over the Crewcoo's Morty/Mr. Poopybutthole
1636756950|Rick|A|Edge of Tomorty: Rick, Die, Rickpeat/The Old Man and the Seat/One Crew Over the Crewcoo's Morty/Netflix Executive
1636756950|Rick|A|Edge of Tomorty: Rick, Die, Rickpeat/The Old Man and the Seat/One Crew Over the Crewcoo's Morty/Randotron
1636756950|Rick|A|Edge of Tomorty: Rick, Die, Rickpeat/The Old Man and the Seat/One Crew Over the Crewcoo's Morty/Snake Arms
1636756950|Rick|A|Edge of Tomorty: Rick, Die, Rickpeat/The Old Man and the Seat/One Crew Over the Crewcoo's Morty/Monitor Lord
1636756950|Rick|A|Edge of Tomorty: Rick, Die, Rickpeat/The Old Man and the Seat/One Crew Over the Crewcoo's Morty/The Shapeshiftress
1636756950|Rick|A|Edge of Tomorty: Rick, Die, Rickpeat/The Old Man and the Seat/One Crew Over the Crewcoo's Morty/Truckula
1636756950|Rick|A|Edge of Tomorty: Rick, Die, Rickpeat/The Old Man and the Seat/One Crew Over the Crewcoo's Morty/Ventriloquiver
1636756950|Rick|A|Edge of Tomorty: Rick, Die, Rickpeat/The Old Man and the Seat/One Crew Over the Crewcoo's Morty/Summer Smith
1636756950|Rick|A|Edge of Tomorty: Rick, Die, Rickpeat/The Old Man and the Seat/One Crew Over the Crewcoo's Morty/Miles Knightly
1636756950|Rick|A|Edge of Tomorty: Rick, Die, Rickpeat/The Old Man and the Seat/One Crew Over the Crewcoo's Morty/Morty Smith
1636756950|Rick|A|Edge of Tomorty: Rick, Die, Rickpeat/The Old Man and the Seat/One Crew Over the Crewcoo's Morty/Hephaestus
1636756950|Rick|A|Edge of Tomorty: Rick, Die, Rickpeat/The Old Man and the Seat/One Crew Over the Crewcoo's Morty/Angie Flint
1636756950|Rick|A|Edge of Tomorty: Rick, Die, Rickpeat/The Old Man and the Seat/One Crew Over the Crewcoo's Morty/Beth Smith
1636756950|Rick|A|Edge of Tomorty: Rick, Die, Rickpeat/The Old Man and the Seat/One Crew Over the Crewcoo's Morty/Key Catcher
1636756950|Rick|A|Edge of Tomorty: Rick, Die, Rickpeat/The Old Man and the Seat/One Crew Over the Crewcoo's Morty/Elon Tusk
1636756950|Rick|A|Edge of Tomorty: Rick, Die, Rickpeat/The Old Man and the Seat/One Crew Over the Crewcoo's Morty/Glar
1636756950|Rick|A|Edge of Tomorty: Rick, Die, Rickpeat/The Old Man and the Seat/One Crew Over the Crewcoo's Morty/Double Microwawe
1636756950|Rick|A|Edge of Tomorty: Rick, Die, Rickpeat/The Old Man and the Seat/One Crew Over the Crewcoo's Morty/Gramuflackian General
1636756950|Rick|A|Edge of Tomorty: Rick, Die, Rickpeat/The Old Man and the Seat/One Crew Over the Crewcoo's Morty/Heist-Con Receptionist
1636756950|Rick|A|Edge of Tomorty: Rick, Die, Rickpeat/The Old Man and the Seat/One Crew Over the Crewcoo's Morty/Heistotron
1636756950|Rick|A|Edge of Tomorty: Rick, Die, Rickpeat/The Old Man and the Seat/One Crew Over the Crewcoo's Morty/Gramuflackian Anchorman
1636843350|Rick|A|Claw and Hoarder: Special Ricktim's Morty/The Wizard
1636843350|Rick|A|Claw and Hoarder: Special Ricktim's Morty/Talking Cat
1636843350|Rick|A|Claw and Hoarder: Special Ricktim's Morty/Summer Smith
1636843350|Rick|A|Claw and Hoarder: Special Ricktim's Morty/Slut Dragon
1636843350|Rick|A|Claw and Hoarder: Special Ricktim's Morty/Shadow Jacker
1636843350|Rick|A|Claw and Hoarder: Special Ricktim's Morty/Michael
1636843350|Rick|A|Claw and Hoarder: Special Ricktim's Morty/Morty Smith
1636843350|Rick|A|Claw and Hoarder: Special Ricktim's Morty/Debrah’s Partner
1636843350|Rick|A|Claw and Hoarder: Special Ricktim's Morty/Debrah
1636843350|Rick|A|Claw and Hoarder: Special Ricktim's Morty/Chachi
1636843350|Rick|A|Claw and Hoarder: Special Ricktim's Morty/Beth Smith
1636843350|Rick|A|Claw and Hoarder: Special Ricktim's Morty/Balthromaw
1636843350|Rick|A|Claw and Hoarder: Special Ricktim's Morty/Jerry Smith
1636929750|Rick|A|Claw and Hoarder: Special Ricktim's Morty/Rattlestar Ricklactica/Shleemypants
1636929750|Rick|A|Claw and Hoarder: Special Ricktim's Morty/Rattlestar Ricklactica/Slippy
1636929750|Rick|A|Claw and Hoarder: Special Ricktim's Morty/Rattlestar Ricklactica/Snake Hitler
1636929750|Rick|A|Claw and Hoarder: Special Ricktim's Morty/Rattlestar Ricklactica/Snake Lincoln
1636929750|Rick|A|Claw and Hoarder: Special Ricktim's Morty/Rattlestar Ricklactica/Snake Linguist
1636929750|Rick|A|Claw and Hoarder: Special Ricktim's Morty/Rattlestar Ricklactica/Snake Soldier
1636929750|Rick|A|Claw and Hoarder: Special Ricktim's Morty/Rattlestar Ricklactica/Snake Resistance Robot
1636929750|Rick|A|Claw and Hoarder: Special Ricktim's Morty/Rattlestar Ricklactica/Snake Terminator
1636929750|Rick|A|Claw and Hoarder: Special Ricktim's Morty/Rattlestar Ricklactica/Snake with Legs
1636929750|Rick|A|Claw and Hoarder: Special Ricktim's Morty/Rattlestar Ricklactica/Summer Smith
1636929750|Rick|A|Claw and Hoarder: Special Ricktim's Morty/Rattlestar Ricklactica/Tricia Lange
1636929750|Rick|A|Claw and Hoarder: Special Ricktim's Morty/Rattlestar Ricklactica/Snake Reporter
1636929750|Rick|A|Claw and Hoarder: Special Ricktim's Morty/Rattlestar Ricklactica/Secret Service Snake
1636929750|Rick|A|Claw and Hoarder: Special Ricktim's Morty/Rattlestar Ricklactica/Pet Shop Employee
1636929750|Rick|A|Claw and Hoarder: Special Ricktim's Morty/Rattlestar Ricklactica/PC Basketball Player
1636929750|Rick|A|Claw and Hoarder: Special Ricktim's Morty/Rattlestar Ricklactica/Robot Snake
1636929750|Rick|A|Claw and Hoarder: Special Ricktim's Morty/Rattlestar Ricklactica/Anchosnake
1636929750|Rick|A|Claw and Hoarder: Special Ricktim's Morty/Rattlestar Ricklactica/Bar Customer
1636929750|Rick|A|Claw and Hoarder: Special Ricktim's Morty/Rattlestar Ricklactica/Bartender
1636929750|Rick|A|Claw and Hoarder: Special Ricktim's Morty/Rattlestar Ricklactica/Beth Smith
1636929750|Rick|A|Claw and Hoarder: Special Ricktim's Morty/Rattlestar Ricklactica/80's snake
1636929750|Rick|A|Claw and Hoarder: Special Ricktim's Morty/Rattlestar Ricklactica/High Pilot
1636929750|Rick|A|Claw and Hoarder: Special Ricktim's Morty/Rattlestar Ricklactica/Jerry Smith
1636929750|Rick|A|Claw and Hoarder: Special Ricktim's Morty/Rattlestar Ricklactica/Morty Smith
1636929750|Rick|A|Claw and Hoarder: Special Ricktim's Morty/Rattlestar Ricklactica/Nancy
1636929750|Rick|A|Claw and Hoarder: Special Ricktim's Morty/Rattlestar Ricklactica/Cavesnake
1637016150|Rick|A|Claw and Hoarder: Special Ricktim's Morty/Rattlestar Ricklactica/Never Ricking Morty/Sarge
1637016150|Rick|A|Claw and Hoarder: Special Ricktim's Morty/Rattlestar Ricklactica/Never Ricking Morty/Mr. Celery & Friends
1637016150|Rick|A|Claw and Hoarder: Special Ricktim's Morty/Rattlestar Ricklactica/Never Ricking Morty/Musical Fan
1637016150|Rick|A|Claw and Hoarder: Special Ricktim's Morty/Rattlestar Ricklactica/Never Ricking Morty/Phantom of the Opera Fan
1637016150|Rick|A|Claw and Hoarder: Special Ricktim's Morty/Rattlestar Ricklactica/Never Ricking Morty/Phoenixperson
1637016150|Rick|A|Claw and Hoarder: Special Ricktim's Morty/Rattlestar Ricklactica/Never Ricking Morty/Private Smith
1637016150|Rick|A|Claw and Hoarder: Special Ricktim's Morty/Rattlestar Ricklactica/Never Ricking Morty/Professor Sanchez
1637016150|Rick|A|Claw and Hoarder: Special Ricktim's Morty/Rattlestar Ricklactica/Never Ricking Morty/Ramamama Lord
1637016150|Rick|A|Claw and Hoarder: Special Ricktim's Morty/Rattlestar Ricklactica/Never Ricking Morty/Ruth Bader Ginsburg
1637016150|Rick|A|Claw and Hoarder: Special Ricktim's Morty/Rattlestar Ricklactica/Never Ricking Morty/Shrek The Musical Fan
1637016150|Rick|A|Claw and Hoarder: Special Ricktim's Morty/Rattlestar Ricklactica/Never Ricking Morty/Tickets Please Guy
1637016150|Rick|A|Claw and Hoarder: Special Ricktim's Morty/Rattlestar Ricklactica/Never Ricking Morty/Storylord
1637016150|Rick|A|Claw and Hoarder: Special Ricktim's Morty/Rattlestar Ricklactica/Never Ricking Morty/Summer Smith
1637016150|Rick|A|Claw and Hoarder: Special Ricktim's Morty/Rattlestar Ricklactica/Never Ricking Morty/Tammy Guetermann
1637016150|Rick|A|Claw and Hoarder: Special Ricktim's Morty/Rattlestar Ricklactica/Never Ricking Morty/The Concept of Time
1637016150|Rick|A|Claw and Hoarder: Special Ricktim's Morty/Rattlestar Ricklactica/Never Ricking Morty/Train Cop
1637016150|Rick|A|Claw and Hoarder: Special Ricktim's Morty/Rattlestar Ricklactica/Never Ricking Morty/Train Cops
1637016150|Rick|A|Claw and Hoarder: Special Ricktim's Morty/Rattlestar Ricklactica/Never Ricking Morty/Train Cops Instructor
1637016150|Rick|A|Claw and Hoarder: Special Ricktim's Morty/Rattlestar Ricklactica/Never Ricking Morty/Uncle Nibbles
1637016150|Rick|A|Claw and Hoarder: Special Ricktim's Morty/Rattlestar Ricklactica/Never Ricking Morty/Morty’s Disguise
1637016150|Rick|A|Claw and Hoarder: Special Ricktim's Morty/Rattlestar Ricklactica/Never Ricking Morty/Snuffles
1637016150|Rick|A|Claw and Hoarder: Special Ricktim's Morty/Rattlestar Ricklactica/Never Ricking Morty/Morty Smith
1637016150|Rick|A|Claw and Hoarder: Special Ricktim's Morty/Rattlestar Ricklactica/Never Ricking Morty/Christmas Storyteller
1637016150|Rick|A|Claw and Hoarder: Special Ricktim's Morty/Rattlestar Ricklactica/Never Ricking Morty/Marcus
1637016150|Rick|A|Claw and Hoarder: Special Ricktim's Morty/Rattlestar Ricklactica/Never Ricking Morty/Abradolf Lincler
1637016150|Rick|A|Claw and Hoarder: Special Ricktim's Morty/Rattlestar Ricklactica/Never Ricking Morty/Beth Smith
1637016150|Rick|A|Claw and Hoarder: Special Ricktim's Morty/Rattlestar Ricklactica/Never Ricking Morty/Biblesaurus
1637016150|Rick|A|Claw and Hoarder: Special Ricktim's Morty/Rattlestar Ricklactica/Never Ricking Morty/Birdperson
1637016150|Rick|A|Claw and Hoarder: Special Ricktim's Morty/Rattlestar Ricklactica/Never Ricking Morty/Cats Fan
1637016150|Rick|A|Claw and Hoarder: Special Ricktim's Morty/Rattlestar Ricklactica/Never Ricking Morty/Mike Johnson
1637016150|Rick|A|Claw and Hoarder: Special Ricktim's Morty/Rattlestar Ricklactica/Never Ricking Morty/Cookies Guy
1637016150|Rick|A|Claw and Hoarder: Special Ricktim's Morty/Rattlestar Ricklactica/Never Ricking Morty/Crossy
1637016150|Rick|A|Claw and Hoarder: Special Ricktim's Morty/Rattlestar Ricklactica/Never Ricking Morty/Evil Morty
1637016150|Rick|A|Claw and Hoarder: Special Ricktim's Morty/Rattlestar Ricklactica/Never Ricking Morty/Female Scorpion
1637016150|Rick|A|Claw and Hoarder: Special Ricktim's Morty/Rattlestar Ricklactica/Never Ricking Morty/Darth Poopybutthole
1637016150|Rick|A|Claw and Hoarder: Special Ricktim's Morty/Rattlestar Ricklactica/Never Ricking Morty/Floaty Bloody Man’s Daughter
1637016150|Rick|A|Claw and Hoarder: Special Ricktim's Morty/Rattlestar Ricklactica/Never Ricking Morty/Floaty Non-Gasm Brotherhood Member
1637016150|Rick|A|Claw and Hoarder: Special Ricktim's Morty/Rattlestar Ricklactica/Never Ricking Morty/Floaty Non-Gasm Brotherhood Member Friend
1637016150|Rick|A|Claw and Hoarder: Special Ricktim's Morty/Rattlestar Ricklactica/Never Ricking Morty/Goomby
1637016150|Rick|A|Claw and Hoarder: Special Ricktim's Morty/Rattlestar Ricklactica/Never Ricking Morty/Hairspray Fan
1637016150|Rick|A|Claw and Hoarder: Special Ricktim's Morty/Rattlestar Ricklactica/Never Ricking Morty/Jesus Christ
1637016150|Rick|A|Claw and Hoarder: Special Ricktim's Morty/Rattlestar Ricklactica/Never Ricking Morty/Josh
1637016150|Rick|A|Claw and Hoarder: Special Ricktim's Morty/Rattlestar Ricklactica/Never Ricking Morty/Josh's Sister
1637016150|Rick|A|Claw and Hoarder: Special Ricktim's Morty/Rattlestar Ricklactica/Never Ricking Morty/Leah
1637016150|Rick|A|Claw and Hoarder: Special Ricktim's Morty/Rattlestar Ricklactica/Never Ricking Morty/Floaty Bloody Man
1637102550|Rick|A|Promortyus/Shane
1637102550|Rick|A|Promortyus/Troy
1637102550|Rick|A|Promortyus/Summer Smith
1637102550|Rick|A|Promortyus/Steve
1637102550|Rick|A|Promortyus/Old Glorzo
1637102550|Rick|A|Promortyus/Tricia Lange
1637102550|Rick|A|Promortyus/Jerry Smith
1637102550|Rick|A|Promortyus/Council of Glorzos Member
1637102550|Rick|A|Promortyus/Bruce
1637102550|Rick|A|Promortyus/Beth Smith
1637102550|Rick|A|Promortyus/Angry Glorzo
1637102550|Rick|A|Promortyus/Morty Smith
1637188950|Rick|A|Promortyus/The Vat of Acid Episode/Summer Smith
1637188950|Rick|A|Promortyus/The Vat of Acid Episode/Sonia Sotomayor
1637188950|Rick|A|Promortyus/The Vat of Acid Episode/SWAT Officer
1637188950|Rick|A|Promortyus/The Vat of Acid Episode/Plane Crash Survivor
1637188950|Rick|A|Promortyus/The Vat of Acid Episode/Morty’s Mother-in-law
1637188950|Rick|A|Promortyus/The Vat of Acid Episode/Morty’s Girlfriend
1637188950|Rick|A|Promortyus/The Vat of Acid Episode/Morty’s Father-in-law
1637188950|Rick|A|Promortyus/The Vat of Acid Episode/Morty Smith
1637188950|Rick|A|Promortyus/The Vat of Acid Episode/Mr. Goldenfold
1637188950|Rick|A|Promortyus/The Vat of Acid Episode/Jessica
1637188950|Rick|A|Promortyus/The Vat of Acid Episode/Jerry Smith
1637188950|Rick|A|Promortyus/The Vat of Acid Episode/Impervious to Acid SWAT Officer
1637188950|Rick|A|Promortyus/The Vat of Acid Episode/Heroine Keith
1637188950|Rick|A|Promortyus/The Vat of Acid Episode/Crystal Dealers Boss
1637188950|Rick|A|Promortyus/The Vat of Acid Episode/Crystal Dealer
1637188950|Rick|A|Promortyus/The Vat of Acid Episode/Beth Smith
1637188950|Rick|A|Promortyus/The Vat of Acid Episode/Johnny Carson
1637275350|Rick|A|Promortyus/The Vat of Acid Episode/Childrick of Mort/Ticktock
1637275350|Rick|A|Promortyus/The Vat of Acid Episode/Childrick of Mort/Summer Smith
1637275350|Rick|A|Promortyus/The Vat of Acid Episode/Childrick of Mort/Squeeb
1637275350|Rick|A|Promortyus/The Vat of Acid Episode/Childrick of Mort/Reggie
1637275350|Rick|A|Promortyus/The Vat of Acid Episode/Childrick of Mort/Gaia
1637275350|Rick|A|Promortyus/The Vat of Acid Episode/Childrick of Mort/Jerry Smith
1637275350|Rick|A|Promortyus/The Vat of Acid Episode/Childrick of Mort/Florflock
1637275350|Rick|A|Promortyus/The Vat of Acid Episode/Childrick of Mort/Beth Smith
1637275350|Rick|A|Promortyus/The Vat of Acid Episode/Childrick of Mort/Morty Smith
1637361750|Rick|A|Star Mort: Rickturn of the Jerri/New Improved Galactic Federation Guard
1637361750|Rick|A|Star Mort: Rickturn of the Jerri/Tammy Guetermann
1637361750|Rick|A|Star Mort: Rickturn of the Jerri/Summer Smith
1637361750|Rick|A|Star Mort: Rickturn of the Jerri/Phoenixperson
1637361750|Rick|A|Star Mort: Rickturn of the Jerri/Morty Smith
1637361750|Rick|A|Star Mort: Rickturn of the Jerri/Defiance Squanchette
1637361750|Rick|A|Star Mort: Rickturn of the Jerri/Dr. Wong
1637361750|Rick|A|Star Mort: Rickturn of the Jerri/Jerry Smith
1637361750|Rick|A|Star Mort: Rickturn of the Jerri/Defiance Doctor
1637361750|Rick|A|Star Mort: Rickturn of the Jerri/Defiance Beth
1637361750|Rick|A|Star Mort: Rickturn of the Jerri/Beth Smith
1637448150|Rick|A|Star Mort: Rickturn of the Jerri/Mort Dinner Rick Andre/Warlock
1637448150|Rick|A|Star Mort: Rickturn of the Jerri/Mort Dinner Rick Andre/Summer Smith
1637448150|Rick|A|Star Mort: Rickturn of the Jerri/Mort Dinner Rick Andre/Mr. Nimbus' Squid
1637448150|Rick|A|Star Mort: Rickturn of the Jerri/Mort Dinner Rick Andre/Mr. Nimbus Secretary
1637448150|Rick|A|Star Mort: Rickturn of the Jerri/Mort Dinner Rick Andre/Mr. Nimbus
1637448150|Rick|A|Star Mort: Rickturn of the Jerri/Mort Dinner Rick Andre/Jessica
1637448150|Rick|A|Star Mort: Rickturn of the Jerri/Mort Dinner Rick Andre/Jerry Smith
1637448150|Rick|A|Star Mort: Rickturn of the Jerri/Mort Dinner Rick Andre/Japheth's Youngest Son
1637448150|Rick|A|Star Mort: Rickturn of the Jerri/Mort Dinner Rick Andre/Japheth's Middle Son
1637448150|Rick|A|Star Mort: Rickturn of the Jerri/Mort Dinner Rick Andre/Morty Smith
1637448150|Rick|A|Star Mort: Rickturn of the Jerri/Mort Dinner Rick Andre/Japheth's Eldest Son
1637448150|Rick|A|Star Mort: Rickturn of the Jerri/Mort Dinner Rick Andre/Japheth
1637448150|Rick|A|Star Mort: Rickturn of the Jerri/Mort Dinner Rick Andre/Hoovy
1637448150|Rick|A|Star Mort: Rickturn of the Jerri/Mort Dinner Rick Andre/Evolved Narnian Disguised as Morty
1637448150|Rick|A|Star Mort: Rickturn of the Jerri/Mort Dinner Rick Andre/Evolved Narnian
1637448150|Rick|A|Star Mort: Rickturn of the Jerri/Mort Dinner Rick Andre/Bova
1637448150|Rick|A|Star Mort: Rickturn of the Jerri/Mort Dinner Rick Andre/Beth Smith
1637448150|Rick|A|Star Mort: Rickturn of the Jerri/Mort Dinner Rick Andre/Adam's Mother
1637448150|Rick|A|Star Mort: Rickturn of the Jerri/Mort Dinner Rick Andre/Adam
1637448150|Rick|A|Star Mort: Rickturn of the Jerri/Mort Dinner Rick Andre/Japheth's Grandson
1637534550|Rick|A|Star Mort: Rickturn of the Jerri/Mort Dinner Rick Andre/Mortyplicity/Squid Costume Morty
1637534550|Rick|A|Star Mort: Rickturn of the Jerri/Mort Dinner Rick Andre/Mortyplicity/Squid Costume Summer
1637534550|Rick|A|Star Mort: Rickturn of the Jerri/Mort Dinner Rick Andre/Mortyplicity/Steve
1637534550|Rick|A|Star Mort: Rickturn of the Jerri/Mort Dinner Rick Andre/Mortyplicity/Summer Smith
1637534550|Rick|A|Star Mort: Rickturn of the Jerri/Mort Dinner Rick Andre/Mortyplicity/Too Cute to Murder Beth
1637534550|Rick|A|Star Mort: Rickturn of the Jerri/Mort Dinner Rick Andre/Mortyplicity/Too Cute to Murder Jerry
1637534550|Rick|A|Star Mort: Rickturn of the Jerri/Mort Dinner Rick Andre/Mortyplicity/Wicker Beth
1637534550|Rick|A|Star Mort: Rickturn of the Jerri/Mort Dinner Rick Andre/Mortyplicity/Too Cute to Murder Morty
1637534550|Rick|A|Star Mort: Rickturn of the Jerri/Mort Dinner Rick Andre/Mortyplicity/Too Cute to Murder Summer
1637534550|Rick|A|Star Mort: Rickturn of the Jerri/Mort Dinner Rick Andre/Mortyplicity/When Wolf
1637534550|Rick|A|Star Mort: Rickturn of the Jerri/Mort Dinner Rick Andre/Mortyplicity/Wicker Morty
1637534550|Rick|A|Star Mort: Rickturn of the Jerri/Mort Dinner Rick Andre/Mortyplicity/Squid Costume Jerry
1637534550|Rick|A|Star Mort: Rickturn of the Jerri/Mort Dinner Rick Andre/Mortyplicity/Wicker Summer
1637534550|Rick|A|Star Mort: Rickturn of the Jerri/Mort Dinner Rick Andre/Mortyplicity/Squid Costume Beth
1637534550|Rick|A|Star Mort: Rickturn of the Jerri/Mort Dinner Rick Andre/Mortyplicity/Glockenspiel Morty
1637534550|Rick|A|Star Mort: Rickturn of the Jerri/Mort Dinner Rick Andre/Mortyplicity/Scarecrow Morty
1637534550|Rick|A|Star Mort: Rickturn of the Jerri/Mort Dinner Rick Andre/Mortyplicity/Beth Smith
1637534550|Rick|A|Star Mort: Rickturn of the Jerri/Mort Dinner Rick Andre/Mortyplicity/Defiance Beth
1637534550|Rick|A|Star Mort: Rickturn of the Jerri/Mort Dinner Rick Andre/Mortyplicity/Scarecrow Summer
1637534550|Rick|A|Star Mort: Rickturn of the Jerri/Mort Dinner Rick Andre/Mortyplicity/Glockenspiel Beth
1637534550|Rick|A|Star Mort: Rickturn of the Jerri/Mort Dinner Rick Andre/Mortyplicity/Glockenspiel Jerry
1637534550|Rick|A|Star Mort: Rickturn of the Jerri/Mort Dinner Rick Andre/Mortyplicity/Glockenspiel Summer
1637534550|Rick|A|Star Mort: Rickturn of the Jerri/Mort Dinner Rick Andre/Mortyplicity/Dracula
1637534550|Rick|A|Star Mort: Rickturn of the Jerri/Mort Dinner Rick Andre/Mortyplicity/Morty Smith
1637534550|Rick|A|Star Mort: Rickturn of the Jerri/Mort Dinner Rick Andre/Mortyplicity/Mr. Always Wants to be Hunted
1637534550|Rick|A|Star Mort: Rickturn of the Jerri/Mort Dinner Rick Andre/Mortyplicity/President Curtis
1637534550|Rick|A|Star Mort: Rickturn of the Jerri/Mort Dinner Rick Andre/Mortyplicity/Scarecrow Beth
1637534550|Rick|A|Star Mort: Rickturn of the Jerri/Mort Dinner Rick Andre/Mortyplicity/Scarecrow Jerry
1637534550|Rick|A|Star Mort: Rickturn of the Jerri/Mort Dinner Rick Andre/Mortyplicity/Jerry Smith
1637620950|Rick|A|A Rickconvenient Mort/Planetina
1637620950|Rick|A|A Rickconvenient Mort/Water Tina-Teer
1637620950|Rick|A|A Rickconvenient Mort/Xing Ho
1637620950|Rick|A|A Rickconvenient Mort/Tony Galopagus
1637620950|Rick|A|A Rickconvenient Mort/Summer Smith
1637620950|Rick|A|A Rickconvenient Mort/Slartivartian
1637620950|Rick|A|A Rickconvenient Mort/Planetina Buyer
1637620950|Rick|A|A Rickconvenient Mort/Morty Smith
1637620950|Rick|A|A Rickconvenient Mort/Beth Smith
1637620950|Rick|A|A Rickconvenient Mort/Jerry Smith
1637620950|Rick|A|A Rickconvenient Mort/Ferkusian
1637620950|Rick|A|A Rickconvenient Mort/Eddie
1637620950|Rick|A|A Rickconvenient Mort/Diesel Weasel
1637620950|Rick|A|A Rickconvenient Mort/Daphne
1637620950|Rick|A|A Rickconvenient Mort/Air Tina-Teer
1637620950|Rick|A|A Rickconvenient Mort/Morglutzian
1637707350|Rick|A|A Rickconvenient Mort/Rickdependence Spray/Summer Smith
1637707350|Rick|A|A Rickconvenient Mort/Rickdependence Spray/Sperm Queen
1637707350|Rick|A|A Rickconvenient Mort/Rickdependence Spray/Spaceman
1637707350|Rick|A|A Rickconvenient Mort/Rickdependence Spray/Professor Shabooboo
1637707350|Rick|A|A Rickconvenient Mort/Rickdependence Spray/Princess Ponietta
1637707350|Rick|A|A Rickconvenient Mort/Rickdependence Spray/President's General
1637707350|Rick|A|A Rickconvenient Mort/Rickdependence Spray/President Curtis
1637707350|Rick|A|A Rickconvenient Mort/Rickdependence Spray/Naruto Smith
1637707350|Rick|A|A Rickconvenient Mort/Rickdependence Spray/Sticky
1637707350|Rick|A|A Rickconvenient Mort/Rickdependence Spray/Kathy Ireland
1637707350|Rick|A|A Rickconvenient Mort/Rickdependence Spray/Jerry Smith
1637707350|Rick|A|A Rickconvenient Mort/Rickdependence Spray/Foal Sanchez
1637707350|Rick|A|A Rickconvenient Mort/Rickdependence Spray/Cirque du Soleil Zumanity Member
1637707350|Rick|A|A Rickconvenient Mort/Rickdependence Spray/CHUD King
1637707350|Rick|A|A Rickconvenient Mort/Rickdependence Spray/Blazen
1637707350|Rick|A|A Rickconvenient Mort/Rickdependence Spray/Beth Smith
1637707350|Rick|A|A Rickconvenient Mort/Rickdependence Spray/Amazing Johnathan
1637707350|Rick|A|A Rickconvenient Mort/Rickdependence Spray/Morty Smith
1637793750|Rick|A|A Rickconvenient Mort/Rickdependence Spray/Amortycan Grickfitti/Tricia Lange
1637793750|Rick|A|A Rickconvenient Mort/Rickdependence Spray/Amortycan Grickfitti/Summer Smith
1637793750|Rick|A|A Rickconvenient Mort/Rickdependence Spray/Amortycan Grickfitti/Mousetrap Nipples
1637793750|Rick|A|A Rickconvenient Mort/Rickdependence Spray/Amortycan Grickfitti/Morty Smith
1637793750|Rick|A|A Rickconvenient Mort/Rickdependence Spray/Amortycan Grickfitti/Jerry Smith
1637793750|Rick|A|A Rickconvenient Mort/Rickdependence Spray/Amortycan Grickfitti/Coat Rack Head
1637793750|Rick|A|A Rickconvenient Mort/Rickdependence Spray/Amortycan Grickfitti/Cenobite
1637793750|Rick|A|A Rickconvenient Mort/Rickdependence Spray/Amortycan Grickfitti/Bruce Chutback
1637793750|Rick|A|A Rickconvenient Mort/Rickdependence Spray/Amortycan Grickfitti/Brad
1637793750|Rick|A|A Rickconvenient Mort/Rickdependence Spray/Amortycan Grickfitti/Beth Smith
1637793750|Rick|A|A Rickconvenient Mort/Rickdependence Spray/Amortycan Grickfitti/Alyson Hannigan
1637793750|Rick|A|A Rickconvenient Mort/Rickdependence Spray/Amortycan Grickfitti/Changeformer
1637880150|Rick|A|Rick & Morty's Thanksploitation Spectacular/Native Alien
1637880150|Rick|A|Rick & Morty's Thanksploitation Spectacular/Turkey Morty
1637880150|Rick|A|Rick & Morty's Thanksploitation Spectacular/Super Turkey
1637880150|Rick|A|Rick & Morty's Thanksploitation Spectacular/Summer Smith
1637880150|Rick|A|Rick & Morty's Thanksploitation Spectacular/Space Cruiser
1637880150|Rick|A|Rick & Morty's Thanksploitation Spectacular/President's General
1637880150|Rick|A|Rick & Morty's Thanksploitation Spectacular/President Turkey
1637880150|Rick|A|Rick & Morty's Thanksploitation Spectacular/President Curtis
1637880150|Rick|A|Rick & Morty's Thanksploitation Spectacular/Pilgrim Alien
1637880150|Rick|A|Rick & Morty's Thanksploitation Spectacular/Morty Smith
1637880150|Rick|A|Rick & Morty's Thanksploitation Spectacular/Turkey President Curtis
1637880150|Rick|A|Rick & Morty's Thanksploitation Spectacular/Marvin
1637880150|Rick|A|Rick & Morty's Thanksploitation Spectacular/Martínez
1637880150|Rick|A|Rick & Morty's Thanksploitation Spectacular/Jerry Smith
1637880150|Rick|A|Rick & Morty's Thanksploitation Spectacular/Jackey
1637880150|Rick|A|Rick & Morty's Thanksploitation Spectacular/Giant Assassin Hidden in the Statue of Liberty
1637880150|Rick|A|Rick & Morty's Thanksploitation Spectacular/Franklin D. Roosevelt
1637880150|Rick|A|Rick & Morty's Thanksploitation Spectacular/Dwayne
1637880150|Rick|A|Rick & Morty's Thanksploitation Spectacular/Coop
1637880150|Rick|A|Rick & Morty's Thanksploitation Spectacular/Beth Smith
1637880150|Rick|A|Rick & Morty's Thanksploitation Spectacular/Mary-Lou
1637966550|Rick|A|Rick & Morty's Thanksploitation Spectacular/Gotron Jerrysis Rickvangelion/Voiceoverian
1637966550|Rick|A|Rick & Morty's Thanksploitation Spectacular/Gotron Jerrysis Rickvangelion/Summer Smith
1637966550|Rick|A|Rick & Morty's Thanksploitation Spectacular/Gotron Jerrysis Rickvangelion/Sarge
1637966550|Rick|A|Rick & Morty's Thanksploitation Spectacular/Gotron Jerrysis Rickvangelion/Samansky
1637966550|Rick|A|Rick & Morty's Thanksploitation Spectacular/Gotron Jerrysis Rickvangelion/Ricardo Montoya
1637966550|Rick|A|Rick & Morty's Thanksploitation Spectacular/Gotron Jerrysis Rickvangelion/Palicki
1637966550|Rick|A|Rick & Morty's Thanksploitation Spectacular/Gotron Jerrysis Rickvangelion/Jerry Smith
1637966550|Rick|A|Rick & Morty's Thanksploitation Spectacular/Gotron Jerrysis Rickvangelion/Morty Smith
1637966550|Rick|A|Rick & Morty's Thanksploitation Spectacular/Gotron Jerrysis Rickvangelion/Lil B
1637966550|Rick|A|Rick & Morty's Thanksploitation Spectacular/Gotron Jerrysis Rickvangelion/Gotron Pilot
1637966550|Rick|A|Rick & Morty's Thanksploitation Spectacular/Gotron Jerrysis Rickvangelion/Gotron
1637966550|Rick|A|Rick & Morty's Thanksploitation Spectacular/Gotron Jerrysis Rickvangelion/Beth Smith
1637966550|Rick|A|Rick & Morty's Thanksploitation Spectacular/Gotron Jerrysis Rickvangelion/Naruto Smith
1638052950|Rick|A|Rick & Morty's Thanksploitation Spectacular/Gotron Jerrysis Rickvangelion/Rickternal Friendshine of the Spotless Mort/Memory Squanchy
1638052950|Rick|A|Rick & Morty's Thanksploitation Spectacular/Gotron Jerrysis Rickvangelion/Rickternal Friendshine of the Spotless Mort/Phoenixperson
1638052950|Rick|A|Rick & Morty's Thanksploitation Spectacular/Gotron Jerrysis Rickvangelion/Rickternal Friendshine of the Spotless Mort/Morty Smith
1638052950|Rick|A|Rick & Morty's Thanksploitation Spectacular/Gotron Jerrysis Rickvangelion/Rickternal Friendshine of the Spotless Mort/Memory Tammy
1638052950|Rick|A|Rick & Morty's Thanksploitation Spectacular/Gotron Jerrysis Rickvangelion/Rickternal Friendshine of the Spotless Mort/Memory Geardude
1638052950|Rick|A|Rick & Morty's Thanksploitation Spectacular/Gotron Jerrysis Rickvangelion/Rickternal Friendshine of the Spotless Mort/Summer Smith
1638052950|Rick|A|Rick & Morty's Thanksploitation Spectacular/Gotron Jerrysis Rickvangelion/Rickternal Friendshine of the Spotless Mort/Gene
1638052950|Rick|A|Rick & Morty's Thanksploitation Spectacular/Gotron Jerrysis Rickvangelion/Rickternal Friendshine of the Spotless Mort/Birdperson & Tammy's Child
1638052950|Rick|A|Rick & Morty's Thanksploitation Spectacular/Gotron Jerrysis Rickvangelion/Rickternal Friendshine of the Spotless Mort/Birdperson
1638052950|Rick|A|Rick & Morty's Thanksploitation Spectacular/Gotron Jerrysis Rickvangelion/Rickternal Friendshine of the Spotless Mort/Beth Smith
1638052950|Rick|A|Rick & Morty's Thanksploitation Spectacular/Gotron Jerrysis Rickvangelion/Rickternal Friendshine of the Spotless Mort/Jerry Smith
1638139350|Rick|A|Forgetting Sarick Mortshall/Two Crows
1638139350|Rick|A|Forgetting Sarick Mortshall/Mr. Cookie President
1638139350|Rick|A|Forgetting Sarick Mortshall/Morty Smith
1638139350|Rick|A|Forgetting Sarick Mortshall/Nick
1638139350|Rick|A|Forgetting Sarick Mortshall/Harold's Wife
1638139350|Rick|A|Forgetting Sarick Mortshall/Harold (Garbage Goober)
1638139350|Rick|A|Forgetting Sarick Mortshall/Alien Crow
1638139350|Rick|A|Forgetting Sarick Mortshall/Jerry Smith
1638225750|Rick|A|Forgetting Sarick Mortshall/Rickmurai Jack/Evil Morty
1638225750|Rick|A|Forgetting Sarick Mortshall/Rickmurai Jack/Summer Smith
1638225750|Rick|A|Forgetting Sarick Mortshall/Rickmurai Jack/Redhead Morty
1638225750|Rick|A|Forgetting Sarick Mortshall/Rickmurai Jack/Re-Build-a-Morty Morty
1638225750|Rick|A|Forgetting Sarick Mortshall/Rickmurai Jack/Pussifer
1638225750|Rick|A|Forgetting Sarick Mortshall/Rickmurai Jack/Mr. Poopybutthole
1638225750|Rick|A|Forgetting Sarick Mortshall/Rickmurai Jack/Two Crows
1638225750|Rick|A|Forgetting Sarick Mortshall/Rickmurai Jack/Morty Smith
1638225750|Rick|A|Forgetting Sarick Mortshall/Rickmurai Jack/Metaphor for Capitalism
1638225750|Rick|A|Forgetting Sarick Mortshall/Rickmurai Jack/Jerry Smith
1638225750|Rick|A|Forgetting Sarick Mortshall/Rickmurai Jack/Diane Sanchez
1638225750|Rick|A|Forgetting Sarick Mortshall/Rickmurai Jack/Bearded Morty
1638225750|Rick|A|Forgetting Sarick Mortshall/Rickmurai Jack/Crow Scare
1638225750|Rick|A|Forgetting Sarick Mortshall/Rickmurai Jack/Crow Horse
1638225750|Rick|A|Forgetting Sarick Mortshall/Rickmurai Jack/Birdperson
1638225750|Rick|A|Forgetting Sarick Mortshall/Rickmurai Jack/Beth Smith
1638225750|Rick|A|Forgetting Sarick Mortshall/Rickmurai Jack/Beth Sanchez
1638225750|Rick|A|Forgetting Sarick Mortshall/Rickmurai Jack/Baby Mouse Skin Morty
1638225750|Rick|A|Forgetting Sarick Mortshall/Rickmurai Jack/Andy
1638225750|Rick|A|Forgetting Sarick Mortshall/Rickmurai Jack/7+7 Years Old Morty
1638225750|Rick|A|Forgetting Sarick Mortshall/Rickmurai Jack/40 Years Old Morty
1638225750|Rick|A|Forgetting Sarick Mortshall/Rickmurai Jack/26 Years Old Morty
1638225750|Rick|A|Forgetting Sarick Mortshall/Rickmurai Jack/Young Beth
1638225750|Rick|A|Forgetting Sarick Mortshall/Rickmurai Jack/Deformed Morty
1638225750|Rick|A|Forgetting Sarick Mortshall/Rickmurai Jack/Young Jerry
