1634251480|Summer|A|Pilot/Bepisian
1634251480|Summer|A|Pilot/Rick Sanchez
1634251480|Summer|A|Pilot/Pripudlian
1634251480|Summer|A|Pilot/Principal Vagina
1634251480|Summer|A|Pilot/Mrs. Sanchez
1634251480|Summer|A|Pilot/Morty Smith
1634251480|Summer|A|Pilot/Jessica's Friend
1634251480|Summer|A|Pilot/Jessica
1634251480|Summer|A|Pilot/Mr. Goldenfold
1634251480|Summer|A|Pilot/Hookah Alien
1634251480|Summer|A|Pilot/Greebybobe
1634251480|Summer|A|Pilot/Glenn
1634251480|Summer|A|Pilot/Frank Palicky
1634251480|Summer|A|Pilot/Davin
1634251480|Summer|A|Pilot/Canklanker Thom
1634251480|Summer|A|Pilot/Beth Smith
1634251480|Summer|A|Pilot/Jerry Smith
1634337880|Summer|A|Pilot/Anatomy Park/Joyce Smith
1634337880|Summer|A|Pilot/Anatomy Park/Leonard Smith
1634337880|Summer|A|Pilot/Anatomy Park/Morty Smith
1634337880|Summer|A|Pilot/Anatomy Park/Poncho
1634337880|Summer|A|Pilot/Anatomy Park/Tom Randolph
1634337880|Summer|A|Pilot/Anatomy Park/Roger
1634337880|Summer|A|Pilot/Anatomy Park/Ruben
1634337880|Summer|A|Pilot/Anatomy Park/Tuberculosis
1634337880|Summer|A|Pilot/Anatomy Park/Jerry Smith
1634337880|Summer|A|Pilot/Anatomy Park/Rick Sanchez
1634337880|Summer|A|Pilot/Anatomy Park/Jacob
1634337880|Summer|A|Pilot/Anatomy Park/Bubonic Plague
1634337880|Summer|A|Pilot/Anatomy Park/Hepatitis A
1634337880|Summer|A|Pilot/Anatomy Park/Alexander
1634337880|Summer|A|Pilot/Anatomy Park/Annie
1634337880|Summer|A|Pilot/Anatomy Park/Hepatitis C
1634337880|Summer|A|Pilot/Anatomy Park/Bill
1634337880|Summer|A|Pilot/Anatomy Park/Beth Smith
1634337880|Summer|A|Pilot/Anatomy Park/E. Coli
1634337880|Summer|A|Pilot/Anatomy Park/Eric McMan
1634337880|Summer|A|Pilot/Anatomy Park/Ethan
1634337880|Summer|A|Pilot/Anatomy Park/Gonorrhea
1634337880|Summer|A|Pilot/Anatomy Park/Dr. Xenon Bloom
1634424280|Summer|A|Pilot/Anatomy Park/M. Night Shaym-Aliens!/Stu
1634424280|Summer|A|Pilot/Anatomy Park/M. Night Shaym-Aliens!/Rick Sanchez
1634424280|Summer|A|Pilot/Anatomy Park/M. Night Shaym-Aliens!/Prince Nebulon
1634424280|Summer|A|Pilot/Anatomy Park/M. Night Shaym-Aliens!/Mr. Marklovitz
1634424280|Summer|A|Pilot/Anatomy Park/M. Night Shaym-Aliens!/Mr. Goldenfold
1634424280|Summer|A|Pilot/Anatomy Park/M. Night Shaym-Aliens!/Morty Smith
1634424280|Summer|A|Pilot/Anatomy Park/M. Night Shaym-Aliens!/Jessica's Friend
1634424280|Summer|A|Pilot/Anatomy Park/M. Night Shaym-Aliens!/Jessica
1634424280|Summer|A|Pilot/Anatomy Park/M. Night Shaym-Aliens!/Jerry Smith
1634424280|Summer|A|Pilot/Anatomy Park/M. Night Shaym-Aliens!/Cynthia
1634424280|Summer|A|Pilot/Anatomy Park/M. Night Shaym-Aliens!/Beth Smith
1634424280|Summer|A|Pilot/Anatomy Park/M. Night Shaym-Aliens!/Kevin
1634510680|Summer|A|Meeseeks and Destroy/Mr. Meeseeks
1634510680|Summer|A|Meeseeks and Destroy/Tiny-persons advocacy group lawyer
1634510680|Summer|A|Meeseeks and Destroy/Tammy Guetermann
1634510680|Summer|A|Meeseeks and Destroy/Stair Goblin
1634510680|Summer|A|Meeseeks and Destroy/Slippery Stair
1634510680|Summer|A|Meeseeks and Destroy/Samantha
1634510680|Summer|A|Meeseeks and Destroy/Rick Sanchez
1634510680|Summer|A|Meeseeks and Destroy/Principal Vagina
1634510680|Summer|A|Meeseeks and Destroy/Mr. Booby Buyer
1634510680|Summer|A|Meeseeks and Destroy/Dale
1634510680|Summer|A|Meeseeks and Destroy/King Jellybean
1634510680|Summer|A|Meeseeks and Destroy/Jerry Smith
1634510680|Summer|A|Meeseeks and Destroy/Giant Judge
1634510680|Summer|A|Meeseeks and Destroy/Evil Jerry Clone
1634510680|Summer|A|Meeseeks and Destroy/Evil Beth Clone
1634510680|Summer|A|Meeseeks and Destroy/Big Boobed Waitress
1634510680|Summer|A|Meeseeks and Destroy/Beth Smith
1634510680|Summer|A|Meeseeks and Destroy/Morty Smith
1634597080|Summer|A|Meeseeks and Destroy/Rick Potion #9/Tammy Guetermann
1634597080|Summer|A|Meeseeks and Destroy/Rick Potion #9/Rick Sanchez
1634597080|Summer|A|Meeseeks and Destroy/Rick Potion #9/Principal Vagina
1634597080|Summer|A|Meeseeks and Destroy/Rick Potion #9/Nancy
1634597080|Summer|A|Meeseeks and Destroy/Rick Potion #9/Mrs. Sanchez
1634597080|Summer|A|Meeseeks and Destroy/Rick Potion #9/Mr. Goldenfold
1634597080|Summer|A|Meeseeks and Destroy/Rick Potion #9/Morty Smith
1634597080|Summer|A|Meeseeks and Destroy/Rick Potion #9/MC Haps
1634597080|Summer|A|Meeseeks and Destroy/Rick Potion #9/Jessica
1634597080|Summer|A|Meeseeks and Destroy/Rick Potion #9/Jerry Smith
1634597080|Summer|A|Meeseeks and Destroy/Rick Potion #9/Harold
1634597080|Summer|A|Meeseeks and Destroy/Rick Potion #9/Davin
1634597080|Summer|A|Meeseeks and Destroy/Rick Potion #9/Cronenberg Rick
1634597080|Summer|A|Meeseeks and Destroy/Rick Potion #9/Cronenberg Morty
1634597080|Summer|A|Meeseeks and Destroy/Rick Potion #9/Brad
1634597080|Summer|A|Meeseeks and Destroy/Rick Potion #9/Beth Smith
1634597080|Summer|A|Meeseeks and Destroy/Rick Potion #9/Jessica's Friend
1634683480|Summer|A|Meeseeks and Destroy/Rick Potion #9/Raising Gazorpazorp/Veronica Ann Bennet
1634683480|Summer|A|Meeseeks and Destroy/Rick Potion #9/Raising Gazorpazorp/Snuffles (Snowball)
1634683480|Summer|A|Meeseeks and Destroy/Rick Potion #9/Raising Gazorpazorp/Rick Sanchez
1634683480|Summer|A|Meeseeks and Destroy/Rick Potion #9/Raising Gazorpazorp/Pawnshop Clerk
1634683480|Summer|A|Meeseeks and Destroy/Rick Potion #9/Raising Gazorpazorp/Morty Smith
1634683480|Summer|A|Meeseeks and Destroy/Rick Potion #9/Raising Gazorpazorp/Morty Jr's interviewer
1634683480|Summer|A|Meeseeks and Destroy/Rick Potion #9/Raising Gazorpazorp/Morty Jr.
1634683480|Summer|A|Meeseeks and Destroy/Rick Potion #9/Raising Gazorpazorp/Jerry Smith
1634683480|Summer|A|Meeseeks and Destroy/Rick Potion #9/Raising Gazorpazorp/Jackie
1634683480|Summer|A|Meeseeks and Destroy/Rick Potion #9/Raising Gazorpazorp/Gwendolyn
1634683480|Summer|A|Meeseeks and Destroy/Rick Potion #9/Raising Gazorpazorp/Brad Anderson
1634683480|Summer|A|Meeseeks and Destroy/Rick Potion #9/Raising Gazorpazorp/Beth Smith
1634683480|Summer|A|Meeseeks and Destroy/Rick Potion #9/Raising Gazorpazorp/Ma-Sha
1634769880|Summer|A|Rixty Minutes/Regular Tyrion Lannister
1634769880|Summer|A|Rixty Minutes/Regular Legs
1634769880|Summer|A|Rixty Minutes/Real Fake Doors Salesman
1634769880|Summer|A|Rixty Minutes/Quick Mystery Presenter
1634769880|Summer|A|Rixty Minutes/Pro trunk people marriage guy
1634769880|Summer|A|Rixty Minutes/Old Women
1634769880|Summer|A|Rixty Minutes/Rick Sanchez
1634769880|Summer|A|Rixty Minutes/Muscular Mannie
1634769880|Summer|A|Rixty Minutes/Mrs. Sullivan's Boyfriend
1634769880|Summer|A|Rixty Minutes/Mrs. Sullivan
1634769880|Summer|A|Rixty Minutes/Mr. Sneezy
1634769880|Summer|A|Rixty Minutes/Piece of Toast
1634769880|Summer|A|Rixty Minutes/Shmlamantha Shmlicelli
1634769880|Summer|A|Rixty Minutes/Shmlonathan Shmlower
1634769880|Summer|A|Rixty Minutes/Shmlona Shmlobinson
1634769880|Summer|A|Rixty Minutes/Shmlony Shmlicelli
1634769880|Summer|A|Rixty Minutes/Spiderweb teddy bear
1634769880|Summer|A|Rixty Minutes/Three Unknown Things
1634769880|Summer|A|Rixty Minutes/Tophat Jones
1634769880|Summer|A|Rixty Minutes/Trunk Man
1634769880|Summer|A|Rixty Minutes/Trunkphobic guy
1634769880|Summer|A|Rixty Minutes/Trunkphobic suspenders guy
1634769880|Summer|A|Rixty Minutes/Two Brothers
1634769880|Summer|A|Rixty Minutes/Two Guys with Handlebar Mustaches
1634769880|Summer|A|Rixty Minutes/Unmuscular Michael
1634769880|Summer|A|Rixty Minutes/Morty Smith
1634769880|Summer|A|Rixty Minutes/Shmlangela Shmlobinson-Shmlower
1634769880|Summer|A|Rixty Minutes/Michael Jackson
1634769880|Summer|A|Rixty Minutes/Bobby Moynihan
1634769880|Summer|A|Rixty Minutes/Man Painted Silver Who Makes Robot Noises
1634769880|Summer|A|Rixty Minutes/Alien Mexican Armada
1634769880|Summer|A|Rixty Minutes/Ants in my Eyes Johnson
1634769880|Summer|A|Rixty Minutes/Attila Starwar
1634769880|Summer|A|Rixty Minutes/Baby Legs
1634769880|Summer|A|Rixty Minutes/Baby Legs Chief
1634769880|Summer|A|Rixty Minutes/Benjamin
1634769880|Summer|A|Rixty Minutes/Beth Sanchez
1634769880|Summer|A|Rixty Minutes/Beth Smith
1634769880|Summer|A|Rixty Minutes/Michael Denny and the Denny Singers
1634769880|Summer|A|Rixty Minutes/Celebrity Jerry
1634769880|Summer|A|Rixty Minutes/Cynthia
1634769880|Summer|A|Rixty Minutes/David Letterman
1634769880|Summer|A|Rixty Minutes/Corn detective
1634769880|Summer|A|Rixty Minutes/Garmanarnar
1634769880|Summer|A|Rixty Minutes/Loggins
1634769880|Summer|A|Rixty Minutes/Kristen Stewart
1634769880|Summer|A|Rixty Minutes/Jon
1634769880|Summer|A|Rixty Minutes/Fulgora
1634769880|Summer|A|Rixty Minutes/Jerry Smith
1634769880|Summer|A|Rixty Minutes/Hole in the Wall Where the Men Can See it All
1634769880|Summer|A|Rixty Minutes/Johnny Depp
1634769880|Summer|A|Rixty Minutes/Guy from The Bachelor
1634769880|Summer|A|Rixty Minutes/Glenn
1634769880|Summer|A|Rixty Minutes/Giant Cat Monster
1634769880|Summer|A|Rixty Minutes/Gazorpazorpfield
1634769880|Summer|A|Rixty Minutes/Hamster In Butt
1634856280|Summer|A|Rixty Minutes/Something Ricked This Way Comes/Plutonian Host
1634856280|Summer|A|Rixty Minutes/Something Ricked This Way Comes/Scroopy Noopers
1634856280|Summer|A|Rixty Minutes/Something Ricked This Way Comes/Rick Sanchez
1634856280|Summer|A|Rixty Minutes/Something Ricked This Way Comes/Rich Plutonian
1634856280|Summer|A|Rixty Minutes/Something Ricked This Way Comes/Principal Vagina
1634856280|Summer|A|Rixty Minutes/Something Ricked This Way Comes/Plutonian Hostess
1634856280|Summer|A|Rixty Minutes/Something Ricked This Way Comes/Nancy
1634856280|Summer|A|Rixty Minutes/Something Ricked This Way Comes/Mr. Goldenfold
1634856280|Summer|A|Rixty Minutes/Something Ricked This Way Comes/Morty Smith
1634856280|Summer|A|Rixty Minutes/Something Ricked This Way Comes/King Flippy Nips
1634856280|Summer|A|Rixty Minutes/Something Ricked This Way Comes/Jerry Smith
1634856280|Summer|A|Rixty Minutes/Something Ricked This Way Comes/Cynthia
1634856280|Summer|A|Rixty Minutes/Something Ricked This Way Comes/Butter Robot
1634856280|Summer|A|Rixty Minutes/Something Ricked This Way Comes/Beth Smith
1634856280|Summer|A|Rixty Minutes/Something Ricked This Way Comes/Mr. Needful
1634942680|Summer|A|Rixty Minutes/Something Ricked This Way Comes/Close Rick-counters of the Rick Kind/Greasy Grandma
1634942680|Summer|A|Rixty Minutes/Something Ricked This Way Comes/Close Rick-counters of the Rick Kind/Pizza-person
1634942680|Summer|A|Rixty Minutes/Something Ricked This Way Comes/Close Rick-counters of the Rick Kind/Phone-person
1634942680|Summer|A|Rixty Minutes/Something Ricked This Way Comes/Close Rick-counters of the Rick Kind/Mr. Meeseeks
1634942680|Summer|A|Rixty Minutes/Something Ricked This Way Comes/Close Rick-counters of the Rick Kind/Morty Smith
1634942680|Summer|A|Rixty Minutes/Something Ricked This Way Comes/Close Rick-counters of the Rick Kind/Jerry Smith
1634942680|Summer|A|Rixty Minutes/Something Ricked This Way Comes/Close Rick-counters of the Rick Kind/Long Sleeved Morty
1634942680|Summer|A|Rixty Minutes/Something Ricked This Way Comes/Close Rick-counters of the Rick Kind/Quantum Rick
1634942680|Summer|A|Rixty Minutes/Something Ricked This Way Comes/Close Rick-counters of the Rick Kind/Insurance Rick
1634942680|Summer|A|Rixty Minutes/Something Ricked This Way Comes/Close Rick-counters of the Rick Kind/Hammerhead Morty
1634942680|Summer|A|Rixty Minutes/Something Ricked This Way Comes/Close Rick-counters of the Rick Kind/Maximums Rickimus
1634942680|Summer|A|Rixty Minutes/Something Ricked This Way Comes/Close Rick-counters of the Rick Kind/Rick Sanchez
1634942680|Summer|A|Rixty Minutes/Something Ricked This Way Comes/Close Rick-counters of the Rick Kind/Robot Morty
1634942680|Summer|A|Rixty Minutes/Something Ricked This Way Comes/Close Rick-counters of the Rick Kind/Zeta Alpha Rick
1634942680|Summer|A|Rixty Minutes/Something Ricked This Way Comes/Close Rick-counters of the Rick Kind/Riq IV
1634942680|Summer|A|Rixty Minutes/Something Ricked This Way Comes/Close Rick-counters of the Rick Kind/Robot Rick
1634942680|Summer|A|Rixty Minutes/Something Ricked This Way Comes/Close Rick-counters of the Rick Kind/Snuffles (Snowball)
1634942680|Summer|A|Rixty Minutes/Something Ricked This Way Comes/Close Rick-counters of the Rick Kind/Solicitor Rick
1634942680|Summer|A|Rixty Minutes/Something Ricked This Way Comes/Close Rick-counters of the Rick Kind/Super Weird Rick
1634942680|Summer|A|Rixty Minutes/Something Ricked This Way Comes/Close Rick-counters of the Rick Kind/The Scientist Formerly Known as Rick
1634942680|Summer|A|Rixty Minutes/Something Ricked This Way Comes/Close Rick-counters of the Rick Kind/Tortured Morty
1634942680|Summer|A|Rixty Minutes/Something Ricked This Way Comes/Close Rick-counters of the Rick Kind/Trunkphobic suspenders guy
1634942680|Summer|A|Rixty Minutes/Something Ricked This Way Comes/Close Rick-counters of the Rick Kind/Woman Rick
1634942680|Summer|A|Rixty Minutes/Something Ricked This Way Comes/Close Rick-counters of the Rick Kind/Ricktiminus Sancheziminius
1634942680|Summer|A|Rixty Minutes/Something Ricked This Way Comes/Close Rick-counters of the Rick Kind/Evil Rick
1634942680|Summer|A|Rixty Minutes/Something Ricked This Way Comes/Close Rick-counters of the Rick Kind/Chair-homeless
1634942680|Summer|A|Rixty Minutes/Something Ricked This Way Comes/Close Rick-counters of the Rick Kind/Eric Stoltz Mask Morty
1634942680|Summer|A|Rixty Minutes/Something Ricked This Way Comes/Close Rick-counters of the Rick Kind/Abradolf Lincler
1634942680|Summer|A|Rixty Minutes/Something Ricked This Way Comes/Close Rick-counters of the Rick Kind/Alien Morty
1634942680|Summer|A|Rixty Minutes/Something Ricked This Way Comes/Close Rick-counters of the Rick Kind/Alien Rick
1634942680|Summer|A|Rixty Minutes/Something Ricked This Way Comes/Close Rick-counters of the Rick Kind/Antenna Morty
1634942680|Summer|A|Rixty Minutes/Something Ricked This Way Comes/Close Rick-counters of the Rick Kind/Evil Morty
1634942680|Summer|A|Rixty Minutes/Something Ricked This Way Comes/Close Rick-counters of the Rick Kind/Aqua Morty
1634942680|Summer|A|Rixty Minutes/Something Ricked This Way Comes/Close Rick-counters of the Rick Kind/Aqua Rick
1634942680|Summer|A|Rixty Minutes/Something Ricked This Way Comes/Close Rick-counters of the Rick Kind/Artist Morty
1634942680|Summer|A|Rixty Minutes/Something Ricked This Way Comes/Close Rick-counters of the Rick Kind/Beth Smith
1634942680|Summer|A|Rixty Minutes/Something Ricked This Way Comes/Close Rick-counters of the Rick Kind/Blue Shirt Morty
1634942680|Summer|A|Rixty Minutes/Something Ricked This Way Comes/Close Rick-counters of the Rick Kind/Chair-person
1634942680|Summer|A|Rixty Minutes/Something Ricked This Way Comes/Close Rick-counters of the Rick Kind/Antenna Rick
1634942680|Summer|A|Rixty Minutes/Something Ricked This Way Comes/Close Rick-counters of the Rick Kind/Cowboy Morty
1634942680|Summer|A|Rixty Minutes/Something Ricked This Way Comes/Close Rick-counters of the Rick Kind/Chair-waiter
1634942680|Summer|A|Rixty Minutes/Something Ricked This Way Comes/Close Rick-counters of the Rick Kind/Doopidoo
1634942680|Summer|A|Rixty Minutes/Something Ricked This Way Comes/Close Rick-counters of the Rick Kind/Cyclops Rick
1634942680|Summer|A|Rixty Minutes/Something Ricked This Way Comes/Close Rick-counters of the Rick Kind/Cyclops Morty
1634942680|Summer|A|Rixty Minutes/Something Ricked This Way Comes/Close Rick-counters of the Rick Kind/Doofus Rick
1634942680|Summer|A|Rixty Minutes/Something Ricked This Way Comes/Close Rick-counters of the Rick Kind/Cronenberg Rick
1634942680|Summer|A|Rixty Minutes/Something Ricked This Way Comes/Close Rick-counters of the Rick Kind/Cronenberg Morty
1634942680|Summer|A|Rixty Minutes/Something Ricked This Way Comes/Close Rick-counters of the Rick Kind/Crab Spider
1634942680|Summer|A|Rixty Minutes/Something Ricked This Way Comes/Close Rick-counters of the Rick Kind/Cowboy Rick
1634942680|Summer|A|Rixty Minutes/Something Ricked This Way Comes/Close Rick-counters of the Rick Kind/Cult Leader Morty
1635029080|Summer|A|Ricksy Business/Slippery Stair
1635029080|Summer|A|Ricksy Business/Revolio Clockberg Jr.
1635029080|Summer|A|Ricksy Business/Rick Sanchez
1635029080|Summer|A|Ricksy Business/Riq IV
1635029080|Summer|A|Ricksy Business/Scropon
1635029080|Summer|A|Ricksy Business/Slow Mobius
1635029080|Summer|A|Ricksy Business/Trunkphobic suspenders guy
1635029080|Summer|A|Ricksy Business/Stair Goblin
1635029080|Summer|A|Ricksy Business/Tammy Guetermann
1635029080|Summer|A|Ricksy Business/Traflorkian
1635029080|Summer|A|Ricksy Business/Zeta Alpha Rick
1635029080|Summer|A|Ricksy Business/Pripudlian
1635029080|Summer|A|Ricksy Business/Squanchy
1635029080|Summer|A|Ricksy Business/Nancy
1635029080|Summer|A|Ricksy Business/Synthetic Laser Eels
1635029080|Summer|A|Ricksy Business/MC Haps
1635029080|Summer|A|Ricksy Business/Abradolf Lincler
1635029080|Summer|A|Ricksy Business/Bepisian
1635029080|Summer|A|Ricksy Business/Beth Smith
1635029080|Summer|A|Ricksy Business/Birdperson
1635029080|Summer|A|Ricksy Business/Brad
1635029080|Summer|A|Ricksy Business/Cynthia
1635029080|Summer|A|Ricksy Business/Morty Smith
1635029080|Summer|A|Ricksy Business/Greebybobe
1635029080|Summer|A|Ricksy Business/Jerry Smith
1635029080|Summer|A|Ricksy Business/Jessica
1635029080|Summer|A|Ricksy Business/Jessica's Friend
1635029080|Summer|A|Ricksy Business/Lucy
1635029080|Summer|A|Ricksy Business/Giant Testicle Monster
1635115480|Summer|A|Ricksy Business/A Rickle in Time/Mr. Benson
1635115480|Summer|A|Ricksy Business/A Rickle in Time/Veterinary Nurse
1635115480|Summer|A|Ricksy Business/A Rickle in Time/Veterinary
1635115480|Summer|A|Ricksy Business/A Rickle in Time/Shleemypants
1635115480|Summer|A|Ricksy Business/A Rickle in Time/Rick Sanchez
1635115480|Summer|A|Ricksy Business/A Rickle in Time/Morty Smith
1635115480|Summer|A|Ricksy Business/A Rickle in Time/Beth Smith
1635115480|Summer|A|Ricksy Business/A Rickle in Time/Michael
1635115480|Summer|A|Ricksy Business/A Rickle in Time/Jerry Smith
1635115480|Summer|A|Ricksy Business/A Rickle in Time/Chris
1635115480|Summer|A|Ricksy Business/A Rickle in Time/Albert Einstein
1635115480|Summer|A|Ricksy Business/A Rickle in Time/Michael's Lawyer
1635201880|Summer|A|Ricksy Business/A Rickle in Time/Auto Erotic Assimilation/Mrs. Sanchez
1635201880|Summer|A|Ricksy Business/A Rickle in Time/Auto Erotic Assimilation/Unity
1635201880|Summer|A|Ricksy Business/A Rickle in Time/Auto Erotic Assimilation/Steven Phillips
1635201880|Summer|A|Ricksy Business/A Rickle in Time/Auto Erotic Assimilation/Ron Benson
1635201880|Summer|A|Ricksy Business/A Rickle in Time/Auto Erotic Assimilation/Rick Sanchez
1635201880|Summer|A|Ricksy Business/A Rickle in Time/Auto Erotic Assimilation/Morty Smith
1635201880|Summer|A|Ricksy Business/A Rickle in Time/Auto Erotic Assimilation/Todd Crystal
1635201880|Summer|A|Ricksy Business/A Rickle in Time/Auto Erotic Assimilation/Jerry Smith
1635201880|Summer|A|Ricksy Business/A Rickle in Time/Auto Erotic Assimilation/Daron Jefferson
1635201880|Summer|A|Ricksy Business/A Rickle in Time/Auto Erotic Assimilation/Blim Blam
1635201880|Summer|A|Ricksy Business/A Rickle in Time/Auto Erotic Assimilation/Beth Smith
1635201880|Summer|A|Ricksy Business/A Rickle in Time/Auto Erotic Assimilation/Beta-Seven
1635201880|Summer|A|Ricksy Business/A Rickle in Time/Auto Erotic Assimilation/Karen Entity
1635288280|Summer|A|Total Rickall/Mr. Poopybutthole
1635288280|Summer|A|Total Rickall/Mrs. Refrigerator
1635288280|Summer|A|Total Rickall/Photography Raptor
1635288280|Summer|A|Total Rickall/Reverse Giraffe
1635288280|Summer|A|Total Rickall/Sleepy Gary
1635288280|Summer|A|Total Rickall/Mr. Beauregard
1635288280|Summer|A|Total Rickall/Snuffles (Snowball)
1635288280|Summer|A|Total Rickall/Tinkles
1635288280|Summer|A|Total Rickall/Uncle Steve
1635288280|Summer|A|Total Rickall/Rick Sanchez
1635288280|Summer|A|Total Rickall/Morty Smith
1635288280|Summer|A|Total Rickall/Pencilvester
1635288280|Summer|A|Total Rickall/Jacob
1635288280|Summer|A|Total Rickall/Jerry Smith
1635288280|Summer|A|Total Rickall/Amish Cyborg
1635288280|Summer|A|Total Rickall/Bearded Lady
1635288280|Summer|A|Total Rickall/Beth Smith
1635288280|Summer|A|Total Rickall/Baby Wizard
1635288280|Summer|A|Total Rickall/Duck With Muscles
1635288280|Summer|A|Total Rickall/Frankenstein's Monster
1635288280|Summer|A|Total Rickall/Ghost in a Jar
1635288280|Summer|A|Total Rickall/Hamurai
1635288280|Summer|A|Total Rickall/Cousin Nicky
1635374680|Summer|A|Total Rickall/Get Schwifty/Principal Vagina
1635374680|Summer|A|Total Rickall/Get Schwifty/Mr. Marklovitz
1635374680|Summer|A|Total Rickall/Get Schwifty/Numbericon
1635374680|Summer|A|Total Rickall/Get Schwifty/Orthodox Jew
1635374680|Summer|A|Total Rickall/Get Schwifty/President Curtis
1635374680|Summer|A|Total Rickall/Get Schwifty/Rick Sanchez
1635374680|Summer|A|Total Rickall/Get Schwifty/Tammy Guetermann
1635374680|Summer|A|Total Rickall/Get Schwifty/Simon
1635374680|Summer|A|Total Rickall/Get Schwifty/Snuffles (Snowball)
1635374680|Summer|A|Total Rickall/Get Schwifty/Squanchy
1635374680|Summer|A|Total Rickall/Get Schwifty/Terry
1635374680|Summer|A|Total Rickall/Get Schwifty/Mr. Goldenfold
1635374680|Summer|A|Total Rickall/Get Schwifty/Scrotian
1635374680|Summer|A|Total Rickall/Get Schwifty/Morty Smith
1635374680|Summer|A|Total Rickall/Get Schwifty/Magnesium-J
1635374680|Summer|A|Total Rickall/Get Schwifty/Magma-Q
1635374680|Summer|A|Total Rickall/Get Schwifty/Arbolian Mentirososian
1635374680|Summer|A|Total Rickall/Get Schwifty/Armagheadon
1635374680|Summer|A|Total Rickall/Get Schwifty/Beth Smith
1635374680|Summer|A|Total Rickall/Get Schwifty/Ethan
1635374680|Summer|A|Total Rickall/Get Schwifty/Father Bob
1635374680|Summer|A|Total Rickall/Get Schwifty/General Nathan
1635374680|Summer|A|Total Rickall/Get Schwifty/Birdperson
1635374680|Summer|A|Total Rickall/Get Schwifty/Hydrogen-F
1635374680|Summer|A|Total Rickall/Get Schwifty/Ice-T
1635374680|Summer|A|Total Rickall/Get Schwifty/Jamey
1635374680|Summer|A|Total Rickall/Get Schwifty/Jerry Smith
1635374680|Summer|A|Total Rickall/Get Schwifty/Jim
1635374680|Summer|A|Total Rickall/Get Schwifty/Larva Alien
1635374680|Summer|A|Total Rickall/Get Schwifty/Greebybobe
1635461080|Summer|A|Total Rickall/Get Schwifty/The Ricks Must Be Crazy/Morty Smith
1635461080|Summer|A|Total Rickall/Get Schwifty/The Ricks Must Be Crazy/Zeep Xanflorp
1635461080|Summer|A|Total Rickall/Get Schwifty/The Ricks Must Be Crazy/Tree Person
1635461080|Summer|A|Total Rickall/Get Schwifty/The Ricks Must Be Crazy/The President of the Miniverse
1635461080|Summer|A|Total Rickall/Get Schwifty/The Ricks Must Be Crazy/Space Cruiser
1635461080|Summer|A|Total Rickall/Get Schwifty/The Ricks Must Be Crazy/Rick Sanchez
1635461080|Summer|A|Total Rickall/Get Schwifty/The Ricks Must Be Crazy/Piece of Toast
1635461080|Summer|A|Total Rickall/Get Schwifty/The Ricks Must Be Crazy/Mr. Goldenfold
1635461080|Summer|A|Total Rickall/Get Schwifty/The Ricks Must Be Crazy/Loggins
1635461080|Summer|A|Total Rickall/Get Schwifty/The Ricks Must Be Crazy/Jessica's Friend
1635461080|Summer|A|Total Rickall/Get Schwifty/The Ricks Must Be Crazy/Jessica
1635461080|Summer|A|Total Rickall/Get Schwifty/The Ricks Must Be Crazy/Hunter's Father
1635461080|Summer|A|Total Rickall/Get Schwifty/The Ricks Must Be Crazy/Hunter
1635461080|Summer|A|Total Rickall/Get Schwifty/The Ricks Must Be Crazy/Chris
1635461080|Summer|A|Total Rickall/Get Schwifty/The Ricks Must Be Crazy/Benjamin
1635461080|Summer|A|Total Rickall/Get Schwifty/The Ricks Must Be Crazy/Attila Starwar
1635461080|Summer|A|Total Rickall/Get Schwifty/The Ricks Must Be Crazy/Kyle
1635461080|Summer|A|Total Rickall/Get Schwifty/The Ricks Must Be Crazy/Fulgora
1635547480|Summer|A|Big Trouble in Little Sanchez/Principal Vagina
1635547480|Summer|A|Big Trouble in Little Sanchez/Toby Matthews
1635547480|Summer|A|Big Trouble in Little Sanchez/Rick Sanchez
1635547480|Summer|A|Big Trouble in Little Sanchez/Self-Congratulatory Jerry
1635547480|Summer|A|Big Trouble in Little Sanchez/Tiny Rick
1635547480|Summer|A|Big Trouble in Little Sanchez/Gar Gloonch
1635547480|Summer|A|Big Trouble in Little Sanchez/Vampire Master
1635547480|Summer|A|Big Trouble in Little Sanchez/Vampire Master's Assistant
1635547480|Summer|A|Big Trouble in Little Sanchez/Zarbadar Gloonch
1635547480|Summer|A|Big Trouble in Little Sanchez/Zarbadar's Mytholog
1635547480|Summer|A|Big Trouble in Little Sanchez/Mr. Goldenfold
1635547480|Summer|A|Big Trouble in Little Sanchez/Tophat Jones
1635547480|Summer|A|Big Trouble in Little Sanchez/Morty Smith
1635547480|Summer|A|Big Trouble in Little Sanchez/Beth Smith
1635547480|Summer|A|Big Trouble in Little Sanchez/Jessica
1635547480|Summer|A|Big Trouble in Little Sanchez/Beth's Mytholog
1635547480|Summer|A|Big Trouble in Little Sanchez/Jessica's Friend
1635547480|Summer|A|Big Trouble in Little Sanchez/Coach Feratu (Balik Alistane)
1635547480|Summer|A|Big Trouble in Little Sanchez/Flansian
1635547480|Summer|A|Big Trouble in Little Sanchez/Gar's Mytholog
1635547480|Summer|A|Big Trouble in Little Sanchez/Boobloosian
1635547480|Summer|A|Big Trouble in Little Sanchez/Goddess Beth
1635547480|Summer|A|Big Trouble in Little Sanchez/Ideal Jerry
1635547480|Summer|A|Big Trouble in Little Sanchez/Jerry Smith
1635547480|Summer|A|Big Trouble in Little Sanchez/Jerry's Mytholog
1635547480|Summer|A|Big Trouble in Little Sanchez/Glexo Slim Slom
1635633880|Summer|A|Big Trouble in Little Sanchez/Interdimensional Cable 2: Tempting Fate/Rick Sanchez
1635633880|Summer|A|Big Trouble in Little Sanchez/Interdimensional Cable 2: Tempting Fate/Octopus Man
1635633880|Summer|A|Big Trouble in Little Sanchez/Interdimensional Cable 2: Tempting Fate/Phillip Jacobs
1635633880|Summer|A|Big Trouble in Little Sanchez/Interdimensional Cable 2: Tempting Fate/Pibbles Bodyguard
1635633880|Summer|A|Big Trouble in Little Sanchez/Interdimensional Cable 2: Tempting Fate/Pichael Thompson
1635633880|Summer|A|Big Trouble in Little Sanchez/Interdimensional Cable 2: Tempting Fate/Pripudlian
1635633880|Summer|A|Big Trouble in Little Sanchez/Interdimensional Cable 2: Tempting Fate/Randy Dicknose
1635633880|Summer|A|Big Trouble in Little Sanchez/Interdimensional Cable 2: Tempting Fate/Shlaammi
1635633880|Summer|A|Big Trouble in Little Sanchez/Interdimensional Cable 2: Tempting Fate/Nano Doctor
1635633880|Summer|A|Big Trouble in Little Sanchez/Interdimensional Cable 2: Tempting Fate/St. Gloopy Noops Nurse
1635633880|Summer|A|Big Trouble in Little Sanchez/Interdimensional Cable 2: Tempting Fate/Stealy
1635633880|Summer|A|Big Trouble in Little Sanchez/Interdimensional Cable 2: Tempting Fate/Tax Attorney
1635633880|Summer|A|Big Trouble in Little Sanchez/Interdimensional Cable 2: Tempting Fate/Traflorkian
1635633880|Summer|A|Big Trouble in Little Sanchez/Interdimensional Cable 2: Tempting Fate/Traflorkian Journalist
1635633880|Summer|A|Big Trouble in Little Sanchez/Interdimensional Cable 2: Tempting Fate/Tumblorkian
1635633880|Summer|A|Big Trouble in Little Sanchez/Interdimensional Cable 2: Tempting Fate/Yaarb
1635633880|Summer|A|Big Trouble in Little Sanchez/Interdimensional Cable 2: Tempting Fate/Yellow Headed Doctor
1635633880|Summer|A|Big Trouble in Little Sanchez/Interdimensional Cable 2: Tempting Fate/Shrimply Pibbles
1635633880|Summer|A|Big Trouble in Little Sanchez/Interdimensional Cable 2: Tempting Fate/Morty Smith
1635633880|Summer|A|Big Trouble in Little Sanchez/Interdimensional Cable 2: Tempting Fate/Arbolian Mentirososian
1635633880|Summer|A|Big Trouble in Little Sanchez/Interdimensional Cable 2: Tempting Fate/Michael McLick
1635633880|Summer|A|Big Trouble in Little Sanchez/Interdimensional Cable 2: Tempting Fate/Michael Thompson
1635633880|Summer|A|Big Trouble in Little Sanchez/Interdimensional Cable 2: Tempting Fate/Arcade Alien
1635633880|Summer|A|Big Trouble in Little Sanchez/Interdimensional Cable 2: Tempting Fate/Bepisian
1635633880|Summer|A|Big Trouble in Little Sanchez/Interdimensional Cable 2: Tempting Fate/Beth Smith
1635633880|Summer|A|Big Trouble in Little Sanchez/Interdimensional Cable 2: Tempting Fate/Blamph
1635633880|Summer|A|Big Trouble in Little Sanchez/Interdimensional Cable 2: Tempting Fate/Blue Diplomat
1635633880|Summer|A|Big Trouble in Little Sanchez/Interdimensional Cable 2: Tempting Fate/Butthole Ice Cream Guy
1635633880|Summer|A|Big Trouble in Little Sanchez/Interdimensional Cable 2: Tempting Fate/Eyehole Man
1635633880|Summer|A|Big Trouble in Little Sanchez/Interdimensional Cable 2: Tempting Fate/Dr. Glip-Glop
1635633880|Summer|A|Big Trouble in Little Sanchez/Interdimensional Cable 2: Tempting Fate/Funny Songs Presenter
1635633880|Summer|A|Big Trouble in Little Sanchez/Interdimensional Cable 2: Tempting Fate/Garblovian
1635633880|Summer|A|Big Trouble in Little Sanchez/Interdimensional Cable 2: Tempting Fate/Hamster In Butt
1635633880|Summer|A|Big Trouble in Little Sanchez/Interdimensional Cable 2: Tempting Fate/Jan-Michael Vincent
1635633880|Summer|A|Big Trouble in Little Sanchez/Interdimensional Cable 2: Tempting Fate/Jerry Smith
1635633880|Summer|A|Big Trouble in Little Sanchez/Interdimensional Cable 2: Tempting Fate/Larva Alien
1635633880|Summer|A|Big Trouble in Little Sanchez/Interdimensional Cable 2: Tempting Fate/Little Dipper
1635633880|Summer|A|Big Trouble in Little Sanchez/Interdimensional Cable 2: Tempting Fate/Michael Jenkins
1635633880|Summer|A|Big Trouble in Little Sanchez/Interdimensional Cable 2: Tempting Fate/Fleeb
1635720280|Summer|A|Big Trouble in Little Sanchez/Interdimensional Cable 2: Tempting Fate/Look Who's Purging Now/Purge Planet Ruler
1635720280|Summer|A|Big Trouble in Little Sanchez/Interdimensional Cable 2: Tempting Fate/Look Who's Purging Now/Taddy Mason
1635720280|Summer|A|Big Trouble in Little Sanchez/Interdimensional Cable 2: Tempting Fate/Look Who's Purging Now/Rick Sanchez
1635720280|Summer|A|Big Trouble in Little Sanchez/Interdimensional Cable 2: Tempting Fate/Look Who's Purging Now/Morty Smith
1635720280|Summer|A|Big Trouble in Little Sanchez/Interdimensional Cable 2: Tempting Fate/Look Who's Purging Now/Beth Smith
1635720280|Summer|A|Big Trouble in Little Sanchez/Interdimensional Cable 2: Tempting Fate/Look Who's Purging Now/Jerry Smith
1635720280|Summer|A|Big Trouble in Little Sanchez/Interdimensional Cable 2: Tempting Fate/Look Who's Purging Now/General Store Owner
1635720280|Summer|A|Big Trouble in Little Sanchez/Interdimensional Cable 2: Tempting Fate/Look Who's Purging Now/Arthricia
1635720280|Summer|A|Big Trouble in Little Sanchez/Interdimensional Cable 2: Tempting Fate/Look Who's Purging Now/Lighthouse Keeper
1635806680|Summer|A|The Wedding Squanchers/Mr. Poopybutthole
1635806680|Summer|A|The Wedding Squanchers/Pat Gueterman
1635806680|Summer|A|The Wedding Squanchers/Photography Cyborg
1635806680|Summer|A|The Wedding Squanchers/Rick Sanchez
1635806680|Summer|A|The Wedding Squanchers/Scropon
1635806680|Summer|A|The Wedding Squanchers/Scrotian
1635806680|Summer|A|The Wedding Squanchers/Squanchy
1635806680|Summer|A|The Wedding Squanchers/Tammy Guetermann
1635806680|Summer|A|The Wedding Squanchers/Tophat Jones
1635806680|Summer|A|The Wedding Squanchers/Traflorkian
1635806680|Summer|A|The Wedding Squanchers/Wedding Bartender
1635806680|Summer|A|The Wedding Squanchers/Mr. Goldenfold
1635806680|Summer|A|The Wedding Squanchers/Shimshamian
1635806680|Summer|A|The Wedding Squanchers/Morty Smith
1635806680|Summer|A|The Wedding Squanchers/Gar Gloonch
1635806680|Summer|A|The Wedding Squanchers/Larva Alien
1635806680|Summer|A|The Wedding Squanchers/Lil B
1635806680|Summer|A|The Wedding Squanchers/Arbolian Mentirososian
1635806680|Summer|A|The Wedding Squanchers/Arcade Alien
1635806680|Summer|A|The Wedding Squanchers/Beth Smith
1635806680|Summer|A|The Wedding Squanchers/Boobloosian
1635806680|Summer|A|The Wedding Squanchers/Courier Flap
1635806680|Summer|A|The Wedding Squanchers/Birdperson
1635806680|Summer|A|The Wedding Squanchers/Flansian
1635806680|Summer|A|The Wedding Squanchers/Galactic Federation President
1635806680|Summer|A|The Wedding Squanchers/Garblovian
1635806680|Summer|A|The Wedding Squanchers/Jerry Smith
1635806680|Summer|A|The Wedding Squanchers/Kozbian
1635806680|Summer|A|The Wedding Squanchers/Donna Gueterman
1635893080|Summer|A|The Wedding Squanchers/The Rickshank Rickdemption/Ricktiminus Sancheziminius
1635893080|Summer|A|The Wedding Squanchers/The Rickshank Rickdemption/Mr. Goldenfold
1635893080|Summer|A|The Wedding Squanchers/The Rickshank Rickdemption/Phoenixperson
1635893080|Summer|A|The Wedding Squanchers/The Rickshank Rickdemption/Quantum Rick
1635893080|Summer|A|The Wedding Squanchers/The Rickshank Rickdemption/Rick D-99
1635893080|Summer|A|The Wedding Squanchers/The Rickshank Rickdemption/Rick Prime
1635893080|Summer|A|The Wedding Squanchers/The Rickshank Rickdemption/Rick Sanchez
1635893080|Summer|A|The Wedding Squanchers/The Rickshank Rickdemption/Riq IV
1635893080|Summer|A|The Wedding Squanchers/The Rickshank Rickdemption/Zeta Alpha Rick
1635893080|Summer|A|The Wedding Squanchers/The Rickshank Rickdemption/Solicitor Rick
1635893080|Summer|A|The Wedding Squanchers/The Rickshank Rickdemption/Tammy Guetermann
1635893080|Summer|A|The Wedding Squanchers/The Rickshank Rickdemption/Teleportation's Responsible Rick
1635893080|Summer|A|The Wedding Squanchers/The Rickshank Rickdemption/Unknown Rick
1635893080|Summer|A|The Wedding Squanchers/The Rickshank Rickdemption/Wall Crawling Rick
1635893080|Summer|A|The Wedding Squanchers/The Rickshank Rickdemption/Yellow Shirt Rick
1635893080|Summer|A|The Wedding Squanchers/The Rickshank Rickdemption/Morty Smith
1635893080|Summer|A|The Wedding Squanchers/The Rickshank Rickdemption/SEAL Team Rick
1635893080|Summer|A|The Wedding Squanchers/The Rickshank Rickdemption/Morty Rick
1635893080|Summer|A|The Wedding Squanchers/The Rickshank Rickdemption/Aqua Rick
1635893080|Summer|A|The Wedding Squanchers/The Rickshank Rickdemption/Lawyer Morty
1635893080|Summer|A|The Wedding Squanchers/The Rickshank Rickdemption/Maximums Rickimus
1635893080|Summer|A|The Wedding Squanchers/The Rickshank Rickdemption/Aqua Morty
1635893080|Summer|A|The Wedding Squanchers/The Rickshank Rickdemption/Beth Smith
1635893080|Summer|A|The Wedding Squanchers/The Rickshank Rickdemption/Big Head Morty
1635893080|Summer|A|The Wedding Squanchers/The Rickshank Rickdemption/Birdperson
1635893080|Summer|A|The Wedding Squanchers/The Rickshank Rickdemption/Borpocian
1635893080|Summer|A|The Wedding Squanchers/The Rickshank Rickdemption/Commander Rick
1635893080|Summer|A|The Wedding Squanchers/The Rickshank Rickdemption/Communication's Responsible Rick
1635893080|Summer|A|The Wedding Squanchers/The Rickshank Rickdemption/Black Rick
1635893080|Summer|A|The Wedding Squanchers/The Rickshank Rickdemption/Cornvelious Daniel
1635893080|Summer|A|The Wedding Squanchers/The Rickshank Rickdemption/Cyclops Rick
1635893080|Summer|A|The Wedding Squanchers/The Rickshank Rickdemption/Diane Sanchez
1635893080|Summer|A|The Wedding Squanchers/The Rickshank Rickdemption/Dipper and Mabel Mortys
1635893080|Summer|A|The Wedding Squanchers/The Rickshank Rickdemption/Doofus Rick
1635893080|Summer|A|The Wedding Squanchers/The Rickshank Rickdemption/Hammerhead Morty
1635893080|Summer|A|The Wedding Squanchers/The Rickshank Rickdemption/Jerry Smith
1635893080|Summer|A|The Wedding Squanchers/The Rickshank Rickdemption/Conroy
1635979480|Summer|A|The Wedding Squanchers/The Rickshank Rickdemption/Rickmancing the Stone/Mechanical Morty
1635979480|Summer|A|The Wedding Squanchers/The Rickshank Rickdemption/Rickmancing the Stone/Taint Washer
1635979480|Summer|A|The Wedding Squanchers/The Rickshank Rickdemption/Rickmancing the Stone/Slaveowner
1635979480|Summer|A|The Wedding Squanchers/The Rickshank Rickdemption/Rickmancing the Stone/Rick Sanchez
1635979480|Summer|A|The Wedding Squanchers/The Rickshank Rickdemption/Rickmancing the Stone/Morty Smith
1635979480|Summer|A|The Wedding Squanchers/The Rickshank Rickdemption/Rickmancing the Stone/Mohawk Guy
1635979480|Summer|A|The Wedding Squanchers/The Rickshank Rickdemption/Rickmancing the Stone/Mechanical Rick
1635979480|Summer|A|The Wedding Squanchers/The Rickshank Rickdemption/Rickmancing the Stone/Jerry Smith
1635979480|Summer|A|The Wedding Squanchers/The Rickshank Rickdemption/Rickmancing the Stone/Blue Footprint Guy
1635979480|Summer|A|The Wedding Squanchers/The Rickshank Rickdemption/Rickmancing the Stone/Genital Washer
1635979480|Summer|A|The Wedding Squanchers/The Rickshank Rickdemption/Rickmancing the Stone/Eli's Girlfriend
1635979480|Summer|A|The Wedding Squanchers/The Rickshank Rickdemption/Rickmancing the Stone/Eli
1635979480|Summer|A|The Wedding Squanchers/The Rickshank Rickdemption/Rickmancing the Stone/Colossus
1635979480|Summer|A|The Wedding Squanchers/The Rickshank Rickdemption/Rickmancing the Stone/Beth Smith
1635979480|Summer|A|The Wedding Squanchers/The Rickshank Rickdemption/Rickmancing the Stone/Armothy
1635979480|Summer|A|The Wedding Squanchers/The Rickshank Rickdemption/Rickmancing the Stone/Hemorrhage
1636065880|Summer|A|Pickle Rick/Mr. Goldenfold
1636065880|Summer|A|Pickle Rick/Snuffles (Snowball)
1636065880|Summer|A|Pickle Rick/Rick Sanchez
1636065880|Summer|A|Pickle Rick/Rat Boss
1636065880|Summer|A|Pickle Rick/Principal Vagina
1636065880|Summer|A|Pickle Rick/Pickle Rick
1636065880|Summer|A|Pickle Rick/Morty Smith
1636065880|Summer|A|Pickle Rick/Izzy
1636065880|Summer|A|Pickle Rick/Jaguar
1636065880|Summer|A|Pickle Rick/Agency Director
1636065880|Summer|A|Pickle Rick/Beth Smith
1636065880|Summer|A|Pickle Rick/Katarina
1636065880|Summer|A|Pickle Rick/Dr. Wong
1636065880|Summer|A|Pickle Rick/Concerto
1636152280|Summer|A|Pickle Rick/Vindicators 3: The Return of Worldender/Worldender
1636152280|Summer|A|Pickle Rick/Vindicators 3: The Return of Worldender/Vance Maximus
1636152280|Summer|A|Pickle Rick/Vindicators 3: The Return of Worldender/Supernova
1636152280|Summer|A|Pickle Rick/Vindicators 3: The Return of Worldender/Stair Goblin
1636152280|Summer|A|Pickle Rick/Vindicators 3: The Return of Worldender/Shimshamian
1636152280|Summer|A|Pickle Rick/Vindicators 3: The Return of Worldender/Scrotian
1636152280|Summer|A|Pickle Rick/Vindicators 3: The Return of Worldender/Rick Sanchez
1636152280|Summer|A|Pickle Rick/Vindicators 3: The Return of Worldender/Revolio Clockberg Jr.
1636152280|Summer|A|Pickle Rick/Vindicators 3: The Return of Worldender/Pripudlian
1636152280|Summer|A|Pickle Rick/Vindicators 3: The Return of Worldender/Noob-Noob
1636152280|Summer|A|Pickle Rick/Vindicators 3: The Return of Worldender/Nancy
1636152280|Summer|A|Pickle Rick/Vindicators 3: The Return of Worldender/Morty Smith
1636152280|Summer|A|Pickle Rick/Vindicators 3: The Return of Worldender/Million Ants
1636152280|Summer|A|Pickle Rick/Vindicators 3: The Return of Worldender/MC Haps
1636152280|Summer|A|Pickle Rick/Vindicators 3: The Return of Worldender/Traflorkian
1636152280|Summer|A|Pickle Rick/Vindicators 3: The Return of Worldender/Lady Katana
1636152280|Summer|A|Pickle Rick/Vindicators 3: The Return of Worldender/Logic
1636152280|Summer|A|Pickle Rick/Vindicators 3: The Return of Worldender/Alan Rails
1636152280|Summer|A|Pickle Rick/Vindicators 3: The Return of Worldender/Arcade Alien
1636152280|Summer|A|Pickle Rick/Vindicators 3: The Return of Worldender/Bepisian
1636152280|Summer|A|Pickle Rick/Vindicators 3: The Return of Worldender/Beth Smith
1636152280|Summer|A|Pickle Rick/Vindicators 3: The Return of Worldender/Crocubot
1636152280|Summer|A|Pickle Rick/Vindicators 3: The Return of Worldender/Calypso
1636152280|Summer|A|Pickle Rick/Vindicators 3: The Return of Worldender/Diablo Verde
1636152280|Summer|A|Pickle Rick/Vindicators 3: The Return of Worldender/Doom-Nomitron
1636152280|Summer|A|Pickle Rick/Vindicators 3: The Return of Worldender/Flansian
1636152280|Summer|A|Pickle Rick/Vindicators 3: The Return of Worldender/Greebybobe
1636152280|Summer|A|Pickle Rick/Vindicators 3: The Return of Worldender/Jessica's Friend
1636152280|Summer|A|Pickle Rick/Vindicators 3: The Return of Worldender/Cynthia
1636238680|Summer|A|Pickle Rick/Vindicators 3: The Return of Worldender/The Whirly Dirly Conspiracy/Risotto Groupon
1636238680|Summer|A|Pickle Rick/Vindicators 3: The Return of Worldender/The Whirly Dirly Conspiracy/Rick Sanchez
1636238680|Summer|A|Pickle Rick/Vindicators 3: The Return of Worldender/The Whirly Dirly Conspiracy/Risotto's Tentacled Henchman
1636238680|Summer|A|Pickle Rick/Vindicators 3: The Return of Worldender/The Whirly Dirly Conspiracy/Tusked Assassin
1636238680|Summer|A|Pickle Rick/Vindicators 3: The Return of Worldender/The Whirly Dirly Conspiracy/Shnoopy Bloopers
1636238680|Summer|A|Pickle Rick/Vindicators 3: The Return of Worldender/The Whirly Dirly Conspiracy/Tricia Lange
1636238680|Summer|A|Pickle Rick/Vindicators 3: The Return of Worldender/The Whirly Dirly Conspiracy/Morty Smith
1636238680|Summer|A|Pickle Rick/Vindicators 3: The Return of Worldender/The Whirly Dirly Conspiracy/Shmooglite Runner
1636238680|Summer|A|Pickle Rick/Vindicators 3: The Return of Worldender/The Whirly Dirly Conspiracy/Morphizer-XE Customer Support
1636238680|Summer|A|Pickle Rick/Vindicators 3: The Return of Worldender/The Whirly Dirly Conspiracy/Gibble Snake
1636238680|Summer|A|Pickle Rick/Vindicators 3: The Return of Worldender/The Whirly Dirly Conspiracy/Jessica
1636238680|Summer|A|Pickle Rick/Vindicators 3: The Return of Worldender/The Whirly Dirly Conspiracy/Jerry Smith
1636238680|Summer|A|Pickle Rick/Vindicators 3: The Return of Worldender/The Whirly Dirly Conspiracy/Gene
1636238680|Summer|A|Pickle Rick/Vindicators 3: The Return of Worldender/The Whirly Dirly Conspiracy/Ethan
1636238680|Summer|A|Pickle Rick/Vindicators 3: The Return of Worldender/The Whirly Dirly Conspiracy/Birdperson
1636238680|Summer|A|Pickle Rick/Vindicators 3: The Return of Worldender/The Whirly Dirly Conspiracy/Beth Smith
1636238680|Summer|A|Pickle Rick/Vindicators 3: The Return of Worldender/The Whirly Dirly Conspiracy/Arcade Alien
1636238680|Summer|A|Pickle Rick/Vindicators 3: The Return of Worldender/The Whirly Dirly Conspiracy/Lisa
1636325080|Summer|A|Rest and Ricklaxation/Mr. Goldenfold
1636325080|Summer|A|Rest and Ricklaxation/Toxic Rick
1636325080|Summer|A|Rest and Ricklaxation/Toxic Morty
1636325080|Summer|A|Rest and Ricklaxation/Stacy
1636325080|Summer|A|Rest and Ricklaxation/Rick Sanchez
1636325080|Summer|A|Rest and Ricklaxation/Principal Vagina
1636325080|Summer|A|Rest and Ricklaxation/Mrs. Pancakes
1636325080|Summer|A|Rest and Ricklaxation/Morty Smith
1636325080|Summer|A|Rest and Ricklaxation/Tricia Lange
1636325080|Summer|A|Rest and Ricklaxation/Little Voltron
1636325080|Summer|A|Rest and Ricklaxation/Abadango Cluster Princess
1636325080|Summer|A|Rest and Ricklaxation/Alien Spa Employee
1636325080|Summer|A|Rest and Ricklaxation/Beth Smith
1636325080|Summer|A|Rest and Ricklaxation/Mitch
1636325080|Summer|A|Rest and Ricklaxation/Jacqueline
1636325080|Summer|A|Rest and Ricklaxation/Jessica
1636325080|Summer|A|Rest and Ricklaxation/Jessica's Friend
1636325080|Summer|A|Rest and Ricklaxation/Father Bob
1636411480|Summer|A|Rest and Ricklaxation/Morty's Mind Blowers/Mr. Meeseeks
1636411480|Summer|A|Rest and Ricklaxation/Morty's Mind Blowers/Voltematron
1636411480|Summer|A|Rest and Ricklaxation/Morty's Mind Blowers/Truth Tortoise
1636411480|Summer|A|Rest and Ricklaxation/Morty's Mind Blowers/Snuffles (Snowball)
1636411480|Summer|A|Rest and Ricklaxation/Morty's Mind Blowers/Rick Sanchez
1636411480|Summer|A|Rest and Ricklaxation/Morty's Mind Blowers/Principal Vagina
1636411480|Summer|A|Rest and Ricklaxation/Morty's Mind Blowers/Nancy
1636411480|Summer|A|Rest and Ricklaxation/Morty's Mind Blowers/Mr. Poopybutthole
1636411480|Summer|A|Rest and Ricklaxation/Morty's Mind Blowers/Zick Zack
1636411480|Summer|A|Rest and Ricklaxation/Morty's Mind Blowers/Jessica
1636411480|Summer|A|Rest and Ricklaxation/Morty's Mind Blowers/Jerry Smith
1636411480|Summer|A|Rest and Ricklaxation/Morty's Mind Blowers/Gordon Lunas
1636411480|Summer|A|Rest and Ricklaxation/Morty's Mind Blowers/Gobo
1636411480|Summer|A|Rest and Ricklaxation/Morty's Mind Blowers/Dr. Eleanor Arroway
1636411480|Summer|A|Rest and Ricklaxation/Morty's Mind Blowers/Collector
1636411480|Summer|A|Rest and Ricklaxation/Morty's Mind Blowers/Chang
1636411480|Summer|A|Rest and Ricklaxation/Morty's Mind Blowers/Beth Smith
1636411480|Summer|A|Rest and Ricklaxation/Morty's Mind Blowers/Beebo
1636411480|Summer|A|Rest and Ricklaxation/Morty's Mind Blowers/Morty Smith
1636497880|Summer|A|Rest and Ricklaxation/Morty's Mind Blowers/The ABC's of Beth/Mrs. Sanchez
1636497880|Summer|A|Rest and Ricklaxation/Morty's Mind Blowers/The ABC's of Beth/Rick Sanchez
1636497880|Summer|A|Rest and Ricklaxation/Morty's Mind Blowers/The ABC's of Beth/Snuffles (Snowball)
1636497880|Summer|A|Rest and Ricklaxation/Morty's Mind Blowers/The ABC's of Beth/Varrix
1636497880|Summer|A|Rest and Ricklaxation/Morty's Mind Blowers/The ABC's of Beth/Tommy's Clone
1636497880|Summer|A|Rest and Ricklaxation/Morty's Mind Blowers/The ABC's of Beth/Trandor
1636497880|Summer|A|Rest and Ricklaxation/Morty's Mind Blowers/The ABC's of Beth/Thomas Lipkip
1636497880|Summer|A|Rest and Ricklaxation/Morty's Mind Blowers/The ABC's of Beth/Mr. Poopybutthole
1636497880|Summer|A|Rest and Ricklaxation/Morty's Mind Blowers/The ABC's of Beth/Mrs. Lipkip
1636497880|Summer|A|Rest and Ricklaxation/Morty's Mind Blowers/The ABC's of Beth/Morty Smith
1636497880|Summer|A|Rest and Ricklaxation/Morty's Mind Blowers/The ABC's of Beth/Keara
1636497880|Summer|A|Rest and Ricklaxation/Morty's Mind Blowers/The ABC's of Beth/Joseph Eli Lipkip
1636497880|Summer|A|Rest and Ricklaxation/Morty's Mind Blowers/The ABC's of Beth/Jessica
1636497880|Summer|A|Rest and Ricklaxation/Morty's Mind Blowers/The ABC's of Beth/Jerry Smith
1636497880|Summer|A|Rest and Ricklaxation/Morty's Mind Blowers/The ABC's of Beth/Brad
1636497880|Summer|A|Rest and Ricklaxation/Morty's Mind Blowers/The ABC's of Beth/Beth Smith
1636497880|Summer|A|Rest and Ricklaxation/Morty's Mind Blowers/The ABC's of Beth/Mr. Goldenfold
1636584280|Summer|A|The Rickchurian Mortydate/Steve
1636584280|Summer|A|The Rickchurian Mortydate/Secretary of the Interior
1636584280|Summer|A|The Rickchurian Mortydate/Presidentress of The Mega Gargantuans
1636584280|Summer|A|The Rickchurian Mortydate/President Curtis
1636584280|Summer|A|The Rickchurian Mortydate/Mr. Poopybutthole
1636584280|Summer|A|The Rickchurian Mortydate/Morty Smith
1636584280|Summer|A|The Rickchurian Mortydate/Rick Sanchez
1636584280|Summer|A|The Rickchurian Mortydate/Invisi-trooper
1636584280|Summer|A|The Rickchurian Mortydate/Beth Smith
1636584280|Summer|A|The Rickchurian Mortydate/Baby Poopybutthole
1636584280|Summer|A|The Rickchurian Mortydate/Amy Poopybutthole
1636584280|Summer|A|The Rickchurian Mortydate/Alien Googah
1636584280|Summer|A|The Rickchurian Mortydate/Jerry Smith
1636670680|Summer|A|The Rickchurian Mortydate/Edge of Tomorty: Rick, Die, Rickpeat/Jerry Smith
1636670680|Summer|A|The Rickchurian Mortydate/Edge of Tomorty: Rick, Die, Rickpeat/Jessica
1636670680|Summer|A|The Rickchurian Mortydate/Edge of Tomorty: Rick, Die, Rickpeat/Wasp Rick’s Clone
1636670680|Summer|A|The Rickchurian Mortydate/Edge of Tomorty: Rick, Die, Rickpeat/Judge
1636670680|Summer|A|The Rickchurian Mortydate/Edge of Tomorty: Rick, Die, Rickpeat/Kirkland Brand Mr. Meeseeks
1636670680|Summer|A|The Rickchurian Mortydate/Edge of Tomorty: Rick, Die, Rickpeat/Morty Smith
1636670680|Summer|A|The Rickchurian Mortydate/Edge of Tomorty: Rick, Die, Rickpeat/Morty’s Lawyer
1636670680|Summer|A|The Rickchurian Mortydate/Edge of Tomorty: Rick, Die, Rickpeat/Revolio Clockberg Jr.
1636670680|Summer|A|The Rickchurian Mortydate/Edge of Tomorty: Rick, Die, Rickpeat/Public Opinion Judge
1636670680|Summer|A|The Rickchurian Mortydate/Edge of Tomorty: Rick, Die, Rickpeat/Rick Sanchez
1636670680|Summer|A|The Rickchurian Mortydate/Edge of Tomorty: Rick, Die, Rickpeat/Wasp Beth
1636670680|Summer|A|The Rickchurian Mortydate/Edge of Tomorty: Rick, Die, Rickpeat/Wasp Jerry
1636670680|Summer|A|The Rickchurian Mortydate/Edge of Tomorty: Rick, Die, Rickpeat/Wasp Morty
1636670680|Summer|A|The Rickchurian Mortydate/Edge of Tomorty: Rick, Die, Rickpeat/Wasp Rick
1636670680|Summer|A|The Rickchurian Mortydate/Edge of Tomorty: Rick, Die, Rickpeat/Hologram Rick
1636670680|Summer|A|The Rickchurian Mortydate/Edge of Tomorty: Rick, Die, Rickpeat/Mr. Meeseeks
1636670680|Summer|A|The Rickchurian Mortydate/Edge of Tomorty: Rick, Die, Rickpeat/Fascist Teddy Bear Rick’s Clone
1636670680|Summer|A|The Rickchurian Mortydate/Edge of Tomorty: Rick, Die, Rickpeat/Fascist Shrimp Morty
1636670680|Summer|A|The Rickchurian Mortydate/Edge of Tomorty: Rick, Die, Rickpeat/Fascist Shrimp SS
1636670680|Summer|A|The Rickchurian Mortydate/Edge of Tomorty: Rick, Die, Rickpeat/Fascist Teddy Bear Rick
1636670680|Summer|A|The Rickchurian Mortydate/Edge of Tomorty: Rick, Die, Rickpeat/Anchorman
1636670680|Summer|A|The Rickchurian Mortydate/Edge of Tomorty: Rick, Die, Rickpeat/Anchorwoman
1636670680|Summer|A|The Rickchurian Mortydate/Edge of Tomorty: Rick, Die, Rickpeat/Beth Smith
1636670680|Summer|A|The Rickchurian Mortydate/Edge of Tomorty: Rick, Die, Rickpeat/Boglin
1636670680|Summer|A|The Rickchurian Mortydate/Edge of Tomorty: Rick, Die, Rickpeat/Bully
1636670680|Summer|A|The Rickchurian Mortydate/Edge of Tomorty: Rick, Die, Rickpeat/Caterpillar Mr. Goldenfold
1636670680|Summer|A|The Rickchurian Mortydate/Edge of Tomorty: Rick, Die, Rickpeat/Fascist Rick
1636670680|Summer|A|The Rickchurian Mortydate/Edge of Tomorty: Rick, Die, Rickpeat/Crystal Poacher
1636670680|Summer|A|The Rickchurian Mortydate/Edge of Tomorty: Rick, Die, Rickpeat/Fascist Morty
1636670680|Summer|A|The Rickchurian Mortydate/Edge of Tomorty: Rick, Die, Rickpeat/Fascist Mr. President
1636670680|Summer|A|The Rickchurian Mortydate/Edge of Tomorty: Rick, Die, Rickpeat/Fascist Shrimp Rick’s Clone
1636670680|Summer|A|The Rickchurian Mortydate/Edge of Tomorty: Rick, Die, Rickpeat/Fascist Rick’s Clone
1636670680|Summer|A|The Rickchurian Mortydate/Edge of Tomorty: Rick, Die, Rickpeat/Fascist Shrimp Rick
1636670680|Summer|A|The Rickchurian Mortydate/Edge of Tomorty: Rick, Die, Rickpeat/Caterpillar Mr. Goldenfold’s Larvae
1636757080|Summer|A|The Rickchurian Mortydate/Edge of Tomorty: Rick, Die, Rickpeat/The Old Man and the Seat/Mountain Sweat Jerry
1636757080|Summer|A|The Rickchurian Mortydate/Edge of Tomorty: Rick, Die, Rickpeat/The Old Man and the Seat/Priest Witherspoon
1636757080|Summer|A|The Rickchurian Mortydate/Edge of Tomorty: Rick, Die, Rickpeat/The Old Man and the Seat/Richard
1636757080|Summer|A|The Rickchurian Mortydate/Edge of Tomorty: Rick, Die, Rickpeat/The Old Man and the Seat/Rick Sanchez
1636757080|Summer|A|The Rickchurian Mortydate/Edge of Tomorty: Rick, Die, Rickpeat/The Old Man and the Seat/Tony's Dad
1636757080|Summer|A|The Rickchurian Mortydate/Edge of Tomorty: Rick, Die, Rickpeat/The Old Man and the Seat/Secretary at Tony's
1636757080|Summer|A|The Rickchurian Mortydate/Edge of Tomorty: Rick, Die, Rickpeat/The Old Man and the Seat/Tony
1636757080|Summer|A|The Rickchurian Mortydate/Edge of Tomorty: Rick, Die, Rickpeat/The Old Man and the Seat/Mothership Intern
1636757080|Summer|A|The Rickchurian Mortydate/Edge of Tomorty: Rick, Die, Rickpeat/The Old Man and the Seat/Vermigurber
1636757080|Summer|A|The Rickchurian Mortydate/Edge of Tomorty: Rick, Die, Rickpeat/The Old Man and the Seat/Running Bird
1636757080|Summer|A|The Rickchurian Mortydate/Edge of Tomorty: Rick, Die, Rickpeat/The Old Man and the Seat/Morty Smith
1636757080|Summer|A|The Rickchurian Mortydate/Edge of Tomorty: Rick, Die, Rickpeat/The Old Man and the Seat/Tony’s Wife
1636757080|Summer|A|The Rickchurian Mortydate/Edge of Tomorty: Rick, Die, Rickpeat/The Old Man and the Seat/Monogatron Leader
1636757080|Summer|A|The Rickchurian Mortydate/Edge of Tomorty: Rick, Die, Rickpeat/The Old Man and the Seat/Maggie
1636757080|Summer|A|The Rickchurian Mortydate/Edge of Tomorty: Rick, Die, Rickpeat/The Old Man and the Seat/Lizard
1636757080|Summer|A|The Rickchurian Mortydate/Edge of Tomorty: Rick, Die, Rickpeat/The Old Man and the Seat/Josiah
1636757080|Summer|A|The Rickchurian Mortydate/Edge of Tomorty: Rick, Die, Rickpeat/The Old Man and the Seat/Jerry Smith
1636757080|Summer|A|The Rickchurian Mortydate/Edge of Tomorty: Rick, Die, Rickpeat/The Old Man and the Seat/Jeff
1636757080|Summer|A|The Rickchurian Mortydate/Edge of Tomorty: Rick, Die, Rickpeat/The Old Man and the Seat/Glootie
1636757080|Summer|A|The Rickchurian Mortydate/Edge of Tomorty: Rick, Die, Rickpeat/The Old Man and the Seat/Deliverance
1636757080|Summer|A|The Rickchurian Mortydate/Edge of Tomorty: Rick, Die, Rickpeat/The Old Man and the Seat/Danny Publitz
1636757080|Summer|A|The Rickchurian Mortydate/Edge of Tomorty: Rick, Die, Rickpeat/The Old Man and the Seat/Beth Smith
1636757080|Summer|A|The Rickchurian Mortydate/Edge of Tomorty: Rick, Die, Rickpeat/The Old Man and the Seat/Monogatron Queen
1636843480|Summer|A|One Crew Over the Crewcoo's Morty/Morty Smith
1636843480|Summer|A|One Crew Over the Crewcoo's Morty/Mr. Poopybutthole
1636843480|Summer|A|One Crew Over the Crewcoo's Morty/Netflix Executive
1636843480|Summer|A|One Crew Over the Crewcoo's Morty/Randotron
1636843480|Summer|A|One Crew Over the Crewcoo's Morty/Ventriloquiver
1636843480|Summer|A|One Crew Over the Crewcoo's Morty/Snake Arms
1636843480|Summer|A|One Crew Over the Crewcoo's Morty/The Shapeshiftress
1636843480|Summer|A|One Crew Over the Crewcoo's Morty/Truckula
1636843480|Summer|A|One Crew Over the Crewcoo's Morty/Monitor Lord
1636843480|Summer|A|One Crew Over the Crewcoo's Morty/Rick Sanchez
1636843480|Summer|A|One Crew Over the Crewcoo's Morty/Miles Knightly
1636843480|Summer|A|One Crew Over the Crewcoo's Morty/Heistotron
1636843480|Summer|A|One Crew Over the Crewcoo's Morty/Hephaestus
1636843480|Summer|A|One Crew Over the Crewcoo's Morty/Heist-Con Receptionist
1636843480|Summer|A|One Crew Over the Crewcoo's Morty/Gramuflackian General
1636843480|Summer|A|One Crew Over the Crewcoo's Morty/Gramuflackian Anchorman
1636843480|Summer|A|One Crew Over the Crewcoo's Morty/Glar
1636843480|Summer|A|One Crew Over the Crewcoo's Morty/Elon Tusk
1636843480|Summer|A|One Crew Over the Crewcoo's Morty/Double Microwawe
1636843480|Summer|A|One Crew Over the Crewcoo's Morty/Beth Smith
1636843480|Summer|A|One Crew Over the Crewcoo's Morty/Angie Flint
1636843480|Summer|A|One Crew Over the Crewcoo's Morty/Key Catcher
1636929880|Summer|A|One Crew Over the Crewcoo's Morty/Claw and Hoarder: Special Ricktim's Morty/Talking Cat
1636929880|Summer|A|One Crew Over the Crewcoo's Morty/Claw and Hoarder: Special Ricktim's Morty/The Wizard
1636929880|Summer|A|One Crew Over the Crewcoo's Morty/Claw and Hoarder: Special Ricktim's Morty/Slut Dragon
1636929880|Summer|A|One Crew Over the Crewcoo's Morty/Claw and Hoarder: Special Ricktim's Morty/Shadow Jacker
1636929880|Summer|A|One Crew Over the Crewcoo's Morty/Claw and Hoarder: Special Ricktim's Morty/Rick Sanchez
1636929880|Summer|A|One Crew Over the Crewcoo's Morty/Claw and Hoarder: Special Ricktim's Morty/Morty Smith
1636929880|Summer|A|One Crew Over the Crewcoo's Morty/Claw and Hoarder: Special Ricktim's Morty/Debrah’s Partner
1636929880|Summer|A|One Crew Over the Crewcoo's Morty/Claw and Hoarder: Special Ricktim's Morty/Jerry Smith
1636929880|Summer|A|One Crew Over the Crewcoo's Morty/Claw and Hoarder: Special Ricktim's Morty/Michael
1636929880|Summer|A|One Crew Over the Crewcoo's Morty/Claw and Hoarder: Special Ricktim's Morty/Beth Smith
1636929880|Summer|A|One Crew Over the Crewcoo's Morty/Claw and Hoarder: Special Ricktim's Morty/Balthromaw
1636929880|Summer|A|One Crew Over the Crewcoo's Morty/Claw and Hoarder: Special Ricktim's Morty/Chachi
1636929880|Summer|A|One Crew Over the Crewcoo's Morty/Claw and Hoarder: Special Ricktim's Morty/Debrah
1637016280|Summer|A|One Crew Over the Crewcoo's Morty/Claw and Hoarder: Special Ricktim's Morty/Rattlestar Ricklactica/Snake Terminator
1637016280|Summer|A|One Crew Over the Crewcoo's Morty/Claw and Hoarder: Special Ricktim's Morty/Rattlestar Ricklactica/Tricia Lange
1637016280|Summer|A|One Crew Over the Crewcoo's Morty/Claw and Hoarder: Special Ricktim's Morty/Rattlestar Ricklactica/Snake with Legs
1637016280|Summer|A|One Crew Over the Crewcoo's Morty/Claw and Hoarder: Special Ricktim's Morty/Rattlestar Ricklactica/Snake Soldier
1637016280|Summer|A|One Crew Over the Crewcoo's Morty/Claw and Hoarder: Special Ricktim's Morty/Rattlestar Ricklactica/Snake Reporter
1637016280|Summer|A|One Crew Over the Crewcoo's Morty/Claw and Hoarder: Special Ricktim's Morty/Rattlestar Ricklactica/Snake Linguist
1637016280|Summer|A|One Crew Over the Crewcoo's Morty/Claw and Hoarder: Special Ricktim's Morty/Rattlestar Ricklactica/Snake Lincoln
1637016280|Summer|A|One Crew Over the Crewcoo's Morty/Claw and Hoarder: Special Ricktim's Morty/Rattlestar Ricklactica/Snake Hitler
1637016280|Summer|A|One Crew Over the Crewcoo's Morty/Claw and Hoarder: Special Ricktim's Morty/Rattlestar Ricklactica/Slippy
1637016280|Summer|A|One Crew Over the Crewcoo's Morty/Claw and Hoarder: Special Ricktim's Morty/Rattlestar Ricklactica/Shleemypants
1637016280|Summer|A|One Crew Over the Crewcoo's Morty/Claw and Hoarder: Special Ricktim's Morty/Rattlestar Ricklactica/Secret Service Snake
1637016280|Summer|A|One Crew Over the Crewcoo's Morty/Claw and Hoarder: Special Ricktim's Morty/Rattlestar Ricklactica/Robot Snake
1637016280|Summer|A|One Crew Over the Crewcoo's Morty/Claw and Hoarder: Special Ricktim's Morty/Rattlestar Ricklactica/Snake Resistance Robot
1637016280|Summer|A|One Crew Over the Crewcoo's Morty/Claw and Hoarder: Special Ricktim's Morty/Rattlestar Ricklactica/Pet Shop Employee
1637016280|Summer|A|One Crew Over the Crewcoo's Morty/Claw and Hoarder: Special Ricktim's Morty/Rattlestar Ricklactica/Rick Sanchez
1637016280|Summer|A|One Crew Over the Crewcoo's Morty/Claw and Hoarder: Special Ricktim's Morty/Rattlestar Ricklactica/Anchosnake
1637016280|Summer|A|One Crew Over the Crewcoo's Morty/Claw and Hoarder: Special Ricktim's Morty/Rattlestar Ricklactica/Bar Customer
1637016280|Summer|A|One Crew Over the Crewcoo's Morty/Claw and Hoarder: Special Ricktim's Morty/Rattlestar Ricklactica/Bartender
1637016280|Summer|A|One Crew Over the Crewcoo's Morty/Claw and Hoarder: Special Ricktim's Morty/Rattlestar Ricklactica/Beth Smith
1637016280|Summer|A|One Crew Over the Crewcoo's Morty/Claw and Hoarder: Special Ricktim's Morty/Rattlestar Ricklactica/80's snake
1637016280|Summer|A|One Crew Over the Crewcoo's Morty/Claw and Hoarder: Special Ricktim's Morty/Rattlestar Ricklactica/High Pilot
1637016280|Summer|A|One Crew Over the Crewcoo's Morty/Claw and Hoarder: Special Ricktim's Morty/Rattlestar Ricklactica/Jerry Smith
1637016280|Summer|A|One Crew Over the Crewcoo's Morty/Claw and Hoarder: Special Ricktim's Morty/Rattlestar Ricklactica/Morty Smith
1637016280|Summer|A|One Crew Over the Crewcoo's Morty/Claw and Hoarder: Special Ricktim's Morty/Rattlestar Ricklactica/Nancy
1637016280|Summer|A|One Crew Over the Crewcoo's Morty/Claw and Hoarder: Special Ricktim's Morty/Rattlestar Ricklactica/PC Basketball Player
1637016280|Summer|A|One Crew Over the Crewcoo's Morty/Claw and Hoarder: Special Ricktim's Morty/Rattlestar Ricklactica/Cavesnake
1637102680|Summer|A|Never Ricking Morty/Rick Sanchez
1637102680|Summer|A|Never Ricking Morty/Morty’s Disguise
1637102680|Summer|A|Never Ricking Morty/Mr. Celery & Friends
1637102680|Summer|A|Never Ricking Morty/Musical Fan
1637102680|Summer|A|Never Ricking Morty/Phantom of the Opera Fan
1637102680|Summer|A|Never Ricking Morty/Phoenixperson
1637102680|Summer|A|Never Ricking Morty/Private Smith
1637102680|Summer|A|Never Ricking Morty/Professor Sanchez
1637102680|Summer|A|Never Ricking Morty/Ramamama Lord
1637102680|Summer|A|Never Ricking Morty/Rick’s Disguise
1637102680|Summer|A|Never Ricking Morty/The Concept of Time
1637102680|Summer|A|Never Ricking Morty/Sarge
1637102680|Summer|A|Never Ricking Morty/Shrek The Musical Fan
1637102680|Summer|A|Never Ricking Morty/Snuffles
1637102680|Summer|A|Never Ricking Morty/Storylord
1637102680|Summer|A|Never Ricking Morty/Tammy Guetermann
1637102680|Summer|A|Never Ricking Morty/Tickets Please Guy
1637102680|Summer|A|Never Ricking Morty/Train Cop
1637102680|Summer|A|Never Ricking Morty/Train Cops
1637102680|Summer|A|Never Ricking Morty/Train Cops Instructor
1637102680|Summer|A|Never Ricking Morty/Morty Smith
1637102680|Summer|A|Never Ricking Morty/Ruth Bader Ginsburg
1637102680|Summer|A|Never Ricking Morty/Uncle Nibbles
1637102680|Summer|A|Never Ricking Morty/Mike Johnson
1637102680|Summer|A|Never Ricking Morty/Leah
1637102680|Summer|A|Never Ricking Morty/Abradolf Lincler
1637102680|Summer|A|Never Ricking Morty/Beth Smith
1637102680|Summer|A|Never Ricking Morty/Biblesaurus
1637102680|Summer|A|Never Ricking Morty/Birdperson
1637102680|Summer|A|Never Ricking Morty/Cats Fan
1637102680|Summer|A|Never Ricking Morty/Christmas Storyteller
1637102680|Summer|A|Never Ricking Morty/Cookies Guy
1637102680|Summer|A|Never Ricking Morty/Crossy
1637102680|Summer|A|Never Ricking Morty/Darth Poopybutthole
1637102680|Summer|A|Never Ricking Morty/Evil Morty
1637102680|Summer|A|Never Ricking Morty/Marcus
1637102680|Summer|A|Never Ricking Morty/Floaty Bloody Man
1637102680|Summer|A|Never Ricking Morty/Floaty Bloody Man’s Daughter
1637102680|Summer|A|Never Ricking Morty/Floaty Non-Gasm Brotherhood Member
1637102680|Summer|A|Never Ricking Morty/Floaty Non-Gasm Brotherhood Member Friend
1637102680|Summer|A|Never Ricking Morty/Goomby
1637102680|Summer|A|Never Ricking Morty/Hairspray Fan
1637102680|Summer|A|Never Ricking Morty/Jesus Christ
1637102680|Summer|A|Never Ricking Morty/Josh
1637102680|Summer|A|Never Ricking Morty/Josh's Sister
1637102680|Summer|A|Never Ricking Morty/Female Scorpion
1637189080|Summer|A|Never Ricking Morty/Promortyus/Troy
1637189080|Summer|A|Never Ricking Morty/Promortyus/Tricia Lange
1637189080|Summer|A|Never Ricking Morty/Promortyus/Steve
1637189080|Summer|A|Never Ricking Morty/Promortyus/Shane
1637189080|Summer|A|Never Ricking Morty/Promortyus/Rick Sanchez
1637189080|Summer|A|Never Ricking Morty/Promortyus/Old Glorzo
1637189080|Summer|A|Never Ricking Morty/Promortyus/Jerry Smith
1637189080|Summer|A|Never Ricking Morty/Promortyus/Council of Glorzos Member
1637189080|Summer|A|Never Ricking Morty/Promortyus/Bruce
1637189080|Summer|A|Never Ricking Morty/Promortyus/Beth Smith
1637189080|Summer|A|Never Ricking Morty/Promortyus/Angry Glorzo
1637189080|Summer|A|Never Ricking Morty/Promortyus/Morty Smith
1637275480|Summer|A|Never Ricking Morty/Promortyus/The Vat of Acid Episode/Morty’s Girlfriend
1637275480|Summer|A|Never Ricking Morty/Promortyus/The Vat of Acid Episode/Sonia Sotomayor
1637275480|Summer|A|Never Ricking Morty/Promortyus/The Vat of Acid Episode/SWAT Officer
1637275480|Summer|A|Never Ricking Morty/Promortyus/The Vat of Acid Episode/Rick Sanchez
1637275480|Summer|A|Never Ricking Morty/Promortyus/The Vat of Acid Episode/Plane Crash Survivor
1637275480|Summer|A|Never Ricking Morty/Promortyus/The Vat of Acid Episode/Mr. Goldenfold
1637275480|Summer|A|Never Ricking Morty/Promortyus/The Vat of Acid Episode/Morty’s Mother-in-law
1637275480|Summer|A|Never Ricking Morty/Promortyus/The Vat of Acid Episode/Morty’s Father-in-law
1637275480|Summer|A|Never Ricking Morty/Promortyus/The Vat of Acid Episode/Impervious to Acid SWAT Officer
1637275480|Summer|A|Never Ricking Morty/Promortyus/The Vat of Acid Episode/Johnny Carson
1637275480|Summer|A|Never Ricking Morty/Promortyus/The Vat of Acid Episode/Jessica
1637275480|Summer|A|Never Ricking Morty/Promortyus/The Vat of Acid Episode/Jerry Smith
1637275480|Summer|A|Never Ricking Morty/Promortyus/The Vat of Acid Episode/Heroine Keith
1637275480|Summer|A|Never Ricking Morty/Promortyus/The Vat of Acid Episode/Crystal Dealers Boss
1637275480|Summer|A|Never Ricking Morty/Promortyus/The Vat of Acid Episode/Crystal Dealer
1637275480|Summer|A|Never Ricking Morty/Promortyus/The Vat of Acid Episode/Beth Smith
1637275480|Summer|A|Never Ricking Morty/Promortyus/The Vat of Acid Episode/Morty Smith
1637361880|Summer|A|Childrick of Mort/Ticktock
1637361880|Summer|A|Childrick of Mort/Squeeb
1637361880|Summer|A|Childrick of Mort/Rick Sanchez
1637361880|Summer|A|Childrick of Mort/Reggie
1637361880|Summer|A|Childrick of Mort/Gaia
1637361880|Summer|A|Childrick of Mort/Jerry Smith
1637361880|Summer|A|Childrick of Mort/Florflock
1637361880|Summer|A|Childrick of Mort/Beth Smith
1637361880|Summer|A|Childrick of Mort/Morty Smith
1637448280|Summer|A|Childrick of Mort/Star Mort: Rickturn of the Jerri/Morty Smith
1637448280|Summer|A|Childrick of Mort/Star Mort: Rickturn of the Jerri/Rick Sanchez
1637448280|Summer|A|Childrick of Mort/Star Mort: Rickturn of the Jerri/Phoenixperson
1637448280|Summer|A|Childrick of Mort/Star Mort: Rickturn of the Jerri/New Improved Galactic Federation Guard
1637448280|Summer|A|Childrick of Mort/Star Mort: Rickturn of the Jerri/Jerry Smith
1637448280|Summer|A|Childrick of Mort/Star Mort: Rickturn of the Jerri/Tammy Guetermann
1637448280|Summer|A|Childrick of Mort/Star Mort: Rickturn of the Jerri/Defiance Squanchette
1637448280|Summer|A|Childrick of Mort/Star Mort: Rickturn of the Jerri/Beth Smith
1637448280|Summer|A|Childrick of Mort/Star Mort: Rickturn of the Jerri/Dr. Wong
1637448280|Summer|A|Childrick of Mort/Star Mort: Rickturn of the Jerri/Defiance Doctor
1637448280|Summer|A|Childrick of Mort/Star Mort: Rickturn of the Jerri/Defiance Beth
1637534680|Summer|A|Childrick of Mort/Star Mort: Rickturn of the Jerri/Mort Dinner Rick Andre/Warlock
1637534680|Summer|A|Childrick of Mort/Star Mort: Rickturn of the Jerri/Mort Dinner Rick Andre/Rick Sanchez
1637534680|Summer|A|Childrick of Mort/Star Mort: Rickturn of the Jerri/Mort Dinner Rick Andre/Mr. Nimbus' Squid
1637534680|Summer|A|Childrick of Mort/Star Mort: Rickturn of the Jerri/Mort Dinner Rick Andre/Mr. Nimbus
1637534680|Summer|A|Childrick of Mort/Star Mort: Rickturn of the Jerri/Mort Dinner Rick Andre/Morty Smith
1637534680|Summer|A|Childrick of Mort/Star Mort: Rickturn of the Jerri/Mort Dinner Rick Andre/Jessica
1637534680|Summer|A|Childrick of Mort/Star Mort: Rickturn of the Jerri/Mort Dinner Rick Andre/Jerry Smith
1637534680|Summer|A|Childrick of Mort/Star Mort: Rickturn of the Jerri/Mort Dinner Rick Andre/Japheth's Youngest Son
1637534680|Summer|A|Childrick of Mort/Star Mort: Rickturn of the Jerri/Mort Dinner Rick Andre/Japheth's Middle Son
1637534680|Summer|A|Childrick of Mort/Star Mort: Rickturn of the Jerri/Mort Dinner Rick Andre/Mr. Nimbus Secretary
1637534680|Summer|A|Childrick of Mort/Star Mort: Rickturn of the Jerri/Mort Dinner Rick Andre/Japheth's Eldest Son
1637534680|Summer|A|Childrick of Mort/Star Mort: Rickturn of the Jerri/Mort Dinner Rick Andre/Japheth
1637534680|Summer|A|Childrick of Mort/Star Mort: Rickturn of the Jerri/Mort Dinner Rick Andre/Hoovy
1637534680|Summer|A|Childrick of Mort/Star Mort: Rickturn of the Jerri/Mort Dinner Rick Andre/Evolved Narnian Disguised as Morty
1637534680|Summer|A|Childrick of Mort/Star Mort: Rickturn of the Jerri/Mort Dinner Rick Andre/Evolved Narnian
1637534680|Summer|A|Childrick of Mort/Star Mort: Rickturn of the Jerri/Mort Dinner Rick Andre/Bova
1637534680|Summer|A|Childrick of Mort/Star Mort: Rickturn of the Jerri/Mort Dinner Rick Andre/Beth Smith
1637534680|Summer|A|Childrick of Mort/Star Mort: Rickturn of the Jerri/Mort Dinner Rick Andre/Adam's Mother
1637534680|Summer|A|Childrick of Mort/Star Mort: Rickturn of the Jerri/Mort Dinner Rick Andre/Adam
1637534680|Summer|A|Childrick of Mort/Star Mort: Rickturn of the Jerri/Mort Dinner Rick Andre/Japheth's Grandson
1637621080|Summer|A|Mortyplicity/Squid Costume Beth
1637621080|Summer|A|Mortyplicity/Squid Costume Jerry
1637621080|Summer|A|Mortyplicity/Squid Costume Morty
1637621080|Summer|A|Mortyplicity/Squid Costume Rick
1637621080|Summer|A|Mortyplicity/Wicker Rick
1637621080|Summer|A|Mortyplicity/Steve
1637621080|Summer|A|Mortyplicity/When Wolf
1637621080|Summer|A|Mortyplicity/Too Cute to Murder Jerry
1637621080|Summer|A|Mortyplicity/Too Cute to Murder Morty
1637621080|Summer|A|Mortyplicity/Too Cute to Murder Rick
1637621080|Summer|A|Mortyplicity/Wicker Beth
1637621080|Summer|A|Mortyplicity/Wicker Morty
1637621080|Summer|A|Mortyplicity/Scarecrow Rick
1637621080|Summer|A|Mortyplicity/Too Cute to Murder Beth
1637621080|Summer|A|Mortyplicity/Scarecrow Morty
1637621080|Summer|A|Mortyplicity/Jerry Smith
1637621080|Summer|A|Mortyplicity/Scarecrow Beth
1637621080|Summer|A|Mortyplicity/Beth Smith
1637621080|Summer|A|Mortyplicity/Defiance Beth
1637621080|Summer|A|Mortyplicity/Scarecrow Jerry
1637621080|Summer|A|Mortyplicity/Glockenspiel Beth
1637621080|Summer|A|Mortyplicity/Glockenspiel Jerry
1637621080|Summer|A|Mortyplicity/Glockenspiel Morty
1637621080|Summer|A|Mortyplicity/Dracula
1637621080|Summer|A|Mortyplicity/Gun Brain Rick
1637621080|Summer|A|Mortyplicity/Metal Rick
1637621080|Summer|A|Mortyplicity/Morty Smith
1637621080|Summer|A|Mortyplicity/Mr. Always Wants to be Hunted
1637621080|Summer|A|Mortyplicity/President Curtis
1637621080|Summer|A|Mortyplicity/Rick Sanchez
1637621080|Summer|A|Mortyplicity/Glockenspiel Rick
1637707480|Summer|A|Mortyplicity/A Rickconvenient Mort/Xing Ho
1637707480|Summer|A|Mortyplicity/A Rickconvenient Mort/Water Tina-Teer
1637707480|Summer|A|Mortyplicity/A Rickconvenient Mort/Tony Galopagus
1637707480|Summer|A|Mortyplicity/A Rickconvenient Mort/Slartivartian
1637707480|Summer|A|Mortyplicity/A Rickconvenient Mort/Rick Sanchez
1637707480|Summer|A|Mortyplicity/A Rickconvenient Mort/Planetina Buyer
1637707480|Summer|A|Mortyplicity/A Rickconvenient Mort/Planetina
1637707480|Summer|A|Mortyplicity/A Rickconvenient Mort/Morty Smith
1637707480|Summer|A|Mortyplicity/A Rickconvenient Mort/Morglutzian
1637707480|Summer|A|Mortyplicity/A Rickconvenient Mort/Ferkusian
1637707480|Summer|A|Mortyplicity/A Rickconvenient Mort/Eddie
1637707480|Summer|A|Mortyplicity/A Rickconvenient Mort/Diesel Weasel
1637707480|Summer|A|Mortyplicity/A Rickconvenient Mort/Daphne
1637707480|Summer|A|Mortyplicity/A Rickconvenient Mort/Beth Smith
1637707480|Summer|A|Mortyplicity/A Rickconvenient Mort/Air Tina-Teer
1637707480|Summer|A|Mortyplicity/A Rickconvenient Mort/Jerry Smith
1637793880|Summer|A|Mortyplicity/A Rickconvenient Mort/Rickdependence Spray/Sticky
1637793880|Summer|A|Mortyplicity/A Rickconvenient Mort/Rickdependence Spray/Sperm Queen
1637793880|Summer|A|Mortyplicity/A Rickconvenient Mort/Rickdependence Spray/Spaceman
1637793880|Summer|A|Mortyplicity/A Rickconvenient Mort/Rickdependence Spray/Rick Sanchez
1637793880|Summer|A|Mortyplicity/A Rickconvenient Mort/Rickdependence Spray/Professor Shabooboo
1637793880|Summer|A|Mortyplicity/A Rickconvenient Mort/Rickdependence Spray/Princess Ponietta
1637793880|Summer|A|Mortyplicity/A Rickconvenient Mort/Rickdependence Spray/President's General
1637793880|Summer|A|Mortyplicity/A Rickconvenient Mort/Rickdependence Spray/President Curtis
1637793880|Summer|A|Mortyplicity/A Rickconvenient Mort/Rickdependence Spray/Naruto Smith
1637793880|Summer|A|Mortyplicity/A Rickconvenient Mort/Rickdependence Spray/Kathy Ireland
1637793880|Summer|A|Mortyplicity/A Rickconvenient Mort/Rickdependence Spray/Jerry Smith
1637793880|Summer|A|Mortyplicity/A Rickconvenient Mort/Rickdependence Spray/Foal Sanchez
1637793880|Summer|A|Mortyplicity/A Rickconvenient Mort/Rickdependence Spray/Cirque du Soleil Zumanity Member
1637793880|Summer|A|Mortyplicity/A Rickconvenient Mort/Rickdependence Spray/CHUD King
1637793880|Summer|A|Mortyplicity/A Rickconvenient Mort/Rickdependence Spray/Blazen
1637793880|Summer|A|Mortyplicity/A Rickconvenient Mort/Rickdependence Spray/Beth Smith
1637793880|Summer|A|Mortyplicity/A Rickconvenient Mort/Rickdependence Spray/Amazing Johnathan
1637793880|Summer|A|Mortyplicity/A Rickconvenient Mort/Rickdependence Spray/Morty Smith
1637880280|Summer|A|Amortycan Grickfitti/Jerry Smith
1637880280|Summer|A|Amortycan Grickfitti/Tricia Lange
1637880280|Summer|A|Amortycan Grickfitti/Rick Sanchez
1637880280|Summer|A|Amortycan Grickfitti/Mousetrap Nipples
1637880280|Summer|A|Amortycan Grickfitti/Coat Rack Head
1637880280|Summer|A|Amortycan Grickfitti/Morty Smith
1637880280|Summer|A|Amortycan Grickfitti/Cenobite
1637880280|Summer|A|Amortycan Grickfitti/Bruce Chutback
1637880280|Summer|A|Amortycan Grickfitti/Brad
1637880280|Summer|A|Amortycan Grickfitti/Beth Smith
1637880280|Summer|A|Amortycan Grickfitti/Alyson Hannigan
1637880280|Summer|A|Amortycan Grickfitti/Changeformer
1637966680|Summer|A|Amortycan Grickfitti/Rick & Morty's Thanksploitation Spectacular/Turkey Rick
1637966680|Summer|A|Amortycan Grickfitti/Rick & Morty's Thanksploitation Spectacular/Turkey President Curtis
1637966680|Summer|A|Amortycan Grickfitti/Rick & Morty's Thanksploitation Spectacular/Turkey Morty
1637966680|Summer|A|Amortycan Grickfitti/Rick & Morty's Thanksploitation Spectacular/Super Turkey
1637966680|Summer|A|Amortycan Grickfitti/Rick & Morty's Thanksploitation Spectacular/Space Cruiser
1637966680|Summer|A|Amortycan Grickfitti/Rick & Morty's Thanksploitation Spectacular/Rick Sanchez
1637966680|Summer|A|Amortycan Grickfitti/Rick & Morty's Thanksploitation Spectacular/President's General
1637966680|Summer|A|Amortycan Grickfitti/Rick & Morty's Thanksploitation Spectacular/President Turkey
1637966680|Summer|A|Amortycan Grickfitti/Rick & Morty's Thanksploitation Spectacular/President Curtis
1637966680|Summer|A|Amortycan Grickfitti/Rick & Morty's Thanksploitation Spectacular/Pilgrim Alien
1637966680|Summer|A|Amortycan Grickfitti/Rick & Morty's Thanksploitation Spectacular/Native Alien
1637966680|Summer|A|Amortycan Grickfitti/Rick & Morty's Thanksploitation Spectacular/Mary-Lou
1637966680|Summer|A|Amortycan Grickfitti/Rick & Morty's Thanksploitation Spectacular/Morty Smith
1637966680|Summer|A|Amortycan Grickfitti/Rick & Morty's Thanksploitation Spectacular/Coop
1637966680|Summer|A|Amortycan Grickfitti/Rick & Morty's Thanksploitation Spectacular/Dwayne
1637966680|Summer|A|Amortycan Grickfitti/Rick & Morty's Thanksploitation Spectacular/Franklin D. Roosevelt
1637966680|Summer|A|Amortycan Grickfitti/Rick & Morty's Thanksploitation Spectacular/Beth Smith
1637966680|Summer|A|Amortycan Grickfitti/Rick & Morty's Thanksploitation Spectacular/Jackey
1637966680|Summer|A|Amortycan Grickfitti/Rick & Morty's Thanksploitation Spectacular/Jerry Smith
1637966680|Summer|A|Amortycan Grickfitti/Rick & Morty's Thanksploitation Spectacular/Martínez
1637966680|Summer|A|Amortycan Grickfitti/Rick & Morty's Thanksploitation Spectacular/Marvin
1637966680|Summer|A|Amortycan Grickfitti/Rick & Morty's Thanksploitation Spectacular/Giant Assassin Hidden in the Statue of Liberty
1638053080|Summer|A|Amortycan Grickfitti/Rick & Morty's Thanksploitation Spectacular/Gotron Jerrysis Rickvangelion/Ricardo Montoya
1638053080|Summer|A|Amortycan Grickfitti/Rick & Morty's Thanksploitation Spectacular/Gotron Jerrysis Rickvangelion/Wrap-it-up Little Rick
1638053080|Summer|A|Amortycan Grickfitti/Rick & Morty's Thanksploitation Spectacular/Gotron Jerrysis Rickvangelion/Voiceoverian
1638053080|Summer|A|Amortycan Grickfitti/Rick & Morty's Thanksploitation Spectacular/Gotron Jerrysis Rickvangelion/Sarge
1638053080|Summer|A|Amortycan Grickfitti/Rick & Morty's Thanksploitation Spectacular/Gotron Jerrysis Rickvangelion/Samansky
1638053080|Summer|A|Amortycan Grickfitti/Rick & Morty's Thanksploitation Spectacular/Gotron Jerrysis Rickvangelion/Yo-yo Rick
1638053080|Summer|A|Amortycan Grickfitti/Rick & Morty's Thanksploitation Spectacular/Gotron Jerrysis Rickvangelion/Rick Sanchez
1638053080|Summer|A|Amortycan Grickfitti/Rick & Morty's Thanksploitation Spectacular/Gotron Jerrysis Rickvangelion/Palicki
1638053080|Summer|A|Amortycan Grickfitti/Rick & Morty's Thanksploitation Spectacular/Gotron Jerrysis Rickvangelion/Hothead Rick
1638053080|Summer|A|Amortycan Grickfitti/Rick & Morty's Thanksploitation Spectacular/Gotron Jerrysis Rickvangelion/Morty Smith
1638053080|Summer|A|Amortycan Grickfitti/Rick & Morty's Thanksploitation Spectacular/Gotron Jerrysis Rickvangelion/Lil B
1638053080|Summer|A|Amortycan Grickfitti/Rick & Morty's Thanksploitation Spectacular/Gotron Jerrysis Rickvangelion/Jerry Smith
1638053080|Summer|A|Amortycan Grickfitti/Rick & Morty's Thanksploitation Spectacular/Gotron Jerrysis Rickvangelion/Gotron Pilot
1638053080|Summer|A|Amortycan Grickfitti/Rick & Morty's Thanksploitation Spectacular/Gotron Jerrysis Rickvangelion/Gotron
1638053080|Summer|A|Amortycan Grickfitti/Rick & Morty's Thanksploitation Spectacular/Gotron Jerrysis Rickvangelion/Big Fat rick
1638053080|Summer|A|Amortycan Grickfitti/Rick & Morty's Thanksploitation Spectacular/Gotron Jerrysis Rickvangelion/Beth Smith
1638053080|Summer|A|Amortycan Grickfitti/Rick & Morty's Thanksploitation Spectacular/Gotron Jerrysis Rickvangelion/Naruto Smith
1638139480|Summer|A|Rickternal Friendshine of the Spotless Mort/Young Memory Rick
1638139480|Summer|A|Rickternal Friendshine of the Spotless Mort/Rick's Garage
1638139480|Summer|A|Rickternal Friendshine of the Spotless Mort/Phoenixperson
1638139480|Summer|A|Rickternal Friendshine of the Spotless Mort/Morty Smith
1638139480|Summer|A|Rickternal Friendshine of the Spotless Mort/Memory Tammy
1638139480|Summer|A|Rickternal Friendshine of the Spotless Mort/Memory Squanchy
1638139480|Summer|A|Rickternal Friendshine of the Spotless Mort/Rick Sanchez
1638139480|Summer|A|Rickternal Friendshine of the Spotless Mort/Memory Geardude
1638139480|Summer|A|Rickternal Friendshine of the Spotless Mort/Jerry Smith
1638139480|Summer|A|Rickternal Friendshine of the Spotless Mort/Gene
1638139480|Summer|A|Rickternal Friendshine of the Spotless Mort/Birdperson & Tammy's Child
1638139480|Summer|A|Rickternal Friendshine of the Spotless Mort/Birdperson
1638139480|Summer|A|Rickternal Friendshine of the Spotless Mort/Beth Smith
1638139480|Summer|A|Rickternal Friendshine of the Spotless Mort/Memory Rick
1638225880|Summer|A|Rickternal Friendshine of the Spotless Mort/Rickmurai Jack/Mr. Poopybutthole
1638225880|Summer|A|Rickternal Friendshine of the Spotless Mort/Rickmurai Jack/Party Rick
1638225880|Summer|A|Rickternal Friendshine of the Spotless Mort/Rickmurai Jack/Punk Rick
1638225880|Summer|A|Rickternal Friendshine of the Spotless Mort/Rickmurai Jack/Pussifer
1638225880|Summer|A|Rickternal Friendshine of the Spotless Mort/Rickmurai Jack/Quantum Rick
1638225880|Summer|A|Rickternal Friendshine of the Spotless Mort/Rickmurai Jack/Re-Build-a-Morty Morty
1638225880|Summer|A|Rickternal Friendshine of the Spotless Mort/Rickmurai Jack/Redhead Morty
1638225880|Summer|A|Rickternal Friendshine of the Spotless Mort/Rickmurai Jack/Redhead Rick
1638225880|Summer|A|Rickternal Friendshine of the Spotless Mort/Rickmurai Jack/Rick Sanchez
1638225880|Summer|A|Rickternal Friendshine of the Spotless Mort/Rickmurai Jack/Rick Prime
1638225880|Summer|A|Rickternal Friendshine of the Spotless Mort/Rickmurai Jack/Ricktiminus Sancheziminius
1638225880|Summer|A|Rickternal Friendshine of the Spotless Mort/Rickmurai Jack/Scar Rick
1638225880|Summer|A|Rickternal Friendshine of the Spotless Mort/Rickmurai Jack/Stan Lee Rick
1638225880|Summer|A|Rickternal Friendshine of the Spotless Mort/Rickmurai Jack/Two Crows
1638225880|Summer|A|Rickternal Friendshine of the Spotless Mort/Rickmurai Jack/Unknown Rick
1638225880|Summer|A|Rickternal Friendshine of the Spotless Mort/Rickmurai Jack/Morty Smith
1638225880|Summer|A|Rickternal Friendshine of the Spotless Mort/Rickmurai Jack/Young Beth
1638225880|Summer|A|Rickternal Friendshine of the Spotless Mort/Rickmurai Jack/Metaphor for Capitalism
1638225880|Summer|A|Rickternal Friendshine of the Spotless Mort/Rickmurai Jack/Beth Sanchez
1638225880|Summer|A|Rickternal Friendshine of the Spotless Mort/Rickmurai Jack/Long Hair Rick
1638225880|Summer|A|Rickternal Friendshine of the Spotless Mort/Rickmurai Jack/Young Jerry
1638225880|Summer|A|Rickternal Friendshine of the Spotless Mort/Rickmurai Jack/26 Years Old Morty
1638225880|Summer|A|Rickternal Friendshine of the Spotless Mort/Rickmurai Jack/40 Years Old Morty
1638225880|Summer|A|Rickternal Friendshine of the Spotless Mort/Rickmurai Jack/7+7 Years Old Morty
1638225880|Summer|A|Rickternal Friendshine of the Spotless Mort/Rickmurai Jack/Andy
1638225880|Summer|A|Rickternal Friendshine of the Spotless Mort/Rickmurai Jack/Baby Mouse Skin Morty
1638225880|Summer|A|Rickternal Friendshine of the Spotless Mort/Rickmurai Jack/Bald Rick
1638225880|Summer|A|Rickternal Friendshine of the Spotless Mort/Rickmurai Jack/Maximums Rickimus
1638225880|Summer|A|Rickternal Friendshine of the Spotless Mort/Rickmurai Jack/Bearded Morty
1638225880|Summer|A|Rickternal Friendshine of the Spotless Mort/Rickmurai Jack/Birdperson
1638225880|Summer|A|Rickternal Friendshine of the Spotless Mort/Rickmurai Jack/Crow Horse
1638225880|Summer|A|Rickternal Friendshine of the Spotless Mort/Rickmurai Jack/Crow Scare
1638225880|Summer|A|Rickternal Friendshine of the Spotless Mort/Rickmurai Jack/Deformed Morty
1638225880|Summer|A|Rickternal Friendshine of the Spotless Mort/Rickmurai Jack/Diane Sanchez
1638225880|Summer|A|Rickternal Friendshine of the Spotless Mort/Rickmurai Jack/Evil Morty
1638225880|Summer|A|Rickternal Friendshine of the Spotless Mort/Rickmurai Jack/Jerry Smith
1638225880|Summer|A|Rickternal Friendshine of the Spotless Mort/Rickmurai Jack/Beth Smith
1638225880|Summer|A|Rickternal Friendshine of the Spotless Mort/Rickmurai Jack/Zeta Alpha Rick
